2023-03-27 16:48:04 [scrapy.utils.log] INFO: Scrapy 2.8.0 started (bot: real_estate_extraction)
2023-03-27 16:48:04 [scrapy.utils.log] INFO: Versions: lxml 4.9.2.0, libxml2 2.9.14, cssselect 1.2.0, parsel 1.7.0, w3lib 2.1.1, Twisted 22.10.0, Python 3.9.2 (default, Feb 28 2021, 17:03:44) - [GCC 10.2.1 20210110], pyOpenSSL 23.1.0 (OpenSSL 3.1.0 14 Mar 2023), cryptography 40.0.1, Platform Linux-5.15.49-linuxkit-aarch64-with-glibc2.31
2023-03-27 16:48:04 [scrapy.crawler] INFO: Overridden settings:
{'BOT_NAME': 'real_estate_extraction',
 'LOG_FILE': '/var/lib/scrapyd/logs/real_estate_extraction/rightmove/23c9bad2ccbf11eda6b40242ac180002.log',
 'NEWSPIDER_MODULE': 'real_estate_extraction.spiders',
 'SPIDER_MODULES': ['real_estate_extraction.spiders']}
2023-03-27 16:48:04 [py.warnings] WARNING: /usr/local/lib/python3.9/dist-packages/scrapy/utils/request.py:232: ScrapyDeprecationWarning: '2.6' is a deprecated value for the 'REQUEST_FINGERPRINTER_IMPLEMENTATION' setting.

It is also the default value. In other words, it is normal to get this warning if you have not defined a value for the 'REQUEST_FINGERPRINTER_IMPLEMENTATION' setting. This is so for backward compatibility reasons, but it will change in a future version of Scrapy.

See the documentation of the 'REQUEST_FINGERPRINTER_IMPLEMENTATION' setting for information on how to handle this deprecation.
  return cls(crawler)

2023-03-27 16:48:04 [scrapy.utils.log] DEBUG: Using reactor: twisted.internet.epollreactor.EPollReactor
2023-03-27 16:48:04 [scrapy.extensions.telnet] INFO: Telnet Password: c61cdeafc1e6c9c5
2023-03-27 16:48:04 [scrapy.middleware] INFO: Enabled extensions:
['scrapy.extensions.corestats.CoreStats',
 'scrapy.extensions.telnet.TelnetConsole',
 'scrapy.extensions.memusage.MemoryUsage',
 'scrapy.extensions.logstats.LogStats']
2023-03-27 16:48:04 [scrapy.middleware] INFO: Enabled downloader middlewares:
['scrapy.downloadermiddlewares.httpauth.HttpAuthMiddleware',
 'scrapy.downloadermiddlewares.downloadtimeout.DownloadTimeoutMiddleware',
 'scrapy.downloadermiddlewares.defaultheaders.DefaultHeadersMiddleware',
 'scrapy.downloadermiddlewares.useragent.UserAgentMiddleware',
 'scrapy.downloadermiddlewares.retry.RetryMiddleware',
 'scrapy.downloadermiddlewares.redirect.MetaRefreshMiddleware',
 'scrapy.downloadermiddlewares.httpcompression.HttpCompressionMiddleware',
 'scrapy.downloadermiddlewares.redirect.RedirectMiddleware',
 'scrapy.downloadermiddlewares.cookies.CookiesMiddleware',
 'scrapy.downloadermiddlewares.httpproxy.HttpProxyMiddleware',
 'scrapy.downloadermiddlewares.stats.DownloaderStats']
2023-03-27 16:48:04 [scrapy.middleware] INFO: Enabled spider middlewares:
['scrapy.spidermiddlewares.httperror.HttpErrorMiddleware',
 'scrapy.spidermiddlewares.offsite.OffsiteMiddleware',
 'scrapy.spidermiddlewares.referer.RefererMiddleware',
 'scrapy.spidermiddlewares.urllength.UrlLengthMiddleware',
 'scrapy.spidermiddlewares.depth.DepthMiddleware']
2023-03-27 16:48:04 [scrapy.middleware] INFO: Enabled item pipelines:
['real_estate_extraction.pipelines.RealEstateExtractionPipeline']
2023-03-27 16:48:04 [scrapy.core.engine] INFO: Spider opened
2023-03-27 16:48:04 [scrapy.extensions.logstats] INFO: Crawled 0 pages (at 0 pages/min), scraped 0 items (at 0 items/min)
2023-03-27 16:48:04 [scrapy.extensions.telnet] INFO: Telnet console listening on 127.0.0.1:6023
2023-03-27 16:48:05 [scrapy.core.engine] DEBUG: Crawled (200) <GET https://www.rightmove.co.uk/api/_search?locationIdentifier=OUTCODE%5E1&numberOfPropertiesPerPage=24&radius=10.0&sortType=6&index=0&includeLetAgreed=false&viewType=LIST&channel=RENT&areaSizeUnit=sqft&currencyCode=GBP&isFetching=false> (referer: https://www.rightmove.co.uk/property-to-rent/find.html?locationIdentifier=REGION%5E87490&index=24&propertyTypes=&includeLetAgreed=false&mustHave=&dontShow=&furnishTypes=&keywords=)
2023-03-27 16:48:05 [scrapy.core.engine] DEBUG: Crawled (200) <GET https://www.rightmove.co.uk/api/_search?locationIdentifier=OUTCODE%5E1&numberOfPropertiesPerPage=24&radius=10.0&sortType=6&index=75&includeLetAgreed=false&viewType=LIST&channel=RENT&areaSizeUnit=sqft&currencyCode=GBP&isFetching=false> (referer: https://www.rightmove.co.uk/property-to-rent/find.html?locationIdentifier=REGION%5E87490&index=24&propertyTypes=&includeLetAgreed=false&mustHave=&dontShow=&furnishTypes=&keywords=)
2023-03-27 16:48:05 [scrapy.core.engine] DEBUG: Crawled (200) <GET https://www.rightmove.co.uk/api/_search?locationIdentifier=OUTCODE%5E2&numberOfPropertiesPerPage=24&radius=10.0&sortType=6&index=0&includeLetAgreed=false&viewType=LIST&channel=RENT&areaSizeUnit=sqft&currencyCode=GBP&isFetching=false> (referer: https://www.rightmove.co.uk/property-to-rent/find.html?locationIdentifier=REGION%5E87490&index=24&propertyTypes=&includeLetAgreed=false&mustHave=&dontShow=&furnishTypes=&keywords=)
2023-03-27 16:48:05 [scrapy.dupefilters] DEBUG: Filtered duplicate request: <GET https://www.rightmove.co.uk/properties/132939941> - no more duplicates will be shown (see DUPEFILTER_DEBUG to show all duplicates)
2023-03-27 16:48:05 [scrapy.core.engine] DEBUG: Crawled (200) <GET https://www.rightmove.co.uk/api/_search?locationIdentifier=OUTCODE%5E3&numberOfPropertiesPerPage=24&radius=10.0&sortType=6&index=0&includeLetAgreed=false&viewType=LIST&channel=RENT&areaSizeUnit=sqft&currencyCode=GBP&isFetching=false> (referer: https://www.rightmove.co.uk/property-to-rent/find.html?locationIdentifier=REGION%5E87490&index=24&propertyTypes=&includeLetAgreed=false&mustHave=&dontShow=&furnishTypes=&keywords=)
2023-03-27 16:48:05 [scrapy.core.engine] DEBUG: Crawled (200) <GET https://www.rightmove.co.uk/api/_search?locationIdentifier=OUTCODE%5E3&numberOfPropertiesPerPage=24&radius=10.0&sortType=6&index=25&includeLetAgreed=false&viewType=LIST&channel=RENT&areaSizeUnit=sqft&currencyCode=GBP&isFetching=false> (referer: https://www.rightmove.co.uk/property-to-rent/find.html?locationIdentifier=REGION%5E87490&index=24&propertyTypes=&includeLetAgreed=false&mustHave=&dontShow=&furnishTypes=&keywords=)
2023-03-27 16:48:05 [scrapy.core.engine] DEBUG: Crawled (200) <GET https://www.rightmove.co.uk/api/_search?locationIdentifier=OUTCODE%5E3&numberOfPropertiesPerPage=24&radius=10.0&sortType=6&index=50&includeLetAgreed=false&viewType=LIST&channel=RENT&areaSizeUnit=sqft&currencyCode=GBP&isFetching=false> (referer: https://www.rightmove.co.uk/property-to-rent/find.html?locationIdentifier=REGION%5E87490&index=24&propertyTypes=&includeLetAgreed=false&mustHave=&dontShow=&furnishTypes=&keywords=)
2023-03-27 16:48:05 [scrapy.core.engine] DEBUG: Crawled (200) <GET https://www.rightmove.co.uk/api/_search?locationIdentifier=OUTCODE%5E4&numberOfPropertiesPerPage=24&radius=10.0&sortType=6&index=0&includeLetAgreed=false&viewType=LIST&channel=RENT&areaSizeUnit=sqft&currencyCode=GBP&isFetching=false> (referer: https://www.rightmove.co.uk/property-to-rent/find.html?locationIdentifier=REGION%5E87490&index=24&propertyTypes=&includeLetAgreed=false&mustHave=&dontShow=&furnishTypes=&keywords=)
2023-03-27 16:48:05 [scrapy.core.engine] DEBUG: Crawled (200) <GET https://www.rightmove.co.uk/api/_search?locationIdentifier=OUTCODE%5E3&numberOfPropertiesPerPage=24&radius=10.0&sortType=6&index=75&includeLetAgreed=false&viewType=LIST&channel=RENT&areaSizeUnit=sqft&currencyCode=GBP&isFetching=false> (referer: https://www.rightmove.co.uk/property-to-rent/find.html?locationIdentifier=REGION%5E87490&index=24&propertyTypes=&includeLetAgreed=false&mustHave=&dontShow=&furnishTypes=&keywords=)
2023-03-27 16:48:05 [scrapy.core.engine] DEBUG: Crawled (200) <GET https://www.rightmove.co.uk/api/_search?locationIdentifier=OUTCODE%5E4&numberOfPropertiesPerPage=24&radius=10.0&sortType=6&index=25&includeLetAgreed=false&viewType=LIST&channel=RENT&areaSizeUnit=sqft&currencyCode=GBP&isFetching=false> (referer: https://www.rightmove.co.uk/property-to-rent/find.html?locationIdentifier=REGION%5E87490&index=24&propertyTypes=&includeLetAgreed=false&mustHave=&dontShow=&furnishTypes=&keywords=)
2023-03-27 16:48:05 [scrapy.core.engine] DEBUG: Crawled (200) <GET https://www.rightmove.co.uk/api/_search?locationIdentifier=OUTCODE%5E4&numberOfPropertiesPerPage=24&radius=10.0&sortType=6&index=50&includeLetAgreed=false&viewType=LIST&channel=RENT&areaSizeUnit=sqft&currencyCode=GBP&isFetching=false> (referer: https://www.rightmove.co.uk/property-to-rent/find.html?locationIdentifier=REGION%5E87490&index=24&propertyTypes=&includeLetAgreed=false&mustHave=&dontShow=&furnishTypes=&keywords=)
2023-03-27 16:48:05 [scrapy.core.engine] DEBUG: Crawled (200) <GET https://www.rightmove.co.uk/api/_search?locationIdentifier=OUTCODE%5E4&numberOfPropertiesPerPage=24&radius=10.0&sortType=6&index=75&includeLetAgreed=false&viewType=LIST&channel=RENT&areaSizeUnit=sqft&currencyCode=GBP&isFetching=false> (referer: https://www.rightmove.co.uk/property-to-rent/find.html?locationIdentifier=REGION%5E87490&index=24&propertyTypes=&includeLetAgreed=false&mustHave=&dontShow=&furnishTypes=&keywords=)
2023-03-27 16:48:05 [scrapy.core.engine] DEBUG: Crawled (200) <GET https://www.rightmove.co.uk/api/_search?locationIdentifier=OUTCODE%5E5&numberOfPropertiesPerPage=24&radius=10.0&sortType=6&index=0&includeLetAgreed=false&viewType=LIST&channel=RENT&areaSizeUnit=sqft&currencyCode=GBP&isFetching=false> (referer: https://www.rightmove.co.uk/property-to-rent/find.html?locationIdentifier=REGION%5E87490&index=24&propertyTypes=&includeLetAgreed=false&mustHave=&dontShow=&furnishTypes=&keywords=)
2023-03-27 16:48:05 [scrapy.core.engine] DEBUG: Crawled (200) <GET https://www.rightmove.co.uk/api/_search?locationIdentifier=OUTCODE%5E5&numberOfPropertiesPerPage=24&radius=10.0&sortType=6&index=25&includeLetAgreed=false&viewType=LIST&channel=RENT&areaSizeUnit=sqft&currencyCode=GBP&isFetching=false> (referer: https://www.rightmove.co.uk/property-to-rent/find.html?locationIdentifier=REGION%5E87490&index=24&propertyTypes=&includeLetAgreed=false&mustHave=&dontShow=&furnishTypes=&keywords=)
2023-03-27 16:48:05 [scrapy.core.engine] DEBUG: Crawled (200) <GET https://www.rightmove.co.uk/api/_search?locationIdentifier=OUTCODE%5E5&numberOfPropertiesPerPage=24&radius=10.0&sortType=6&index=50&includeLetAgreed=false&viewType=LIST&channel=RENT&areaSizeUnit=sqft&currencyCode=GBP&isFetching=false> (referer: https://www.rightmove.co.uk/property-to-rent/find.html?locationIdentifier=REGION%5E87490&index=24&propertyTypes=&includeLetAgreed=false&mustHave=&dontShow=&furnishTypes=&keywords=)
2023-03-27 16:48:06 [scrapy.core.engine] DEBUG: Crawled (200) <GET https://www.rightmove.co.uk/properties/131885141> (referer: https://www.rightmove.co.uk/property-to-rent/find.html?locationIdentifier=REGION%5E87490&index=24&propertyTypes=&includeLetAgreed=false&mustHave=&dontShow=&furnishTypes=&keywords=)
2023-03-27 16:48:06 [scrapy.core.engine] DEBUG: Crawled (200) <GET https://www.rightmove.co.uk/properties/132702281> (referer: https://www.rightmove.co.uk/property-to-rent/find.html?locationIdentifier=REGION%5E87490&index=24&propertyTypes=&includeLetAgreed=false&mustHave=&dontShow=&furnishTypes=&keywords=)
2023-03-27 16:48:06 [scrapy.core.scraper] DEBUG: Scraped from <200 https://www.rightmove.co.uk/properties/131885141>
1
2023-03-27 16:48:06 [scrapy.core.scraper] DEBUG: Scraped from <200 https://www.rightmove.co.uk/properties/132702281>
2
2023-03-27 16:48:06 [scrapy.core.engine] DEBUG: Crawled (200) <GET https://www.rightmove.co.uk/properties/132870683> (referer: https://www.rightmove.co.uk/property-to-rent/find.html?locationIdentifier=REGION%5E87490&index=24&propertyTypes=&includeLetAgreed=false&mustHave=&dontShow=&furnishTypes=&keywords=)
2023-03-27 16:48:06 [scrapy.core.engine] DEBUG: Crawled (200) <GET https://www.rightmove.co.uk/properties/132824612> (referer: https://www.rightmove.co.uk/property-to-rent/find.html?locationIdentifier=REGION%5E87490&index=24&propertyTypes=&includeLetAgreed=false&mustHave=&dontShow=&furnishTypes=&keywords=)
2023-03-27 16:48:06 [scrapy.core.scraper] DEBUG: Scraped from <200 https://www.rightmove.co.uk/properties/132870683>
3
2023-03-27 16:48:06 [scrapy.core.scraper] DEBUG: Scraped from <200 https://www.rightmove.co.uk/properties/132824612>
4
2023-03-27 16:48:07 [scrapy.core.engine] DEBUG: Crawled (200) <GET https://www.rightmove.co.uk/properties/132824615> (referer: https://www.rightmove.co.uk/property-to-rent/find.html?locationIdentifier=REGION%5E87490&index=24&propertyTypes=&includeLetAgreed=false&mustHave=&dontShow=&furnishTypes=&keywords=)
2023-03-27 16:48:07 [scrapy.core.engine] DEBUG: Crawled (200) <GET https://www.rightmove.co.uk/properties/130106714> (referer: https://www.rightmove.co.uk/property-to-rent/find.html?locationIdentifier=REGION%5E87490&index=24&propertyTypes=&includeLetAgreed=false&mustHave=&dontShow=&furnishTypes=&keywords=)
2023-03-27 16:48:07 [scrapy.core.scraper] DEBUG: Scraped from <200 https://www.rightmove.co.uk/properties/132824615>
5
2023-03-27 16:48:07 [scrapy.core.scraper] DEBUG: Scraped from <200 https://www.rightmove.co.uk/properties/130106714>
6
2023-03-27 16:48:07 [scrapy.core.engine] DEBUG: Crawled (200) <GET https://www.rightmove.co.uk/properties/132717917> (referer: https://www.rightmove.co.uk/property-to-rent/find.html?locationIdentifier=REGION%5E87490&index=24&propertyTypes=&includeLetAgreed=false&mustHave=&dontShow=&furnishTypes=&keywords=)
2023-03-27 16:48:07 [scrapy.core.engine] DEBUG: Crawled (200) <GET https://www.rightmove.co.uk/properties/132520730> (referer: https://www.rightmove.co.uk/property-to-rent/find.html?locationIdentifier=REGION%5E87490&index=24&propertyTypes=&includeLetAgreed=false&mustHave=&dontShow=&furnishTypes=&keywords=)
2023-03-27 16:48:07 [scrapy.core.scraper] DEBUG: Scraped from <200 https://www.rightmove.co.uk/properties/132717917>
7
2023-03-27 16:48:07 [scrapy.core.scraper] DEBUG: Scraped from <200 https://www.rightmove.co.uk/properties/132520730>
8
2023-03-27 16:48:07 [scrapy.core.engine] DEBUG: Crawled (200) <GET https://www.rightmove.co.uk/properties/132817679> (referer: https://www.rightmove.co.uk/property-to-rent/find.html?locationIdentifier=REGION%5E87490&index=24&propertyTypes=&includeLetAgreed=false&mustHave=&dontShow=&furnishTypes=&keywords=)
2023-03-27 16:48:07 [scrapy.core.scraper] DEBUG: Scraped from <200 https://www.rightmove.co.uk/properties/132817679>
9
2023-03-27 16:48:07 [scrapy.core.engine] DEBUG: Crawled (200) <GET https://www.rightmove.co.uk/properties/132934124> (referer: https://www.rightmove.co.uk/property-to-rent/find.html?locationIdentifier=REGION%5E87490&index=24&propertyTypes=&includeLetAgreed=false&mustHave=&dontShow=&furnishTypes=&keywords=)
2023-03-27 16:48:08 [scrapy.core.engine] DEBUG: Crawled (200) <GET https://www.rightmove.co.uk/api/_search?locationIdentifier=OUTCODE%5E2&numberOfPropertiesPerPage=24&radius=10.0&sortType=6&index=75&includeLetAgreed=false&viewType=LIST&channel=RENT&areaSizeUnit=sqft&currencyCode=GBP&isFetching=false> (referer: https://www.rightmove.co.uk/property-to-rent/find.html?locationIdentifier=REGION%5E87490&index=24&propertyTypes=&includeLetAgreed=false&mustHave=&dontShow=&furnishTypes=&keywords=)
2023-03-27 16:48:08 [scrapy.core.engine] DEBUG: Crawled (200) <GET https://www.rightmove.co.uk/properties/131134463> (referer: https://www.rightmove.co.uk/property-to-rent/find.html?locationIdentifier=REGION%5E87490&index=24&propertyTypes=&includeLetAgreed=false&mustHave=&dontShow=&furnishTypes=&keywords=)
2023-03-27 16:48:08 [scrapy.core.engine] DEBUG: Crawled (200) <GET https://www.rightmove.co.uk/api/_search?locationIdentifier=OUTCODE%5E1&numberOfPropertiesPerPage=24&radius=10.0&sortType=6&index=25&includeLetAgreed=false&viewType=LIST&channel=RENT&areaSizeUnit=sqft&currencyCode=GBP&isFetching=false> (referer: https://www.rightmove.co.uk/property-to-rent/find.html?locationIdentifier=REGION%5E87490&index=24&propertyTypes=&includeLetAgreed=false&mustHave=&dontShow=&furnishTypes=&keywords=)
2023-03-27 16:48:08 [scrapy.core.scraper] DEBUG: Scraped from <200 https://www.rightmove.co.uk/properties/132934124>
10
2023-03-27 16:48:08 [scrapy.core.engine] DEBUG: Crawled (200) <GET https://www.rightmove.co.uk/api/_search?locationIdentifier=OUTCODE%5E1&numberOfPropertiesPerPage=24&radius=10.0&sortType=6&index=50&includeLetAgreed=false&viewType=LIST&channel=RENT&areaSizeUnit=sqft&currencyCode=GBP&isFetching=false> (referer: https://www.rightmove.co.uk/property-to-rent/find.html?locationIdentifier=REGION%5E87490&index=24&propertyTypes=&includeLetAgreed=false&mustHave=&dontShow=&furnishTypes=&keywords=)
2023-03-27 16:48:08 [scrapy.core.scraper] DEBUG: Scraped from <200 https://www.rightmove.co.uk/properties/131134463>
11
2023-03-27 16:48:08 [scrapy.core.engine] DEBUG: Crawled (200) <GET https://www.rightmove.co.uk/properties/78514493> (referer: https://www.rightmove.co.uk/property-to-rent/find.html?locationIdentifier=REGION%5E87490&index=24&propertyTypes=&includeLetAgreed=false&mustHave=&dontShow=&furnishTypes=&keywords=)
2023-03-27 16:48:08 [scrapy.core.engine] DEBUG: Crawled (200) <GET https://www.rightmove.co.uk/api/_search?locationIdentifier=OUTCODE%5E2&numberOfPropertiesPerPage=24&radius=10.0&sortType=6&index=50&includeLetAgreed=false&viewType=LIST&channel=RENT&areaSizeUnit=sqft&currencyCode=GBP&isFetching=false> (referer: https://www.rightmove.co.uk/property-to-rent/find.html?locationIdentifier=REGION%5E87490&index=24&propertyTypes=&includeLetAgreed=false&mustHave=&dontShow=&furnishTypes=&keywords=)
2023-03-27 16:48:08 [scrapy.core.scraper] DEBUG: Scraped from <200 https://www.rightmove.co.uk/properties/78514493>
12
2023-03-27 16:48:08 [scrapy.core.engine] DEBUG: Crawled (200) <GET https://www.rightmove.co.uk/properties/120172454> (referer: https://www.rightmove.co.uk/property-to-rent/find.html?locationIdentifier=REGION%5E87490&index=24&propertyTypes=&includeLetAgreed=false&mustHave=&dontShow=&furnishTypes=&keywords=)
2023-03-27 16:48:08 [scrapy.core.engine] DEBUG: Crawled (200) <GET https://www.rightmove.co.uk/properties/119701796> (referer: https://www.rightmove.co.uk/property-to-rent/find.html?locationIdentifier=REGION%5E87490&index=24&propertyTypes=&includeLetAgreed=false&mustHave=&dontShow=&furnishTypes=&keywords=)
2023-03-27 16:48:08 [scrapy.core.engine] DEBUG: Crawled (200) <GET https://www.rightmove.co.uk/properties/123831017> (referer: https://www.rightmove.co.uk/property-to-rent/find.html?locationIdentifier=REGION%5E87490&index=24&propertyTypes=&includeLetAgreed=false&mustHave=&dontShow=&furnishTypes=&keywords=)
2023-03-27 16:48:08 [scrapy.core.scraper] DEBUG: Scraped from <200 https://www.rightmove.co.uk/properties/120172454>
13
2023-03-27 16:48:09 [scrapy.core.scraper] DEBUG: Scraped from <200 https://www.rightmove.co.uk/properties/119701796>
14
2023-03-27 16:48:09 [scrapy.core.scraper] DEBUG: Scraped from <200 https://www.rightmove.co.uk/properties/123831017>
15
2023-03-27 16:48:09 [scrapy.core.engine] DEBUG: Crawled (200) <GET https://www.rightmove.co.uk/properties/115833383> (referer: https://www.rightmove.co.uk/property-to-rent/find.html?locationIdentifier=REGION%5E87490&index=24&propertyTypes=&includeLetAgreed=false&mustHave=&dontShow=&furnishTypes=&keywords=)
2023-03-27 16:48:09 [scrapy.core.engine] DEBUG: Crawled (200) <GET https://www.rightmove.co.uk/properties/85576926> (referer: https://www.rightmove.co.uk/property-to-rent/find.html?locationIdentifier=REGION%5E87490&index=24&propertyTypes=&includeLetAgreed=false&mustHave=&dontShow=&furnishTypes=&keywords=)
2023-03-27 16:48:09 [scrapy.core.scraper] DEBUG: Scraped from <200 https://www.rightmove.co.uk/properties/115833383>
16
2023-03-27 16:48:09 [scrapy.core.scraper] DEBUG: Scraped from <200 https://www.rightmove.co.uk/properties/85576926>
17
2023-03-27 16:48:09 [scrapy.core.engine] DEBUG: Crawled (200) <GET https://www.rightmove.co.uk/properties/123251561> (referer: https://www.rightmove.co.uk/property-to-rent/find.html?locationIdentifier=REGION%5E87490&index=24&propertyTypes=&includeLetAgreed=false&mustHave=&dontShow=&furnishTypes=&keywords=)
2023-03-27 16:48:09 [scrapy.core.scraper] DEBUG: Scraped from <200 https://www.rightmove.co.uk/properties/123251561>
18
2023-03-27 16:48:09 [scrapy.core.engine] DEBUG: Crawled (200) <GET https://www.rightmove.co.uk/properties/132850505> (referer: https://www.rightmove.co.uk/property-to-rent/find.html?locationIdentifier=REGION%5E87490&index=24&propertyTypes=&includeLetAgreed=false&mustHave=&dontShow=&furnishTypes=&keywords=)
2023-03-27 16:48:09 [scrapy.core.scraper] DEBUG: Scraped from <200 https://www.rightmove.co.uk/properties/132850505>
19
2023-03-27 16:48:10 [scrapy.core.engine] DEBUG: Crawled (200) <GET https://www.rightmove.co.uk/properties/123251729> (referer: https://www.rightmove.co.uk/property-to-rent/find.html?locationIdentifier=REGION%5E87490&index=24&propertyTypes=&includeLetAgreed=false&mustHave=&dontShow=&furnishTypes=&keywords=)
2023-03-27 16:48:10 [scrapy.core.engine] DEBUG: Crawled (200) <GET https://www.rightmove.co.uk/properties/132850820> (referer: https://www.rightmove.co.uk/property-to-rent/find.html?locationIdentifier=REGION%5E87490&index=24&propertyTypes=&includeLetAgreed=false&mustHave=&dontShow=&furnishTypes=&keywords=)
2023-03-27 16:48:10 [scrapy.core.engine] DEBUG: Crawled (200) <GET https://www.rightmove.co.uk/properties/132850829> (referer: https://www.rightmove.co.uk/property-to-rent/find.html?locationIdentifier=REGION%5E87490&index=24&propertyTypes=&includeLetAgreed=false&mustHave=&dontShow=&furnishTypes=&keywords=)
2023-03-27 16:48:10 [scrapy.core.engine] DEBUG: Crawled (200) <GET https://www.rightmove.co.uk/properties/132852812> (referer: https://www.rightmove.co.uk/property-to-rent/find.html?locationIdentifier=REGION%5E87490&index=24&propertyTypes=&includeLetAgreed=false&mustHave=&dontShow=&furnishTypes=&keywords=)
2023-03-27 16:48:10 [scrapy.core.scraper] DEBUG: Scraped from <200 https://www.rightmove.co.uk/properties/123251729>
20
2023-03-27 16:48:10 [scrapy.core.scraper] DEBUG: Scraped from <200 https://www.rightmove.co.uk/properties/132850820>
21
2023-03-27 16:48:10 [scrapy.core.engine] DEBUG: Crawled (200) <GET https://www.rightmove.co.uk/properties/132850508> (referer: https://www.rightmove.co.uk/property-to-rent/find.html?locationIdentifier=REGION%5E87490&index=24&propertyTypes=&includeLetAgreed=false&mustHave=&dontShow=&furnishTypes=&keywords=)
2023-03-27 16:48:10 [scrapy.core.scraper] DEBUG: Scraped from <200 https://www.rightmove.co.uk/properties/132850829>
22
2023-03-27 16:48:10 [scrapy.core.scraper] DEBUG: Scraped from <200 https://www.rightmove.co.uk/properties/132852812>
23
2023-03-27 16:48:10 [scrapy.core.scraper] DEBUG: Scraped from <200 https://www.rightmove.co.uk/properties/132850508>
24
2023-03-27 16:48:10 [scrapy.core.engine] DEBUG: Crawled (200) <GET https://www.rightmove.co.uk/properties/132855914> (referer: https://www.rightmove.co.uk/property-to-rent/find.html?locationIdentifier=REGION%5E87490&index=24&propertyTypes=&includeLetAgreed=false&mustHave=&dontShow=&furnishTypes=&keywords=)
2023-03-27 16:48:10 [scrapy.core.scraper] DEBUG: Scraped from <200 https://www.rightmove.co.uk/properties/132855914>
25
2023-03-27 16:48:10 [scrapy.core.engine] DEBUG: Crawled (200) <GET https://www.rightmove.co.uk/properties/132856331> (referer: https://www.rightmove.co.uk/property-to-rent/find.html?locationIdentifier=REGION%5E87490&index=24&propertyTypes=&includeLetAgreed=false&mustHave=&dontShow=&furnishTypes=&keywords=)
2023-03-27 16:48:10 [scrapy.core.scraper] DEBUG: Scraped from <200 https://www.rightmove.co.uk/properties/132856331>
26
2023-03-27 16:48:11 [scrapy.core.engine] DEBUG: Crawled (200) <GET https://www.rightmove.co.uk/properties/132202640> (referer: https://www.rightmove.co.uk/property-to-rent/find.html?locationIdentifier=REGION%5E87490&index=24&propertyTypes=&includeLetAgreed=false&mustHave=&dontShow=&furnishTypes=&keywords=)
2023-03-27 16:48:11 [scrapy.core.engine] DEBUG: Crawled (200) <GET https://www.rightmove.co.uk/api/_search?locationIdentifier=OUTCODE%5E2&numberOfPropertiesPerPage=24&radius=10.0&sortType=6&index=25&includeLetAgreed=false&viewType=LIST&channel=RENT&areaSizeUnit=sqft&currencyCode=GBP&isFetching=false> (referer: https://www.rightmove.co.uk/property-to-rent/find.html?locationIdentifier=REGION%5E87490&index=24&propertyTypes=&includeLetAgreed=false&mustHave=&dontShow=&furnishTypes=&keywords=)
2023-03-27 16:48:11 [scrapy.core.engine] DEBUG: Crawled (200) <GET https://www.rightmove.co.uk/properties/132862232> (referer: https://www.rightmove.co.uk/property-to-rent/find.html?locationIdentifier=REGION%5E87490&index=24&propertyTypes=&includeLetAgreed=false&mustHave=&dontShow=&furnishTypes=&keywords=)
2023-03-27 16:48:11 [scrapy.core.scraper] DEBUG: Scraped from <200 https://www.rightmove.co.uk/properties/132202640>
27
2023-03-27 16:48:11 [scrapy.core.engine] DEBUG: Crawled (200) <GET https://www.rightmove.co.uk/properties/132866612> (referer: https://www.rightmove.co.uk/property-to-rent/find.html?locationIdentifier=REGION%5E87490&index=24&propertyTypes=&includeLetAgreed=false&mustHave=&dontShow=&furnishTypes=&keywords=)
2023-03-27 16:48:11 [scrapy.core.engine] DEBUG: Crawled (200) <GET https://www.rightmove.co.uk/properties/132866615> (referer: https://www.rightmove.co.uk/property-to-rent/find.html?locationIdentifier=REGION%5E87490&index=24&propertyTypes=&includeLetAgreed=false&mustHave=&dontShow=&furnishTypes=&keywords=)
2023-03-27 16:48:11 [scrapy.core.scraper] DEBUG: Scraped from <200 https://www.rightmove.co.uk/properties/132862232>
28
2023-03-27 16:48:11 [scrapy.core.scraper] DEBUG: Scraped from <200 https://www.rightmove.co.uk/properties/132866612>
29
2023-03-27 16:48:11 [scrapy.core.engine] DEBUG: Crawled (200) <GET https://www.rightmove.co.uk/properties/132880817> (referer: https://www.rightmove.co.uk/property-to-rent/find.html?locationIdentifier=REGION%5E87490&index=24&propertyTypes=&includeLetAgreed=false&mustHave=&dontShow=&furnishTypes=&keywords=)
2023-03-27 16:48:11 [scrapy.core.scraper] DEBUG: Scraped from <200 https://www.rightmove.co.uk/properties/132866615>
30
2023-03-27 16:48:11 [scrapy.core.engine] DEBUG: Crawled (200) <GET https://www.rightmove.co.uk/properties/129969941> (referer: https://www.rightmove.co.uk/property-to-rent/find.html?locationIdentifier=REGION%5E87490&index=24&propertyTypes=&includeLetAgreed=false&mustHave=&dontShow=&furnishTypes=&keywords=)
2023-03-27 16:48:11 [scrapy.core.engine] DEBUG: Crawled (200) <GET https://www.rightmove.co.uk/properties/132619193> (referer: https://www.rightmove.co.uk/property-to-rent/find.html?locationIdentifier=REGION%5E87490&index=24&propertyTypes=&includeLetAgreed=false&mustHave=&dontShow=&furnishTypes=&keywords=)
2023-03-27 16:48:11 [scrapy.core.scraper] DEBUG: Scraped from <200 https://www.rightmove.co.uk/properties/132880817>
31
2023-03-27 16:48:11 [scrapy.core.scraper] DEBUG: Scraped from <200 https://www.rightmove.co.uk/properties/129969941>
32
2023-03-27 16:48:11 [scrapy.core.scraper] DEBUG: Scraped from <200 https://www.rightmove.co.uk/properties/132619193>
33
2023-03-27 16:48:12 [scrapy.core.engine] DEBUG: Crawled (200) <GET https://www.rightmove.co.uk/properties/132881216> (referer: https://www.rightmove.co.uk/property-to-rent/find.html?locationIdentifier=REGION%5E87490&index=24&propertyTypes=&includeLetAgreed=false&mustHave=&dontShow=&furnishTypes=&keywords=)
2023-03-27 16:48:12 [scrapy.core.scraper] DEBUG: Scraped from <200 https://www.rightmove.co.uk/properties/132881216>
34
2023-03-27 16:48:12 [scrapy.core.engine] DEBUG: Crawled (200) <GET https://www.rightmove.co.uk/properties/132896093> (referer: https://www.rightmove.co.uk/property-to-rent/find.html?locationIdentifier=REGION%5E87490&index=24&propertyTypes=&includeLetAgreed=false&mustHave=&dontShow=&furnishTypes=&keywords=)
2023-03-27 16:48:12 [scrapy.core.engine] DEBUG: Crawled (200) <GET https://www.rightmove.co.uk/properties/132896072> (referer: https://www.rightmove.co.uk/property-to-rent/find.html?locationIdentifier=REGION%5E87490&index=24&propertyTypes=&includeLetAgreed=false&mustHave=&dontShow=&furnishTypes=&keywords=)
2023-03-27 16:48:12 [scrapy.core.engine] DEBUG: Crawled (200) <GET https://www.rightmove.co.uk/properties/132896090> (referer: https://www.rightmove.co.uk/property-to-rent/find.html?locationIdentifier=REGION%5E87490&index=24&propertyTypes=&includeLetAgreed=false&mustHave=&dontShow=&furnishTypes=&keywords=)
2023-03-27 16:48:12 [scrapy.core.scraper] DEBUG: Scraped from <200 https://www.rightmove.co.uk/properties/132896093>
35
2023-03-27 16:48:12 [scrapy.core.engine] DEBUG: Crawled (200) <GET https://www.rightmove.co.uk/properties/132896069> (referer: https://www.rightmove.co.uk/property-to-rent/find.html?locationIdentifier=REGION%5E87490&index=24&propertyTypes=&includeLetAgreed=false&mustHave=&dontShow=&furnishTypes=&keywords=)
2023-03-27 16:48:12 [scrapy.core.scraper] DEBUG: Scraped from <200 https://www.rightmove.co.uk/properties/132896072>
36
2023-03-27 16:48:12 [scrapy.core.engine] DEBUG: Crawled (200) <GET https://www.rightmove.co.uk/properties/132896084> (referer: https://www.rightmove.co.uk/property-to-rent/find.html?locationIdentifier=REGION%5E87490&index=24&propertyTypes=&includeLetAgreed=false&mustHave=&dontShow=&furnishTypes=&keywords=)
2023-03-27 16:48:12 [scrapy.core.scraper] DEBUG: Scraped from <200 https://www.rightmove.co.uk/properties/132896090>
37
2023-03-27 16:48:12 [scrapy.core.engine] DEBUG: Crawled (200) <GET https://www.rightmove.co.uk/properties/132896066> (referer: https://www.rightmove.co.uk/property-to-rent/find.html?locationIdentifier=REGION%5E87490&index=24&propertyTypes=&includeLetAgreed=false&mustHave=&dontShow=&furnishTypes=&keywords=)
2023-03-27 16:48:13 [scrapy.core.scraper] DEBUG: Scraped from <200 https://www.rightmove.co.uk/properties/132896069>
38
2023-03-27 16:48:13 [scrapy.core.scraper] DEBUG: Scraped from <200 https://www.rightmove.co.uk/properties/132896084>
39
2023-03-27 16:48:13 [scrapy.core.scraper] DEBUG: Scraped from <200 https://www.rightmove.co.uk/properties/132896066>
40
2023-03-27 16:48:13 [scrapy.core.engine] DEBUG: Crawled (200) <GET https://www.rightmove.co.uk/properties/132887108> (referer: https://www.rightmove.co.uk/property-to-rent/find.html?locationIdentifier=REGION%5E87490&index=24&propertyTypes=&includeLetAgreed=false&mustHave=&dontShow=&furnishTypes=&keywords=)
2023-03-27 16:48:13 [scrapy.core.scraper] DEBUG: Scraped from <200 https://www.rightmove.co.uk/properties/132887108>
41
2023-03-27 16:48:13 [scrapy.core.engine] DEBUG: Crawled (200) <GET https://www.rightmove.co.uk/properties/132910133> (referer: https://www.rightmove.co.uk/property-to-rent/find.html?locationIdentifier=REGION%5E87490&index=24&propertyTypes=&includeLetAgreed=false&mustHave=&dontShow=&furnishTypes=&keywords=)
2023-03-27 16:48:13 [scrapy.core.scraper] DEBUG: Scraped from <200 https://www.rightmove.co.uk/properties/132910133>
42
2023-03-27 16:48:13 [scrapy.core.engine] DEBUG: Crawled (200) <GET https://www.rightmove.co.uk/properties/132909728> (referer: https://www.rightmove.co.uk/property-to-rent/find.html?locationIdentifier=REGION%5E87490&index=24&propertyTypes=&includeLetAgreed=false&mustHave=&dontShow=&furnishTypes=&keywords=)
2023-03-27 16:48:14 [scrapy.core.scraper] DEBUG: Scraped from <200 https://www.rightmove.co.uk/properties/132909728>
43
2023-03-27 16:48:14 [scrapy.core.engine] DEBUG: Crawled (200) <GET https://www.rightmove.co.uk/properties/128407463> (referer: https://www.rightmove.co.uk/property-to-rent/find.html?locationIdentifier=REGION%5E87490&index=24&propertyTypes=&includeLetAgreed=false&mustHave=&dontShow=&furnishTypes=&keywords=)
2023-03-27 16:48:14 [scrapy.core.engine] DEBUG: Crawled (200) <GET https://www.rightmove.co.uk/properties/132115064> (referer: https://www.rightmove.co.uk/property-to-rent/find.html?locationIdentifier=REGION%5E87490&index=24&propertyTypes=&includeLetAgreed=false&mustHave=&dontShow=&furnishTypes=&keywords=)
2023-03-27 16:48:14 [scrapy.core.scraper] DEBUG: Scraped from <200 https://www.rightmove.co.uk/properties/128407463>
44
2023-03-27 16:48:14 [scrapy.core.scraper] DEBUG: Scraped from <200 https://www.rightmove.co.uk/properties/132115064>
45
2023-03-27 16:48:14 [scrapy.core.engine] DEBUG: Crawled (200) <GET https://www.rightmove.co.uk/properties/132910127> (referer: https://www.rightmove.co.uk/property-to-rent/find.html?locationIdentifier=REGION%5E87490&index=24&propertyTypes=&includeLetAgreed=false&mustHave=&dontShow=&furnishTypes=&keywords=)
2023-03-27 16:48:14 [scrapy.core.engine] DEBUG: Crawled (200) <GET https://www.rightmove.co.uk/properties/132910154> (referer: https://www.rightmove.co.uk/property-to-rent/find.html?locationIdentifier=REGION%5E87490&index=24&propertyTypes=&includeLetAgreed=false&mustHave=&dontShow=&furnishTypes=&keywords=)
2023-03-27 16:48:14 [scrapy.core.scraper] DEBUG: Scraped from <200 https://www.rightmove.co.uk/properties/132910127>
46
2023-03-27 16:48:14 [scrapy.core.scraper] DEBUG: Scraped from <200 https://www.rightmove.co.uk/properties/132910154>
47
2023-03-27 16:48:14 [scrapy.core.engine] DEBUG: Crawled (200) <GET https://www.rightmove.co.uk/properties/132910142> (referer: https://www.rightmove.co.uk/property-to-rent/find.html?locationIdentifier=REGION%5E87490&index=24&propertyTypes=&includeLetAgreed=false&mustHave=&dontShow=&furnishTypes=&keywords=)
2023-03-27 16:48:14 [scrapy.core.scraper] DEBUG: Scraped from <200 https://www.rightmove.co.uk/properties/132910142>
48
2023-03-27 16:48:14 [scrapy.core.engine] DEBUG: Crawled (200) <GET https://www.rightmove.co.uk/properties/132910130> (referer: https://www.rightmove.co.uk/property-to-rent/find.html?locationIdentifier=REGION%5E87490&index=24&propertyTypes=&includeLetAgreed=false&mustHave=&dontShow=&furnishTypes=&keywords=)
2023-03-27 16:48:15 [scrapy.core.engine] DEBUG: Crawled (200) <GET https://www.rightmove.co.uk/properties/132915527> (referer: https://www.rightmove.co.uk/property-to-rent/find.html?locationIdentifier=REGION%5E87490&index=24&propertyTypes=&includeLetAgreed=false&mustHave=&dontShow=&furnishTypes=&keywords=)
2023-03-27 16:48:15 [scrapy.core.scraper] DEBUG: Scraped from <200 https://www.rightmove.co.uk/properties/132910130>
49
2023-03-27 16:48:15 [scrapy.core.engine] DEBUG: Crawled (200) <GET https://www.rightmove.co.uk/properties/132910145> (referer: https://www.rightmove.co.uk/property-to-rent/find.html?locationIdentifier=REGION%5E87490&index=24&propertyTypes=&includeLetAgreed=false&mustHave=&dontShow=&furnishTypes=&keywords=)
2023-03-27 16:48:15 [urllib3.util.retry] DEBUG: Converted retries value: 3 -> Retry(total=3, connect=None, read=None, redirect=None, status=None)
2023-03-27 16:48:15 [google.auth.transport.requests] DEBUG: Making request: POST https://oauth2.googleapis.com/token
2023-03-27 16:48:15 [urllib3.connectionpool] DEBUG: Starting new HTTPS connection (1): oauth2.googleapis.com:443
2023-03-27 16:48:15 [urllib3.connectionpool] DEBUG: https://oauth2.googleapis.com:443 "POST /token HTTP/1.1" 200 None
2023-03-27 16:48:15 [urllib3.connectionpool] DEBUG: Starting new HTTPS connection (1): storage.googleapis.com:443
2023-03-27 16:48:15 [urllib3.connectionpool] DEBUG: https://storage.googleapis.com:443 "GET /storage/v1/b/rightmove_storage_dev?projection=noAcl&prettyPrint=false HTTP/1.1" 200 597
2023-03-27 16:48:16 [urllib3.connectionpool] DEBUG: https://storage.googleapis.com:443 "POST /upload/storage/v1/b/rightmove_storage_dev/o?uploadType=multipart HTTP/1.1" 200 983
2023-03-27 16:48:16 [scrapy.core.scraper] DEBUG: Scraped from <200 https://www.rightmove.co.uk/properties/132915527>
0
2023-03-27 16:48:16 [scrapy.core.engine] DEBUG: Crawled (200) <GET https://www.rightmove.co.uk/properties/132918884> (referer: https://www.rightmove.co.uk/property-to-rent/find.html?locationIdentifier=REGION%5E87490&index=24&propertyTypes=&includeLetAgreed=false&mustHave=&dontShow=&furnishTypes=&keywords=)
2023-03-27 16:48:16 [scrapy.core.engine] DEBUG: Crawled (200) <GET https://www.rightmove.co.uk/properties/132915533> (referer: https://www.rightmove.co.uk/property-to-rent/find.html?locationIdentifier=REGION%5E87490&index=24&propertyTypes=&includeLetAgreed=false&mustHave=&dontShow=&furnishTypes=&keywords=)
2023-03-27 16:48:16 [scrapy.core.engine] DEBUG: Crawled (200) <GET https://www.rightmove.co.uk/properties/132922388> (referer: https://www.rightmove.co.uk/property-to-rent/find.html?locationIdentifier=REGION%5E87490&index=24&propertyTypes=&includeLetAgreed=false&mustHave=&dontShow=&furnishTypes=&keywords=)
2023-03-27 16:48:16 [scrapy.core.scraper] DEBUG: Scraped from <200 https://www.rightmove.co.uk/properties/132910145>
1
2023-03-27 16:48:16 [scrapy.core.engine] DEBUG: Crawled (200) <GET https://www.rightmove.co.uk/properties/132915539> (referer: https://www.rightmove.co.uk/property-to-rent/find.html?locationIdentifier=REGION%5E87490&index=24&propertyTypes=&includeLetAgreed=false&mustHave=&dontShow=&furnishTypes=&keywords=)
2023-03-27 16:48:16 [scrapy.core.engine] DEBUG: Crawled (200) <GET https://www.rightmove.co.uk/properties/132659609> (referer: https://www.rightmove.co.uk/property-to-rent/find.html?locationIdentifier=REGION%5E87490&index=24&propertyTypes=&includeLetAgreed=false&mustHave=&dontShow=&furnishTypes=&keywords=)
2023-03-27 16:48:16 [scrapy.core.engine] DEBUG: Crawled (200) <GET https://www.rightmove.co.uk/properties/80400863> (referer: https://www.rightmove.co.uk/property-to-rent/find.html?locationIdentifier=REGION%5E87490&index=24&propertyTypes=&includeLetAgreed=false&mustHave=&dontShow=&furnishTypes=&keywords=)
2023-03-27 16:48:16 [scrapy.core.engine] DEBUG: Crawled (200) <GET https://www.rightmove.co.uk/properties/132733928> (referer: https://www.rightmove.co.uk/property-to-rent/find.html?locationIdentifier=REGION%5E87490&index=24&propertyTypes=&includeLetAgreed=false&mustHave=&dontShow=&furnishTypes=&keywords=)
2023-03-27 16:48:16 [scrapy.core.engine] DEBUG: Crawled (200) <GET https://www.rightmove.co.uk/properties/132739772> (referer: https://www.rightmove.co.uk/property-to-rent/find.html?locationIdentifier=REGION%5E87490&index=24&propertyTypes=&includeLetAgreed=false&mustHave=&dontShow=&furnishTypes=&keywords=)
2023-03-27 16:48:16 [scrapy.core.scraper] DEBUG: Scraped from <200 https://www.rightmove.co.uk/properties/132918884>
2
2023-03-27 16:48:16 [scrapy.core.scraper] DEBUG: Scraped from <200 https://www.rightmove.co.uk/properties/132915533>
3
2023-03-27 16:48:16 [scrapy.core.scraper] DEBUG: Scraped from <200 https://www.rightmove.co.uk/properties/132922388>
4
2023-03-27 16:48:16 [scrapy.core.scraper] DEBUG: Scraped from <200 https://www.rightmove.co.uk/properties/132915539>
5
2023-03-27 16:48:16 [scrapy.core.scraper] DEBUG: Scraped from <200 https://www.rightmove.co.uk/properties/132659609>
6
2023-03-27 16:48:16 [scrapy.core.scraper] DEBUG: Scraped from <200 https://www.rightmove.co.uk/properties/80400863>
7
2023-03-27 16:48:16 [scrapy.core.scraper] DEBUG: Scraped from <200 https://www.rightmove.co.uk/properties/132733928>
8
2023-03-27 16:48:16 [scrapy.core.scraper] DEBUG: Scraped from <200 https://www.rightmove.co.uk/properties/132739772>
9
2023-03-27 16:48:17 [scrapy.core.engine] DEBUG: Crawled (200) <GET https://www.rightmove.co.uk/properties/132741392> (referer: https://www.rightmove.co.uk/property-to-rent/find.html?locationIdentifier=REGION%5E87490&index=24&propertyTypes=&includeLetAgreed=false&mustHave=&dontShow=&furnishTypes=&keywords=)
2023-03-27 16:48:17 [scrapy.core.scraper] DEBUG: Scraped from <200 https://www.rightmove.co.uk/properties/132741392>
10
2023-03-27 16:48:17 [scrapy.core.engine] DEBUG: Crawled (200) <GET https://www.rightmove.co.uk/properties/132654749> (referer: https://www.rightmove.co.uk/property-to-rent/find.html?locationIdentifier=REGION%5E87490&index=24&propertyTypes=&includeLetAgreed=false&mustHave=&dontShow=&furnishTypes=&keywords=)
2023-03-27 16:48:17 [scrapy.core.engine] DEBUG: Crawled (200) <GET https://www.rightmove.co.uk/properties/132756761> (referer: https://www.rightmove.co.uk/property-to-rent/find.html?locationIdentifier=REGION%5E87490&index=24&propertyTypes=&includeLetAgreed=false&mustHave=&dontShow=&furnishTypes=&keywords=)
2023-03-27 16:48:17 [scrapy.core.engine] DEBUG: Crawled (200) <GET https://www.rightmove.co.uk/properties/132756773> (referer: https://www.rightmove.co.uk/property-to-rent/find.html?locationIdentifier=REGION%5E87490&index=24&propertyTypes=&includeLetAgreed=false&mustHave=&dontShow=&furnishTypes=&keywords=)
2023-03-27 16:48:17 [scrapy.core.scraper] DEBUG: Scraped from <200 https://www.rightmove.co.uk/properties/132654749>
11
2023-03-27 16:48:17 [scrapy.core.engine] DEBUG: Crawled (200) <GET https://www.rightmove.co.uk/properties/132763169> (referer: https://www.rightmove.co.uk/property-to-rent/find.html?locationIdentifier=REGION%5E87490&index=24&propertyTypes=&includeLetAgreed=false&mustHave=&dontShow=&furnishTypes=&keywords=)
2023-03-27 16:48:17 [scrapy.core.scraper] DEBUG: Scraped from <200 https://www.rightmove.co.uk/properties/132756761>
12
2023-03-27 16:48:17 [scrapy.core.scraper] DEBUG: Scraped from <200 https://www.rightmove.co.uk/properties/132756773>
13
2023-03-27 16:48:17 [scrapy.core.scraper] DEBUG: Scraped from <200 https://www.rightmove.co.uk/properties/132763169>
14
2023-03-27 16:48:17 [scrapy.core.engine] DEBUG: Crawled (200) <GET https://www.rightmove.co.uk/properties/132757718> (referer: https://www.rightmove.co.uk/property-to-rent/find.html?locationIdentifier=REGION%5E87490&index=24&propertyTypes=&includeLetAgreed=false&mustHave=&dontShow=&furnishTypes=&keywords=)
2023-03-27 16:48:17 [scrapy.core.engine] DEBUG: Crawled (200) <GET https://www.rightmove.co.uk/properties/132756728> (referer: https://www.rightmove.co.uk/property-to-rent/find.html?locationIdentifier=REGION%5E87490&index=24&propertyTypes=&includeLetAgreed=false&mustHave=&dontShow=&furnishTypes=&keywords=)
2023-03-27 16:48:17 [scrapy.core.scraper] DEBUG: Scraped from <200 https://www.rightmove.co.uk/properties/132757718>
15
2023-03-27 16:48:17 [scrapy.core.scraper] DEBUG: Scraped from <200 https://www.rightmove.co.uk/properties/132756728>
16
2023-03-27 16:48:18 [scrapy.core.engine] DEBUG: Crawled (200) <GET https://www.rightmove.co.uk/properties/131370095> (referer: https://www.rightmove.co.uk/property-to-rent/find.html?locationIdentifier=REGION%5E87490&index=24&propertyTypes=&includeLetAgreed=false&mustHave=&dontShow=&furnishTypes=&keywords=)
2023-03-27 16:48:18 [scrapy.core.scraper] DEBUG: Scraped from <200 https://www.rightmove.co.uk/properties/131370095>
17
2023-03-27 16:48:18 [scrapy.core.engine] DEBUG: Crawled (200) <GET https://www.rightmove.co.uk/properties/132769127> (referer: https://www.rightmove.co.uk/property-to-rent/find.html?locationIdentifier=REGION%5E87490&index=24&propertyTypes=&includeLetAgreed=false&mustHave=&dontShow=&furnishTypes=&keywords=)
2023-03-27 16:48:18 [scrapy.core.scraper] DEBUG: Scraped from <200 https://www.rightmove.co.uk/properties/132769127>
18
2023-03-27 16:48:18 [scrapy.core.engine] DEBUG: Crawled (200) <GET https://www.rightmove.co.uk/properties/132781355> (referer: https://www.rightmove.co.uk/property-to-rent/find.html?locationIdentifier=REGION%5E87490&index=24&propertyTypes=&includeLetAgreed=false&mustHave=&dontShow=&furnishTypes=&keywords=)
2023-03-27 16:48:18 [scrapy.core.engine] DEBUG: Crawled (200) <GET https://www.rightmove.co.uk/properties/132796838> (referer: https://www.rightmove.co.uk/property-to-rent/find.html?locationIdentifier=REGION%5E87490&index=24&propertyTypes=&includeLetAgreed=false&mustHave=&dontShow=&furnishTypes=&keywords=)
2023-03-27 16:48:18 [scrapy.core.engine] DEBUG: Crawled (200) <GET https://www.rightmove.co.uk/properties/132779798> (referer: https://www.rightmove.co.uk/property-to-rent/find.html?locationIdentifier=REGION%5E87490&index=24&propertyTypes=&includeLetAgreed=false&mustHave=&dontShow=&furnishTypes=&keywords=)
2023-03-27 16:48:18 [scrapy.core.scraper] DEBUG: Scraped from <200 https://www.rightmove.co.uk/properties/132781355>
19
2023-03-27 16:48:18 [scrapy.core.scraper] DEBUG: Scraped from <200 https://www.rightmove.co.uk/properties/132796838>
20
2023-03-27 16:48:18 [scrapy.core.scraper] DEBUG: Scraped from <200 https://www.rightmove.co.uk/properties/132779798>
21
2023-03-27 16:48:18 [scrapy.core.engine] DEBUG: Crawled (200) <GET https://www.rightmove.co.uk/properties/132802304> (referer: https://www.rightmove.co.uk/property-to-rent/find.html?locationIdentifier=REGION%5E87490&index=24&propertyTypes=&includeLetAgreed=false&mustHave=&dontShow=&furnishTypes=&keywords=)
2023-03-27 16:48:19 [scrapy.core.scraper] DEBUG: Scraped from <200 https://www.rightmove.co.uk/properties/132802304>
22
2023-03-27 16:48:19 [scrapy.core.engine] DEBUG: Crawled (200) <GET https://www.rightmove.co.uk/properties/132769172> (referer: https://www.rightmove.co.uk/property-to-rent/find.html?locationIdentifier=REGION%5E87490&index=24&propertyTypes=&includeLetAgreed=false&mustHave=&dontShow=&furnishTypes=&keywords=)
2023-03-27 16:48:19 [scrapy.core.scraper] DEBUG: Scraped from <200 https://www.rightmove.co.uk/properties/132769172>
23
2023-03-27 16:48:19 [scrapy.core.engine] DEBUG: Crawled (200) <GET https://www.rightmove.co.uk/properties/132807017> (referer: https://www.rightmove.co.uk/property-to-rent/find.html?locationIdentifier=REGION%5E87490&index=24&propertyTypes=&includeLetAgreed=false&mustHave=&dontShow=&furnishTypes=&keywords=)
2023-03-27 16:48:19 [scrapy.core.scraper] DEBUG: Scraped from <200 https://www.rightmove.co.uk/properties/132807017>
24
2023-03-27 16:48:19 [scrapy.core.engine] DEBUG: Crawled (200) <GET https://www.rightmove.co.uk/properties/132807020> (referer: https://www.rightmove.co.uk/property-to-rent/find.html?locationIdentifier=REGION%5E87490&index=24&propertyTypes=&includeLetAgreed=false&mustHave=&dontShow=&furnishTypes=&keywords=)
2023-03-27 16:48:19 [scrapy.core.engine] DEBUG: Crawled (200) <GET https://www.rightmove.co.uk/properties/132807023> (referer: https://www.rightmove.co.uk/property-to-rent/find.html?locationIdentifier=REGION%5E87490&index=24&propertyTypes=&includeLetAgreed=false&mustHave=&dontShow=&furnishTypes=&keywords=)
2023-03-27 16:48:19 [scrapy.core.scraper] DEBUG: Scraped from <200 https://www.rightmove.co.uk/properties/132807020>
25
2023-03-27 16:48:19 [scrapy.core.scraper] DEBUG: Scraped from <200 https://www.rightmove.co.uk/properties/132807023>
26
2023-03-27 16:48:19 [scrapy.core.engine] DEBUG: Crawled (200) <GET https://www.rightmove.co.uk/properties/132809024> (referer: https://www.rightmove.co.uk/property-to-rent/find.html?locationIdentifier=REGION%5E87490&index=24&propertyTypes=&includeLetAgreed=false&mustHave=&dontShow=&furnishTypes=&keywords=)
2023-03-27 16:48:19 [scrapy.core.scraper] DEBUG: Scraped from <200 https://www.rightmove.co.uk/properties/132809024>
27
2023-03-27 16:48:20 [scrapy.core.engine] DEBUG: Crawled (200) <GET https://www.rightmove.co.uk/properties/132896081> (referer: https://www.rightmove.co.uk/property-to-rent/find.html?locationIdentifier=REGION%5E87490&index=24&propertyTypes=&includeLetAgreed=false&mustHave=&dontShow=&furnishTypes=&keywords=)
2023-03-27 16:48:20 [scrapy.core.engine] DEBUG: Crawled (200) <GET https://www.rightmove.co.uk/properties/132814130> (referer: https://www.rightmove.co.uk/property-to-rent/find.html?locationIdentifier=REGION%5E87490&index=24&propertyTypes=&includeLetAgreed=false&mustHave=&dontShow=&furnishTypes=&keywords=)
2023-03-27 16:48:20 [scrapy.core.scraper] DEBUG: Scraped from <200 https://www.rightmove.co.uk/properties/132896081>
28
2023-03-27 16:48:20 [scrapy.core.scraper] DEBUG: Scraped from <200 https://www.rightmove.co.uk/properties/132814130>
29
2023-03-27 16:48:20 [scrapy.core.engine] DEBUG: Crawled (200) <GET https://www.rightmove.co.uk/properties/132931811> (referer: https://www.rightmove.co.uk/property-to-rent/find.html?locationIdentifier=REGION%5E87490&index=24&propertyTypes=&includeLetAgreed=false&mustHave=&dontShow=&furnishTypes=&keywords=)
2023-03-27 16:48:20 [scrapy.core.scraper] DEBUG: Scraped from <200 https://www.rightmove.co.uk/properties/132931811>
30
2023-03-27 16:48:20 [scrapy.core.engine] DEBUG: Crawled (200) <GET https://www.rightmove.co.uk/properties/132929297> (referer: https://www.rightmove.co.uk/property-to-rent/find.html?locationIdentifier=REGION%5E87490&index=24&propertyTypes=&includeLetAgreed=false&mustHave=&dontShow=&furnishTypes=&keywords=)
2023-03-27 16:48:20 [scrapy.core.engine] DEBUG: Crawled (200) <GET https://www.rightmove.co.uk/properties/132934271> (referer: https://www.rightmove.co.uk/property-to-rent/find.html?locationIdentifier=REGION%5E87490&index=24&propertyTypes=&includeLetAgreed=false&mustHave=&dontShow=&furnishTypes=&keywords=)
2023-03-27 16:48:20 [scrapy.core.scraper] DEBUG: Scraped from <200 https://www.rightmove.co.uk/properties/132929297>
31
2023-03-27 16:48:20 [scrapy.core.engine] DEBUG: Crawled (200) <GET https://www.rightmove.co.uk/properties/132933008> (referer: https://www.rightmove.co.uk/property-to-rent/find.html?locationIdentifier=REGION%5E87490&index=24&propertyTypes=&includeLetAgreed=false&mustHave=&dontShow=&furnishTypes=&keywords=)
2023-03-27 16:48:20 [scrapy.core.scraper] DEBUG: Scraped from <200 https://www.rightmove.co.uk/properties/132934271>
32
2023-03-27 16:48:20 [scrapy.core.scraper] DEBUG: Scraped from <200 https://www.rightmove.co.uk/properties/132933008>
33
2023-03-27 16:48:20 [scrapy.core.engine] DEBUG: Crawled (200) <GET https://www.rightmove.co.uk/properties/132939938> (referer: https://www.rightmove.co.uk/property-to-rent/find.html?locationIdentifier=REGION%5E87490&index=24&propertyTypes=&includeLetAgreed=false&mustHave=&dontShow=&furnishTypes=&keywords=)
2023-03-27 16:48:20 [scrapy.core.scraper] DEBUG: Scraped from <200 https://www.rightmove.co.uk/properties/132939938>
34
2023-03-27 16:48:21 [scrapy.core.engine] DEBUG: Crawled (200) <GET https://www.rightmove.co.uk/properties/132934346> (referer: https://www.rightmove.co.uk/property-to-rent/find.html?locationIdentifier=REGION%5E87490&index=24&propertyTypes=&includeLetAgreed=false&mustHave=&dontShow=&furnishTypes=&keywords=)
2023-03-27 16:48:21 [scrapy.core.engine] DEBUG: Crawled (200) <GET https://www.rightmove.co.uk/properties/132952940> (referer: https://www.rightmove.co.uk/property-to-rent/find.html?locationIdentifier=REGION%5E87490&index=24&propertyTypes=&includeLetAgreed=false&mustHave=&dontShow=&furnishTypes=&keywords=)
2023-03-27 16:48:21 [scrapy.core.scraper] DEBUG: Scraped from <200 https://www.rightmove.co.uk/properties/132934346>
35
2023-03-27 16:48:21 [scrapy.core.scraper] DEBUG: Scraped from <200 https://www.rightmove.co.uk/properties/132952940>
36
2023-03-27 16:48:21 [scrapy.core.engine] DEBUG: Crawled (200) <GET https://www.rightmove.co.uk/properties/132954737> (referer: https://www.rightmove.co.uk/property-to-rent/find.html?locationIdentifier=REGION%5E87490&index=24&propertyTypes=&includeLetAgreed=false&mustHave=&dontShow=&furnishTypes=&keywords=)
2023-03-27 16:48:21 [scrapy.core.scraper] DEBUG: Scraped from <200 https://www.rightmove.co.uk/properties/132954737>
37
2023-03-27 16:48:21 [scrapy.core.engine] DEBUG: Crawled (200) <GET https://www.rightmove.co.uk/properties/132064436> (referer: https://www.rightmove.co.uk/property-to-rent/find.html?locationIdentifier=REGION%5E87490&index=24&propertyTypes=&includeLetAgreed=false&mustHave=&dontShow=&furnishTypes=&keywords=)
2023-03-27 16:48:21 [scrapy.core.engine] DEBUG: Crawled (200) <GET https://www.rightmove.co.uk/properties/132961244> (referer: https://www.rightmove.co.uk/property-to-rent/find.html?locationIdentifier=REGION%5E87490&index=24&propertyTypes=&includeLetAgreed=false&mustHave=&dontShow=&furnishTypes=&keywords=)
2023-03-27 16:48:21 [scrapy.core.scraper] DEBUG: Scraped from <200 https://www.rightmove.co.uk/properties/132064436>
38
2023-03-27 16:48:21 [scrapy.core.scraper] DEBUG: Scraped from <200 https://www.rightmove.co.uk/properties/132961244>
39
2023-03-27 16:48:22 [scrapy.core.engine] DEBUG: Crawled (200) <GET https://www.rightmove.co.uk/properties/132966167> (referer: https://www.rightmove.co.uk/property-to-rent/find.html?locationIdentifier=REGION%5E87490&index=24&propertyTypes=&includeLetAgreed=false&mustHave=&dontShow=&furnishTypes=&keywords=)
2023-03-27 16:48:22 [scrapy.core.engine] DEBUG: Crawled (200) <GET https://www.rightmove.co.uk/properties/132966056> (referer: https://www.rightmove.co.uk/property-to-rent/find.html?locationIdentifier=REGION%5E87490&index=24&propertyTypes=&includeLetAgreed=false&mustHave=&dontShow=&furnishTypes=&keywords=)
2023-03-27 16:48:22 [scrapy.core.engine] DEBUG: Crawled (200) <GET https://www.rightmove.co.uk/properties/132966284> (referer: https://www.rightmove.co.uk/property-to-rent/find.html?locationIdentifier=REGION%5E87490&index=24&propertyTypes=&includeLetAgreed=false&mustHave=&dontShow=&furnishTypes=&keywords=)
2023-03-27 16:48:22 [scrapy.core.scraper] DEBUG: Scraped from <200 https://www.rightmove.co.uk/properties/132966167>
40
2023-03-27 16:48:22 [scrapy.core.scraper] DEBUG: Scraped from <200 https://www.rightmove.co.uk/properties/132966056>
41
2023-03-27 16:48:22 [scrapy.core.scraper] DEBUG: Scraped from <200 https://www.rightmove.co.uk/properties/132966284>
42
2023-03-27 16:48:22 [scrapy.core.engine] DEBUG: Crawled (200) <GET https://www.rightmove.co.uk/properties/132966362> (referer: https://www.rightmove.co.uk/property-to-rent/find.html?locationIdentifier=REGION%5E87490&index=24&propertyTypes=&includeLetAgreed=false&mustHave=&dontShow=&furnishTypes=&keywords=)
2023-03-27 16:48:22 [scrapy.crawler] INFO: Received SIGTERM, shutting down gracefully. Send again to force 
2023-03-27 16:48:22 [scrapy.core.engine] INFO: Closing spider (shutdown)
2023-03-27 16:48:22 [scrapy.core.scraper] DEBUG: Scraped from <200 https://www.rightmove.co.uk/properties/132966362>
43
2023-03-27 16:48:22 [scrapy.core.engine] DEBUG: Crawled (200) <GET https://www.rightmove.co.uk/properties/132966608> (referer: https://www.rightmove.co.uk/property-to-rent/find.html?locationIdentifier=REGION%5E87490&index=24&propertyTypes=&includeLetAgreed=false&mustHave=&dontShow=&furnishTypes=&keywords=)
2023-03-27 16:48:23 [scrapy.core.scraper] DEBUG: Scraped from <200 https://www.rightmove.co.uk/properties/132966608>
44
2023-03-27 16:48:23 [scrapy.core.engine] DEBUG: Crawled (200) <GET https://www.rightmove.co.uk/properties/132967727> (referer: https://www.rightmove.co.uk/property-to-rent/find.html?locationIdentifier=REGION%5E87490&index=24&propertyTypes=&includeLetAgreed=false&mustHave=&dontShow=&furnishTypes=&keywords=)
2023-03-27 16:48:23 [scrapy.core.engine] DEBUG: Crawled (200) <GET https://www.rightmove.co.uk/properties/132968273> (referer: https://www.rightmove.co.uk/property-to-rent/find.html?locationIdentifier=REGION%5E87490&index=24&propertyTypes=&includeLetAgreed=false&mustHave=&dontShow=&furnishTypes=&keywords=)
2023-03-27 16:48:23 [scrapy.core.scraper] DEBUG: Scraped from <200 https://www.rightmove.co.uk/properties/132967727>
45
2023-03-27 16:48:23 [scrapy.core.engine] DEBUG: Crawled (200) <GET https://www.rightmove.co.uk/properties/132037073> (referer: https://www.rightmove.co.uk/property-to-rent/find.html?locationIdentifier=REGION%5E87490&index=24&propertyTypes=&includeLetAgreed=false&mustHave=&dontShow=&furnishTypes=&keywords=)
2023-03-27 16:48:23 [scrapy.core.scraper] DEBUG: Scraped from <200 https://www.rightmove.co.uk/properties/132968273>
46
2023-03-27 16:48:23 [scrapy.core.engine] DEBUG: Crawled (200) <GET https://www.rightmove.co.uk/properties/132728156> (referer: https://www.rightmove.co.uk/property-to-rent/find.html?locationIdentifier=REGION%5E87490&index=24&propertyTypes=&includeLetAgreed=false&mustHave=&dontShow=&furnishTypes=&keywords=)
2023-03-27 16:48:23 [scrapy.core.engine] DEBUG: Crawled (200) <GET https://www.rightmove.co.uk/api/_search?locationIdentifier=OUTCODE%5E5&numberOfPropertiesPerPage=24&radius=10.0&sortType=6&index=75&includeLetAgreed=false&viewType=LIST&channel=RENT&areaSizeUnit=sqft&currencyCode=GBP&isFetching=false> (referer: https://www.rightmove.co.uk/property-to-rent/find.html?locationIdentifier=REGION%5E87490&index=24&propertyTypes=&includeLetAgreed=false&mustHave=&dontShow=&furnishTypes=&keywords=)
2023-03-27 16:48:23 [scrapy.core.scraper] DEBUG: Scraped from <200 https://www.rightmove.co.uk/properties/132037073>
47
2023-03-27 16:48:23 [scrapy.core.scraper] DEBUG: Scraped from <200 https://www.rightmove.co.uk/properties/132728156>
48
2023-03-27 16:48:23 [scrapy.core.engine] DEBUG: Crawled (200) <GET https://www.rightmove.co.uk/properties/132967256> (referer: https://www.rightmove.co.uk/property-to-rent/find.html?locationIdentifier=REGION%5E87490&index=24&propertyTypes=&includeLetAgreed=false&mustHave=&dontShow=&furnishTypes=&keywords=)
2023-03-27 16:48:23 [scrapy.core.engine] DEBUG: Crawled (200) <GET https://www.rightmove.co.uk/api/_search?locationIdentifier=OUTCODE%5E6&numberOfPropertiesPerPage=24&radius=10.0&sortType=6&index=25&includeLetAgreed=false&viewType=LIST&channel=RENT&areaSizeUnit=sqft&currencyCode=GBP&isFetching=false> (referer: https://www.rightmove.co.uk/property-to-rent/find.html?locationIdentifier=REGION%5E87490&index=24&propertyTypes=&includeLetAgreed=false&mustHave=&dontShow=&furnishTypes=&keywords=)
2023-03-27 16:48:23 [scrapy.core.engine] DEBUG: Crawled (200) <GET https://www.rightmove.co.uk/api/_search?locationIdentifier=OUTCODE%5E6&numberOfPropertiesPerPage=24&radius=10.0&sortType=6&index=0&includeLetAgreed=false&viewType=LIST&channel=RENT&areaSizeUnit=sqft&currencyCode=GBP&isFetching=false> (referer: https://www.rightmove.co.uk/property-to-rent/find.html?locationIdentifier=REGION%5E87490&index=24&propertyTypes=&includeLetAgreed=false&mustHave=&dontShow=&furnishTypes=&keywords=)
2023-03-27 16:48:23 [scrapy.core.scraper] DEBUG: Scraped from <200 https://www.rightmove.co.uk/properties/132967256>
49
2023-03-27 16:48:23 [scrapy.core.engine] DEBUG: Crawled (200) <GET https://www.rightmove.co.uk/api/_search?locationIdentifier=OUTCODE%5E6&numberOfPropertiesPerPage=24&radius=10.0&sortType=6&index=50&includeLetAgreed=false&viewType=LIST&channel=RENT&areaSizeUnit=sqft&currencyCode=GBP&isFetching=false> (referer: https://www.rightmove.co.uk/property-to-rent/find.html?locationIdentifier=REGION%5E87490&index=24&propertyTypes=&includeLetAgreed=false&mustHave=&dontShow=&furnishTypes=&keywords=)
2023-03-27 16:48:23 [scrapy.core.engine] DEBUG: Crawled (200) <GET https://www.rightmove.co.uk/properties/132967589> (referer: https://www.rightmove.co.uk/property-to-rent/find.html?locationIdentifier=REGION%5E87490&index=24&propertyTypes=&includeLetAgreed=false&mustHave=&dontShow=&furnishTypes=&keywords=)
2023-03-27 16:48:23 [scrapy.core.engine] DEBUG: Crawled (200) <GET https://www.rightmove.co.uk/api/_search?locationIdentifier=OUTCODE%5E7&numberOfPropertiesPerPage=24&radius=10.0&sortType=6&index=0&includeLetAgreed=false&viewType=LIST&channel=RENT&areaSizeUnit=sqft&currencyCode=GBP&isFetching=false> (referer: https://www.rightmove.co.uk/property-to-rent/find.html?locationIdentifier=REGION%5E87490&index=24&propertyTypes=&includeLetAgreed=false&mustHave=&dontShow=&furnishTypes=&keywords=)
2023-03-27 16:48:23 [scrapy.core.engine] DEBUG: Crawled (200) <GET https://www.rightmove.co.uk/api/_search?locationIdentifier=OUTCODE%5E6&numberOfPropertiesPerPage=24&radius=10.0&sortType=6&index=75&includeLetAgreed=false&viewType=LIST&channel=RENT&areaSizeUnit=sqft&currencyCode=GBP&isFetching=false> (referer: https://www.rightmove.co.uk/property-to-rent/find.html?locationIdentifier=REGION%5E87490&index=24&propertyTypes=&includeLetAgreed=false&mustHave=&dontShow=&furnishTypes=&keywords=)
2023-03-27 16:48:23 [urllib3.connectionpool] DEBUG: https://storage.googleapis.com:443 "GET /storage/v1/b/rightmove_storage_dev?projection=noAcl&prettyPrint=false HTTP/1.1" 200 597
2023-03-27 16:48:24 [urllib3.connectionpool] DEBUG: https://storage.googleapis.com:443 "POST /upload/storage/v1/b/rightmove_storage_dev/o?uploadType=multipart HTTP/1.1" 200 983
2023-03-27 16:48:24 [scrapy.core.scraper] DEBUG: Scraped from <200 https://www.rightmove.co.uk/properties/132967589>
0
2023-03-27 16:48:24 [scrapy.core.engine] DEBUG: Crawled (200) <GET https://www.rightmove.co.uk/properties/132939941> (referer: https://www.rightmove.co.uk/property-to-rent/find.html?locationIdentifier=REGION%5E87490&index=24&propertyTypes=&includeLetAgreed=false&mustHave=&dontShow=&furnishTypes=&keywords=)
2023-03-27 16:48:24 [scrapy.core.engine] DEBUG: Crawled (200) <GET https://www.rightmove.co.uk/properties/132983249> (referer: https://www.rightmove.co.uk/property-to-rent/find.html?locationIdentifier=REGION%5E87490&index=24&propertyTypes=&includeLetAgreed=false&mustHave=&dontShow=&furnishTypes=&keywords=)
2023-03-27 16:48:24 [scrapy.core.engine] DEBUG: Crawled (200) <GET https://www.rightmove.co.uk/properties/132988355> (referer: https://www.rightmove.co.uk/property-to-rent/find.html?locationIdentifier=REGION%5E87490&index=24&propertyTypes=&includeLetAgreed=false&mustHave=&dontShow=&furnishTypes=&keywords=)
2023-03-27 16:48:24 [scrapy.core.scraper] DEBUG: Scraped from <200 https://www.rightmove.co.uk/properties/132939941>
1
2023-03-27 16:48:24 [scrapy.core.scraper] DEBUG: Scraped from <200 https://www.rightmove.co.uk/properties/132983249>
2
2023-03-27 16:48:24 [scrapy.core.scraper] DEBUG: Scraped from <200 https://www.rightmove.co.uk/properties/132988355>
3
2023-03-27 16:48:24 [urllib3.connectionpool] DEBUG: https://storage.googleapis.com:443 "GET /storage/v1/b/rightmove_storage_dev?projection=noAcl&prettyPrint=false HTTP/1.1" 200 597
2023-03-27 16:48:24 [urllib3.connectionpool] DEBUG: https://storage.googleapis.com:443 "POST /upload/storage/v1/b/rightmove_storage_dev/o?uploadType=multipart HTTP/1.1" 200 982
2023-03-27 16:48:24 [scrapy.statscollectors] INFO: Dumping Scrapy stats:
{'downloader/request_bytes': 145600,
 'downloader/request_count': 128,
 'downloader/request_method_count/GET': 128,
 'downloader/response_bytes': 30916702,
 'downloader/response_count': 128,
 'downloader/response_status_count/200': 128,
 'dupefilter/filtered': 518,
 'elapsed_time_seconds': 19.679909,
 'finish_reason': 'shutdown',
 'finish_time': datetime.datetime(2023, 3, 27, 16, 48, 24, 487077),
 'httpcompression/response_bytes': 3912980,
 'httpcompression/response_count': 25,
 'item_scraped_count': 103,
 'log_count/DEBUG': 244,
 'log_count/INFO': 11,
 'log_count/WARNING': 1,
 'memusage/max': 70885376,
 'memusage/startup': 70885376,
 'request_depth_max': 1,
 'response_received_count': 128,
 'scheduler/dequeued': 128,
 'scheduler/dequeued/memory': 128,
 'scheduler/enqueued': 132,
 'scheduler/enqueued/memory': 132,
 'start_time': datetime.datetime(2023, 3, 27, 16, 48, 4, 807168)}
2023-03-27 16:48:24 [scrapy.core.engine] INFO: Spider closed (shutdown)
