2023-03-27 16:35:39 [scrapy.utils.log] INFO: Scrapy 2.8.0 started (bot: real_estate_extraction)
2023-03-27 16:35:39 [scrapy.utils.log] INFO: Versions: lxml 4.9.2.0, libxml2 2.9.14, cssselect 1.2.0, parsel 1.7.0, w3lib 2.1.1, Twisted 22.10.0, Python 3.9.2 (default, Feb 28 2021, 17:03:44) - [GCC 10.2.1 20210110], pyOpenSSL 23.1.0 (OpenSSL 3.1.0 14 Mar 2023), cryptography 40.0.1, Platform Linux-5.15.49-linuxkit-aarch64-with-glibc2.31
2023-03-27 16:35:39 [scrapy.crawler] INFO: Overridden settings:
{'BOT_NAME': 'real_estate_extraction',
 'LOG_FILE': '/var/lib/scrapyd/logs/real_estate_extraction/rightmove/65d774b6ccbd11eda6b40242ac180002.log',
 'NEWSPIDER_MODULE': 'real_estate_extraction.spiders',
 'SPIDER_MODULES': ['real_estate_extraction.spiders']}
2023-03-27 16:35:39 [py.warnings] WARNING: /usr/local/lib/python3.9/dist-packages/scrapy/utils/request.py:232: ScrapyDeprecationWarning: '2.6' is a deprecated value for the 'REQUEST_FINGERPRINTER_IMPLEMENTATION' setting.

It is also the default value. In other words, it is normal to get this warning if you have not defined a value for the 'REQUEST_FINGERPRINTER_IMPLEMENTATION' setting. This is so for backward compatibility reasons, but it will change in a future version of Scrapy.

See the documentation of the 'REQUEST_FINGERPRINTER_IMPLEMENTATION' setting for information on how to handle this deprecation.
  return cls(crawler)

2023-03-27 16:35:39 [scrapy.utils.log] DEBUG: Using reactor: twisted.internet.epollreactor.EPollReactor
2023-03-27 16:35:39 [scrapy.extensions.telnet] INFO: Telnet Password: d132b622f22cb520
2023-03-27 16:35:39 [scrapy.middleware] INFO: Enabled extensions:
['scrapy.extensions.corestats.CoreStats',
 'scrapy.extensions.telnet.TelnetConsole',
 'scrapy.extensions.memusage.MemoryUsage',
 'scrapy.extensions.logstats.LogStats']
2023-03-27 16:35:39 [scrapy.middleware] INFO: Enabled downloader middlewares:
['scrapy.downloadermiddlewares.httpauth.HttpAuthMiddleware',
 'scrapy.downloadermiddlewares.downloadtimeout.DownloadTimeoutMiddleware',
 'scrapy.downloadermiddlewares.defaultheaders.DefaultHeadersMiddleware',
 'scrapy.downloadermiddlewares.useragent.UserAgentMiddleware',
 'scrapy.downloadermiddlewares.retry.RetryMiddleware',
 'scrapy.downloadermiddlewares.redirect.MetaRefreshMiddleware',
 'scrapy.downloadermiddlewares.httpcompression.HttpCompressionMiddleware',
 'scrapy.downloadermiddlewares.redirect.RedirectMiddleware',
 'scrapy.downloadermiddlewares.cookies.CookiesMiddleware',
 'scrapy.downloadermiddlewares.httpproxy.HttpProxyMiddleware',
 'scrapy.downloadermiddlewares.stats.DownloaderStats']
2023-03-27 16:35:39 [scrapy.middleware] INFO: Enabled spider middlewares:
['scrapy.spidermiddlewares.httperror.HttpErrorMiddleware',
 'scrapy.spidermiddlewares.offsite.OffsiteMiddleware',
 'scrapy.spidermiddlewares.referer.RefererMiddleware',
 'scrapy.spidermiddlewares.urllength.UrlLengthMiddleware',
 'scrapy.spidermiddlewares.depth.DepthMiddleware']
2023-03-27 16:35:39 [scrapy.middleware] INFO: Enabled item pipelines:
['real_estate_extraction.pipelines.RealEstateExtractionPipeline']
2023-03-27 16:35:39 [scrapy.core.engine] INFO: Spider opened
2023-03-27 16:35:39 [scrapy.extensions.logstats] INFO: Crawled 0 pages (at 0 pages/min), scraped 0 items (at 0 items/min)
2023-03-27 16:35:39 [scrapy.extensions.telnet] INFO: Telnet console listening on 127.0.0.1:6023
2023-03-27 16:35:40 [scrapy.core.engine] DEBUG: Crawled (200) <GET https://www.rightmove.co.uk/api/_search?locationIdentifier=OUTCODE%5E2&numberOfPropertiesPerPage=24&radius=10.0&sortType=6&index=50&includeLetAgreed=false&viewType=LIST&channel=RENT&areaSizeUnit=sqft&currencyCode=GBP&isFetching=false> (referer: https://www.rightmove.co.uk/property-to-rent/find.html?locationIdentifier=REGION%5E87490&index=24&propertyTypes=&includeLetAgreed=false&mustHave=&dontShow=&furnishTypes=&keywords=)
2023-03-27 16:35:40 [scrapy.core.engine] DEBUG: Crawled (200) <GET https://www.rightmove.co.uk/api/_search?locationIdentifier=OUTCODE%5E1&numberOfPropertiesPerPage=24&radius=10.0&sortType=6&index=0&includeLetAgreed=false&viewType=LIST&channel=RENT&areaSizeUnit=sqft&currencyCode=GBP&isFetching=false> (referer: https://www.rightmove.co.uk/property-to-rent/find.html?locationIdentifier=REGION%5E87490&index=24&propertyTypes=&includeLetAgreed=false&mustHave=&dontShow=&furnishTypes=&keywords=)
2023-03-27 16:35:40 [scrapy.core.engine] DEBUG: Crawled (200) <GET https://www.rightmove.co.uk/api/_search?locationIdentifier=OUTCODE%5E2&numberOfPropertiesPerPage=24&radius=10.0&sortType=6&index=75&includeLetAgreed=false&viewType=LIST&channel=RENT&areaSizeUnit=sqft&currencyCode=GBP&isFetching=false> (referer: https://www.rightmove.co.uk/property-to-rent/find.html?locationIdentifier=REGION%5E87490&index=24&propertyTypes=&includeLetAgreed=false&mustHave=&dontShow=&furnishTypes=&keywords=)
2023-03-27 16:35:40 [scrapy.core.engine] DEBUG: Crawled (200) <GET https://www.rightmove.co.uk/api/_search?locationIdentifier=OUTCODE%5E2&numberOfPropertiesPerPage=24&radius=10.0&sortType=6&index=25&includeLetAgreed=false&viewType=LIST&channel=RENT&areaSizeUnit=sqft&currencyCode=GBP&isFetching=false> (referer: https://www.rightmove.co.uk/property-to-rent/find.html?locationIdentifier=REGION%5E87490&index=24&propertyTypes=&includeLetAgreed=false&mustHave=&dontShow=&furnishTypes=&keywords=)
2023-03-27 16:35:40 [scrapy.core.engine] DEBUG: Crawled (200) <GET https://www.rightmove.co.uk/api/_search?locationIdentifier=OUTCODE%5E1&numberOfPropertiesPerPage=24&radius=10.0&sortType=6&index=25&includeLetAgreed=false&viewType=LIST&channel=RENT&areaSizeUnit=sqft&currencyCode=GBP&isFetching=false> (referer: https://www.rightmove.co.uk/property-to-rent/find.html?locationIdentifier=REGION%5E87490&index=24&propertyTypes=&includeLetAgreed=false&mustHave=&dontShow=&furnishTypes=&keywords=)
2023-03-27 16:35:40 [scrapy.core.engine] DEBUG: Crawled (200) <GET https://www.rightmove.co.uk/api/_search?locationIdentifier=OUTCODE%5E1&numberOfPropertiesPerPage=24&radius=10.0&sortType=6&index=75&includeLetAgreed=false&viewType=LIST&channel=RENT&areaSizeUnit=sqft&currencyCode=GBP&isFetching=false> (referer: https://www.rightmove.co.uk/property-to-rent/find.html?locationIdentifier=REGION%5E87490&index=24&propertyTypes=&includeLetAgreed=false&mustHave=&dontShow=&furnishTypes=&keywords=)
2023-03-27 16:35:40 [scrapy.core.engine] DEBUG: Crawled (200) <GET https://www.rightmove.co.uk/api/_search?locationIdentifier=OUTCODE%5E1&numberOfPropertiesPerPage=24&radius=10.0&sortType=6&index=50&includeLetAgreed=false&viewType=LIST&channel=RENT&areaSizeUnit=sqft&currencyCode=GBP&isFetching=false> (referer: https://www.rightmove.co.uk/property-to-rent/find.html?locationIdentifier=REGION%5E87490&index=24&propertyTypes=&includeLetAgreed=false&mustHave=&dontShow=&furnishTypes=&keywords=)
2023-03-27 16:35:40 [scrapy.core.engine] DEBUG: Crawled (200) <GET https://www.rightmove.co.uk/api/_search?locationIdentifier=OUTCODE%5E2&numberOfPropertiesPerPage=24&radius=10.0&sortType=6&index=0&includeLetAgreed=false&viewType=LIST&channel=RENT&areaSizeUnit=sqft&currencyCode=GBP&isFetching=false> (referer: https://www.rightmove.co.uk/property-to-rent/find.html?locationIdentifier=REGION%5E87490&index=24&propertyTypes=&includeLetAgreed=false&mustHave=&dontShow=&furnishTypes=&keywords=)
2023-03-27 16:35:40 [scrapy.dupefilters] DEBUG: Filtered duplicate request: <GET https://www.rightmove.co.uk/properties/132824612> - no more duplicates will be shown (see DUPEFILTER_DEBUG to show all duplicates)
2023-03-27 16:35:40 [scrapy.core.engine] DEBUG: Crawled (200) <GET https://www.rightmove.co.uk/api/_search?locationIdentifier=OUTCODE%5E3&numberOfPropertiesPerPage=24&radius=10.0&sortType=6&index=50&includeLetAgreed=false&viewType=LIST&channel=RENT&areaSizeUnit=sqft&currencyCode=GBP&isFetching=false> (referer: https://www.rightmove.co.uk/property-to-rent/find.html?locationIdentifier=REGION%5E87490&index=24&propertyTypes=&includeLetAgreed=false&mustHave=&dontShow=&furnishTypes=&keywords=)
2023-03-27 16:35:40 [scrapy.core.engine] DEBUG: Crawled (200) <GET https://www.rightmove.co.uk/api/_search?locationIdentifier=OUTCODE%5E3&numberOfPropertiesPerPage=24&radius=10.0&sortType=6&index=25&includeLetAgreed=false&viewType=LIST&channel=RENT&areaSizeUnit=sqft&currencyCode=GBP&isFetching=false> (referer: https://www.rightmove.co.uk/property-to-rent/find.html?locationIdentifier=REGION%5E87490&index=24&propertyTypes=&includeLetAgreed=false&mustHave=&dontShow=&furnishTypes=&keywords=)
2023-03-27 16:35:40 [scrapy.core.engine] DEBUG: Crawled (200) <GET https://www.rightmove.co.uk/api/_search?locationIdentifier=OUTCODE%5E3&numberOfPropertiesPerPage=24&radius=10.0&sortType=6&index=0&includeLetAgreed=false&viewType=LIST&channel=RENT&areaSizeUnit=sqft&currencyCode=GBP&isFetching=false> (referer: https://www.rightmove.co.uk/property-to-rent/find.html?locationIdentifier=REGION%5E87490&index=24&propertyTypes=&includeLetAgreed=false&mustHave=&dontShow=&furnishTypes=&keywords=)
2023-03-27 16:35:40 [scrapy.core.engine] DEBUG: Crawled (200) <GET https://www.rightmove.co.uk/api/_search?locationIdentifier=OUTCODE%5E3&numberOfPropertiesPerPage=24&radius=10.0&sortType=6&index=75&includeLetAgreed=false&viewType=LIST&channel=RENT&areaSizeUnit=sqft&currencyCode=GBP&isFetching=false> (referer: https://www.rightmove.co.uk/property-to-rent/find.html?locationIdentifier=REGION%5E87490&index=24&propertyTypes=&includeLetAgreed=false&mustHave=&dontShow=&furnishTypes=&keywords=)
2023-03-27 16:35:40 [scrapy.core.engine] DEBUG: Crawled (200) <GET https://www.rightmove.co.uk/api/_search?locationIdentifier=OUTCODE%5E4&numberOfPropertiesPerPage=24&radius=10.0&sortType=6&index=25&includeLetAgreed=false&viewType=LIST&channel=RENT&areaSizeUnit=sqft&currencyCode=GBP&isFetching=false> (referer: https://www.rightmove.co.uk/property-to-rent/find.html?locationIdentifier=REGION%5E87490&index=24&propertyTypes=&includeLetAgreed=false&mustHave=&dontShow=&furnishTypes=&keywords=)
2023-03-27 16:35:40 [scrapy.core.engine] DEBUG: Crawled (200) <GET https://www.rightmove.co.uk/api/_search?locationIdentifier=OUTCODE%5E4&numberOfPropertiesPerPage=24&radius=10.0&sortType=6&index=75&includeLetAgreed=false&viewType=LIST&channel=RENT&areaSizeUnit=sqft&currencyCode=GBP&isFetching=false> (referer: https://www.rightmove.co.uk/property-to-rent/find.html?locationIdentifier=REGION%5E87490&index=24&propertyTypes=&includeLetAgreed=false&mustHave=&dontShow=&furnishTypes=&keywords=)
2023-03-27 16:35:40 [scrapy.core.engine] DEBUG: Crawled (200) <GET https://www.rightmove.co.uk/api/_search?locationIdentifier=OUTCODE%5E4&numberOfPropertiesPerPage=24&radius=10.0&sortType=6&index=0&includeLetAgreed=false&viewType=LIST&channel=RENT&areaSizeUnit=sqft&currencyCode=GBP&isFetching=false> (referer: https://www.rightmove.co.uk/property-to-rent/find.html?locationIdentifier=REGION%5E87490&index=24&propertyTypes=&includeLetAgreed=false&mustHave=&dontShow=&furnishTypes=&keywords=)
2023-03-27 16:35:40 [scrapy.core.engine] DEBUG: Crawled (200) <GET https://www.rightmove.co.uk/api/_search?locationIdentifier=OUTCODE%5E4&numberOfPropertiesPerPage=24&radius=10.0&sortType=6&index=50&includeLetAgreed=false&viewType=LIST&channel=RENT&areaSizeUnit=sqft&currencyCode=GBP&isFetching=false> (referer: https://www.rightmove.co.uk/property-to-rent/find.html?locationIdentifier=REGION%5E87490&index=24&propertyTypes=&includeLetAgreed=false&mustHave=&dontShow=&furnishTypes=&keywords=)
2023-03-27 16:35:40 [scrapy.core.engine] DEBUG: Crawled (200) <GET https://www.rightmove.co.uk/api/_search?locationIdentifier=OUTCODE%5E5&numberOfPropertiesPerPage=24&radius=10.0&sortType=6&index=0&includeLetAgreed=false&viewType=LIST&channel=RENT&areaSizeUnit=sqft&currencyCode=GBP&isFetching=false> (referer: https://www.rightmove.co.uk/property-to-rent/find.html?locationIdentifier=REGION%5E87490&index=24&propertyTypes=&includeLetAgreed=false&mustHave=&dontShow=&furnishTypes=&keywords=)
2023-03-27 16:35:40 [scrapy.core.engine] DEBUG: Crawled (200) <GET https://www.rightmove.co.uk/api/_search?locationIdentifier=OUTCODE%5E5&numberOfPropertiesPerPage=24&radius=10.0&sortType=6&index=50&includeLetAgreed=false&viewType=LIST&channel=RENT&areaSizeUnit=sqft&currencyCode=GBP&isFetching=false> (referer: https://www.rightmove.co.uk/property-to-rent/find.html?locationIdentifier=REGION%5E87490&index=24&propertyTypes=&includeLetAgreed=false&mustHave=&dontShow=&furnishTypes=&keywords=)
2023-03-27 16:35:40 [scrapy.core.engine] DEBUG: Crawled (200) <GET https://www.rightmove.co.uk/api/_search?locationIdentifier=OUTCODE%5E5&numberOfPropertiesPerPage=24&radius=10.0&sortType=6&index=25&includeLetAgreed=false&viewType=LIST&channel=RENT&areaSizeUnit=sqft&currencyCode=GBP&isFetching=false> (referer: https://www.rightmove.co.uk/property-to-rent/find.html?locationIdentifier=REGION%5E87490&index=24&propertyTypes=&includeLetAgreed=false&mustHave=&dontShow=&furnishTypes=&keywords=)
2023-03-27 16:35:40 [scrapy.core.engine] DEBUG: Crawled (200) <GET https://www.rightmove.co.uk/api/_search?locationIdentifier=OUTCODE%5E6&numberOfPropertiesPerPage=24&radius=10.0&sortType=6&index=0&includeLetAgreed=false&viewType=LIST&channel=RENT&areaSizeUnit=sqft&currencyCode=GBP&isFetching=false> (referer: https://www.rightmove.co.uk/property-to-rent/find.html?locationIdentifier=REGION%5E87490&index=24&propertyTypes=&includeLetAgreed=false&mustHave=&dontShow=&furnishTypes=&keywords=)
2023-03-27 16:35:40 [scrapy.core.engine] DEBUG: Crawled (200) <GET https://www.rightmove.co.uk/api/_search?locationIdentifier=OUTCODE%5E6&numberOfPropertiesPerPage=24&radius=10.0&sortType=6&index=25&includeLetAgreed=false&viewType=LIST&channel=RENT&areaSizeUnit=sqft&currencyCode=GBP&isFetching=false> (referer: https://www.rightmove.co.uk/property-to-rent/find.html?locationIdentifier=REGION%5E87490&index=24&propertyTypes=&includeLetAgreed=false&mustHave=&dontShow=&furnishTypes=&keywords=)
2023-03-27 16:35:40 [scrapy.core.engine] DEBUG: Crawled (200) <GET https://www.rightmove.co.uk/api/_search?locationIdentifier=OUTCODE%5E5&numberOfPropertiesPerPage=24&radius=10.0&sortType=6&index=75&includeLetAgreed=false&viewType=LIST&channel=RENT&areaSizeUnit=sqft&currencyCode=GBP&isFetching=false> (referer: https://www.rightmove.co.uk/property-to-rent/find.html?locationIdentifier=REGION%5E87490&index=24&propertyTypes=&includeLetAgreed=false&mustHave=&dontShow=&furnishTypes=&keywords=)
2023-03-27 16:35:40 [scrapy.core.engine] DEBUG: Crawled (200) <GET https://www.rightmove.co.uk/api/_search?locationIdentifier=OUTCODE%5E6&numberOfPropertiesPerPage=24&radius=10.0&sortType=6&index=50&includeLetAgreed=false&viewType=LIST&channel=RENT&areaSizeUnit=sqft&currencyCode=GBP&isFetching=false> (referer: https://www.rightmove.co.uk/property-to-rent/find.html?locationIdentifier=REGION%5E87490&index=24&propertyTypes=&includeLetAgreed=false&mustHave=&dontShow=&furnishTypes=&keywords=)
2023-03-27 16:35:40 [scrapy.core.engine] DEBUG: Crawled (200) <GET https://www.rightmove.co.uk/api/_search?locationIdentifier=OUTCODE%5E6&numberOfPropertiesPerPage=24&radius=10.0&sortType=6&index=75&includeLetAgreed=false&viewType=LIST&channel=RENT&areaSizeUnit=sqft&currencyCode=GBP&isFetching=false> (referer: https://www.rightmove.co.uk/property-to-rent/find.html?locationIdentifier=REGION%5E87490&index=24&propertyTypes=&includeLetAgreed=false&mustHave=&dontShow=&furnishTypes=&keywords=)
2023-03-27 16:35:41 [scrapy.core.engine] DEBUG: Crawled (200) <GET https://www.rightmove.co.uk/properties/132801170> (referer: https://www.rightmove.co.uk/property-to-rent/find.html?locationIdentifier=REGION%5E87490&index=24&propertyTypes=&includeLetAgreed=false&mustHave=&dontShow=&furnishTypes=&keywords=)
2023-03-27 16:35:41 [scrapy.core.engine] DEBUG: Crawled (200) <GET https://www.rightmove.co.uk/properties/132887108> (referer: https://www.rightmove.co.uk/property-to-rent/find.html?locationIdentifier=REGION%5E87490&index=24&propertyTypes=&includeLetAgreed=false&mustHave=&dontShow=&furnishTypes=&keywords=)
2023-03-27 16:35:41 [scrapy.core.scraper] DEBUG: Scraped from <200 https://www.rightmove.co.uk/properties/132801170>
1
2023-03-27 16:35:41 [scrapy.core.engine] DEBUG: Crawled (200) <GET https://www.rightmove.co.uk/properties/132881216> (referer: https://www.rightmove.co.uk/property-to-rent/find.html?locationIdentifier=REGION%5E87490&index=24&propertyTypes=&includeLetAgreed=false&mustHave=&dontShow=&furnishTypes=&keywords=)
2023-03-27 16:35:41 [scrapy.core.scraper] DEBUG: Scraped from <200 https://www.rightmove.co.uk/properties/132887108>
2
2023-03-27 16:35:41 [scrapy.core.engine] DEBUG: Crawled (200) <GET https://www.rightmove.co.uk/properties/132896093> (referer: https://www.rightmove.co.uk/property-to-rent/find.html?locationIdentifier=REGION%5E87490&index=24&propertyTypes=&includeLetAgreed=false&mustHave=&dontShow=&furnishTypes=&keywords=)
2023-03-27 16:35:41 [scrapy.core.scraper] DEBUG: Scraped from <200 https://www.rightmove.co.uk/properties/132881216>
3
2023-03-27 16:35:41 [scrapy.core.engine] DEBUG: Crawled (200) <GET https://www.rightmove.co.uk/properties/132619193> (referer: https://www.rightmove.co.uk/property-to-rent/find.html?locationIdentifier=REGION%5E87490&index=24&propertyTypes=&includeLetAgreed=false&mustHave=&dontShow=&furnishTypes=&keywords=)
2023-03-27 16:35:42 [scrapy.core.scraper] DEBUG: Scraped from <200 https://www.rightmove.co.uk/properties/132896093>
4
2023-03-27 16:35:42 [scrapy.core.scraper] DEBUG: Scraped from <200 https://www.rightmove.co.uk/properties/132619193>
5
2023-03-27 16:35:42 [scrapy.core.engine] DEBUG: Crawled (200) <GET https://www.rightmove.co.uk/properties/132896084> (referer: https://www.rightmove.co.uk/property-to-rent/find.html?locationIdentifier=REGION%5E87490&index=24&propertyTypes=&includeLetAgreed=false&mustHave=&dontShow=&furnishTypes=&keywords=)
2023-03-27 16:35:42 [scrapy.core.engine] DEBUG: Crawled (200) <GET https://www.rightmove.co.uk/properties/132880817> (referer: https://www.rightmove.co.uk/property-to-rent/find.html?locationIdentifier=REGION%5E87490&index=24&propertyTypes=&includeLetAgreed=false&mustHave=&dontShow=&furnishTypes=&keywords=)
2023-03-27 16:35:42 [scrapy.core.scraper] DEBUG: Scraped from <200 https://www.rightmove.co.uk/properties/132896084>
6
2023-03-27 16:35:42 [scrapy.core.scraper] DEBUG: Scraped from <200 https://www.rightmove.co.uk/properties/132880817>
7
2023-03-27 16:35:42 [scrapy.core.engine] DEBUG: Crawled (200) <GET https://www.rightmove.co.uk/properties/131134463> (referer: https://www.rightmove.co.uk/property-to-rent/find.html?locationIdentifier=REGION%5E87490&index=24&propertyTypes=&includeLetAgreed=false&mustHave=&dontShow=&furnishTypes=&keywords=)
2023-03-27 16:35:42 [scrapy.core.engine] DEBUG: Crawled (200) <GET https://www.rightmove.co.uk/properties/129812885> (referer: https://www.rightmove.co.uk/property-to-rent/find.html?locationIdentifier=REGION%5E87490&index=24&propertyTypes=&includeLetAgreed=false&mustHave=&dontShow=&furnishTypes=&keywords=)
2023-03-27 16:35:42 [scrapy.core.scraper] DEBUG: Scraped from <200 https://www.rightmove.co.uk/properties/131134463>
8
2023-03-27 16:35:42 [scrapy.core.scraper] DEBUG: Scraped from <200 https://www.rightmove.co.uk/properties/129812885>
9
2023-03-27 16:35:43 [scrapy.core.engine] DEBUG: Crawled (200) <GET https://www.rightmove.co.uk/properties/132896081> (referer: https://www.rightmove.co.uk/property-to-rent/find.html?locationIdentifier=REGION%5E87490&index=24&propertyTypes=&includeLetAgreed=false&mustHave=&dontShow=&furnishTypes=&keywords=)
2023-03-27 16:35:43 [scrapy.core.engine] DEBUG: Crawled (200) <GET https://www.rightmove.co.uk/properties/132896072> (referer: https://www.rightmove.co.uk/property-to-rent/find.html?locationIdentifier=REGION%5E87490&index=24&propertyTypes=&includeLetAgreed=false&mustHave=&dontShow=&furnishTypes=&keywords=)
2023-03-27 16:35:43 [scrapy.core.engine] DEBUG: Crawled (200) <GET https://www.rightmove.co.uk/properties/128407463> (referer: https://www.rightmove.co.uk/property-to-rent/find.html?locationIdentifier=REGION%5E87490&index=24&propertyTypes=&includeLetAgreed=false&mustHave=&dontShow=&furnishTypes=&keywords=)
2023-03-27 16:35:43 [scrapy.core.scraper] DEBUG: Scraped from <200 https://www.rightmove.co.uk/properties/132896081>
10
2023-03-27 16:35:43 [scrapy.core.scraper] DEBUG: Scraped from <200 https://www.rightmove.co.uk/properties/132896072>
11
2023-03-27 16:35:43 [scrapy.core.scraper] DEBUG: Scraped from <200 https://www.rightmove.co.uk/properties/128407463>
12
2023-03-27 16:35:43 [scrapy.core.engine] DEBUG: Crawled (200) <GET https://www.rightmove.co.uk/properties/132922388> (referer: https://www.rightmove.co.uk/property-to-rent/find.html?locationIdentifier=REGION%5E87490&index=24&propertyTypes=&includeLetAgreed=false&mustHave=&dontShow=&furnishTypes=&keywords=)
2023-03-27 16:35:43 [scrapy.core.scraper] DEBUG: Scraped from <200 https://www.rightmove.co.uk/properties/132922388>
13
2023-03-27 16:35:43 [scrapy.core.engine] DEBUG: Crawled (200) <GET https://www.rightmove.co.uk/properties/132896066> (referer: https://www.rightmove.co.uk/property-to-rent/find.html?locationIdentifier=REGION%5E87490&index=24&propertyTypes=&includeLetAgreed=false&mustHave=&dontShow=&furnishTypes=&keywords=)
2023-03-27 16:35:43 [scrapy.core.scraper] DEBUG: Scraped from <200 https://www.rightmove.co.uk/properties/132896066>
14
2023-03-27 16:35:43 [scrapy.core.engine] DEBUG: Crawled (200) <GET https://www.rightmove.co.uk/properties/132896069> (referer: https://www.rightmove.co.uk/property-to-rent/find.html?locationIdentifier=REGION%5E87490&index=24&propertyTypes=&includeLetAgreed=false&mustHave=&dontShow=&furnishTypes=&keywords=)
2023-03-27 16:35:43 [scrapy.core.scraper] DEBUG: Scraped from <200 https://www.rightmove.co.uk/properties/132896069>
15
2023-03-27 16:35:43 [scrapy.core.engine] DEBUG: Crawled (200) <GET https://www.rightmove.co.uk/properties/132469985> (referer: https://www.rightmove.co.uk/property-to-rent/find.html?locationIdentifier=REGION%5E87490&index=24&propertyTypes=&includeLetAgreed=false&mustHave=&dontShow=&furnishTypes=&keywords=)
2023-03-27 16:35:43 [scrapy.core.scraper] DEBUG: Scraped from <200 https://www.rightmove.co.uk/properties/132469985>
16
2023-03-27 16:35:44 [scrapy.core.engine] DEBUG: Crawled (200) <GET https://www.rightmove.co.uk/properties/132115064> (referer: https://www.rightmove.co.uk/property-to-rent/find.html?locationIdentifier=REGION%5E87490&index=24&propertyTypes=&includeLetAgreed=false&mustHave=&dontShow=&furnishTypes=&keywords=)
2023-03-27 16:35:44 [scrapy.core.engine] DEBUG: Crawled (200) <GET https://www.rightmove.co.uk/properties/132300245> (referer: https://www.rightmove.co.uk/property-to-rent/find.html?locationIdentifier=REGION%5E87490&index=24&propertyTypes=&includeLetAgreed=false&mustHave=&dontShow=&furnishTypes=&keywords=)
2023-03-27 16:35:44 [scrapy.core.scraper] DEBUG: Scraped from <200 https://www.rightmove.co.uk/properties/132115064>
17
2023-03-27 16:35:44 [scrapy.core.scraper] DEBUG: Scraped from <200 https://www.rightmove.co.uk/properties/132300245>
18
2023-03-27 16:35:44 [scrapy.core.engine] DEBUG: Crawled (200) <GET https://www.rightmove.co.uk/properties/132420518> (referer: https://www.rightmove.co.uk/property-to-rent/find.html?locationIdentifier=REGION%5E87490&index=24&propertyTypes=&includeLetAgreed=false&mustHave=&dontShow=&furnishTypes=&keywords=)
2023-03-27 16:35:44 [scrapy.core.engine] DEBUG: Crawled (200) <GET https://www.rightmove.co.uk/properties/132223094> (referer: https://www.rightmove.co.uk/property-to-rent/find.html?locationIdentifier=REGION%5E87490&index=24&propertyTypes=&includeLetAgreed=false&mustHave=&dontShow=&furnishTypes=&keywords=)
2023-03-27 16:35:44 [scrapy.core.scraper] DEBUG: Scraped from <200 https://www.rightmove.co.uk/properties/132420518>
19
2023-03-27 16:35:44 [scrapy.core.engine] DEBUG: Crawled (200) <GET https://www.rightmove.co.uk/properties/132910130> (referer: https://www.rightmove.co.uk/property-to-rent/find.html?locationIdentifier=REGION%5E87490&index=24&propertyTypes=&includeLetAgreed=false&mustHave=&dontShow=&furnishTypes=&keywords=)
2023-03-27 16:35:44 [scrapy.core.scraper] DEBUG: Scraped from <200 https://www.rightmove.co.uk/properties/132223094>
20
2023-03-27 16:35:44 [scrapy.core.scraper] DEBUG: Scraped from <200 https://www.rightmove.co.uk/properties/132910130>
21
2023-03-27 16:35:44 [scrapy.core.engine] DEBUG: Crawled (200) <GET https://www.rightmove.co.uk/properties/132910133> (referer: https://www.rightmove.co.uk/property-to-rent/find.html?locationIdentifier=REGION%5E87490&index=24&propertyTypes=&includeLetAgreed=false&mustHave=&dontShow=&furnishTypes=&keywords=)
2023-03-27 16:35:44 [scrapy.core.engine] DEBUG: Crawled (200) <GET https://www.rightmove.co.uk/properties/132909728> (referer: https://www.rightmove.co.uk/property-to-rent/find.html?locationIdentifier=REGION%5E87490&index=24&propertyTypes=&includeLetAgreed=false&mustHave=&dontShow=&furnishTypes=&keywords=)
2023-03-27 16:35:45 [scrapy.core.scraper] DEBUG: Scraped from <200 https://www.rightmove.co.uk/properties/132910133>
22
2023-03-27 16:35:45 [scrapy.core.scraper] DEBUG: Scraped from <200 https://www.rightmove.co.uk/properties/132909728>
23
2023-03-27 16:35:45 [scrapy.core.engine] DEBUG: Crawled (200) <GET https://www.rightmove.co.uk/properties/132910127> (referer: https://www.rightmove.co.uk/property-to-rent/find.html?locationIdentifier=REGION%5E87490&index=24&propertyTypes=&includeLetAgreed=false&mustHave=&dontShow=&furnishTypes=&keywords=)
2023-03-27 16:35:45 [scrapy.core.scraper] DEBUG: Scraped from <200 https://www.rightmove.co.uk/properties/132910127>
24
2023-03-27 16:35:45 [scrapy.core.engine] DEBUG: Crawled (200) <GET https://www.rightmove.co.uk/properties/132910142> (referer: https://www.rightmove.co.uk/property-to-rent/find.html?locationIdentifier=REGION%5E87490&index=24&propertyTypes=&includeLetAgreed=false&mustHave=&dontShow=&furnishTypes=&keywords=)
2023-03-27 16:35:45 [scrapy.core.engine] DEBUG: Crawled (200) <GET https://www.rightmove.co.uk/properties/132910145> (referer: https://www.rightmove.co.uk/property-to-rent/find.html?locationIdentifier=REGION%5E87490&index=24&propertyTypes=&includeLetAgreed=false&mustHave=&dontShow=&furnishTypes=&keywords=)
2023-03-27 16:35:45 [scrapy.core.scraper] DEBUG: Scraped from <200 https://www.rightmove.co.uk/properties/132910142>
25
2023-03-27 16:35:45 [scrapy.core.scraper] DEBUG: Scraped from <200 https://www.rightmove.co.uk/properties/132910145>
26
2023-03-27 16:35:45 [scrapy.core.engine] DEBUG: Crawled (200) <GET https://www.rightmove.co.uk/properties/132910154> (referer: https://www.rightmove.co.uk/property-to-rent/find.html?locationIdentifier=REGION%5E87490&index=24&propertyTypes=&includeLetAgreed=false&mustHave=&dontShow=&furnishTypes=&keywords=)
2023-03-27 16:35:45 [scrapy.core.engine] DEBUG: Crawled (200) <GET https://www.rightmove.co.uk/properties/132915527> (referer: https://www.rightmove.co.uk/property-to-rent/find.html?locationIdentifier=REGION%5E87490&index=24&propertyTypes=&includeLetAgreed=false&mustHave=&dontShow=&furnishTypes=&keywords=)
2023-03-27 16:35:45 [scrapy.core.scraper] DEBUG: Scraped from <200 https://www.rightmove.co.uk/properties/132910154>
27
2023-03-27 16:35:45 [scrapy.core.scraper] DEBUG: Scraped from <200 https://www.rightmove.co.uk/properties/132915527>
28
2023-03-27 16:35:46 [scrapy.core.engine] DEBUG: Crawled (200) <GET https://www.rightmove.co.uk/properties/132915533> (referer: https://www.rightmove.co.uk/property-to-rent/find.html?locationIdentifier=REGION%5E87490&index=24&propertyTypes=&includeLetAgreed=false&mustHave=&dontShow=&furnishTypes=&keywords=)
2023-03-27 16:35:46 [scrapy.core.engine] DEBUG: Crawled (200) <GET https://www.rightmove.co.uk/properties/132659609> (referer: https://www.rightmove.co.uk/property-to-rent/find.html?locationIdentifier=REGION%5E87490&index=24&propertyTypes=&includeLetAgreed=false&mustHave=&dontShow=&furnishTypes=&keywords=)
2023-03-27 16:35:46 [scrapy.core.scraper] DEBUG: Scraped from <200 https://www.rightmove.co.uk/properties/132915533>
29
2023-03-27 16:35:46 [scrapy.core.engine] DEBUG: Crawled (200) <GET https://www.rightmove.co.uk/properties/132896090> (referer: https://www.rightmove.co.uk/property-to-rent/find.html?locationIdentifier=REGION%5E87490&index=24&propertyTypes=&includeLetAgreed=false&mustHave=&dontShow=&furnishTypes=&keywords=)
2023-03-27 16:35:46 [scrapy.core.scraper] DEBUG: Scraped from <200 https://www.rightmove.co.uk/properties/132659609>
30
2023-03-27 16:35:46 [scrapy.core.scraper] DEBUG: Scraped from <200 https://www.rightmove.co.uk/properties/132896090>
31
2023-03-27 16:35:46 [scrapy.core.engine] DEBUG: Crawled (200) <GET https://www.rightmove.co.uk/properties/132918884> (referer: https://www.rightmove.co.uk/property-to-rent/find.html?locationIdentifier=REGION%5E87490&index=24&propertyTypes=&includeLetAgreed=false&mustHave=&dontShow=&furnishTypes=&keywords=)
2023-03-27 16:35:46 [scrapy.core.engine] DEBUG: Crawled (200) <GET https://www.rightmove.co.uk/properties/132702281> (referer: https://www.rightmove.co.uk/property-to-rent/find.html?locationIdentifier=REGION%5E87490&index=24&propertyTypes=&includeLetAgreed=false&mustHave=&dontShow=&furnishTypes=&keywords=)
2023-03-27 16:35:46 [scrapy.core.scraper] DEBUG: Scraped from <200 https://www.rightmove.co.uk/properties/132918884>
32
2023-03-27 16:35:46 [scrapy.core.scraper] DEBUG: Scraped from <200 https://www.rightmove.co.uk/properties/132702281>
33
2023-03-27 16:35:46 [scrapy.core.engine] DEBUG: Crawled (200) <GET https://www.rightmove.co.uk/properties/80400863> (referer: https://www.rightmove.co.uk/property-to-rent/find.html?locationIdentifier=REGION%5E87490&index=24&propertyTypes=&includeLetAgreed=false&mustHave=&dontShow=&furnishTypes=&keywords=)
2023-03-27 16:35:46 [scrapy.core.scraper] DEBUG: Scraped from <200 https://www.rightmove.co.uk/properties/80400863>
34
2023-03-27 16:35:47 [scrapy.core.engine] DEBUG: Crawled (200) <GET https://www.rightmove.co.uk/properties/132915539> (referer: https://www.rightmove.co.uk/property-to-rent/find.html?locationIdentifier=REGION%5E87490&index=24&propertyTypes=&includeLetAgreed=false&mustHave=&dontShow=&furnishTypes=&keywords=)
2023-03-27 16:35:47 [scrapy.core.engine] DEBUG: Crawled (200) <GET https://www.rightmove.co.uk/properties/132717917> (referer: https://www.rightmove.co.uk/property-to-rent/find.html?locationIdentifier=REGION%5E87490&index=24&propertyTypes=&includeLetAgreed=false&mustHave=&dontShow=&furnishTypes=&keywords=)
2023-03-27 16:35:47 [scrapy.core.scraper] DEBUG: Scraped from <200 https://www.rightmove.co.uk/properties/132915539>
35
2023-03-27 16:35:47 [scrapy.core.scraper] DEBUG: Scraped from <200 https://www.rightmove.co.uk/properties/132717917>
36
2023-03-27 16:35:47 [scrapy.core.engine] DEBUG: Crawled (200) <GET https://www.rightmove.co.uk/properties/132741392> (referer: https://www.rightmove.co.uk/property-to-rent/find.html?locationIdentifier=REGION%5E87490&index=24&propertyTypes=&includeLetAgreed=false&mustHave=&dontShow=&furnishTypes=&keywords=)
2023-03-27 16:35:47 [scrapy.core.engine] DEBUG: Crawled (200) <GET https://www.rightmove.co.uk/properties/132733928> (referer: https://www.rightmove.co.uk/property-to-rent/find.html?locationIdentifier=REGION%5E87490&index=24&propertyTypes=&includeLetAgreed=false&mustHave=&dontShow=&furnishTypes=&keywords=)
2023-03-27 16:35:47 [scrapy.core.scraper] DEBUG: Scraped from <200 https://www.rightmove.co.uk/properties/132741392>
37
2023-03-27 16:35:47 [scrapy.core.scraper] DEBUG: Scraped from <200 https://www.rightmove.co.uk/properties/132733928>
38
2023-03-27 16:35:47 [scrapy.core.engine] DEBUG: Crawled (200) <GET https://www.rightmove.co.uk/properties/132739772> (referer: https://www.rightmove.co.uk/property-to-rent/find.html?locationIdentifier=REGION%5E87490&index=24&propertyTypes=&includeLetAgreed=false&mustHave=&dontShow=&furnishTypes=&keywords=)
2023-03-27 16:35:47 [scrapy.core.engine] DEBUG: Crawled (200) <GET https://www.rightmove.co.uk/properties/132756761> (referer: https://www.rightmove.co.uk/property-to-rent/find.html?locationIdentifier=REGION%5E87490&index=24&propertyTypes=&includeLetAgreed=false&mustHave=&dontShow=&furnishTypes=&keywords=)
2023-03-27 16:35:47 [scrapy.core.engine] DEBUG: Crawled (200) <GET https://www.rightmove.co.uk/properties/132654749> (referer: https://www.rightmove.co.uk/property-to-rent/find.html?locationIdentifier=REGION%5E87490&index=24&propertyTypes=&includeLetAgreed=false&mustHave=&dontShow=&furnishTypes=&keywords=)
2023-03-27 16:35:47 [scrapy.core.scraper] DEBUG: Scraped from <200 https://www.rightmove.co.uk/properties/132739772>
39
2023-03-27 16:35:47 [scrapy.core.scraper] DEBUG: Scraped from <200 https://www.rightmove.co.uk/properties/132756761>
40
2023-03-27 16:35:47 [scrapy.core.scraper] DEBUG: Scraped from <200 https://www.rightmove.co.uk/properties/132654749>
41
2023-03-27 16:35:48 [scrapy.core.engine] DEBUG: Crawled (200) <GET https://www.rightmove.co.uk/properties/131370095> (referer: https://www.rightmove.co.uk/property-to-rent/find.html?locationIdentifier=REGION%5E87490&index=24&propertyTypes=&includeLetAgreed=false&mustHave=&dontShow=&furnishTypes=&keywords=)
2023-03-27 16:35:48 [scrapy.core.engine] DEBUG: Crawled (200) <GET https://www.rightmove.co.uk/properties/132756773> (referer: https://www.rightmove.co.uk/property-to-rent/find.html?locationIdentifier=REGION%5E87490&index=24&propertyTypes=&includeLetAgreed=false&mustHave=&dontShow=&furnishTypes=&keywords=)
2023-03-27 16:35:48 [scrapy.core.scraper] DEBUG: Scraped from <200 https://www.rightmove.co.uk/properties/131370095>
42
2023-03-27 16:35:48 [scrapy.core.scraper] DEBUG: Scraped from <200 https://www.rightmove.co.uk/properties/132756773>
43
2023-03-27 16:35:48 [scrapy.core.engine] DEBUG: Crawled (200) <GET https://www.rightmove.co.uk/properties/132757718> (referer: https://www.rightmove.co.uk/property-to-rent/find.html?locationIdentifier=REGION%5E87490&index=24&propertyTypes=&includeLetAgreed=false&mustHave=&dontShow=&furnishTypes=&keywords=)
2023-03-27 16:35:48 [scrapy.core.engine] DEBUG: Crawled (200) <GET https://www.rightmove.co.uk/properties/132763169> (referer: https://www.rightmove.co.uk/property-to-rent/find.html?locationIdentifier=REGION%5E87490&index=24&propertyTypes=&includeLetAgreed=false&mustHave=&dontShow=&furnishTypes=&keywords=)
2023-03-27 16:35:48 [scrapy.core.scraper] DEBUG: Scraped from <200 https://www.rightmove.co.uk/properties/132757718>
44
2023-03-27 16:35:48 [scrapy.core.scraper] DEBUG: Scraped from <200 https://www.rightmove.co.uk/properties/132763169>
45
2023-03-27 16:35:49 [scrapy.core.engine] DEBUG: Crawled (200) <GET https://www.rightmove.co.uk/properties/132781355> (referer: https://www.rightmove.co.uk/property-to-rent/find.html?locationIdentifier=REGION%5E87490&index=24&propertyTypes=&includeLetAgreed=false&mustHave=&dontShow=&furnishTypes=&keywords=)
2023-03-27 16:35:49 [scrapy.core.scraper] DEBUG: Scraped from <200 https://www.rightmove.co.uk/properties/132781355>
46
2023-03-27 16:35:49 [scrapy.core.engine] DEBUG: Crawled (200) <GET https://www.rightmove.co.uk/properties/132769172> (referer: https://www.rightmove.co.uk/property-to-rent/find.html?locationIdentifier=REGION%5E87490&index=24&propertyTypes=&includeLetAgreed=false&mustHave=&dontShow=&furnishTypes=&keywords=)
2023-03-27 16:35:49 [scrapy.core.engine] DEBUG: Crawled (200) <GET https://www.rightmove.co.uk/properties/132769127> (referer: https://www.rightmove.co.uk/property-to-rent/find.html?locationIdentifier=REGION%5E87490&index=24&propertyTypes=&includeLetAgreed=false&mustHave=&dontShow=&furnishTypes=&keywords=)
2023-03-27 16:35:49 [scrapy.core.engine] DEBUG: Crawled (200) <GET https://www.rightmove.co.uk/properties/132802304> (referer: https://www.rightmove.co.uk/property-to-rent/find.html?locationIdentifier=REGION%5E87490&index=24&propertyTypes=&includeLetAgreed=false&mustHave=&dontShow=&furnishTypes=&keywords=)
2023-03-27 16:35:49 [scrapy.core.engine] DEBUG: Crawled (200) <GET https://www.rightmove.co.uk/properties/132779798> (referer: https://www.rightmove.co.uk/property-to-rent/find.html?locationIdentifier=REGION%5E87490&index=24&propertyTypes=&includeLetAgreed=false&mustHave=&dontShow=&furnishTypes=&keywords=)
2023-03-27 16:35:49 [scrapy.core.scraper] DEBUG: Scraped from <200 https://www.rightmove.co.uk/properties/132769172>
47
2023-03-27 16:35:49 [scrapy.core.scraper] DEBUG: Scraped from <200 https://www.rightmove.co.uk/properties/132769127>
48
2023-03-27 16:35:49 [scrapy.core.scraper] DEBUG: Scraped from <200 https://www.rightmove.co.uk/properties/132802304>
49
2023-03-27 16:35:49 [urllib3.util.retry] DEBUG: Converted retries value: 3 -> Retry(total=3, connect=None, read=None, redirect=None, status=None)
2023-03-27 16:35:49 [google.auth.transport.requests] DEBUG: Making request: POST https://oauth2.googleapis.com/token
2023-03-27 16:35:49 [urllib3.connectionpool] DEBUG: Starting new HTTPS connection (1): oauth2.googleapis.com:443
2023-03-27 16:35:49 [urllib3.connectionpool] DEBUG: https://oauth2.googleapis.com:443 "POST /token HTTP/1.1" 200 None
2023-03-27 16:35:49 [urllib3.connectionpool] DEBUG: Starting new HTTPS connection (1): storage.googleapis.com:443
2023-03-27 16:35:50 [urllib3.connectionpool] DEBUG: https://storage.googleapis.com:443 "GET /storage/v1/b/rightmove_storage_dev?projection=noAcl&prettyPrint=false HTTP/1.1" 200 597
2023-03-27 16:35:50 [urllib3.connectionpool] DEBUG: https://storage.googleapis.com:443 "POST /upload/storage/v1/b/rightmove_storage_dev/o?uploadType=multipart HTTP/1.1" 200 983
2023-03-27 16:35:50 [scrapy.core.scraper] DEBUG: Scraped from <200 https://www.rightmove.co.uk/properties/132779798>
0
2023-03-27 16:35:50 [scrapy.core.engine] DEBUG: Crawled (200) <GET https://www.rightmove.co.uk/properties/132807020> (referer: https://www.rightmove.co.uk/property-to-rent/find.html?locationIdentifier=REGION%5E87490&index=24&propertyTypes=&includeLetAgreed=false&mustHave=&dontShow=&furnishTypes=&keywords=)
2023-03-27 16:35:50 [scrapy.core.engine] DEBUG: Crawled (200) <GET https://www.rightmove.co.uk/properties/132796838> (referer: https://www.rightmove.co.uk/property-to-rent/find.html?locationIdentifier=REGION%5E87490&index=24&propertyTypes=&includeLetAgreed=false&mustHave=&dontShow=&furnishTypes=&keywords=)
2023-03-27 16:35:50 [scrapy.core.engine] DEBUG: Crawled (200) <GET https://www.rightmove.co.uk/properties/132807017> (referer: https://www.rightmove.co.uk/property-to-rent/find.html?locationIdentifier=REGION%5E87490&index=24&propertyTypes=&includeLetAgreed=false&mustHave=&dontShow=&furnishTypes=&keywords=)
2023-03-27 16:35:50 [scrapy.core.engine] DEBUG: Crawled (200) <GET https://www.rightmove.co.uk/properties/132807023> (referer: https://www.rightmove.co.uk/property-to-rent/find.html?locationIdentifier=REGION%5E87490&index=24&propertyTypes=&includeLetAgreed=false&mustHave=&dontShow=&furnishTypes=&keywords=)
2023-03-27 16:35:50 [scrapy.core.engine] DEBUG: Crawled (200) <GET https://www.rightmove.co.uk/properties/132814130> (referer: https://www.rightmove.co.uk/property-to-rent/find.html?locationIdentifier=REGION%5E87490&index=24&propertyTypes=&includeLetAgreed=false&mustHave=&dontShow=&furnishTypes=&keywords=)
2023-03-27 16:35:50 [scrapy.core.engine] DEBUG: Crawled (200) <GET https://www.rightmove.co.uk/properties/132929297> (referer: https://www.rightmove.co.uk/property-to-rent/find.html?locationIdentifier=REGION%5E87490&index=24&propertyTypes=&includeLetAgreed=false&mustHave=&dontShow=&furnishTypes=&keywords=)
2023-03-27 16:35:50 [scrapy.core.engine] DEBUG: Crawled (200) <GET https://www.rightmove.co.uk/properties/132809024> (referer: https://www.rightmove.co.uk/property-to-rent/find.html?locationIdentifier=REGION%5E87490&index=24&propertyTypes=&includeLetAgreed=false&mustHave=&dontShow=&furnishTypes=&keywords=)
2023-03-27 16:35:50 [scrapy.core.engine] DEBUG: Crawled (200) <GET https://www.rightmove.co.uk/properties/132931811> (referer: https://www.rightmove.co.uk/property-to-rent/find.html?locationIdentifier=REGION%5E87490&index=24&propertyTypes=&includeLetAgreed=false&mustHave=&dontShow=&furnishTypes=&keywords=)
2023-03-27 16:35:50 [scrapy.core.scraper] DEBUG: Scraped from <200 https://www.rightmove.co.uk/properties/132807020>
1
2023-03-27 16:35:50 [scrapy.core.scraper] DEBUG: Scraped from <200 https://www.rightmove.co.uk/properties/132796838>
2
2023-03-27 16:35:50 [scrapy.core.scraper] DEBUG: Scraped from <200 https://www.rightmove.co.uk/properties/132807017>
3
2023-03-27 16:35:50 [scrapy.core.scraper] DEBUG: Scraped from <200 https://www.rightmove.co.uk/properties/132807023>
4
2023-03-27 16:35:50 [scrapy.core.scraper] DEBUG: Scraped from <200 https://www.rightmove.co.uk/properties/132814130>
5
2023-03-27 16:35:50 [scrapy.core.scraper] DEBUG: Scraped from <200 https://www.rightmove.co.uk/properties/132929297>
6
2023-03-27 16:35:50 [scrapy.core.scraper] DEBUG: Scraped from <200 https://www.rightmove.co.uk/properties/132809024>
7
2023-03-27 16:35:50 [scrapy.core.scraper] DEBUG: Scraped from <200 https://www.rightmove.co.uk/properties/132931811>
8
2023-03-27 16:35:51 [scrapy.core.engine] DEBUG: Crawled (200) <GET https://www.rightmove.co.uk/properties/132933008> (referer: https://www.rightmove.co.uk/property-to-rent/find.html?locationIdentifier=REGION%5E87490&index=24&propertyTypes=&includeLetAgreed=false&mustHave=&dontShow=&furnishTypes=&keywords=)
2023-03-27 16:35:51 [scrapy.core.scraper] DEBUG: Scraped from <200 https://www.rightmove.co.uk/properties/132933008>
9
2023-03-27 16:35:51 [scrapy.core.engine] DEBUG: Crawled (200) <GET https://www.rightmove.co.uk/properties/132934346> (referer: https://www.rightmove.co.uk/property-to-rent/find.html?locationIdentifier=REGION%5E87490&index=24&propertyTypes=&includeLetAgreed=false&mustHave=&dontShow=&furnishTypes=&keywords=)
2023-03-27 16:35:51 [scrapy.core.scraper] DEBUG: Scraped from <200 https://www.rightmove.co.uk/properties/132934346>
10
2023-03-27 16:35:51 [scrapy.core.engine] DEBUG: Crawled (200) <GET https://www.rightmove.co.uk/properties/132064436> (referer: https://www.rightmove.co.uk/property-to-rent/find.html?locationIdentifier=REGION%5E87490&index=24&propertyTypes=&includeLetAgreed=false&mustHave=&dontShow=&furnishTypes=&keywords=)
2023-03-27 16:35:51 [scrapy.core.engine] DEBUG: Crawled (200) <GET https://www.rightmove.co.uk/properties/132952940> (referer: https://www.rightmove.co.uk/property-to-rent/find.html?locationIdentifier=REGION%5E87490&index=24&propertyTypes=&includeLetAgreed=false&mustHave=&dontShow=&furnishTypes=&keywords=)
2023-03-27 16:35:51 [scrapy.core.engine] DEBUG: Crawled (200) <GET https://www.rightmove.co.uk/properties/132939938> (referer: https://www.rightmove.co.uk/property-to-rent/find.html?locationIdentifier=REGION%5E87490&index=24&propertyTypes=&includeLetAgreed=false&mustHave=&dontShow=&furnishTypes=&keywords=)
2023-03-27 16:35:51 [scrapy.core.scraper] DEBUG: Scraped from <200 https://www.rightmove.co.uk/properties/132064436>
11
2023-03-27 16:35:51 [scrapy.core.engine] DEBUG: Crawled (200) <GET https://www.rightmove.co.uk/properties/132934271> (referer: https://www.rightmove.co.uk/property-to-rent/find.html?locationIdentifier=REGION%5E87490&index=24&propertyTypes=&includeLetAgreed=false&mustHave=&dontShow=&furnishTypes=&keywords=)
2023-03-27 16:35:51 [scrapy.core.engine] DEBUG: Crawled (200) <GET https://www.rightmove.co.uk/properties/132939941> (referer: https://www.rightmove.co.uk/property-to-rent/find.html?locationIdentifier=REGION%5E87490&index=24&propertyTypes=&includeLetAgreed=false&mustHave=&dontShow=&furnishTypes=&keywords=)
2023-03-27 16:35:51 [scrapy.core.scraper] DEBUG: Scraped from <200 https://www.rightmove.co.uk/properties/132952940>
12
2023-03-27 16:35:51 [scrapy.core.scraper] DEBUG: Scraped from <200 https://www.rightmove.co.uk/properties/132939938>
13
2023-03-27 16:35:52 [scrapy.core.scraper] DEBUG: Scraped from <200 https://www.rightmove.co.uk/properties/132934271>
14
2023-03-27 16:35:52 [scrapy.core.scraper] DEBUG: Scraped from <200 https://www.rightmove.co.uk/properties/132939941>
15
2023-03-27 16:35:52 [scrapy.core.engine] DEBUG: Crawled (200) <GET https://www.rightmove.co.uk/properties/132954737> (referer: https://www.rightmove.co.uk/property-to-rent/find.html?locationIdentifier=REGION%5E87490&index=24&propertyTypes=&includeLetAgreed=false&mustHave=&dontShow=&furnishTypes=&keywords=)
2023-03-27 16:35:52 [scrapy.core.scraper] DEBUG: Scraped from <200 https://www.rightmove.co.uk/properties/132954737>
16
2023-03-27 16:35:52 [scrapy.core.engine] DEBUG: Crawled (200) <GET https://www.rightmove.co.uk/properties/132961244> (referer: https://www.rightmove.co.uk/property-to-rent/find.html?locationIdentifier=REGION%5E87490&index=24&propertyTypes=&includeLetAgreed=false&mustHave=&dontShow=&furnishTypes=&keywords=)
2023-03-27 16:35:52 [scrapy.core.scraper] DEBUG: Scraped from <200 https://www.rightmove.co.uk/properties/132961244>
17
2023-03-27 16:35:53 [scrapy.core.engine] DEBUG: Crawled (200) <GET https://www.rightmove.co.uk/properties/132966056> (referer: https://www.rightmove.co.uk/property-to-rent/find.html?locationIdentifier=REGION%5E87490&index=24&propertyTypes=&includeLetAgreed=false&mustHave=&dontShow=&furnishTypes=&keywords=)
2023-03-27 16:35:53 [scrapy.core.scraper] DEBUG: Scraped from <200 https://www.rightmove.co.uk/properties/132966056>
18
2023-03-27 16:35:53 [scrapy.core.engine] DEBUG: Crawled (200) <GET https://www.rightmove.co.uk/properties/132966284> (referer: https://www.rightmove.co.uk/property-to-rent/find.html?locationIdentifier=REGION%5E87490&index=24&propertyTypes=&includeLetAgreed=false&mustHave=&dontShow=&furnishTypes=&keywords=)
2023-03-27 16:35:53 [scrapy.core.engine] DEBUG: Crawled (200) <GET https://www.rightmove.co.uk/properties/132966167> (referer: https://www.rightmove.co.uk/property-to-rent/find.html?locationIdentifier=REGION%5E87490&index=24&propertyTypes=&includeLetAgreed=false&mustHave=&dontShow=&furnishTypes=&keywords=)
2023-03-27 16:35:53 [scrapy.core.engine] DEBUG: Crawled (200) <GET https://www.rightmove.co.uk/properties/132966362> (referer: https://www.rightmove.co.uk/property-to-rent/find.html?locationIdentifier=REGION%5E87490&index=24&propertyTypes=&includeLetAgreed=false&mustHave=&dontShow=&furnishTypes=&keywords=)
2023-03-27 16:35:53 [scrapy.core.scraper] DEBUG: Scraped from <200 https://www.rightmove.co.uk/properties/132966284>
19
2023-03-27 16:35:53 [scrapy.core.scraper] DEBUG: Scraped from <200 https://www.rightmove.co.uk/properties/132966167>
20
2023-03-27 16:35:53 [scrapy.core.scraper] DEBUG: Scraped from <200 https://www.rightmove.co.uk/properties/132966362>
21
2023-03-27 16:35:53 [scrapy.core.engine] DEBUG: Crawled (200) <GET https://www.rightmove.co.uk/properties/132966608> (referer: https://www.rightmove.co.uk/property-to-rent/find.html?locationIdentifier=REGION%5E87490&index=24&propertyTypes=&includeLetAgreed=false&mustHave=&dontShow=&furnishTypes=&keywords=)
2023-03-27 16:35:53 [scrapy.core.scraper] DEBUG: Scraped from <200 https://www.rightmove.co.uk/properties/132966608>
22
2023-03-27 16:35:53 [scrapy.core.engine] DEBUG: Crawled (200) <GET https://www.rightmove.co.uk/properties/132967256> (referer: https://www.rightmove.co.uk/property-to-rent/find.html?locationIdentifier=REGION%5E87490&index=24&propertyTypes=&includeLetAgreed=false&mustHave=&dontShow=&furnishTypes=&keywords=)
2023-03-27 16:35:53 [scrapy.core.engine] DEBUG: Crawled (200) <GET https://www.rightmove.co.uk/properties/132037073> (referer: https://www.rightmove.co.uk/property-to-rent/find.html?locationIdentifier=REGION%5E87490&index=24&propertyTypes=&includeLetAgreed=false&mustHave=&dontShow=&furnishTypes=&keywords=)
2023-03-27 16:35:53 [scrapy.core.scraper] DEBUG: Scraped from <200 https://www.rightmove.co.uk/properties/132967256>
23
2023-03-27 16:35:53 [scrapy.core.scraper] DEBUG: Scraped from <200 https://www.rightmove.co.uk/properties/132037073>
24
2023-03-27 16:35:54 [scrapy.core.engine] DEBUG: Crawled (200) <GET https://www.rightmove.co.uk/properties/132967589> (referer: https://www.rightmove.co.uk/property-to-rent/find.html?locationIdentifier=REGION%5E87490&index=24&propertyTypes=&includeLetAgreed=false&mustHave=&dontShow=&furnishTypes=&keywords=)
2023-03-27 16:35:54 [scrapy.core.engine] DEBUG: Crawled (200) <GET https://www.rightmove.co.uk/properties/132728156> (referer: https://www.rightmove.co.uk/property-to-rent/find.html?locationIdentifier=REGION%5E87490&index=24&propertyTypes=&includeLetAgreed=false&mustHave=&dontShow=&furnishTypes=&keywords=)
2023-03-27 16:35:54 [scrapy.core.scraper] DEBUG: Scraped from <200 https://www.rightmove.co.uk/properties/132967589>
25
2023-03-27 16:35:54 [scrapy.core.scraper] DEBUG: Scraped from <200 https://www.rightmove.co.uk/properties/132728156>
26
2023-03-27 16:35:54 [scrapy.core.engine] DEBUG: Crawled (200) <GET https://www.rightmove.co.uk/properties/132983249> (referer: https://www.rightmove.co.uk/property-to-rent/find.html?locationIdentifier=REGION%5E87490&index=24&propertyTypes=&includeLetAgreed=false&mustHave=&dontShow=&furnishTypes=&keywords=)
2023-03-27 16:35:54 [scrapy.core.scraper] DEBUG: Scraped from <200 https://www.rightmove.co.uk/properties/132983249>
27
2023-03-27 16:35:54 [scrapy.core.engine] DEBUG: Crawled (200) <GET https://www.rightmove.co.uk/properties/132967727> (referer: https://www.rightmove.co.uk/property-to-rent/find.html?locationIdentifier=REGION%5E87490&index=24&propertyTypes=&includeLetAgreed=false&mustHave=&dontShow=&furnishTypes=&keywords=)
2023-03-27 16:35:54 [scrapy.core.engine] DEBUG: Crawled (200) <GET https://www.rightmove.co.uk/properties/132968273> (referer: https://www.rightmove.co.uk/property-to-rent/find.html?locationIdentifier=REGION%5E87490&index=24&propertyTypes=&includeLetAgreed=false&mustHave=&dontShow=&furnishTypes=&keywords=)
2023-03-27 16:35:54 [scrapy.core.scraper] DEBUG: Scraped from <200 https://www.rightmove.co.uk/properties/132967727>
28
2023-03-27 16:35:54 [scrapy.core.scraper] DEBUG: Scraped from <200 https://www.rightmove.co.uk/properties/132968273>
29
2023-03-27 16:35:55 [scrapy.core.engine] DEBUG: Crawled (200) <GET https://www.rightmove.co.uk/properties/132988355> (referer: https://www.rightmove.co.uk/property-to-rent/find.html?locationIdentifier=REGION%5E87490&index=24&propertyTypes=&includeLetAgreed=false&mustHave=&dontShow=&furnishTypes=&keywords=)
2023-03-27 16:35:55 [scrapy.core.scraper] DEBUG: Scraped from <200 https://www.rightmove.co.uk/properties/132988355>
30
2023-03-27 16:35:55 [scrapy.core.engine] DEBUG: Crawled (200) <GET https://www.rightmove.co.uk/properties/132420521> (referer: https://www.rightmove.co.uk/property-to-rent/find.html?locationIdentifier=REGION%5E87490&index=24&propertyTypes=&includeLetAgreed=false&mustHave=&dontShow=&furnishTypes=&keywords=)
2023-03-27 16:35:55 [scrapy.core.scraper] DEBUG: Scraped from <200 https://www.rightmove.co.uk/properties/132420521>
31
2023-03-27 16:35:55 [scrapy.core.engine] DEBUG: Crawled (200) <GET https://www.rightmove.co.uk/properties/132817679> (referer: https://www.rightmove.co.uk/property-to-rent/find.html?locationIdentifier=REGION%5E87490&index=24&propertyTypes=&includeLetAgreed=false&mustHave=&dontShow=&furnishTypes=&keywords=)
2023-03-27 16:35:55 [scrapy.core.scraper] DEBUG: Scraped from <200 https://www.rightmove.co.uk/properties/132817679>
32
2023-03-27 16:35:56 [scrapy.core.engine] DEBUG: Crawled (200) <GET https://www.rightmove.co.uk/properties/132824612> (referer: https://www.rightmove.co.uk/property-to-rent/find.html?locationIdentifier=REGION%5E87490&index=24&propertyTypes=&includeLetAgreed=false&mustHave=&dontShow=&furnishTypes=&keywords=)
2023-03-27 16:35:56 [scrapy.core.scraper] DEBUG: Scraped from <200 https://www.rightmove.co.uk/properties/132824612>
33
2023-03-27 16:35:56 [scrapy.core.engine] DEBUG: Crawled (200) <GET https://www.rightmove.co.uk/properties/78514493> (referer: https://www.rightmove.co.uk/property-to-rent/find.html?locationIdentifier=REGION%5E87490&index=24&propertyTypes=&includeLetAgreed=false&mustHave=&dontShow=&furnishTypes=&keywords=)
2023-03-27 16:35:56 [scrapy.core.engine] DEBUG: Crawled (200) <GET https://www.rightmove.co.uk/properties/132824615> (referer: https://www.rightmove.co.uk/property-to-rent/find.html?locationIdentifier=REGION%5E87490&index=24&propertyTypes=&includeLetAgreed=false&mustHave=&dontShow=&furnishTypes=&keywords=)
2023-03-27 16:35:56 [scrapy.core.scraper] DEBUG: Scraped from <200 https://www.rightmove.co.uk/properties/78514493>
34
2023-03-27 16:35:56 [scrapy.core.scraper] DEBUG: Scraped from <200 https://www.rightmove.co.uk/properties/132824615>
35
2023-03-27 16:35:56 [scrapy.core.engine] DEBUG: Crawled (200) <GET https://www.rightmove.co.uk/properties/132870683> (referer: https://www.rightmove.co.uk/property-to-rent/find.html?locationIdentifier=REGION%5E87490&index=24&propertyTypes=&includeLetAgreed=false&mustHave=&dontShow=&furnishTypes=&keywords=)
2023-03-27 16:35:56 [scrapy.core.scraper] DEBUG: Scraped from <200 https://www.rightmove.co.uk/properties/132870683>
36
2023-03-27 16:35:57 [scrapy.core.engine] DEBUG: Crawled (200) <GET https://www.rightmove.co.uk/properties/123831017> (referer: https://www.rightmove.co.uk/property-to-rent/find.html?locationIdentifier=REGION%5E87490&index=24&propertyTypes=&includeLetAgreed=false&mustHave=&dontShow=&furnishTypes=&keywords=)
2023-03-27 16:35:57 [scrapy.core.engine] DEBUG: Crawled (200) <GET https://www.rightmove.co.uk/properties/120172454> (referer: https://www.rightmove.co.uk/property-to-rent/find.html?locationIdentifier=REGION%5E87490&index=24&propertyTypes=&includeLetAgreed=false&mustHave=&dontShow=&furnishTypes=&keywords=)
2023-03-27 16:35:57 [scrapy.core.scraper] DEBUG: Scraped from <200 https://www.rightmove.co.uk/properties/123831017>
37
2023-03-27 16:35:57 [scrapy.core.engine] DEBUG: Crawled (200) <GET https://www.rightmove.co.uk/properties/85576926> (referer: https://www.rightmove.co.uk/property-to-rent/find.html?locationIdentifier=REGION%5E87490&index=24&propertyTypes=&includeLetAgreed=false&mustHave=&dontShow=&furnishTypes=&keywords=)
2023-03-27 16:35:57 [scrapy.core.scraper] DEBUG: Scraped from <200 https://www.rightmove.co.uk/properties/120172454>
38
2023-03-27 16:35:57 [scrapy.core.scraper] DEBUG: Scraped from <200 https://www.rightmove.co.uk/properties/85576926>
39
2023-03-27 16:35:58 [scrapy.core.engine] DEBUG: Crawled (200) <GET https://www.rightmove.co.uk/properties/119701796> (referer: https://www.rightmove.co.uk/property-to-rent/find.html?locationIdentifier=REGION%5E87490&index=24&propertyTypes=&includeLetAgreed=false&mustHave=&dontShow=&furnishTypes=&keywords=)
2023-03-27 16:35:58 [scrapy.core.engine] DEBUG: Crawled (200) <GET https://www.rightmove.co.uk/properties/132850505> (referer: https://www.rightmove.co.uk/property-to-rent/find.html?locationIdentifier=REGION%5E87490&index=24&propertyTypes=&includeLetAgreed=false&mustHave=&dontShow=&furnishTypes=&keywords=)
2023-03-27 16:35:58 [scrapy.core.scraper] DEBUG: Scraped from <200 https://www.rightmove.co.uk/properties/119701796>
40
2023-03-27 16:35:58 [scrapy.core.scraper] DEBUG: Scraped from <200 https://www.rightmove.co.uk/properties/132850505>
41
2023-03-27 16:35:58 [scrapy.core.engine] DEBUG: Crawled (200) <GET https://www.rightmove.co.uk/properties/123251561> (referer: https://www.rightmove.co.uk/property-to-rent/find.html?locationIdentifier=REGION%5E87490&index=24&propertyTypes=&includeLetAgreed=false&mustHave=&dontShow=&furnishTypes=&keywords=)
2023-03-27 16:35:58 [scrapy.core.scraper] DEBUG: Scraped from <200 https://www.rightmove.co.uk/properties/123251561>
42
2023-03-27 16:35:58 [scrapy.core.engine] DEBUG: Crawled (200) <GET https://www.rightmove.co.uk/properties/115833383> (referer: https://www.rightmove.co.uk/property-to-rent/find.html?locationIdentifier=REGION%5E87490&index=24&propertyTypes=&includeLetAgreed=false&mustHave=&dontShow=&furnishTypes=&keywords=)
2023-03-27 16:35:58 [scrapy.core.scraper] DEBUG: Scraped from <200 https://www.rightmove.co.uk/properties/115833383>
43
2023-03-27 16:35:59 [scrapy.core.engine] DEBUG: Crawled (200) <GET https://www.rightmove.co.uk/properties/132850820> (referer: https://www.rightmove.co.uk/property-to-rent/find.html?locationIdentifier=REGION%5E87490&index=24&propertyTypes=&includeLetAgreed=false&mustHave=&dontShow=&furnishTypes=&keywords=)
2023-03-27 16:35:59 [scrapy.core.scraper] DEBUG: Scraped from <200 https://www.rightmove.co.uk/properties/132850820>
44
2023-03-27 16:35:59 [scrapy.core.engine] DEBUG: Crawled (200) <GET https://www.rightmove.co.uk/properties/132850829> (referer: https://www.rightmove.co.uk/property-to-rent/find.html?locationIdentifier=REGION%5E87490&index=24&propertyTypes=&includeLetAgreed=false&mustHave=&dontShow=&furnishTypes=&keywords=)
2023-03-27 16:35:59 [scrapy.core.engine] DEBUG: Crawled (200) <GET https://www.rightmove.co.uk/properties/132850508> (referer: https://www.rightmove.co.uk/property-to-rent/find.html?locationIdentifier=REGION%5E87490&index=24&propertyTypes=&includeLetAgreed=false&mustHave=&dontShow=&furnishTypes=&keywords=)
2023-03-27 16:35:59 [scrapy.core.scraper] DEBUG: Scraped from <200 https://www.rightmove.co.uk/properties/132850829>
45
2023-03-27 16:35:59 [scrapy.core.scraper] DEBUG: Scraped from <200 https://www.rightmove.co.uk/properties/132850508>
46
2023-03-27 16:35:59 [scrapy.core.engine] DEBUG: Crawled (200) <GET https://www.rightmove.co.uk/properties/123251729> (referer: https://www.rightmove.co.uk/property-to-rent/find.html?locationIdentifier=REGION%5E87490&index=24&propertyTypes=&includeLetAgreed=false&mustHave=&dontShow=&furnishTypes=&keywords=)
2023-03-27 16:35:59 [scrapy.core.engine] DEBUG: Crawled (200) <GET https://www.rightmove.co.uk/properties/132855914> (referer: https://www.rightmove.co.uk/property-to-rent/find.html?locationIdentifier=REGION%5E87490&index=24&propertyTypes=&includeLetAgreed=false&mustHave=&dontShow=&furnishTypes=&keywords=)
2023-03-27 16:35:59 [scrapy.core.scraper] DEBUG: Scraped from <200 https://www.rightmove.co.uk/properties/123251729>
47
2023-03-27 16:35:59 [scrapy.core.engine] DEBUG: Crawled (200) <GET https://www.rightmove.co.uk/properties/132856331> (referer: https://www.rightmove.co.uk/property-to-rent/find.html?locationIdentifier=REGION%5E87490&index=24&propertyTypes=&includeLetAgreed=false&mustHave=&dontShow=&furnishTypes=&keywords=)
2023-03-27 16:35:59 [scrapy.core.scraper] DEBUG: Scraped from <200 https://www.rightmove.co.uk/properties/132855914>
48
2023-03-27 16:36:00 [scrapy.core.scraper] DEBUG: Scraped from <200 https://www.rightmove.co.uk/properties/132856331>
49
2023-03-27 16:36:00 [scrapy.core.engine] DEBUG: Crawled (200) <GET https://www.rightmove.co.uk/properties/132866612> (referer: https://www.rightmove.co.uk/property-to-rent/find.html?locationIdentifier=REGION%5E87490&index=24&propertyTypes=&includeLetAgreed=false&mustHave=&dontShow=&furnishTypes=&keywords=)
2023-03-27 16:36:00 [urllib3.connectionpool] DEBUG: https://storage.googleapis.com:443 "GET /storage/v1/b/rightmove_storage_dev?projection=noAcl&prettyPrint=false HTTP/1.1" 200 597
2023-03-27 16:36:01 [urllib3.connectionpool] DEBUG: https://storage.googleapis.com:443 "POST /upload/storage/v1/b/rightmove_storage_dev/o?uploadType=multipart HTTP/1.1" 200 983
2023-03-27 16:36:01 [scrapy.core.scraper] DEBUG: Scraped from <200 https://www.rightmove.co.uk/properties/132866612>
0
2023-03-27 16:36:01 [scrapy.core.engine] DEBUG: Crawled (200) <GET https://www.rightmove.co.uk/properties/132862232> (referer: https://www.rightmove.co.uk/property-to-rent/find.html?locationIdentifier=REGION%5E87490&index=24&propertyTypes=&includeLetAgreed=false&mustHave=&dontShow=&furnishTypes=&keywords=)
2023-03-27 16:36:01 [scrapy.core.engine] DEBUG: Crawled (200) <GET https://www.rightmove.co.uk/api/_search?locationIdentifier=OUTCODE%5E7&numberOfPropertiesPerPage=24&radius=10.0&sortType=6&index=25&includeLetAgreed=false&viewType=LIST&channel=RENT&areaSizeUnit=sqft&currencyCode=GBP&isFetching=false> (referer: https://www.rightmove.co.uk/property-to-rent/find.html?locationIdentifier=REGION%5E87490&index=24&propertyTypes=&includeLetAgreed=false&mustHave=&dontShow=&furnishTypes=&keywords=)
2023-03-27 16:36:01 [scrapy.core.engine] DEBUG: Crawled (200) <GET https://www.rightmove.co.uk/api/_search?locationIdentifier=OUTCODE%5E7&numberOfPropertiesPerPage=24&radius=10.0&sortType=6&index=0&includeLetAgreed=false&viewType=LIST&channel=RENT&areaSizeUnit=sqft&currencyCode=GBP&isFetching=false> (referer: https://www.rightmove.co.uk/property-to-rent/find.html?locationIdentifier=REGION%5E87490&index=24&propertyTypes=&includeLetAgreed=false&mustHave=&dontShow=&furnishTypes=&keywords=)
2023-03-27 16:36:01 [scrapy.core.engine] DEBUG: Crawled (200) <GET https://www.rightmove.co.uk/properties/132202640> (referer: https://www.rightmove.co.uk/property-to-rent/find.html?locationIdentifier=REGION%5E87490&index=24&propertyTypes=&includeLetAgreed=false&mustHave=&dontShow=&furnishTypes=&keywords=)
2023-03-27 16:36:01 [scrapy.core.engine] DEBUG: Crawled (200) <GET https://www.rightmove.co.uk/properties/132852812> (referer: https://www.rightmove.co.uk/property-to-rent/find.html?locationIdentifier=REGION%5E87490&index=24&propertyTypes=&includeLetAgreed=false&mustHave=&dontShow=&furnishTypes=&keywords=)
2023-03-27 16:36:01 [scrapy.core.engine] DEBUG: Crawled (200) <GET https://www.rightmove.co.uk/properties/129969941> (referer: https://www.rightmove.co.uk/property-to-rent/find.html?locationIdentifier=REGION%5E87490&index=24&propertyTypes=&includeLetAgreed=false&mustHave=&dontShow=&furnishTypes=&keywords=)
2023-03-27 16:36:01 [scrapy.core.engine] DEBUG: Crawled (200) <GET https://www.rightmove.co.uk/properties/132756728> (referer: https://www.rightmove.co.uk/property-to-rent/find.html?locationIdentifier=REGION%5E87490&index=24&propertyTypes=&includeLetAgreed=false&mustHave=&dontShow=&furnishTypes=&keywords=)
2023-03-27 16:36:01 [scrapy.core.scraper] DEBUG: Scraped from <200 https://www.rightmove.co.uk/properties/132862232>
1
2023-03-27 16:36:01 [scrapy.core.scraper] DEBUG: Scraped from <200 https://www.rightmove.co.uk/properties/132202640>
2
2023-03-27 16:36:01 [scrapy.core.scraper] DEBUG: Scraped from <200 https://www.rightmove.co.uk/properties/132852812>
3
2023-03-27 16:36:01 [scrapy.core.scraper] DEBUG: Scraped from <200 https://www.rightmove.co.uk/properties/129969941>
4
2023-03-27 16:36:01 [scrapy.core.engine] DEBUG: Crawled (200) <GET https://www.rightmove.co.uk/properties/132866615> (referer: https://www.rightmove.co.uk/property-to-rent/find.html?locationIdentifier=REGION%5E87490&index=24&propertyTypes=&includeLetAgreed=false&mustHave=&dontShow=&furnishTypes=&keywords=)
2023-03-27 16:36:01 [scrapy.core.engine] DEBUG: Crawled (200) <GET https://www.rightmove.co.uk/api/_search?locationIdentifier=OUTCODE%5E7&numberOfPropertiesPerPage=24&radius=10.0&sortType=6&index=75&includeLetAgreed=false&viewType=LIST&channel=RENT&areaSizeUnit=sqft&currencyCode=GBP&isFetching=false> (referer: https://www.rightmove.co.uk/property-to-rent/find.html?locationIdentifier=REGION%5E87490&index=24&propertyTypes=&includeLetAgreed=false&mustHave=&dontShow=&furnishTypes=&keywords=)
2023-03-27 16:36:01 [scrapy.core.engine] DEBUG: Crawled (200) <GET https://www.rightmove.co.uk/api/_search?locationIdentifier=OUTCODE%5E8&numberOfPropertiesPerPage=24&radius=10.0&sortType=6&index=75&includeLetAgreed=false&viewType=LIST&channel=RENT&areaSizeUnit=sqft&currencyCode=GBP&isFetching=false> (referer: https://www.rightmove.co.uk/property-to-rent/find.html?locationIdentifier=REGION%5E87490&index=24&propertyTypes=&includeLetAgreed=false&mustHave=&dontShow=&furnishTypes=&keywords=)
2023-03-27 16:36:01 [scrapy.core.engine] DEBUG: Crawled (200) <GET https://www.rightmove.co.uk/api/_search?locationIdentifier=OUTCODE%5E8&numberOfPropertiesPerPage=24&radius=10.0&sortType=6&index=25&includeLetAgreed=false&viewType=LIST&channel=RENT&areaSizeUnit=sqft&currencyCode=GBP&isFetching=false> (referer: https://www.rightmove.co.uk/property-to-rent/find.html?locationIdentifier=REGION%5E87490&index=24&propertyTypes=&includeLetAgreed=false&mustHave=&dontShow=&furnishTypes=&keywords=)
2023-03-27 16:36:01 [scrapy.core.scraper] DEBUG: Scraped from <200 https://www.rightmove.co.uk/properties/132756728>
5
2023-03-27 16:36:01 [scrapy.core.engine] DEBUG: Crawled (200) <GET https://www.rightmove.co.uk/api/_search?locationIdentifier=OUTCODE%5E8&numberOfPropertiesPerPage=24&radius=10.0&sortType=6&index=50&includeLetAgreed=false&viewType=LIST&channel=RENT&areaSizeUnit=sqft&currencyCode=GBP&isFetching=false> (referer: https://www.rightmove.co.uk/property-to-rent/find.html?locationIdentifier=REGION%5E87490&index=24&propertyTypes=&includeLetAgreed=false&mustHave=&dontShow=&furnishTypes=&keywords=)
2023-03-27 16:36:01 [scrapy.core.engine] DEBUG: Crawled (200) <GET https://www.rightmove.co.uk/api/_search?locationIdentifier=OUTCODE%5E8&numberOfPropertiesPerPage=24&radius=10.0&sortType=6&index=0&includeLetAgreed=false&viewType=LIST&channel=RENT&areaSizeUnit=sqft&currencyCode=GBP&isFetching=false> (referer: https://www.rightmove.co.uk/property-to-rent/find.html?locationIdentifier=REGION%5E87490&index=24&propertyTypes=&includeLetAgreed=false&mustHave=&dontShow=&furnishTypes=&keywords=)
2023-03-27 16:36:01 [scrapy.core.scraper] DEBUG: Scraped from <200 https://www.rightmove.co.uk/properties/132866615>
6
2023-03-27 16:36:01 [scrapy.core.engine] DEBUG: Crawled (200) <GET https://www.rightmove.co.uk/api/_search?locationIdentifier=OUTCODE%5E7&numberOfPropertiesPerPage=24&radius=10.0&sortType=6&index=50&includeLetAgreed=false&viewType=LIST&channel=RENT&areaSizeUnit=sqft&currencyCode=GBP&isFetching=false> (referer: https://www.rightmove.co.uk/property-to-rent/find.html?locationIdentifier=REGION%5E87490&index=24&propertyTypes=&includeLetAgreed=false&mustHave=&dontShow=&furnishTypes=&keywords=)
2023-03-27 16:36:01 [scrapy.core.engine] DEBUG: Crawled (200) <GET https://www.rightmove.co.uk/api/_search?locationIdentifier=OUTCODE%5E9&numberOfPropertiesPerPage=24&radius=10.0&sortType=6&index=25&includeLetAgreed=false&viewType=LIST&channel=RENT&areaSizeUnit=sqft&currencyCode=GBP&isFetching=false> (referer: https://www.rightmove.co.uk/property-to-rent/find.html?locationIdentifier=REGION%5E87490&index=24&propertyTypes=&includeLetAgreed=false&mustHave=&dontShow=&furnishTypes=&keywords=)
2023-03-27 16:36:01 [scrapy.core.engine] DEBUG: Crawled (200) <GET https://www.rightmove.co.uk/api/_search?locationIdentifier=OUTCODE%5E9&numberOfPropertiesPerPage=24&radius=10.0&sortType=6&index=50&includeLetAgreed=false&viewType=LIST&channel=RENT&areaSizeUnit=sqft&currencyCode=GBP&isFetching=false> (referer: https://www.rightmove.co.uk/property-to-rent/find.html?locationIdentifier=REGION%5E87490&index=24&propertyTypes=&includeLetAgreed=false&mustHave=&dontShow=&furnishTypes=&keywords=)
2023-03-27 16:36:01 [scrapy.core.engine] DEBUG: Crawled (200) <GET https://www.rightmove.co.uk/api/_search?locationIdentifier=OUTCODE%5E10&numberOfPropertiesPerPage=24&radius=10.0&sortType=6&index=0&includeLetAgreed=false&viewType=LIST&channel=RENT&areaSizeUnit=sqft&currencyCode=GBP&isFetching=false> (referer: https://www.rightmove.co.uk/property-to-rent/find.html?locationIdentifier=REGION%5E87490&index=24&propertyTypes=&includeLetAgreed=false&mustHave=&dontShow=&furnishTypes=&keywords=)
2023-03-27 16:36:01 [scrapy.core.engine] DEBUG: Crawled (200) <GET https://www.rightmove.co.uk/api/_search?locationIdentifier=OUTCODE%5E9&numberOfPropertiesPerPage=24&radius=10.0&sortType=6&index=75&includeLetAgreed=false&viewType=LIST&channel=RENT&areaSizeUnit=sqft&currencyCode=GBP&isFetching=false> (referer: https://www.rightmove.co.uk/property-to-rent/find.html?locationIdentifier=REGION%5E87490&index=24&propertyTypes=&includeLetAgreed=false&mustHave=&dontShow=&furnishTypes=&keywords=)
2023-03-27 16:36:01 [scrapy.core.engine] DEBUG: Crawled (200) <GET https://www.rightmove.co.uk/api/_search?locationIdentifier=OUTCODE%5E10&numberOfPropertiesPerPage=24&radius=10.0&sortType=6&index=75&includeLetAgreed=false&viewType=LIST&channel=RENT&areaSizeUnit=sqft&currencyCode=GBP&isFetching=false> (referer: https://www.rightmove.co.uk/property-to-rent/find.html?locationIdentifier=REGION%5E87490&index=24&propertyTypes=&includeLetAgreed=false&mustHave=&dontShow=&furnishTypes=&keywords=)
2023-03-27 16:36:01 [scrapy.core.engine] DEBUG: Crawled (200) <GET https://www.rightmove.co.uk/api/_search?locationIdentifier=OUTCODE%5E10&numberOfPropertiesPerPage=24&radius=10.0&sortType=6&index=50&includeLetAgreed=false&viewType=LIST&channel=RENT&areaSizeUnit=sqft&currencyCode=GBP&isFetching=false> (referer: https://www.rightmove.co.uk/property-to-rent/find.html?locationIdentifier=REGION%5E87490&index=24&propertyTypes=&includeLetAgreed=false&mustHave=&dontShow=&furnishTypes=&keywords=)
2023-03-27 16:36:01 [scrapy.core.engine] DEBUG: Crawled (200) <GET https://www.rightmove.co.uk/api/_search?locationIdentifier=OUTCODE%5E11&numberOfPropertiesPerPage=24&radius=10.0&sortType=6&index=25&includeLetAgreed=false&viewType=LIST&channel=RENT&areaSizeUnit=sqft&currencyCode=GBP&isFetching=false> (referer: https://www.rightmove.co.uk/property-to-rent/find.html?locationIdentifier=REGION%5E87490&index=24&propertyTypes=&includeLetAgreed=false&mustHave=&dontShow=&furnishTypes=&keywords=)
2023-03-27 16:36:01 [scrapy.core.engine] DEBUG: Crawled (200) <GET https://www.rightmove.co.uk/api/_search?locationIdentifier=OUTCODE%5E11&numberOfPropertiesPerPage=24&radius=10.0&sortType=6&index=0&includeLetAgreed=false&viewType=LIST&channel=RENT&areaSizeUnit=sqft&currencyCode=GBP&isFetching=false> (referer: https://www.rightmove.co.uk/property-to-rent/find.html?locationIdentifier=REGION%5E87490&index=24&propertyTypes=&includeLetAgreed=false&mustHave=&dontShow=&furnishTypes=&keywords=)
2023-03-27 16:36:01 [scrapy.core.engine] DEBUG: Crawled (200) <GET https://www.rightmove.co.uk/api/_search?locationIdentifier=OUTCODE%5E11&numberOfPropertiesPerPage=24&radius=10.0&sortType=6&index=75&includeLetAgreed=false&viewType=LIST&channel=RENT&areaSizeUnit=sqft&currencyCode=GBP&isFetching=false> (referer: https://www.rightmove.co.uk/property-to-rent/find.html?locationIdentifier=REGION%5E87490&index=24&propertyTypes=&includeLetAgreed=false&mustHave=&dontShow=&furnishTypes=&keywords=)
2023-03-27 16:36:01 [scrapy.core.engine] DEBUG: Crawled (200) <GET https://www.rightmove.co.uk/api/_search?locationIdentifier=OUTCODE%5E12&numberOfPropertiesPerPage=24&radius=10.0&sortType=6&index=50&includeLetAgreed=false&viewType=LIST&channel=RENT&areaSizeUnit=sqft&currencyCode=GBP&isFetching=false> (referer: https://www.rightmove.co.uk/property-to-rent/find.html?locationIdentifier=REGION%5E87490&index=24&propertyTypes=&includeLetAgreed=false&mustHave=&dontShow=&furnishTypes=&keywords=)
2023-03-27 16:36:01 [scrapy.core.engine] DEBUG: Crawled (200) <GET https://www.rightmove.co.uk/api/_search?locationIdentifier=OUTCODE%5E11&numberOfPropertiesPerPage=24&radius=10.0&sortType=6&index=50&includeLetAgreed=false&viewType=LIST&channel=RENT&areaSizeUnit=sqft&currencyCode=GBP&isFetching=false> (referer: https://www.rightmove.co.uk/property-to-rent/find.html?locationIdentifier=REGION%5E87490&index=24&propertyTypes=&includeLetAgreed=false&mustHave=&dontShow=&furnishTypes=&keywords=)
2023-03-27 16:36:02 [scrapy.core.engine] DEBUG: Crawled (200) <GET https://www.rightmove.co.uk/api/_search?locationIdentifier=OUTCODE%5E12&numberOfPropertiesPerPage=24&radius=10.0&sortType=6&index=0&includeLetAgreed=false&viewType=LIST&channel=RENT&areaSizeUnit=sqft&currencyCode=GBP&isFetching=false> (referer: https://www.rightmove.co.uk/property-to-rent/find.html?locationIdentifier=REGION%5E87490&index=24&propertyTypes=&includeLetAgreed=false&mustHave=&dontShow=&furnishTypes=&keywords=)
2023-03-27 16:36:02 [scrapy.core.engine] DEBUG: Crawled (200) <GET https://www.rightmove.co.uk/api/_search?locationIdentifier=OUTCODE%5E12&numberOfPropertiesPerPage=24&radius=10.0&sortType=6&index=25&includeLetAgreed=false&viewType=LIST&channel=RENT&areaSizeUnit=sqft&currencyCode=GBP&isFetching=false> (referer: https://www.rightmove.co.uk/property-to-rent/find.html?locationIdentifier=REGION%5E87490&index=24&propertyTypes=&includeLetAgreed=false&mustHave=&dontShow=&furnishTypes=&keywords=)
2023-03-27 16:36:02 [scrapy.core.engine] DEBUG: Crawled (200) <GET https://www.rightmove.co.uk/api/_search?locationIdentifier=OUTCODE%5E12&numberOfPropertiesPerPage=24&radius=10.0&sortType=6&index=75&includeLetAgreed=false&viewType=LIST&channel=RENT&areaSizeUnit=sqft&currencyCode=GBP&isFetching=false> (referer: https://www.rightmove.co.uk/property-to-rent/find.html?locationIdentifier=REGION%5E87490&index=24&propertyTypes=&includeLetAgreed=false&mustHave=&dontShow=&furnishTypes=&keywords=)
2023-03-27 16:36:02 [scrapy.core.engine] DEBUG: Crawled (200) <GET https://www.rightmove.co.uk/api/_search?locationIdentifier=OUTCODE%5E13&numberOfPropertiesPerPage=24&radius=10.0&sortType=6&index=75&includeLetAgreed=false&viewType=LIST&channel=RENT&areaSizeUnit=sqft&currencyCode=GBP&isFetching=false> (referer: https://www.rightmove.co.uk/property-to-rent/find.html?locationIdentifier=REGION%5E87490&index=24&propertyTypes=&includeLetAgreed=false&mustHave=&dontShow=&furnishTypes=&keywords=)
2023-03-27 16:36:02 [scrapy.core.engine] DEBUG: Crawled (200) <GET https://www.rightmove.co.uk/api/_search?locationIdentifier=OUTCODE%5E13&numberOfPropertiesPerPage=24&radius=10.0&sortType=6&index=50&includeLetAgreed=false&viewType=LIST&channel=RENT&areaSizeUnit=sqft&currencyCode=GBP&isFetching=false> (referer: https://www.rightmove.co.uk/property-to-rent/find.html?locationIdentifier=REGION%5E87490&index=24&propertyTypes=&includeLetAgreed=false&mustHave=&dontShow=&furnishTypes=&keywords=)
2023-03-27 16:36:02 [scrapy.core.engine] DEBUG: Crawled (200) <GET https://www.rightmove.co.uk/api/_search?locationIdentifier=OUTCODE%5E13&numberOfPropertiesPerPage=24&radius=10.0&sortType=6&index=25&includeLetAgreed=false&viewType=LIST&channel=RENT&areaSizeUnit=sqft&currencyCode=GBP&isFetching=false> (referer: https://www.rightmove.co.uk/property-to-rent/find.html?locationIdentifier=REGION%5E87490&index=24&propertyTypes=&includeLetAgreed=false&mustHave=&dontShow=&furnishTypes=&keywords=)
2023-03-27 16:36:02 [scrapy.core.engine] DEBUG: Crawled (200) <GET https://www.rightmove.co.uk/api/_search?locationIdentifier=OUTCODE%5E13&numberOfPropertiesPerPage=24&radius=10.0&sortType=6&index=0&includeLetAgreed=false&viewType=LIST&channel=RENT&areaSizeUnit=sqft&currencyCode=GBP&isFetching=false> (referer: https://www.rightmove.co.uk/property-to-rent/find.html?locationIdentifier=REGION%5E87490&index=24&propertyTypes=&includeLetAgreed=false&mustHave=&dontShow=&furnishTypes=&keywords=)
2023-03-27 16:36:02 [scrapy.core.engine] DEBUG: Crawled (200) <GET https://www.rightmove.co.uk/api/_search?locationIdentifier=OUTCODE%5E14&numberOfPropertiesPerPage=24&radius=10.0&sortType=6&index=0&includeLetAgreed=false&viewType=LIST&channel=RENT&areaSizeUnit=sqft&currencyCode=GBP&isFetching=false> (referer: https://www.rightmove.co.uk/property-to-rent/find.html?locationIdentifier=REGION%5E87490&index=24&propertyTypes=&includeLetAgreed=false&mustHave=&dontShow=&furnishTypes=&keywords=)
2023-03-27 16:36:02 [scrapy.core.engine] DEBUG: Crawled (200) <GET https://www.rightmove.co.uk/api/_search?locationIdentifier=OUTCODE%5E14&numberOfPropertiesPerPage=24&radius=10.0&sortType=6&index=50&includeLetAgreed=false&viewType=LIST&channel=RENT&areaSizeUnit=sqft&currencyCode=GBP&isFetching=false> (referer: https://www.rightmove.co.uk/property-to-rent/find.html?locationIdentifier=REGION%5E87490&index=24&propertyTypes=&includeLetAgreed=false&mustHave=&dontShow=&furnishTypes=&keywords=)
2023-03-27 16:36:02 [scrapy.core.engine] DEBUG: Crawled (200) <GET https://www.rightmove.co.uk/api/_search?locationIdentifier=OUTCODE%5E9&numberOfPropertiesPerPage=24&radius=10.0&sortType=6&index=0&includeLetAgreed=false&viewType=LIST&channel=RENT&areaSizeUnit=sqft&currencyCode=GBP&isFetching=false> (referer: https://www.rightmove.co.uk/property-to-rent/find.html?locationIdentifier=REGION%5E87490&index=24&propertyTypes=&includeLetAgreed=false&mustHave=&dontShow=&furnishTypes=&keywords=)
2023-03-27 16:36:02 [scrapy.core.engine] DEBUG: Crawled (200) <GET https://www.rightmove.co.uk/api/_search?locationIdentifier=OUTCODE%5E14&numberOfPropertiesPerPage=24&radius=10.0&sortType=6&index=25&includeLetAgreed=false&viewType=LIST&channel=RENT&areaSizeUnit=sqft&currencyCode=GBP&isFetching=false> (referer: https://www.rightmove.co.uk/property-to-rent/find.html?locationIdentifier=REGION%5E87490&index=24&propertyTypes=&includeLetAgreed=false&mustHave=&dontShow=&furnishTypes=&keywords=)
2023-03-27 16:36:02 [scrapy.core.engine] DEBUG: Crawled (200) <GET https://www.rightmove.co.uk/api/_search?locationIdentifier=OUTCODE%5E15&numberOfPropertiesPerPage=24&radius=10.0&sortType=6&index=0&includeLetAgreed=false&viewType=LIST&channel=RENT&areaSizeUnit=sqft&currencyCode=GBP&isFetching=false> (referer: https://www.rightmove.co.uk/property-to-rent/find.html?locationIdentifier=REGION%5E87490&index=24&propertyTypes=&includeLetAgreed=false&mustHave=&dontShow=&furnishTypes=&keywords=)
2023-03-27 16:36:02 [scrapy.core.engine] DEBUG: Crawled (200) <GET https://www.rightmove.co.uk/api/_search?locationIdentifier=OUTCODE%5E14&numberOfPropertiesPerPage=24&radius=10.0&sortType=6&index=75&includeLetAgreed=false&viewType=LIST&channel=RENT&areaSizeUnit=sqft&currencyCode=GBP&isFetching=false> (referer: https://www.rightmove.co.uk/property-to-rent/find.html?locationIdentifier=REGION%5E87490&index=24&propertyTypes=&includeLetAgreed=false&mustHave=&dontShow=&furnishTypes=&keywords=)
2023-03-27 16:36:02 [scrapy.core.engine] DEBUG: Crawled (200) <GET https://www.rightmove.co.uk/properties/132934124> (referer: https://www.rightmove.co.uk/property-to-rent/find.html?locationIdentifier=REGION%5E87490&index=24&propertyTypes=&includeLetAgreed=false&mustHave=&dontShow=&furnishTypes=&keywords=)
2023-03-27 16:36:02 [scrapy.core.engine] DEBUG: Crawled (200) <GET https://www.rightmove.co.uk/api/_search?locationIdentifier=OUTCODE%5E15&numberOfPropertiesPerPage=24&radius=10.0&sortType=6&index=25&includeLetAgreed=false&viewType=LIST&channel=RENT&areaSizeUnit=sqft&currencyCode=GBP&isFetching=false> (referer: https://www.rightmove.co.uk/property-to-rent/find.html?locationIdentifier=REGION%5E87490&index=24&propertyTypes=&includeLetAgreed=false&mustHave=&dontShow=&furnishTypes=&keywords=)
2023-03-27 16:36:02 [scrapy.core.engine] DEBUG: Crawled (200) <GET https://www.rightmove.co.uk/api/_search?locationIdentifier=OUTCODE%5E15&numberOfPropertiesPerPage=24&radius=10.0&sortType=6&index=75&includeLetAgreed=false&viewType=LIST&channel=RENT&areaSizeUnit=sqft&currencyCode=GBP&isFetching=false> (referer: https://www.rightmove.co.uk/property-to-rent/find.html?locationIdentifier=REGION%5E87490&index=24&propertyTypes=&includeLetAgreed=false&mustHave=&dontShow=&furnishTypes=&keywords=)
2023-03-27 16:36:02 [scrapy.core.engine] DEBUG: Crawled (200) <GET https://www.rightmove.co.uk/api/_search?locationIdentifier=OUTCODE%5E15&numberOfPropertiesPerPage=24&radius=10.0&sortType=6&index=50&includeLetAgreed=false&viewType=LIST&channel=RENT&areaSizeUnit=sqft&currencyCode=GBP&isFetching=false> (referer: https://www.rightmove.co.uk/property-to-rent/find.html?locationIdentifier=REGION%5E87490&index=24&propertyTypes=&includeLetAgreed=false&mustHave=&dontShow=&furnishTypes=&keywords=)
2023-03-27 16:36:02 [scrapy.core.scraper] DEBUG: Scraped from <200 https://www.rightmove.co.uk/properties/132934124>
7
2023-03-27 16:36:02 [scrapy.core.engine] DEBUG: Crawled (200) <GET https://www.rightmove.co.uk/api/_search?locationIdentifier=OUTCODE%5E16&numberOfPropertiesPerPage=24&radius=10.0&sortType=6&index=0&includeLetAgreed=false&viewType=LIST&channel=RENT&areaSizeUnit=sqft&currencyCode=GBP&isFetching=false> (referer: https://www.rightmove.co.uk/property-to-rent/find.html?locationIdentifier=REGION%5E87490&index=24&propertyTypes=&includeLetAgreed=false&mustHave=&dontShow=&furnishTypes=&keywords=)
2023-03-27 16:36:02 [scrapy.core.engine] DEBUG: Crawled (200) <GET https://www.rightmove.co.uk/api/_search?locationIdentifier=OUTCODE%5E16&numberOfPropertiesPerPage=24&radius=10.0&sortType=6&index=25&includeLetAgreed=false&viewType=LIST&channel=RENT&areaSizeUnit=sqft&currencyCode=GBP&isFetching=false> (referer: https://www.rightmove.co.uk/property-to-rent/find.html?locationIdentifier=REGION%5E87490&index=24&propertyTypes=&includeLetAgreed=false&mustHave=&dontShow=&furnishTypes=&keywords=)
2023-03-27 16:36:02 [scrapy.core.engine] DEBUG: Crawled (200) <GET https://www.rightmove.co.uk/api/_search?locationIdentifier=OUTCODE%5E16&numberOfPropertiesPerPage=24&radius=10.0&sortType=6&index=50&includeLetAgreed=false&viewType=LIST&channel=RENT&areaSizeUnit=sqft&currencyCode=GBP&isFetching=false> (referer: https://www.rightmove.co.uk/property-to-rent/find.html?locationIdentifier=REGION%5E87490&index=24&propertyTypes=&includeLetAgreed=false&mustHave=&dontShow=&furnishTypes=&keywords=)
2023-03-27 16:36:02 [scrapy.core.engine] DEBUG: Crawled (200) <GET https://www.rightmove.co.uk/api/_search?locationIdentifier=OUTCODE%5E10&numberOfPropertiesPerPage=24&radius=10.0&sortType=6&index=25&includeLetAgreed=false&viewType=LIST&channel=RENT&areaSizeUnit=sqft&currencyCode=GBP&isFetching=false> (referer: https://www.rightmove.co.uk/property-to-rent/find.html?locationIdentifier=REGION%5E87490&index=24&propertyTypes=&includeLetAgreed=false&mustHave=&dontShow=&furnishTypes=&keywords=)
2023-03-27 16:36:03 [scrapy.core.engine] DEBUG: Crawled (200) <GET https://www.rightmove.co.uk/properties/132520730> (referer: https://www.rightmove.co.uk/property-to-rent/find.html?locationIdentifier=REGION%5E87490&index=24&propertyTypes=&includeLetAgreed=false&mustHave=&dontShow=&furnishTypes=&keywords=)
2023-03-27 16:36:03 [scrapy.core.scraper] DEBUG: Scraped from <200 https://www.rightmove.co.uk/properties/132520730>
8
2023-03-27 16:36:03 [scrapy.crawler] INFO: Received SIGTERM, shutting down gracefully. Send again to force 
2023-03-27 16:36:03 [scrapy.core.engine] INFO: Closing spider (shutdown)
2023-03-27 16:36:03 [scrapy.core.engine] DEBUG: Crawled (200) <GET https://www.rightmove.co.uk/properties/111562682> (referer: https://www.rightmove.co.uk/property-to-rent/find.html?locationIdentifier=REGION%5E87490&index=24&propertyTypes=&includeLetAgreed=false&mustHave=&dontShow=&furnishTypes=&keywords=)
2023-03-27 16:36:03 [scrapy.core.engine] DEBUG: Crawled (200) <GET https://www.rightmove.co.uk/properties/130106714> (referer: https://www.rightmove.co.uk/property-to-rent/find.html?locationIdentifier=REGION%5E87490&index=24&propertyTypes=&includeLetAgreed=false&mustHave=&dontShow=&furnishTypes=&keywords=)
2023-03-27 16:36:04 [scrapy.core.scraper] DEBUG: Scraped from <200 https://www.rightmove.co.uk/properties/111562682>
9
2023-03-27 16:36:04 [scrapy.core.scraper] DEBUG: Scraped from <200 https://www.rightmove.co.uk/properties/130106714>
10
2023-03-27 16:36:04 [scrapy.core.engine] DEBUG: Crawled (200) <GET https://www.rightmove.co.uk/properties/130891007> (referer: https://www.rightmove.co.uk/property-to-rent/find.html?locationIdentifier=REGION%5E87490&index=24&propertyTypes=&includeLetAgreed=false&mustHave=&dontShow=&furnishTypes=&keywords=)
2023-03-27 16:36:04 [scrapy.core.engine] DEBUG: Crawled (200) <GET https://www.rightmove.co.uk/properties/127580510> (referer: https://www.rightmove.co.uk/property-to-rent/find.html?locationIdentifier=REGION%5E87490&index=24&propertyTypes=&includeLetAgreed=false&mustHave=&dontShow=&furnishTypes=&keywords=)
2023-03-27 16:36:04 [scrapy.core.scraper] DEBUG: Scraped from <200 https://www.rightmove.co.uk/properties/130891007>
11
2023-03-27 16:36:04 [scrapy.core.scraper] DEBUG: Scraped from <200 https://www.rightmove.co.uk/properties/127580510>
12
2023-03-27 16:36:04 [scrapy.core.engine] DEBUG: Crawled (200) <GET https://www.rightmove.co.uk/properties/111561503> (referer: https://www.rightmove.co.uk/property-to-rent/find.html?locationIdentifier=REGION%5E87490&index=24&propertyTypes=&includeLetAgreed=false&mustHave=&dontShow=&furnishTypes=&keywords=)
2023-03-27 16:36:04 [scrapy.core.scraper] DEBUG: Scraped from <200 https://www.rightmove.co.uk/properties/111561503>
13
2023-03-27 16:36:05 [scrapy.core.engine] DEBUG: Crawled (200) <GET https://www.rightmove.co.uk/properties/81352686> (referer: https://www.rightmove.co.uk/property-to-rent/find.html?locationIdentifier=REGION%5E87490&index=24&propertyTypes=&includeLetAgreed=false&mustHave=&dontShow=&furnishTypes=&keywords=)
2023-03-27 16:36:05 [scrapy.core.engine] DEBUG: Crawled (200) <GET https://www.rightmove.co.uk/properties/111562691> (referer: https://www.rightmove.co.uk/property-to-rent/find.html?locationIdentifier=REGION%5E87490&index=24&propertyTypes=&includeLetAgreed=false&mustHave=&dontShow=&furnishTypes=&keywords=)
2023-03-27 16:36:05 [scrapy.core.engine] DEBUG: Crawled (200) <GET https://www.rightmove.co.uk/properties/132525839> (referer: https://www.rightmove.co.uk/property-to-rent/find.html?locationIdentifier=REGION%5E87490&index=24&propertyTypes=&includeLetAgreed=false&mustHave=&dontShow=&furnishTypes=&keywords=)
2023-03-27 16:36:05 [scrapy.core.scraper] DEBUG: Scraped from <200 https://www.rightmove.co.uk/properties/81352686>
14
2023-03-27 16:36:05 [scrapy.core.scraper] DEBUG: Scraped from <200 https://www.rightmove.co.uk/properties/111562691>
15
2023-03-27 16:36:05 [scrapy.core.scraper] DEBUG: Scraped from <200 https://www.rightmove.co.uk/properties/132525839>
16
2023-03-27 16:36:05 [scrapy.core.engine] DEBUG: Crawled (200) <GET https://www.rightmove.co.uk/properties/81353316> (referer: https://www.rightmove.co.uk/property-to-rent/find.html?locationIdentifier=REGION%5E87490&index=24&propertyTypes=&includeLetAgreed=false&mustHave=&dontShow=&furnishTypes=&keywords=)
2023-03-27 16:36:05 [scrapy.core.engine] DEBUG: Crawled (200) <GET https://www.rightmove.co.uk/properties/132896078> (referer: https://www.rightmove.co.uk/property-to-rent/find.html?locationIdentifier=REGION%5E87490&index=24&propertyTypes=&includeLetAgreed=false&mustHave=&dontShow=&furnishTypes=&keywords=)
2023-03-27 16:36:05 [scrapy.crawler] INFO: Received SIGTERM twice, forcing unclean shutdown
2023-03-27 16:36:05 [scrapy.core.downloader.handlers.http11] WARNING: Got data loss in https://www.rightmove.co.uk/properties/130627022. If you want to process broken responses set the setting DOWNLOAD_FAIL_ON_DATALOSS = False -- This message won't be shown in further requests
2023-03-27 16:36:05 [scrapy.downloadermiddlewares.retry] DEBUG: Retrying <GET https://www.rightmove.co.uk/properties/130627022> (failed 1 times): [<twisted.python.failure.Failure twisted.internet.error.ConnectionLost: Connection to the other side was lost in a non-clean fashion: Connection lost.>, <twisted.python.failure.Failure twisted.web.http._DataLoss: >]
2023-03-27 16:36:05 [scrapy.core.downloader.handlers.http11] WARNING: Got data loss in https://www.rightmove.co.uk/properties/116115083. If you want to process broken responses set the setting DOWNLOAD_FAIL_ON_DATALOSS = False -- This message won't be shown in further requests
2023-03-27 16:36:05 [scrapy.downloadermiddlewares.retry] DEBUG: Retrying <GET https://www.rightmove.co.uk/properties/116115083> (failed 1 times): [<twisted.python.failure.Failure twisted.internet.error.ConnectionLost: Connection to the other side was lost in a non-clean fashion: Connection lost.>, <twisted.python.failure.Failure twisted.web.http._DataLoss: >]
2023-03-27 16:36:05 [scrapy.core.downloader.handlers.http11] WARNING: Got data loss in https://www.rightmove.co.uk/properties/132557981. If you want to process broken responses set the setting DOWNLOAD_FAIL_ON_DATALOSS = False -- This message won't be shown in further requests
2023-03-27 16:36:05 [scrapy.downloadermiddlewares.retry] DEBUG: Retrying <GET https://www.rightmove.co.uk/properties/132557981> (failed 1 times): [<twisted.python.failure.Failure twisted.internet.error.ConnectionLost: Connection to the other side was lost in a non-clean fashion: Connection lost.>, <twisted.python.failure.Failure twisted.web.http._DataLoss: >]
2023-03-27 16:36:05 [scrapy.core.downloader.handlers.http11] WARNING: Got data loss in https://www.rightmove.co.uk/properties/126852017. If you want to process broken responses set the setting DOWNLOAD_FAIL_ON_DATALOSS = False -- This message won't be shown in further requests
2023-03-27 16:36:05 [scrapy.downloadermiddlewares.retry] DEBUG: Retrying <GET https://www.rightmove.co.uk/properties/126852017> (failed 1 times): [<twisted.python.failure.Failure twisted.internet.error.ConnectionLost: Connection to the other side was lost in a non-clean fashion: Connection lost.>, <twisted.python.failure.Failure twisted.web.http._DataLoss: >]
2023-03-27 16:36:05 [scrapy.core.downloader.handlers.http11] WARNING: Got data loss in https://www.rightmove.co.uk/properties/132080804. If you want to process broken responses set the setting DOWNLOAD_FAIL_ON_DATALOSS = False -- This message won't be shown in further requests
2023-03-27 16:36:05 [scrapy.downloadermiddlewares.retry] DEBUG: Retrying <GET https://www.rightmove.co.uk/properties/132080804> (failed 1 times): [<twisted.python.failure.Failure twisted.internet.error.ConnectionLost: Connection to the other side was lost in a non-clean fashion: Connection lost.>, <twisted.python.failure.Failure twisted.web.http._DataLoss: >]
2023-03-27 16:36:05 [scrapy.core.downloader.handlers.http11] WARNING: Got data loss in https://www.rightmove.co.uk/properties/81354327. If you want to process broken responses set the setting DOWNLOAD_FAIL_ON_DATALOSS = False -- This message won't be shown in further requests
2023-03-27 16:36:05 [scrapy.downloadermiddlewares.retry] DEBUG: Retrying <GET https://www.rightmove.co.uk/properties/81354327> (failed 1 times): [<twisted.python.failure.Failure twisted.internet.error.ConnectionLost: Connection to the other side was lost in a non-clean fashion: Connection lost.>, <twisted.python.failure.Failure twisted.web.http._DataLoss: >]
