2023-03-27 13:25:24 [scrapy.utils.log] INFO: Scrapy 2.8.0 started (bot: real_estate_extraction)
2023-03-27 13:25:24 [scrapy.utils.log] INFO: Versions: lxml 4.9.2.0, libxml2 2.9.14, cssselect 1.2.0, parsel 1.7.0, w3lib 2.1.1, Twisted 22.10.0, Python 3.9.2 (default, Feb 28 2021, 17:03:44) - [GCC 10.2.1 20210110], pyOpenSSL 23.1.0 (OpenSSL 3.1.0 14 Mar 2023), cryptography 40.0.1, Platform Linux-5.15.49-linuxkit-aarch64-with-glibc2.31
2023-03-27 13:25:24 [scrapy.crawler] INFO: Overridden settings:
{'BOT_NAME': 'real_estate_extraction',
 'LOG_FILE': '/var/lib/scrapyd/logs/real_estate_extraction/rightmove/cf3aa1becca211eda6320242ac180002.log',
 'NEWSPIDER_MODULE': 'real_estate_extraction.spiders',
 'SPIDER_MODULES': ['real_estate_extraction.spiders']}
2023-03-27 13:25:24 [py.warnings] WARNING: /usr/local/lib/python3.9/dist-packages/scrapy/utils/request.py:232: ScrapyDeprecationWarning: '2.6' is a deprecated value for the 'REQUEST_FINGERPRINTER_IMPLEMENTATION' setting.

It is also the default value. In other words, it is normal to get this warning if you have not defined a value for the 'REQUEST_FINGERPRINTER_IMPLEMENTATION' setting. This is so for backward compatibility reasons, but it will change in a future version of Scrapy.

See the documentation of the 'REQUEST_FINGERPRINTER_IMPLEMENTATION' setting for information on how to handle this deprecation.
  return cls(crawler)

2023-03-27 13:25:24 [scrapy.utils.log] DEBUG: Using reactor: twisted.internet.epollreactor.EPollReactor
2023-03-27 13:25:24 [scrapy.extensions.telnet] INFO: Telnet Password: a48531899965a109
2023-03-27 13:25:24 [scrapy.middleware] INFO: Enabled extensions:
['scrapy.extensions.corestats.CoreStats',
 'scrapy.extensions.telnet.TelnetConsole',
 'scrapy.extensions.memusage.MemoryUsage',
 'scrapy.extensions.logstats.LogStats']
2023-03-27 13:25:24 [scrapy.middleware] INFO: Enabled downloader middlewares:
['scrapy.downloadermiddlewares.httpauth.HttpAuthMiddleware',
 'scrapy.downloadermiddlewares.downloadtimeout.DownloadTimeoutMiddleware',
 'scrapy.downloadermiddlewares.defaultheaders.DefaultHeadersMiddleware',
 'scrapy.downloadermiddlewares.useragent.UserAgentMiddleware',
 'scrapy.downloadermiddlewares.retry.RetryMiddleware',
 'scrapy.downloadermiddlewares.redirect.MetaRefreshMiddleware',
 'scrapy.downloadermiddlewares.httpcompression.HttpCompressionMiddleware',
 'scrapy.downloadermiddlewares.redirect.RedirectMiddleware',
 'scrapy.downloadermiddlewares.cookies.CookiesMiddleware',
 'scrapy.downloadermiddlewares.httpproxy.HttpProxyMiddleware',
 'scrapy.downloadermiddlewares.stats.DownloaderStats']
2023-03-27 13:25:24 [scrapy.middleware] INFO: Enabled spider middlewares:
['scrapy.spidermiddlewares.httperror.HttpErrorMiddleware',
 'scrapy.spidermiddlewares.offsite.OffsiteMiddleware',
 'scrapy.spidermiddlewares.referer.RefererMiddleware',
 'scrapy.spidermiddlewares.urllength.UrlLengthMiddleware',
 'scrapy.spidermiddlewares.depth.DepthMiddleware']
2023-03-27 13:25:25 [scrapy.middleware] INFO: Enabled item pipelines:
['real_estate_extraction.pipelines.RealEstateExtractionPipeline']
2023-03-27 13:25:25 [scrapy.core.engine] INFO: Spider opened
2023-03-27 13:25:26 [scrapy.extensions.logstats] INFO: Crawled 0 pages (at 0 pages/min), scraped 0 items (at 0 items/min)
2023-03-27 13:25:26 [scrapy.extensions.telnet] INFO: Telnet console listening on 127.0.0.1:6025
2023-03-27 13:25:27 [scrapy.core.engine] DEBUG: Crawled (200) <GET https://www.rightmove.co.uk/api/_search?locationIdentifier=OUTCODE%5E2&numberOfPropertiesPerPage=24&radius=10.0&sortType=6&index=25&includeLetAgreed=false&viewType=LIST&channel=RENT&areaSizeUnit=sqft&currencyCode=GBP&isFetching=false> (referer: https://www.rightmove.co.uk/property-to-rent/find.html?locationIdentifier=REGION%5E87490&index=24&propertyTypes=&includeLetAgreed=false&mustHave=&dontShow=&furnishTypes=&keywords=)
2023-03-27 13:25:27 [scrapy.core.engine] DEBUG: Crawled (200) <GET https://www.rightmove.co.uk/api/_search?locationIdentifier=OUTCODE%5E1&numberOfPropertiesPerPage=24&radius=10.0&sortType=6&index=75&includeLetAgreed=false&viewType=LIST&channel=RENT&areaSizeUnit=sqft&currencyCode=GBP&isFetching=false> (referer: https://www.rightmove.co.uk/property-to-rent/find.html?locationIdentifier=REGION%5E87490&index=24&propertyTypes=&includeLetAgreed=false&mustHave=&dontShow=&furnishTypes=&keywords=)
2023-03-27 13:25:27 [scrapy.core.engine] DEBUG: Crawled (200) <GET https://www.rightmove.co.uk/api/_search?locationIdentifier=OUTCODE%5E1&numberOfPropertiesPerPage=24&radius=10.0&sortType=6&index=0&includeLetAgreed=false&viewType=LIST&channel=RENT&areaSizeUnit=sqft&currencyCode=GBP&isFetching=false> (referer: https://www.rightmove.co.uk/property-to-rent/find.html?locationIdentifier=REGION%5E87490&index=24&propertyTypes=&includeLetAgreed=false&mustHave=&dontShow=&furnishTypes=&keywords=)
2023-03-27 13:25:27 [scrapy.core.engine] DEBUG: Crawled (200) <GET https://www.rightmove.co.uk/api/_search?locationIdentifier=OUTCODE%5E1&numberOfPropertiesPerPage=24&radius=10.0&sortType=6&index=50&includeLetAgreed=false&viewType=LIST&channel=RENT&areaSizeUnit=sqft&currencyCode=GBP&isFetching=false> (referer: https://www.rightmove.co.uk/property-to-rent/find.html?locationIdentifier=REGION%5E87490&index=24&propertyTypes=&includeLetAgreed=false&mustHave=&dontShow=&furnishTypes=&keywords=)
2023-03-27 13:25:27 [scrapy.core.engine] DEBUG: Crawled (200) <GET https://www.rightmove.co.uk/api/_search?locationIdentifier=OUTCODE%5E2&numberOfPropertiesPerPage=24&radius=10.0&sortType=6&index=50&includeLetAgreed=false&viewType=LIST&channel=RENT&areaSizeUnit=sqft&currencyCode=GBP&isFetching=false> (referer: https://www.rightmove.co.uk/property-to-rent/find.html?locationIdentifier=REGION%5E87490&index=24&propertyTypes=&includeLetAgreed=false&mustHave=&dontShow=&furnishTypes=&keywords=)
2023-03-27 13:25:28 [scrapy.dupefilters] DEBUG: Filtered duplicate request: <GET https://www.rightmove.co.uk/properties/132896066> - no more duplicates will be shown (see DUPEFILTER_DEBUG to show all duplicates)
2023-03-27 13:25:28 [scrapy.core.engine] DEBUG: Crawled (200) <GET https://www.rightmove.co.uk/api/_search?locationIdentifier=OUTCODE%5E3&numberOfPropertiesPerPage=24&radius=10.0&sortType=6&index=0&includeLetAgreed=false&viewType=LIST&channel=RENT&areaSizeUnit=sqft&currencyCode=GBP&isFetching=false> (referer: https://www.rightmove.co.uk/property-to-rent/find.html?locationIdentifier=REGION%5E87490&index=24&propertyTypes=&includeLetAgreed=false&mustHave=&dontShow=&furnishTypes=&keywords=)
2023-03-27 13:25:28 [scrapy.core.engine] DEBUG: Crawled (200) <GET https://www.rightmove.co.uk/api/_search?locationIdentifier=OUTCODE%5E2&numberOfPropertiesPerPage=24&radius=10.0&sortType=6&index=0&includeLetAgreed=false&viewType=LIST&channel=RENT&areaSizeUnit=sqft&currencyCode=GBP&isFetching=false> (referer: https://www.rightmove.co.uk/property-to-rent/find.html?locationIdentifier=REGION%5E87490&index=24&propertyTypes=&includeLetAgreed=false&mustHave=&dontShow=&furnishTypes=&keywords=)
2023-03-27 13:25:28 [scrapy.core.engine] DEBUG: Crawled (200) <GET https://www.rightmove.co.uk/api/_search?locationIdentifier=OUTCODE%5E4&numberOfPropertiesPerPage=24&radius=10.0&sortType=6&index=25&includeLetAgreed=false&viewType=LIST&channel=RENT&areaSizeUnit=sqft&currencyCode=GBP&isFetching=false> (referer: https://www.rightmove.co.uk/property-to-rent/find.html?locationIdentifier=REGION%5E87490&index=24&propertyTypes=&includeLetAgreed=false&mustHave=&dontShow=&furnishTypes=&keywords=)
2023-03-27 13:25:28 [scrapy.core.engine] DEBUG: Crawled (200) <GET https://www.rightmove.co.uk/api/_search?locationIdentifier=OUTCODE%5E2&numberOfPropertiesPerPage=24&radius=10.0&sortType=6&index=75&includeLetAgreed=false&viewType=LIST&channel=RENT&areaSizeUnit=sqft&currencyCode=GBP&isFetching=false> (referer: https://www.rightmove.co.uk/property-to-rent/find.html?locationIdentifier=REGION%5E87490&index=24&propertyTypes=&includeLetAgreed=false&mustHave=&dontShow=&furnishTypes=&keywords=)
2023-03-27 13:25:28 [scrapy.core.engine] DEBUG: Crawled (200) <GET https://www.rightmove.co.uk/api/_search?locationIdentifier=OUTCODE%5E3&numberOfPropertiesPerPage=24&radius=10.0&sortType=6&index=25&includeLetAgreed=false&viewType=LIST&channel=RENT&areaSizeUnit=sqft&currencyCode=GBP&isFetching=false> (referer: https://www.rightmove.co.uk/property-to-rent/find.html?locationIdentifier=REGION%5E87490&index=24&propertyTypes=&includeLetAgreed=false&mustHave=&dontShow=&furnishTypes=&keywords=)
2023-03-27 13:25:28 [scrapy.core.engine] DEBUG: Crawled (200) <GET https://www.rightmove.co.uk/api/_search?locationIdentifier=OUTCODE%5E4&numberOfPropertiesPerPage=24&radius=10.0&sortType=6&index=0&includeLetAgreed=false&viewType=LIST&channel=RENT&areaSizeUnit=sqft&currencyCode=GBP&isFetching=false> (referer: https://www.rightmove.co.uk/property-to-rent/find.html?locationIdentifier=REGION%5E87490&index=24&propertyTypes=&includeLetAgreed=false&mustHave=&dontShow=&furnishTypes=&keywords=)
2023-03-27 13:25:28 [scrapy.core.engine] DEBUG: Crawled (200) <GET https://www.rightmove.co.uk/api/_search?locationIdentifier=OUTCODE%5E3&numberOfPropertiesPerPage=24&radius=10.0&sortType=6&index=50&includeLetAgreed=false&viewType=LIST&channel=RENT&areaSizeUnit=sqft&currencyCode=GBP&isFetching=false> (referer: https://www.rightmove.co.uk/property-to-rent/find.html?locationIdentifier=REGION%5E87490&index=24&propertyTypes=&includeLetAgreed=false&mustHave=&dontShow=&furnishTypes=&keywords=)
2023-03-27 13:25:29 [scrapy.core.engine] DEBUG: Crawled (200) <GET https://www.rightmove.co.uk/api/_search?locationIdentifier=OUTCODE%5E1&numberOfPropertiesPerPage=24&radius=10.0&sortType=6&index=25&includeLetAgreed=false&viewType=LIST&channel=RENT&areaSizeUnit=sqft&currencyCode=GBP&isFetching=false> (referer: https://www.rightmove.co.uk/property-to-rent/find.html?locationIdentifier=REGION%5E87490&index=24&propertyTypes=&includeLetAgreed=false&mustHave=&dontShow=&furnishTypes=&keywords=)
2023-03-27 13:25:29 [scrapy.core.engine] DEBUG: Crawled (200) <GET https://www.rightmove.co.uk/api/_search?locationIdentifier=OUTCODE%5E3&numberOfPropertiesPerPage=24&radius=10.0&sortType=6&index=75&includeLetAgreed=false&viewType=LIST&channel=RENT&areaSizeUnit=sqft&currencyCode=GBP&isFetching=false> (referer: https://www.rightmove.co.uk/property-to-rent/find.html?locationIdentifier=REGION%5E87490&index=24&propertyTypes=&includeLetAgreed=false&mustHave=&dontShow=&furnishTypes=&keywords=)
2023-03-27 13:25:29 [scrapy.core.engine] DEBUG: Crawled (200) <GET https://www.rightmove.co.uk/api/_search?locationIdentifier=OUTCODE%5E4&numberOfPropertiesPerPage=24&radius=10.0&sortType=6&index=75&includeLetAgreed=false&viewType=LIST&channel=RENT&areaSizeUnit=sqft&currencyCode=GBP&isFetching=false> (referer: https://www.rightmove.co.uk/property-to-rent/find.html?locationIdentifier=REGION%5E87490&index=24&propertyTypes=&includeLetAgreed=false&mustHave=&dontShow=&furnishTypes=&keywords=)
2023-03-27 13:25:29 [scrapy.core.engine] DEBUG: Crawled (200) <GET https://www.rightmove.co.uk/api/_search?locationIdentifier=OUTCODE%5E4&numberOfPropertiesPerPage=24&radius=10.0&sortType=6&index=50&includeLetAgreed=false&viewType=LIST&channel=RENT&areaSizeUnit=sqft&currencyCode=GBP&isFetching=false> (referer: https://www.rightmove.co.uk/property-to-rent/find.html?locationIdentifier=REGION%5E87490&index=24&propertyTypes=&includeLetAgreed=false&mustHave=&dontShow=&furnishTypes=&keywords=)
2023-03-27 13:25:29 [scrapy.core.engine] DEBUG: Crawled (200) <GET https://www.rightmove.co.uk/api/_search?locationIdentifier=OUTCODE%5E5&numberOfPropertiesPerPage=24&radius=10.0&sortType=6&index=75&includeLetAgreed=false&viewType=LIST&channel=RENT&areaSizeUnit=sqft&currencyCode=GBP&isFetching=false> (referer: https://www.rightmove.co.uk/property-to-rent/find.html?locationIdentifier=REGION%5E87490&index=24&propertyTypes=&includeLetAgreed=false&mustHave=&dontShow=&furnishTypes=&keywords=)
2023-03-27 13:25:29 [scrapy.core.engine] DEBUG: Crawled (200) <GET https://www.rightmove.co.uk/api/_search?locationIdentifier=OUTCODE%5E5&numberOfPropertiesPerPage=24&radius=10.0&sortType=6&index=0&includeLetAgreed=false&viewType=LIST&channel=RENT&areaSizeUnit=sqft&currencyCode=GBP&isFetching=false> (referer: https://www.rightmove.co.uk/property-to-rent/find.html?locationIdentifier=REGION%5E87490&index=24&propertyTypes=&includeLetAgreed=false&mustHave=&dontShow=&furnishTypes=&keywords=)
2023-03-27 13:25:30 [scrapy.core.engine] DEBUG: Crawled (200) <GET https://www.rightmove.co.uk/api/_search?locationIdentifier=OUTCODE%5E5&numberOfPropertiesPerPage=24&radius=10.0&sortType=6&index=25&includeLetAgreed=false&viewType=LIST&channel=RENT&areaSizeUnit=sqft&currencyCode=GBP&isFetching=false> (referer: https://www.rightmove.co.uk/property-to-rent/find.html?locationIdentifier=REGION%5E87490&index=24&propertyTypes=&includeLetAgreed=false&mustHave=&dontShow=&furnishTypes=&keywords=)
2023-03-27 13:25:30 [scrapy.core.engine] DEBUG: Crawled (200) <GET https://www.rightmove.co.uk/api/_search?locationIdentifier=OUTCODE%5E5&numberOfPropertiesPerPage=24&radius=10.0&sortType=6&index=50&includeLetAgreed=false&viewType=LIST&channel=RENT&areaSizeUnit=sqft&currencyCode=GBP&isFetching=false> (referer: https://www.rightmove.co.uk/property-to-rent/find.html?locationIdentifier=REGION%5E87490&index=24&propertyTypes=&includeLetAgreed=false&mustHave=&dontShow=&furnishTypes=&keywords=)
2023-03-27 13:25:31 [scrapy.core.engine] DEBUG: Crawled (200) <GET https://www.rightmove.co.uk/api/_search?locationIdentifier=OUTCODE%5E6&numberOfPropertiesPerPage=24&radius=10.0&sortType=6&index=0&includeLetAgreed=false&viewType=LIST&channel=RENT&areaSizeUnit=sqft&currencyCode=GBP&isFetching=false> (referer: https://www.rightmove.co.uk/property-to-rent/find.html?locationIdentifier=REGION%5E87490&index=24&propertyTypes=&includeLetAgreed=false&mustHave=&dontShow=&furnishTypes=&keywords=)
2023-03-27 13:25:32 [scrapy.core.engine] DEBUG: Crawled (200) <GET https://www.rightmove.co.uk/properties/132931811> (referer: https://www.rightmove.co.uk/property-to-rent/find.html?locationIdentifier=REGION%5E87490&index=24&propertyTypes=&includeLetAgreed=false&mustHave=&dontShow=&furnishTypes=&keywords=)
2023-03-27 13:25:33 [scrapy.core.scraper] DEBUG: Scraped from <200 https://www.rightmove.co.uk/properties/132931811>
1
2023-03-27 13:25:34 [scrapy.core.engine] DEBUG: Crawled (200) <GET https://www.rightmove.co.uk/properties/132939941> (referer: https://www.rightmove.co.uk/property-to-rent/find.html?locationIdentifier=REGION%5E87490&index=24&propertyTypes=&includeLetAgreed=false&mustHave=&dontShow=&furnishTypes=&keywords=)
2023-03-27 13:25:34 [scrapy.core.scraper] DEBUG: Scraped from <200 https://www.rightmove.co.uk/properties/132939941>
2
2023-03-27 13:25:34 [scrapy.core.engine] DEBUG: Crawled (200) <GET https://www.rightmove.co.uk/properties/132929297> (referer: https://www.rightmove.co.uk/property-to-rent/find.html?locationIdentifier=REGION%5E87490&index=24&propertyTypes=&includeLetAgreed=false&mustHave=&dontShow=&furnishTypes=&keywords=)
2023-03-27 13:25:34 [scrapy.core.engine] DEBUG: Crawled (200) <GET https://www.rightmove.co.uk/properties/132933008> (referer: https://www.rightmove.co.uk/property-to-rent/find.html?locationIdentifier=REGION%5E87490&index=24&propertyTypes=&includeLetAgreed=false&mustHave=&dontShow=&furnishTypes=&keywords=)
2023-03-27 13:25:34 [scrapy.core.scraper] DEBUG: Scraped from <200 https://www.rightmove.co.uk/properties/132929297>
3
2023-03-27 13:25:35 [scrapy.core.scraper] DEBUG: Scraped from <200 https://www.rightmove.co.uk/properties/132933008>
4
2023-03-27 13:25:35 [scrapy.core.engine] DEBUG: Crawled (200) <GET https://www.rightmove.co.uk/properties/132469985> (referer: https://www.rightmove.co.uk/property-to-rent/find.html?locationIdentifier=REGION%5E87490&index=24&propertyTypes=&includeLetAgreed=false&mustHave=&dontShow=&furnishTypes=&keywords=)
2023-03-27 13:25:35 [scrapy.core.scraper] DEBUG: Scraped from <200 https://www.rightmove.co.uk/properties/132469985>
5
2023-03-27 13:25:35 [scrapy.core.engine] DEBUG: Crawled (200) <GET https://www.rightmove.co.uk/properties/129812885> (referer: https://www.rightmove.co.uk/property-to-rent/find.html?locationIdentifier=REGION%5E87490&index=24&propertyTypes=&includeLetAgreed=false&mustHave=&dontShow=&furnishTypes=&keywords=)
2023-03-27 13:25:35 [scrapy.core.engine] DEBUG: Crawled (200) <GET https://www.rightmove.co.uk/properties/132922388> (referer: https://www.rightmove.co.uk/property-to-rent/find.html?locationIdentifier=REGION%5E87490&index=24&propertyTypes=&includeLetAgreed=false&mustHave=&dontShow=&furnishTypes=&keywords=)
2023-03-27 13:25:35 [scrapy.core.scraper] DEBUG: Scraped from <200 https://www.rightmove.co.uk/properties/129812885>
6
2023-03-27 13:25:35 [scrapy.core.scraper] DEBUG: Scraped from <200 https://www.rightmove.co.uk/properties/132922388>
7
2023-03-27 13:25:36 [scrapy.core.engine] DEBUG: Crawled (200) <GET https://www.rightmove.co.uk/properties/132934346> (referer: https://www.rightmove.co.uk/property-to-rent/find.html?locationIdentifier=REGION%5E87490&index=24&propertyTypes=&includeLetAgreed=false&mustHave=&dontShow=&furnishTypes=&keywords=)
2023-03-27 13:25:36 [scrapy.core.engine] DEBUG: Crawled (200) <GET https://www.rightmove.co.uk/properties/131134463> (referer: https://www.rightmove.co.uk/property-to-rent/find.html?locationIdentifier=REGION%5E87490&index=24&propertyTypes=&includeLetAgreed=false&mustHave=&dontShow=&furnishTypes=&keywords=)
2023-03-27 13:25:36 [scrapy.core.scraper] DEBUG: Scraped from <200 https://www.rightmove.co.uk/properties/132934346>
8
2023-03-27 13:25:36 [scrapy.core.engine] DEBUG: Crawled (200) <GET https://www.rightmove.co.uk/properties/132934271> (referer: https://www.rightmove.co.uk/property-to-rent/find.html?locationIdentifier=REGION%5E87490&index=24&propertyTypes=&includeLetAgreed=false&mustHave=&dontShow=&furnishTypes=&keywords=)
2023-03-27 13:25:36 [scrapy.core.scraper] DEBUG: Scraped from <200 https://www.rightmove.co.uk/properties/131134463>
9
2023-03-27 13:25:36 [scrapy.core.scraper] DEBUG: Scraped from <200 https://www.rightmove.co.uk/properties/132934271>
10
2023-03-27 13:25:36 [scrapy.core.engine] DEBUG: Crawled (200) <GET https://www.rightmove.co.uk/properties/132939938> (referer: https://www.rightmove.co.uk/property-to-rent/find.html?locationIdentifier=REGION%5E87490&index=24&propertyTypes=&includeLetAgreed=false&mustHave=&dontShow=&furnishTypes=&keywords=)
2023-03-27 13:25:36 [scrapy.core.scraper] DEBUG: Scraped from <200 https://www.rightmove.co.uk/properties/132939938>
11
2023-03-27 13:25:37 [scrapy.core.engine] DEBUG: Crawled (200) <GET https://www.rightmove.co.uk/properties/128407463> (referer: https://www.rightmove.co.uk/property-to-rent/find.html?locationIdentifier=REGION%5E87490&index=24&propertyTypes=&includeLetAgreed=false&mustHave=&dontShow=&furnishTypes=&keywords=)
2023-03-27 13:25:37 [scrapy.core.scraper] DEBUG: Scraped from <200 https://www.rightmove.co.uk/properties/128407463>
12
2023-03-27 13:25:37 [scrapy.core.engine] DEBUG: Crawled (200) <GET https://www.rightmove.co.uk/properties/132939944> (referer: https://www.rightmove.co.uk/property-to-rent/find.html?locationIdentifier=REGION%5E87490&index=24&propertyTypes=&includeLetAgreed=false&mustHave=&dontShow=&furnishTypes=&keywords=)
2023-03-27 13:25:38 [scrapy.core.scraper] DEBUG: Scraped from <200 https://www.rightmove.co.uk/properties/132939944>
13
2023-03-27 13:25:38 [scrapy.core.engine] DEBUG: Crawled (200) <GET https://www.rightmove.co.uk/properties/132952940> (referer: https://www.rightmove.co.uk/property-to-rent/find.html?locationIdentifier=REGION%5E87490&index=24&propertyTypes=&includeLetAgreed=false&mustHave=&dontShow=&furnishTypes=&keywords=)
2023-03-27 13:25:38 [scrapy.core.scraper] DEBUG: Scraped from <200 https://www.rightmove.co.uk/properties/132952940>
14
2023-03-27 13:25:39 [scrapy.core.engine] DEBUG: Crawled (200) <GET https://www.rightmove.co.uk/properties/132954737> (referer: https://www.rightmove.co.uk/property-to-rent/find.html?locationIdentifier=REGION%5E87490&index=24&propertyTypes=&includeLetAgreed=false&mustHave=&dontShow=&furnishTypes=&keywords=)
2023-03-27 13:25:39 [scrapy.core.engine] DEBUG: Crawled (200) <GET https://www.rightmove.co.uk/properties/132896078> (referer: https://www.rightmove.co.uk/property-to-rent/find.html?locationIdentifier=REGION%5E87490&index=24&propertyTypes=&includeLetAgreed=false&mustHave=&dontShow=&furnishTypes=&keywords=)
2023-03-27 13:25:39 [scrapy.core.engine] DEBUG: Crawled (200) <GET https://www.rightmove.co.uk/properties/132961244> (referer: https://www.rightmove.co.uk/property-to-rent/find.html?locationIdentifier=REGION%5E87490&index=24&propertyTypes=&includeLetAgreed=false&mustHave=&dontShow=&furnishTypes=&keywords=)
2023-03-27 13:25:39 [scrapy.core.scraper] DEBUG: Scraped from <200 https://www.rightmove.co.uk/properties/132954737>
15
2023-03-27 13:25:39 [scrapy.core.engine] DEBUG: Crawled (200) <GET https://www.rightmove.co.uk/properties/132064436> (referer: https://www.rightmove.co.uk/property-to-rent/find.html?locationIdentifier=REGION%5E87490&index=24&propertyTypes=&includeLetAgreed=false&mustHave=&dontShow=&furnishTypes=&keywords=)
2023-03-27 13:25:39 [scrapy.core.scraper] DEBUG: Scraped from <200 https://www.rightmove.co.uk/properties/132896078>
16
2023-03-27 13:25:39 [scrapy.core.scraper] DEBUG: Scraped from <200 https://www.rightmove.co.uk/properties/132961244>
17
2023-03-27 13:25:39 [scrapy.core.scraper] DEBUG: Scraped from <200 https://www.rightmove.co.uk/properties/132064436>
18
2023-03-27 13:25:40 [scrapy.core.engine] DEBUG: Crawled (200) <GET https://www.rightmove.co.uk/properties/127580510> (referer: https://www.rightmove.co.uk/property-to-rent/find.html?locationIdentifier=REGION%5E87490&index=24&propertyTypes=&includeLetAgreed=false&mustHave=&dontShow=&furnishTypes=&keywords=)
2023-03-27 13:25:41 [scrapy.core.scraper] DEBUG: Scraped from <200 https://www.rightmove.co.uk/properties/127580510>
19
2023-03-27 13:25:41 [scrapy.core.engine] DEBUG: Crawled (200) <GET https://www.rightmove.co.uk/properties/132966167> (referer: https://www.rightmove.co.uk/property-to-rent/find.html?locationIdentifier=REGION%5E87490&index=24&propertyTypes=&includeLetAgreed=false&mustHave=&dontShow=&furnishTypes=&keywords=)
2023-03-27 13:25:42 [scrapy.core.scraper] DEBUG: Scraped from <200 https://www.rightmove.co.uk/properties/132966167>
20
2023-03-27 13:25:45 [scrapy.core.engine] DEBUG: Crawled (200) <GET https://www.rightmove.co.uk/properties/132741392> (referer: https://www.rightmove.co.uk/property-to-rent/find.html?locationIdentifier=REGION%5E87490&index=24&propertyTypes=&includeLetAgreed=false&mustHave=&dontShow=&furnishTypes=&keywords=)
2023-03-27 13:25:45 [scrapy.core.engine] DEBUG: Crawled (200) <GET https://www.rightmove.co.uk/properties/132966056> (referer: https://www.rightmove.co.uk/property-to-rent/find.html?locationIdentifier=REGION%5E87490&index=24&propertyTypes=&includeLetAgreed=false&mustHave=&dontShow=&furnishTypes=&keywords=)
2023-03-27 13:25:45 [scrapy.core.scraper] DEBUG: Scraped from <200 https://www.rightmove.co.uk/properties/132741392>
21
2023-03-27 13:25:45 [scrapy.core.scraper] DEBUG: Scraped from <200 https://www.rightmove.co.uk/properties/132966056>
22
2023-03-27 13:25:45 [scrapy.core.engine] DEBUG: Crawled (200) <GET https://www.rightmove.co.uk/properties/132896087> (referer: https://www.rightmove.co.uk/property-to-rent/find.html?locationIdentifier=REGION%5E87490&index=24&propertyTypes=&includeLetAgreed=false&mustHave=&dontShow=&furnishTypes=&keywords=)
2023-03-27 13:25:45 [scrapy.core.scraper] DEBUG: Scraped from <200 https://www.rightmove.co.uk/properties/132896087>
23
2023-03-27 13:25:45 [scrapy.core.engine] DEBUG: Crawled (200) <GET https://www.rightmove.co.uk/properties/132654749> (referer: https://www.rightmove.co.uk/property-to-rent/find.html?locationIdentifier=REGION%5E87490&index=24&propertyTypes=&includeLetAgreed=false&mustHave=&dontShow=&furnishTypes=&keywords=)
2023-03-27 13:25:45 [scrapy.core.scraper] DEBUG: Scraped from <200 https://www.rightmove.co.uk/properties/132654749>
24
2023-03-27 13:25:45 [scrapy.core.engine] DEBUG: Crawled (200) <GET https://www.rightmove.co.uk/properties/132733928> (referer: https://www.rightmove.co.uk/property-to-rent/find.html?locationIdentifier=REGION%5E87490&index=24&propertyTypes=&includeLetAgreed=false&mustHave=&dontShow=&furnishTypes=&keywords=)
2023-03-27 13:25:45 [scrapy.core.engine] DEBUG: Crawled (200) <GET https://www.rightmove.co.uk/properties/132915521> (referer: https://www.rightmove.co.uk/property-to-rent/find.html?locationIdentifier=REGION%5E87490&index=24&propertyTypes=&includeLetAgreed=false&mustHave=&dontShow=&furnishTypes=&keywords=)
2023-03-27 13:25:45 [scrapy.core.scraper] DEBUG: Scraped from <200 https://www.rightmove.co.uk/properties/132733928>
25
2023-03-27 13:25:46 [scrapy.core.scraper] DEBUG: Scraped from <200 https://www.rightmove.co.uk/properties/132915521>
26
2023-03-27 13:25:48 [scrapy.core.engine] DEBUG: Crawled (200) <GET https://www.rightmove.co.uk/properties/132756761> (referer: https://www.rightmove.co.uk/property-to-rent/find.html?locationIdentifier=REGION%5E87490&index=24&propertyTypes=&includeLetAgreed=false&mustHave=&dontShow=&furnishTypes=&keywords=)
2023-03-27 13:25:48 [scrapy.core.engine] DEBUG: Crawled (200) <GET https://www.rightmove.co.uk/properties/132739772> (referer: https://www.rightmove.co.uk/property-to-rent/find.html?locationIdentifier=REGION%5E87490&index=24&propertyTypes=&includeLetAgreed=false&mustHave=&dontShow=&furnishTypes=&keywords=)
2023-03-27 13:25:48 [scrapy.core.scraper] DEBUG: Scraped from <200 https://www.rightmove.co.uk/properties/132756761>
27
2023-03-27 13:25:48 [scrapy.core.scraper] DEBUG: Scraped from <200 https://www.rightmove.co.uk/properties/132739772>
28
2023-03-27 13:25:49 [scrapy.core.engine] DEBUG: Crawled (200) <GET https://www.rightmove.co.uk/properties/131370095> (referer: https://www.rightmove.co.uk/property-to-rent/find.html?locationIdentifier=REGION%5E87490&index=24&propertyTypes=&includeLetAgreed=false&mustHave=&dontShow=&furnishTypes=&keywords=)
2023-03-27 13:25:49 [scrapy.core.engine] DEBUG: Crawled (200) <GET https://www.rightmove.co.uk/properties/132756773> (referer: https://www.rightmove.co.uk/property-to-rent/find.html?locationIdentifier=REGION%5E87490&index=24&propertyTypes=&includeLetAgreed=false&mustHave=&dontShow=&furnishTypes=&keywords=)
2023-03-27 13:25:49 [scrapy.core.engine] DEBUG: Crawled (200) <GET https://www.rightmove.co.uk/properties/132769172> (referer: https://www.rightmove.co.uk/property-to-rent/find.html?locationIdentifier=REGION%5E87490&index=24&propertyTypes=&includeLetAgreed=false&mustHave=&dontShow=&furnishTypes=&keywords=)
2023-03-27 13:25:49 [scrapy.core.scraper] DEBUG: Scraped from <200 https://www.rightmove.co.uk/properties/131370095>
29
2023-03-27 13:25:49 [scrapy.core.scraper] DEBUG: Scraped from <200 https://www.rightmove.co.uk/properties/132756773>
30
2023-03-27 13:25:49 [scrapy.core.scraper] DEBUG: Scraped from <200 https://www.rightmove.co.uk/properties/132769172>
31
2023-03-27 13:25:52 [scrapy.core.engine] DEBUG: Crawled (200) <GET https://www.rightmove.co.uk/properties/132781355> (referer: https://www.rightmove.co.uk/property-to-rent/find.html?locationIdentifier=REGION%5E87490&index=24&propertyTypes=&includeLetAgreed=false&mustHave=&dontShow=&furnishTypes=&keywords=)
2023-03-27 13:25:52 [scrapy.core.scraper] DEBUG: Scraped from <200 https://www.rightmove.co.uk/properties/132781355>
32
2023-03-27 13:25:52 [scrapy.core.engine] DEBUG: Crawled (200) <GET https://www.rightmove.co.uk/properties/132757718> (referer: https://www.rightmove.co.uk/property-to-rent/find.html?locationIdentifier=REGION%5E87490&index=24&propertyTypes=&includeLetAgreed=false&mustHave=&dontShow=&furnishTypes=&keywords=)
2023-03-27 13:25:52 [scrapy.core.scraper] DEBUG: Scraped from <200 https://www.rightmove.co.uk/properties/132757718>
33
2023-03-27 13:25:53 [scrapy.core.engine] DEBUG: Crawled (200) <GET https://www.rightmove.co.uk/properties/132802304> (referer: https://www.rightmove.co.uk/property-to-rent/find.html?locationIdentifier=REGION%5E87490&index=24&propertyTypes=&includeLetAgreed=false&mustHave=&dontShow=&furnishTypes=&keywords=)
2023-03-27 13:25:53 [scrapy.core.scraper] DEBUG: Scraped from <200 https://www.rightmove.co.uk/properties/132802304>
34
2023-03-27 13:25:54 [scrapy.core.engine] DEBUG: Crawled (200) <GET https://www.rightmove.co.uk/properties/132779798> (referer: https://www.rightmove.co.uk/property-to-rent/find.html?locationIdentifier=REGION%5E87490&index=24&propertyTypes=&includeLetAgreed=false&mustHave=&dontShow=&furnishTypes=&keywords=)
2023-03-27 13:25:55 [scrapy.core.scraper] DEBUG: Scraped from <200 https://www.rightmove.co.uk/properties/132779798>
35
2023-03-27 13:25:55 [scrapy.core.engine] DEBUG: Crawled (200) <GET https://www.rightmove.co.uk/properties/132796838> (referer: https://www.rightmove.co.uk/property-to-rent/find.html?locationIdentifier=REGION%5E87490&index=24&propertyTypes=&includeLetAgreed=false&mustHave=&dontShow=&furnishTypes=&keywords=)
2023-03-27 13:25:55 [scrapy.core.scraper] DEBUG: Scraped from <200 https://www.rightmove.co.uk/properties/132796838>
36
2023-03-27 13:25:55 [scrapy.core.engine] DEBUG: Crawled (200) <GET https://www.rightmove.co.uk/properties/132792089> (referer: https://www.rightmove.co.uk/property-to-rent/find.html?locationIdentifier=REGION%5E87490&index=24&propertyTypes=&includeLetAgreed=false&mustHave=&dontShow=&furnishTypes=&keywords=)
2023-03-27 13:25:55 [scrapy.core.engine] DEBUG: Crawled (200) <GET https://www.rightmove.co.uk/properties/132769127> (referer: https://www.rightmove.co.uk/property-to-rent/find.html?locationIdentifier=REGION%5E87490&index=24&propertyTypes=&includeLetAgreed=false&mustHave=&dontShow=&furnishTypes=&keywords=)
2023-03-27 13:25:55 [scrapy.core.scraper] DEBUG: Scraped from <200 https://www.rightmove.co.uk/properties/132792089>
37
2023-03-27 13:25:55 [scrapy.core.engine] DEBUG: Crawled (200) <GET https://www.rightmove.co.uk/properties/132763169> (referer: https://www.rightmove.co.uk/property-to-rent/find.html?locationIdentifier=REGION%5E87490&index=24&propertyTypes=&includeLetAgreed=false&mustHave=&dontShow=&furnishTypes=&keywords=)
2023-03-27 13:25:55 [scrapy.core.scraper] DEBUG: Scraped from <200 https://www.rightmove.co.uk/properties/132769127>
38
2023-03-27 13:25:55 [scrapy.core.scraper] DEBUG: Scraped from <200 https://www.rightmove.co.uk/properties/132763169>
39
2023-03-27 13:25:56 [scrapy.core.engine] DEBUG: Crawled (200) <GET https://www.rightmove.co.uk/properties/132807017> (referer: https://www.rightmove.co.uk/property-to-rent/find.html?locationIdentifier=REGION%5E87490&index=24&propertyTypes=&includeLetAgreed=false&mustHave=&dontShow=&furnishTypes=&keywords=)
2023-03-27 13:25:56 [scrapy.core.scraper] DEBUG: Scraped from <200 https://www.rightmove.co.uk/properties/132807017>
40
2023-03-27 13:25:58 [scrapy.core.engine] DEBUG: Crawled (200) <GET https://www.rightmove.co.uk/properties/132809024> (referer: https://www.rightmove.co.uk/property-to-rent/find.html?locationIdentifier=REGION%5E87490&index=24&propertyTypes=&includeLetAgreed=false&mustHave=&dontShow=&furnishTypes=&keywords=)
2023-03-27 13:25:58 [scrapy.core.engine] DEBUG: Crawled (200) <GET https://www.rightmove.co.uk/properties/132807023> (referer: https://www.rightmove.co.uk/property-to-rent/find.html?locationIdentifier=REGION%5E87490&index=24&propertyTypes=&includeLetAgreed=false&mustHave=&dontShow=&furnishTypes=&keywords=)
2023-03-27 13:25:58 [scrapy.core.scraper] DEBUG: Scraped from <200 https://www.rightmove.co.uk/properties/132809024>
41
2023-03-27 13:25:58 [scrapy.core.scraper] DEBUG: Scraped from <200 https://www.rightmove.co.uk/properties/132807023>
42
2023-03-27 13:25:58 [scrapy.core.engine] DEBUG: Crawled (200) <GET https://www.rightmove.co.uk/properties/132807020> (referer: https://www.rightmove.co.uk/property-to-rent/find.html?locationIdentifier=REGION%5E87490&index=24&propertyTypes=&includeLetAgreed=false&mustHave=&dontShow=&furnishTypes=&keywords=)
2023-03-27 13:25:58 [scrapy.core.scraper] DEBUG: Scraped from <200 https://www.rightmove.co.uk/properties/132807020>
43
2023-03-27 13:25:59 [scrapy.core.engine] DEBUG: Crawled (200) <GET https://www.rightmove.co.uk/properties/132824612> (referer: https://www.rightmove.co.uk/property-to-rent/find.html?locationIdentifier=REGION%5E87490&index=24&propertyTypes=&includeLetAgreed=false&mustHave=&dontShow=&furnishTypes=&keywords=)
2023-03-27 13:25:59 [scrapy.core.scraper] DEBUG: Scraped from <200 https://www.rightmove.co.uk/properties/132824612>
44
2023-03-27 13:25:59 [scrapy.core.engine] DEBUG: Crawled (200) <GET https://www.rightmove.co.uk/properties/132870683> (referer: https://www.rightmove.co.uk/property-to-rent/find.html?locationIdentifier=REGION%5E87490&index=24&propertyTypes=&includeLetAgreed=false&mustHave=&dontShow=&furnishTypes=&keywords=)
2023-03-27 13:25:59 [scrapy.core.scraper] DEBUG: Scraped from <200 https://www.rightmove.co.uk/properties/132870683>
45
2023-03-27 13:26:00 [scrapy.core.engine] DEBUG: Crawled (200) <GET https://www.rightmove.co.uk/properties/132817679> (referer: https://www.rightmove.co.uk/property-to-rent/find.html?locationIdentifier=REGION%5E87490&index=24&propertyTypes=&includeLetAgreed=false&mustHave=&dontShow=&furnishTypes=&keywords=)
2023-03-27 13:26:00 [scrapy.core.scraper] DEBUG: Scraped from <200 https://www.rightmove.co.uk/properties/132817679>
46
2023-03-27 13:26:00 [scrapy.core.engine] DEBUG: Crawled (200) <GET https://www.rightmove.co.uk/properties/132824615> (referer: https://www.rightmove.co.uk/property-to-rent/find.html?locationIdentifier=REGION%5E87490&index=24&propertyTypes=&includeLetAgreed=false&mustHave=&dontShow=&furnishTypes=&keywords=)
2023-03-27 13:26:00 [scrapy.core.scraper] DEBUG: Scraped from <200 https://www.rightmove.co.uk/properties/132824615>
47
2023-03-27 13:26:01 [scrapy.core.engine] DEBUG: Crawled (200) <GET https://www.rightmove.co.uk/properties/132814130> (referer: https://www.rightmove.co.uk/property-to-rent/find.html?locationIdentifier=REGION%5E87490&index=24&propertyTypes=&includeLetAgreed=false&mustHave=&dontShow=&furnishTypes=&keywords=)
2023-03-27 13:26:01 [scrapy.core.scraper] DEBUG: Scraped from <200 https://www.rightmove.co.uk/properties/132814130>
48
2023-03-27 13:26:02 [scrapy.core.engine] DEBUG: Crawled (200) <GET https://www.rightmove.co.uk/properties/119701796> (referer: https://www.rightmove.co.uk/property-to-rent/find.html?locationIdentifier=REGION%5E87490&index=24&propertyTypes=&includeLetAgreed=false&mustHave=&dontShow=&furnishTypes=&keywords=)
2023-03-27 13:26:03 [scrapy.core.scraper] DEBUG: Scraped from <200 https://www.rightmove.co.uk/properties/119701796>
49
2023-03-27 13:26:03 [scrapy.core.engine] DEBUG: Crawled (200) <GET https://www.rightmove.co.uk/properties/120172454> (referer: https://www.rightmove.co.uk/property-to-rent/find.html?locationIdentifier=REGION%5E87490&index=24&propertyTypes=&includeLetAgreed=false&mustHave=&dontShow=&furnishTypes=&keywords=)
2023-03-27 13:26:03 [urllib3.util.retry] DEBUG: Converted retries value: 3 -> Retry(total=3, connect=None, read=None, redirect=None, status=None)
2023-03-27 13:26:03 [google.auth.transport.requests] DEBUG: Making request: POST https://oauth2.googleapis.com/token
2023-03-27 13:26:03 [urllib3.connectionpool] DEBUG: Starting new HTTPS connection (1): oauth2.googleapis.com:443
2023-03-27 13:26:04 [urllib3.connectionpool] DEBUG: https://oauth2.googleapis.com:443 "POST /token HTTP/1.1" 200 None
2023-03-27 13:26:04 [urllib3.connectionpool] DEBUG: Starting new HTTPS connection (1): storage.googleapis.com:443
2023-03-27 13:26:06 [urllib3.connectionpool] DEBUG: https://storage.googleapis.com:443 "GET /storage/v1/b/rightmove_storage_dev?projection=noAcl&prettyPrint=false HTTP/1.1" 200 597
2023-03-27 13:26:06 [urllib3.connectionpool] DEBUG: https://storage.googleapis.com:443 "POST /upload/storage/v1/b/rightmove_storage_dev/o?uploadType=multipart HTTP/1.1" 200 983
2023-03-27 13:26:06 [scrapy.core.scraper] DEBUG: Scraped from <200 https://www.rightmove.co.uk/properties/120172454>
0
2023-03-27 13:26:06 [scrapy.core.engine] DEBUG: Crawled (200) <GET https://www.rightmove.co.uk/properties/115833383> (referer: https://www.rightmove.co.uk/property-to-rent/find.html?locationIdentifier=REGION%5E87490&index=24&propertyTypes=&includeLetAgreed=false&mustHave=&dontShow=&furnishTypes=&keywords=)
2023-03-27 13:26:06 [scrapy.core.engine] DEBUG: Crawled (200) <GET https://www.rightmove.co.uk/properties/123831017> (referer: https://www.rightmove.co.uk/property-to-rent/find.html?locationIdentifier=REGION%5E87490&index=24&propertyTypes=&includeLetAgreed=false&mustHave=&dontShow=&furnishTypes=&keywords=)
2023-03-27 13:26:06 [scrapy.core.engine] DEBUG: Crawled (200) <GET https://www.rightmove.co.uk/properties/85576926> (referer: https://www.rightmove.co.uk/property-to-rent/find.html?locationIdentifier=REGION%5E87490&index=24&propertyTypes=&includeLetAgreed=false&mustHave=&dontShow=&furnishTypes=&keywords=)
2023-03-27 13:26:06 [scrapy.core.engine] DEBUG: Crawled (200) <GET https://www.rightmove.co.uk/properties/78514493> (referer: https://www.rightmove.co.uk/property-to-rent/find.html?locationIdentifier=REGION%5E87490&index=24&propertyTypes=&includeLetAgreed=false&mustHave=&dontShow=&furnishTypes=&keywords=)
2023-03-27 13:26:06 [scrapy.core.engine] DEBUG: Crawled (200) <GET https://www.rightmove.co.uk/properties/123251729> (referer: https://www.rightmove.co.uk/property-to-rent/find.html?locationIdentifier=REGION%5E87490&index=24&propertyTypes=&includeLetAgreed=false&mustHave=&dontShow=&furnishTypes=&keywords=)
2023-03-27 13:26:06 [scrapy.core.engine] DEBUG: Crawled (200) <GET https://www.rightmove.co.uk/properties/132850505> (referer: https://www.rightmove.co.uk/property-to-rent/find.html?locationIdentifier=REGION%5E87490&index=24&propertyTypes=&includeLetAgreed=false&mustHave=&dontShow=&furnishTypes=&keywords=)
2023-03-27 13:26:06 [scrapy.core.scraper] DEBUG: Scraped from <200 https://www.rightmove.co.uk/properties/115833383>
1
2023-03-27 13:26:06 [scrapy.core.scraper] DEBUG: Scraped from <200 https://www.rightmove.co.uk/properties/123831017>
2
2023-03-27 13:26:06 [scrapy.core.scraper] DEBUG: Scraped from <200 https://www.rightmove.co.uk/properties/85576926>
3
2023-03-27 13:26:06 [scrapy.core.scraper] DEBUG: Scraped from <200 https://www.rightmove.co.uk/properties/78514493>
4
2023-03-27 13:26:06 [scrapy.core.scraper] DEBUG: Scraped from <200 https://www.rightmove.co.uk/properties/123251729>
5
2023-03-27 13:26:06 [scrapy.core.scraper] DEBUG: Scraped from <200 https://www.rightmove.co.uk/properties/132850505>
6
2023-03-27 13:26:07 [scrapy.core.engine] DEBUG: Crawled (200) <GET https://www.rightmove.co.uk/properties/132850508> (referer: https://www.rightmove.co.uk/property-to-rent/find.html?locationIdentifier=REGION%5E87490&index=24&propertyTypes=&includeLetAgreed=false&mustHave=&dontShow=&furnishTypes=&keywords=)
2023-03-27 13:26:07 [scrapy.core.scraper] DEBUG: Scraped from <200 https://www.rightmove.co.uk/properties/132850508>
7
2023-03-27 13:26:08 [scrapy.core.engine] DEBUG: Crawled (200) <GET https://www.rightmove.co.uk/properties/132852812> (referer: https://www.rightmove.co.uk/property-to-rent/find.html?locationIdentifier=REGION%5E87490&index=24&propertyTypes=&includeLetAgreed=false&mustHave=&dontShow=&furnishTypes=&keywords=)
2023-03-27 13:26:09 [scrapy.core.scraper] DEBUG: Scraped from <200 https://www.rightmove.co.uk/properties/132852812>
8
2023-03-27 13:26:09 [scrapy.core.engine] DEBUG: Crawled (200) <GET https://www.rightmove.co.uk/properties/132862232> (referer: https://www.rightmove.co.uk/property-to-rent/find.html?locationIdentifier=REGION%5E87490&index=24&propertyTypes=&includeLetAgreed=false&mustHave=&dontShow=&furnishTypes=&keywords=)
2023-03-27 13:26:09 [scrapy.core.scraper] DEBUG: Scraped from <200 https://www.rightmove.co.uk/properties/132862232>
9
2023-03-27 13:26:11 [scrapy.core.engine] DEBUG: Crawled (200) <GET https://www.rightmove.co.uk/properties/132850820> (referer: https://www.rightmove.co.uk/property-to-rent/find.html?locationIdentifier=REGION%5E87490&index=24&propertyTypes=&includeLetAgreed=false&mustHave=&dontShow=&furnishTypes=&keywords=)
2023-03-27 13:26:11 [scrapy.core.engine] DEBUG: Crawled (200) <GET https://www.rightmove.co.uk/properties/123251561> (referer: https://www.rightmove.co.uk/property-to-rent/find.html?locationIdentifier=REGION%5E87490&index=24&propertyTypes=&includeLetAgreed=false&mustHave=&dontShow=&furnishTypes=&keywords=)
2023-03-27 13:26:11 [scrapy.core.engine] DEBUG: Crawled (200) <GET https://www.rightmove.co.uk/properties/132866615> (referer: https://www.rightmove.co.uk/property-to-rent/find.html?locationIdentifier=REGION%5E87490&index=24&propertyTypes=&includeLetAgreed=false&mustHave=&dontShow=&furnishTypes=&keywords=)
2023-03-27 13:26:11 [scrapy.core.scraper] DEBUG: Scraped from <200 https://www.rightmove.co.uk/properties/132850820>
10
2023-03-27 13:26:11 [scrapy.core.engine] DEBUG: Crawled (200) <GET https://www.rightmove.co.uk/properties/132856331> (referer: https://www.rightmove.co.uk/property-to-rent/find.html?locationIdentifier=REGION%5E87490&index=24&propertyTypes=&includeLetAgreed=false&mustHave=&dontShow=&furnishTypes=&keywords=)
2023-03-27 13:26:11 [scrapy.core.scraper] DEBUG: Scraped from <200 https://www.rightmove.co.uk/properties/123251561>
11
2023-03-27 13:26:11 [scrapy.core.engine] DEBUG: Crawled (200) <GET https://www.rightmove.co.uk/properties/132866612> (referer: https://www.rightmove.co.uk/property-to-rent/find.html?locationIdentifier=REGION%5E87490&index=24&propertyTypes=&includeLetAgreed=false&mustHave=&dontShow=&furnishTypes=&keywords=)
2023-03-27 13:26:11 [scrapy.core.scraper] DEBUG: Scraped from <200 https://www.rightmove.co.uk/properties/132866615>
12
2023-03-27 13:26:11 [scrapy.core.scraper] DEBUG: Scraped from <200 https://www.rightmove.co.uk/properties/132856331>
13
2023-03-27 13:26:11 [scrapy.core.scraper] DEBUG: Scraped from <200 https://www.rightmove.co.uk/properties/132866612>
14
2023-03-27 13:26:12 [scrapy.core.engine] DEBUG: Crawled (200) <GET https://www.rightmove.co.uk/properties/132855914> (referer: https://www.rightmove.co.uk/property-to-rent/find.html?locationIdentifier=REGION%5E87490&index=24&propertyTypes=&includeLetAgreed=false&mustHave=&dontShow=&furnishTypes=&keywords=)
2023-03-27 13:26:12 [scrapy.core.engine] DEBUG: Crawled (200) <GET https://www.rightmove.co.uk/properties/132850829> (referer: https://www.rightmove.co.uk/property-to-rent/find.html?locationIdentifier=REGION%5E87490&index=24&propertyTypes=&includeLetAgreed=false&mustHave=&dontShow=&furnishTypes=&keywords=)
2023-03-27 13:26:12 [scrapy.core.scraper] DEBUG: Scraped from <200 https://www.rightmove.co.uk/properties/132855914>
15
2023-03-27 13:26:12 [scrapy.core.scraper] DEBUG: Scraped from <200 https://www.rightmove.co.uk/properties/132850829>
16
2023-03-27 13:26:13 [scrapy.core.engine] DEBUG: Crawled (200) <GET https://www.rightmove.co.uk/properties/132756728> (referer: https://www.rightmove.co.uk/property-to-rent/find.html?locationIdentifier=REGION%5E87490&index=24&propertyTypes=&includeLetAgreed=false&mustHave=&dontShow=&furnishTypes=&keywords=)
2023-03-27 13:26:13 [scrapy.core.scraper] DEBUG: Scraped from <200 https://www.rightmove.co.uk/properties/132756728>
17
2023-03-27 13:26:13 [scrapy.core.engine] DEBUG: Crawled (200) <GET https://www.rightmove.co.uk/properties/129969941> (referer: https://www.rightmove.co.uk/property-to-rent/find.html?locationIdentifier=REGION%5E87490&index=24&propertyTypes=&includeLetAgreed=false&mustHave=&dontShow=&furnishTypes=&keywords=)
2023-03-27 13:26:13 [scrapy.core.engine] DEBUG: Crawled (200) <GET https://www.rightmove.co.uk/properties/132202640> (referer: https://www.rightmove.co.uk/property-to-rent/find.html?locationIdentifier=REGION%5E87490&index=24&propertyTypes=&includeLetAgreed=false&mustHave=&dontShow=&furnishTypes=&keywords=)
2023-03-27 13:26:13 [scrapy.core.scraper] DEBUG: Scraped from <200 https://www.rightmove.co.uk/properties/129969941>
18
2023-03-27 13:26:13 [scrapy.core.scraper] DEBUG: Scraped from <200 https://www.rightmove.co.uk/properties/132202640>
19
