[2023-03-28 18:43:43,065] {taskinstance.py:1159} INFO - Dependencies all met for <TaskInstance: rightmove_extraction_dag.print_spiders scheduled__2023-03-27T00:00:00+00:00 [queued]>
[2023-03-28 18:43:43,074] {taskinstance.py:1159} INFO - Dependencies all met for <TaskInstance: rightmove_extraction_dag.print_spiders scheduled__2023-03-27T00:00:00+00:00 [queued]>
[2023-03-28 18:43:43,077] {taskinstance.py:1356} INFO - 
--------------------------------------------------------------------------------
[2023-03-28 18:43:43,079] {taskinstance.py:1357} INFO - Starting attempt 1 of 6
[2023-03-28 18:43:43,081] {taskinstance.py:1358} INFO - 
--------------------------------------------------------------------------------
[2023-03-28 18:43:43,093] {taskinstance.py:1377} INFO - Executing <Task(BashOperator): print_spiders> on 2023-03-27 00:00:00+00:00
[2023-03-28 18:43:43,101] {standard_task_runner.py:52} INFO - Started process 183 to run task
[2023-03-28 18:43:43,105] {standard_task_runner.py:79} INFO - Running: ['***', 'tasks', 'run', 'rightmove_extraction_dag', 'print_spiders', 'scheduled__2023-03-27T00:00:00+00:00', '--job-id', '142', '--raw', '--subdir', 'DAGS_FOLDER/rightmove_extraction_dag.py', '--cfg-path', '/tmp/tmpzedl76i9', '--error-file', '/tmp/tmpf7vinywh']
[2023-03-28 18:43:43,109] {standard_task_runner.py:80} INFO - Job 142: Subtask print_spiders
[2023-03-28 18:43:43,183] {task_command.py:369} INFO - Running <TaskInstance: rightmove_extraction_dag.print_spiders scheduled__2023-03-27T00:00:00+00:00 [running]> on host 6c19e51924f7
[2023-03-28 18:43:43,245] {taskinstance.py:1569} INFO - Exporting the following env vars:
AIRFLOW_CTX_DAG_OWNER=alex
AIRFLOW_CTX_DAG_ID=rightmove_extraction_dag
AIRFLOW_CTX_TASK_ID=print_spiders
AIRFLOW_CTX_EXECUTION_DATE=2023-03-27T00:00:00+00:00
AIRFLOW_CTX_TRY_NUMBER=1
AIRFLOW_CTX_DAG_RUN_ID=scheduled__2023-03-27T00:00:00+00:00
[2023-03-28 18:43:43,252] {subprocess.py:62} INFO - Tmp dir root location: 
 /tmp
[2023-03-28 18:43:43,254] {subprocess.py:74} INFO - Running command: ['bash', '-c', ' curl http://scrapyd-app:6800/listspiders.json?project=real_estate_extraction']
[2023-03-28 18:43:43,265] {subprocess.py:85} INFO - Output:
[2023-03-28 18:43:43,278] {subprocess.py:92} INFO -   % Total    % Received % Xferd  Average Speed   Time    Time     Time  Current
[2023-03-28 18:43:43,280] {subprocess.py:92} INFO -                                  Dload  Upload   Total   Spent    Left  Speed
[2023-03-28 18:43:44,335] {subprocess.py:92} INFO -   0     0    0     0    0     0      0      0 --:--:-- --:--:-- --:--:--     0100    72  100    72    0     0     68      0  0:00:01  0:00:01 --:--:--    68100    72  100    72    0     0     68      0  0:00:01  0:00:01 --:--:--    68
[2023-03-28 18:43:44,339] {subprocess.py:92} INFO - {"node_name": "129f9afc4957", "status": "ok", "spiders": ["rightmove"]}
[2023-03-28 18:43:44,341] {subprocess.py:96} INFO - Command exited with return code 0
[2023-03-28 18:43:44,403] {taskinstance.py:1395} INFO - Marking task as SUCCESS. dag_id=rightmove_extraction_dag, task_id=print_spiders, execution_date=20230327T000000, start_date=20230328T184343, end_date=20230328T184344
[2023-03-28 18:43:44,464] {local_task_job.py:156} INFO - Task exited with return code 0
[2023-03-28 18:43:44,547] {local_task_job.py:273} INFO - 1 downstream tasks scheduled from follow-on schedule check
