[2023-03-27 19:46:22,116] {taskinstance.py:1159} INFO - Dependencies all met for <TaskInstance: rightmove_extraction_dag.print_projects manual__2023-03-27T19:46:20.190783+00:00 [queued]>
[2023-03-27 19:46:22,129] {taskinstance.py:1159} INFO - Dependencies all met for <TaskInstance: rightmove_extraction_dag.print_projects manual__2023-03-27T19:46:20.190783+00:00 [queued]>
[2023-03-27 19:46:22,134] {taskinstance.py:1356} INFO - 
--------------------------------------------------------------------------------
[2023-03-27 19:46:22,135] {taskinstance.py:1357} INFO - Starting attempt 1 of 6
[2023-03-27 19:46:22,153] {taskinstance.py:1358} INFO - 
--------------------------------------------------------------------------------
[2023-03-27 19:46:22,160] {taskinstance.py:1377} INFO - Executing <Task(BashOperator): print_projects> on 2023-03-27 19:46:20.190783+00:00
[2023-03-27 19:46:22,167] {standard_task_runner.py:52} INFO - Started process 1636 to run task
[2023-03-27 19:46:22,171] {standard_task_runner.py:79} INFO - Running: ['***', 'tasks', 'run', 'rightmove_extraction_dag', 'print_projects', 'manual__2023-03-27T19:46:20.190783+00:00', '--job-id', '135', '--raw', '--subdir', 'DAGS_FOLDER/rightmove_extraction_dag.py', '--cfg-path', '/tmp/tmpjkciq1lu', '--error-file', '/tmp/tmpjeogq71p']
[2023-03-27 19:46:22,174] {standard_task_runner.py:80} INFO - Job 135: Subtask print_projects
[2023-03-27 19:46:22,231] {task_command.py:369} INFO - Running <TaskInstance: rightmove_extraction_dag.print_projects manual__2023-03-27T19:46:20.190783+00:00 [running]> on host 6c19e51924f7
[2023-03-27 19:46:22,315] {taskinstance.py:1569} INFO - Exporting the following env vars:
AIRFLOW_CTX_DAG_OWNER=alex
AIRFLOW_CTX_DAG_ID=rightmove_extraction_dag
AIRFLOW_CTX_TASK_ID=print_projects
AIRFLOW_CTX_EXECUTION_DATE=2023-03-27T19:46:20.190783+00:00
AIRFLOW_CTX_TRY_NUMBER=1
AIRFLOW_CTX_DAG_RUN_ID=manual__2023-03-27T19:46:20.190783+00:00
[2023-03-27 19:46:22,318] {subprocess.py:62} INFO - Tmp dir root location: 
 /tmp
[2023-03-27 19:46:22,321] {subprocess.py:74} INFO - Running command: ['bash', '-c', 'curl http://scrapyd-app:6800/listprojects.json']
[2023-03-27 19:46:22,346] {subprocess.py:85} INFO - Output:
[2023-03-27 19:46:22,415] {subprocess.py:92} INFO -   % Total    % Received % Xferd  Average Speed   Time    Time     Time  Current
[2023-03-27 19:46:22,419] {subprocess.py:92} INFO -                                  Dload  Upload   Total   Spent    Left  Speed
[2023-03-27 19:46:22,584] {subprocess.py:92} INFO -   0     0    0     0    0     0      0      0 --:--:-- --:--:-- --:--:--     0100    86  100    86    0     0    508      0 --:--:-- --:--:-- --:--:--   508
[2023-03-27 19:46:22,585] {subprocess.py:92} INFO - {"node_name": "889628ec664c", "status": "ok", "projects": ["real_estate_extraction"]}
[2023-03-27 19:46:22,587] {subprocess.py:96} INFO - Command exited with return code 0
[2023-03-27 19:46:22,613] {taskinstance.py:1395} INFO - Marking task as SUCCESS. dag_id=rightmove_extraction_dag, task_id=print_projects, execution_date=20230327T194620, start_date=20230327T194622, end_date=20230327T194622
[2023-03-27 19:46:22,634] {local_task_job.py:156} INFO - Task exited with return code 0
[2023-03-27 19:46:22,661] {local_task_job.py:273} INFO - 1 downstream tasks scheduled from follow-on schedule check
