[2023-02-10 10:57:53,288] {taskinstance.py:1159} INFO - Dependencies all met for <TaskInstance: rightmove_extraction_dag.get_token scheduled__2023-02-09T00:00:00+00:00 [queued]>
[2023-02-10 10:57:53,312] {taskinstance.py:1159} INFO - Dependencies all met for <TaskInstance: rightmove_extraction_dag.get_token scheduled__2023-02-09T00:00:00+00:00 [queued]>
[2023-02-10 10:57:53,323] {taskinstance.py:1356} INFO - 
--------------------------------------------------------------------------------
[2023-02-10 10:57:53,327] {taskinstance.py:1357} INFO - Starting attempt 5 of 6
[2023-02-10 10:57:53,330] {taskinstance.py:1358} INFO - 
--------------------------------------------------------------------------------
[2023-02-10 10:57:53,357] {taskinstance.py:1377} INFO - Executing <Task(BashOperator): get_token> on 2023-02-09 00:00:00+00:00
[2023-02-10 10:57:53,375] {standard_task_runner.py:52} INFO - Started process 354 to run task
[2023-02-10 10:57:53,381] {standard_task_runner.py:79} INFO - Running: ['***', 'tasks', 'run', 'rightmove_extraction_dag', 'get_token', 'scheduled__2023-02-09T00:00:00+00:00', '--job-id', '10', '--raw', '--subdir', 'DAGS_FOLDER/rightmove_extraction_dag.py', '--cfg-path', '/tmp/tmp35inlhwl', '--error-file', '/tmp/tmpt0ix42gc']
[2023-02-10 10:57:53,390] {standard_task_runner.py:80} INFO - Job 10: Subtask get_token
[2023-02-10 10:57:53,504] {task_command.py:369} INFO - Running <TaskInstance: rightmove_extraction_dag.get_token scheduled__2023-02-09T00:00:00+00:00 [running]> on host f94e6d45e56a
[2023-02-10 10:57:53,602] {taskinstance.py:1571} INFO - Exporting the following env vars:
AIRFLOW_CTX_DAG_OWNER=alex
AIRFLOW_CTX_DAG_ID=rightmove_extraction_dag
AIRFLOW_CTX_TASK_ID=get_token
AIRFLOW_CTX_EXECUTION_DATE=2023-02-09T00:00:00+00:00
AIRFLOW_CTX_TRY_NUMBER=5
AIRFLOW_CTX_DAG_RUN_ID=scheduled__2023-02-09T00:00:00+00:00
[2023-02-10 10:57:53,607] {subprocess.py:62} INFO - Tmp dir root location: 
 /tmp
[2023-02-10 10:57:53,611] {subprocess.py:74} INFO - Running command: ['bash', '-c', 'cd app && ./script.sh ']
[2023-02-10 10:57:53,640] {subprocess.py:85} INFO - Output:
[2023-02-10 10:57:53,702] {subprocess.py:92} INFO - bash: line 1: cd: app: No such file or directory
[2023-02-10 10:57:53,705] {subprocess.py:96} INFO - Command exited with return code 1
[2023-02-10 10:57:53,728] {taskinstance.py:1889} ERROR - Task failed with exception
Traceback (most recent call last):
  File "/home/airflow/.local/lib/python3.7/site-packages/airflow/operators/bash.py", line 195, in execute
    f'Bash command failed. The command returned a non-zero exit code {result.exit_code}.'
airflow.exceptions.AirflowException: Bash command failed. The command returned a non-zero exit code 1.
[2023-02-10 10:57:53,734] {taskinstance.py:1400} INFO - Marking task as UP_FOR_RETRY. dag_id=rightmove_extraction_dag, task_id=get_token, execution_date=20230209T000000, start_date=20230210T105753, end_date=20230210T105753
[2023-02-10 10:57:53,749] {standard_task_runner.py:97} ERROR - Failed to execute job 10 for task get_token (Bash command failed. The command returned a non-zero exit code 1.; 354)
[2023-02-10 10:57:53,803] {local_task_job.py:156} INFO - Task exited with return code 1
[2023-02-10 10:57:53,842] {local_task_job.py:273} INFO - 0 downstream tasks scheduled from follow-on schedule check
[2023-02-10 12:26:03,018] {taskinstance.py:1159} INFO - Dependencies all met for <TaskInstance: rightmove_extraction_dag.get_token scheduled__2023-02-09T00:00:00+00:00 [queued]>
[2023-02-10 12:26:03,042] {taskinstance.py:1159} INFO - Dependencies all met for <TaskInstance: rightmove_extraction_dag.get_token scheduled__2023-02-09T00:00:00+00:00 [queued]>
[2023-02-10 12:26:03,044] {taskinstance.py:1356} INFO - 
--------------------------------------------------------------------------------
[2023-02-10 12:26:03,045] {taskinstance.py:1357} INFO - Starting attempt 5 of 6
[2023-02-10 12:26:03,047] {taskinstance.py:1358} INFO - 
--------------------------------------------------------------------------------
[2023-02-10 12:26:03,061] {taskinstance.py:1377} INFO - Executing <Task(BashOperator): get_token> on 2023-02-09 00:00:00+00:00
[2023-02-10 12:26:03,087] {standard_task_runner.py:52} INFO - Started process 362 to run task
[2023-02-10 12:26:03,099] {standard_task_runner.py:79} INFO - Running: ['***', 'tasks', 'run', 'rightmove_extraction_dag', 'get_token', 'scheduled__2023-02-09T00:00:00+00:00', '--job-id', '11', '--raw', '--subdir', 'DAGS_FOLDER/rightmove_extraction_dag.py', '--cfg-path', '/tmp/tmpnt6wkx2l', '--error-file', '/tmp/tmpbxb4wx8x']
[2023-02-10 12:26:03,105] {standard_task_runner.py:80} INFO - Job 11: Subtask get_token
[2023-02-10 12:26:03,205] {task_command.py:369} INFO - Running <TaskInstance: rightmove_extraction_dag.get_token scheduled__2023-02-09T00:00:00+00:00 [running]> on host 132093137b1e
[2023-02-10 12:26:03,317] {taskinstance.py:1571} INFO - Exporting the following env vars:
AIRFLOW_CTX_DAG_OWNER=alex
AIRFLOW_CTX_DAG_ID=rightmove_extraction_dag
AIRFLOW_CTX_TASK_ID=get_token
AIRFLOW_CTX_EXECUTION_DATE=2023-02-09T00:00:00+00:00
AIRFLOW_CTX_TRY_NUMBER=5
AIRFLOW_CTX_DAG_RUN_ID=scheduled__2023-02-09T00:00:00+00:00
[2023-02-10 12:26:03,320] {subprocess.py:62} INFO - Tmp dir root location: 
 /tmp
[2023-02-10 12:26:03,326] {subprocess.py:74} INFO - Running command: ['bash', '-c', 'cd /app && ./script.sh ']
[2023-02-10 12:26:03,358] {subprocess.py:85} INFO - Output:
[2023-02-10 12:26:03,407] {subprocess.py:92} INFO - ./script.sh: line 5: gcloud: command not found
[2023-02-10 12:26:03,412] {subprocess.py:92} INFO - ./script.sh: line 9: gcloud: command not found
[2023-02-10 12:26:03,421] {subprocess.py:92} INFO - ./script.sh: line 13: gcloud: command not found
[2023-02-10 12:26:03,423] {subprocess.py:96} INFO - Command exited with return code 127
[2023-02-10 12:26:03,449] {taskinstance.py:1889} ERROR - Task failed with exception
Traceback (most recent call last):
  File "/home/airflow/.local/lib/python3.7/site-packages/airflow/operators/bash.py", line 195, in execute
    f'Bash command failed. The command returned a non-zero exit code {result.exit_code}.'
airflow.exceptions.AirflowException: Bash command failed. The command returned a non-zero exit code 127.
[2023-02-10 12:26:03,462] {taskinstance.py:1400} INFO - Marking task as UP_FOR_RETRY. dag_id=rightmove_extraction_dag, task_id=get_token, execution_date=20230209T000000, start_date=20230210T122603, end_date=20230210T122603
[2023-02-10 12:26:03,482] {standard_task_runner.py:97} ERROR - Failed to execute job 11 for task get_token (Bash command failed. The command returned a non-zero exit code 127.; 362)
[2023-02-10 12:26:03,522] {local_task_job.py:156} INFO - Task exited with return code 1
[2023-02-10 12:26:03,646] {local_task_job.py:273} INFO - 0 downstream tasks scheduled from follow-on schedule check
[2023-02-10 13:08:54,759] {taskinstance.py:1159} INFO - Dependencies all met for <TaskInstance: rightmove_extraction_dag.get_token scheduled__2023-02-09T00:00:00+00:00 [queued]>
[2023-02-10 13:08:54,800] {taskinstance.py:1159} INFO - Dependencies all met for <TaskInstance: rightmove_extraction_dag.get_token scheduled__2023-02-09T00:00:00+00:00 [queued]>
[2023-02-10 13:08:54,802] {taskinstance.py:1356} INFO - 
--------------------------------------------------------------------------------
[2023-02-10 13:08:54,804] {taskinstance.py:1357} INFO - Starting attempt 5 of 6
[2023-02-10 13:08:54,805] {taskinstance.py:1358} INFO - 
--------------------------------------------------------------------------------
[2023-02-10 13:08:54,836] {taskinstance.py:1377} INFO - Executing <Task(BashOperator): get_token> on 2023-02-09 00:00:00+00:00
[2023-02-10 13:08:54,902] {standard_task_runner.py:52} INFO - Started process 404 to run task
[2023-02-10 13:08:54,912] {standard_task_runner.py:79} INFO - Running: ['***', 'tasks', 'run', 'rightmove_extraction_dag', 'get_token', 'scheduled__2023-02-09T00:00:00+00:00', '--job-id', '10', '--raw', '--subdir', 'DAGS_FOLDER/rightmove_extraction_dag.py', '--cfg-path', '/tmp/tmpbchghj11', '--error-file', '/tmp/tmp07kqnvu8']
[2023-02-10 13:08:54,918] {standard_task_runner.py:80} INFO - Job 10: Subtask get_token
[2023-02-10 13:08:55,036] {task_command.py:369} INFO - Running <TaskInstance: rightmove_extraction_dag.get_token scheduled__2023-02-09T00:00:00+00:00 [running]> on host a299c389a304
[2023-02-10 13:08:55,235] {taskinstance.py:1571} INFO - Exporting the following env vars:
AIRFLOW_CTX_DAG_OWNER=alex
AIRFLOW_CTX_DAG_ID=rightmove_extraction_dag
AIRFLOW_CTX_TASK_ID=get_token
AIRFLOW_CTX_EXECUTION_DATE=2023-02-09T00:00:00+00:00
AIRFLOW_CTX_TRY_NUMBER=5
AIRFLOW_CTX_DAG_RUN_ID=scheduled__2023-02-09T00:00:00+00:00
[2023-02-10 13:08:55,241] {subprocess.py:62} INFO - Tmp dir root location: 
 /tmp
[2023-02-10 13:08:55,252] {subprocess.py:74} INFO - Running command: ['bash', '-c', 'cd /app && ./script.sh ']
[2023-02-10 13:08:55,301] {subprocess.py:85} INFO - Output:
[2023-02-10 13:08:55,469] {subprocess.py:92} INFO - bash: line 1: ./script.sh: No such file or directory
[2023-02-10 13:08:55,472] {subprocess.py:96} INFO - Command exited with return code 127
[2023-02-10 13:08:55,513] {taskinstance.py:1889} ERROR - Task failed with exception
Traceback (most recent call last):
  File "/home/airflow/.local/lib/python3.7/site-packages/airflow/operators/bash.py", line 195, in execute
    f'Bash command failed. The command returned a non-zero exit code {result.exit_code}.'
airflow.exceptions.AirflowException: Bash command failed. The command returned a non-zero exit code 127.
[2023-02-10 13:08:55,537] {taskinstance.py:1400} INFO - Marking task as UP_FOR_RETRY. dag_id=rightmove_extraction_dag, task_id=get_token, execution_date=20230209T000000, start_date=20230210T130854, end_date=20230210T130855
[2023-02-10 13:08:55,594] {standard_task_runner.py:97} ERROR - Failed to execute job 10 for task get_token (Bash command failed. The command returned a non-zero exit code 127.; 404)
[2023-02-10 13:08:55,662] {local_task_job.py:156} INFO - Task exited with return code 1
[2023-02-10 13:08:55,738] {local_task_job.py:273} INFO - 0 downstream tasks scheduled from follow-on schedule check
