[2023-02-10 10:53:43,411] {taskinstance.py:1159} INFO - Dependencies all met for <TaskInstance: rightmove_extraction_dag.get_token scheduled__2023-02-09T00:00:00+00:00 [queued]>
[2023-02-10 10:53:43,443] {taskinstance.py:1159} INFO - Dependencies all met for <TaskInstance: rightmove_extraction_dag.get_token scheduled__2023-02-09T00:00:00+00:00 [queued]>
[2023-02-10 10:53:43,450] {taskinstance.py:1356} INFO - 
--------------------------------------------------------------------------------
[2023-02-10 10:53:43,452] {taskinstance.py:1357} INFO - Starting attempt 3 of 6
[2023-02-10 10:53:43,460] {taskinstance.py:1358} INFO - 
--------------------------------------------------------------------------------
[2023-02-10 10:53:43,474] {taskinstance.py:1377} INFO - Executing <Task(BashOperator): get_token> on 2023-02-09 00:00:00+00:00
[2023-02-10 10:53:43,570] {standard_task_runner.py:52} INFO - Started process 302 to run task
[2023-02-10 10:53:43,575] {standard_task_runner.py:79} INFO - Running: ['***', 'tasks', 'run', 'rightmove_extraction_dag', 'get_token', 'scheduled__2023-02-09T00:00:00+00:00', '--job-id', '6', '--raw', '--subdir', 'DAGS_FOLDER/rightmove_extraction_dag.py', '--cfg-path', '/tmp/tmpy8wzco9m', '--error-file', '/tmp/tmpn8udd36k']
[2023-02-10 10:53:43,578] {standard_task_runner.py:80} INFO - Job 6: Subtask get_token
[2023-02-10 10:53:43,835] {task_command.py:369} INFO - Running <TaskInstance: rightmove_extraction_dag.get_token scheduled__2023-02-09T00:00:00+00:00 [running]> on host f94e6d45e56a
[2023-02-10 10:53:44,696] {taskinstance.py:1571} INFO - Exporting the following env vars:
AIRFLOW_CTX_DAG_OWNER=alex
AIRFLOW_CTX_DAG_ID=rightmove_extraction_dag
AIRFLOW_CTX_TASK_ID=get_token
AIRFLOW_CTX_EXECUTION_DATE=2023-02-09T00:00:00+00:00
AIRFLOW_CTX_TRY_NUMBER=3
AIRFLOW_CTX_DAG_RUN_ID=scheduled__2023-02-09T00:00:00+00:00
[2023-02-10 10:53:44,718] {subprocess.py:62} INFO - Tmp dir root location: 
 /tmp
[2023-02-10 10:53:44,750] {subprocess.py:74} INFO - Running command: ['bash', '-c', 'cd app && ./script.sh ']
[2023-02-10 10:53:45,001] {subprocess.py:85} INFO - Output:
[2023-02-10 10:53:45,218] {subprocess.py:92} INFO - bash: line 1: cd: app: No such file or directory
[2023-02-10 10:53:45,282] {subprocess.py:96} INFO - Command exited with return code 1
[2023-02-10 10:53:45,550] {taskinstance.py:1889} ERROR - Task failed with exception
Traceback (most recent call last):
  File "/home/airflow/.local/lib/python3.7/site-packages/airflow/operators/bash.py", line 195, in execute
    f'Bash command failed. The command returned a non-zero exit code {result.exit_code}.'
airflow.exceptions.AirflowException: Bash command failed. The command returned a non-zero exit code 1.
[2023-02-10 10:53:45,706] {taskinstance.py:1400} INFO - Marking task as UP_FOR_RETRY. dag_id=rightmove_extraction_dag, task_id=get_token, execution_date=20230209T000000, start_date=20230210T105343, end_date=20230210T105345
[2023-02-10 10:53:45,875] {standard_task_runner.py:97} ERROR - Failed to execute job 6 for task get_token (Bash command failed. The command returned a non-zero exit code 1.; 302)
[2023-02-10 10:53:46,139] {local_task_job.py:156} INFO - Task exited with return code 1
[2023-02-10 10:53:46,269] {local_task_job.py:273} INFO - 0 downstream tasks scheduled from follow-on schedule check
[2023-02-10 12:21:58,903] {taskinstance.py:1159} INFO - Dependencies all met for <TaskInstance: rightmove_extraction_dag.get_token scheduled__2023-02-09T00:00:00+00:00 [queued]>
[2023-02-10 12:21:58,919] {taskinstance.py:1159} INFO - Dependencies all met for <TaskInstance: rightmove_extraction_dag.get_token scheduled__2023-02-09T00:00:00+00:00 [queued]>
[2023-02-10 12:21:58,921] {taskinstance.py:1356} INFO - 
--------------------------------------------------------------------------------
[2023-02-10 12:21:58,923] {taskinstance.py:1357} INFO - Starting attempt 3 of 6
[2023-02-10 12:21:58,927] {taskinstance.py:1358} INFO - 
--------------------------------------------------------------------------------
[2023-02-10 12:21:58,944] {taskinstance.py:1377} INFO - Executing <Task(BashOperator): get_token> on 2023-02-09 00:00:00+00:00
[2023-02-10 12:21:58,965] {standard_task_runner.py:52} INFO - Started process 298 to run task
[2023-02-10 12:21:58,973] {standard_task_runner.py:79} INFO - Running: ['***', 'tasks', 'run', 'rightmove_extraction_dag', 'get_token', 'scheduled__2023-02-09T00:00:00+00:00', '--job-id', '6', '--raw', '--subdir', 'DAGS_FOLDER/rightmove_extraction_dag.py', '--cfg-path', '/tmp/tmp08zdl6q9', '--error-file', '/tmp/tmpqllzhquu']
[2023-02-10 12:21:58,977] {standard_task_runner.py:80} INFO - Job 6: Subtask get_token
[2023-02-10 12:21:59,082] {task_command.py:369} INFO - Running <TaskInstance: rightmove_extraction_dag.get_token scheduled__2023-02-09T00:00:00+00:00 [running]> on host 132093137b1e
[2023-02-10 12:21:59,197] {taskinstance.py:1571} INFO - Exporting the following env vars:
AIRFLOW_CTX_DAG_OWNER=alex
AIRFLOW_CTX_DAG_ID=rightmove_extraction_dag
AIRFLOW_CTX_TASK_ID=get_token
AIRFLOW_CTX_EXECUTION_DATE=2023-02-09T00:00:00+00:00
AIRFLOW_CTX_TRY_NUMBER=3
AIRFLOW_CTX_DAG_RUN_ID=scheduled__2023-02-09T00:00:00+00:00
[2023-02-10 12:21:59,202] {subprocess.py:62} INFO - Tmp dir root location: 
 /tmp
[2023-02-10 12:21:59,207] {subprocess.py:74} INFO - Running command: ['bash', '-c', 'cd /app && ./script.sh ']
[2023-02-10 12:21:59,234] {subprocess.py:85} INFO - Output:
[2023-02-10 12:21:59,271] {subprocess.py:92} INFO - ./script.sh: line 5: gcloud: command not found
[2023-02-10 12:21:59,272] {subprocess.py:92} INFO - ./script.sh: line 9: gcloud: command not found
[2023-02-10 12:21:59,292] {subprocess.py:92} INFO - ./script.sh: line 13: gcloud: command not found
[2023-02-10 12:21:59,294] {subprocess.py:96} INFO - Command exited with return code 127
[2023-02-10 12:21:59,319] {taskinstance.py:1889} ERROR - Task failed with exception
Traceback (most recent call last):
  File "/home/airflow/.local/lib/python3.7/site-packages/airflow/operators/bash.py", line 195, in execute
    f'Bash command failed. The command returned a non-zero exit code {result.exit_code}.'
airflow.exceptions.AirflowException: Bash command failed. The command returned a non-zero exit code 127.
[2023-02-10 12:21:59,328] {taskinstance.py:1400} INFO - Marking task as UP_FOR_RETRY. dag_id=rightmove_extraction_dag, task_id=get_token, execution_date=20230209T000000, start_date=20230210T122158, end_date=20230210T122159
[2023-02-10 12:21:59,393] {standard_task_runner.py:97} ERROR - Failed to execute job 6 for task get_token (Bash command failed. The command returned a non-zero exit code 127.; 298)
[2023-02-10 12:21:59,429] {local_task_job.py:156} INFO - Task exited with return code 1
[2023-02-10 12:21:59,476] {local_task_job.py:273} INFO - 0 downstream tasks scheduled from follow-on schedule check
[2023-02-10 13:04:50,128] {taskinstance.py:1159} INFO - Dependencies all met for <TaskInstance: rightmove_extraction_dag.get_token scheduled__2023-02-09T00:00:00+00:00 [queued]>
[2023-02-10 13:04:50,140] {taskinstance.py:1159} INFO - Dependencies all met for <TaskInstance: rightmove_extraction_dag.get_token scheduled__2023-02-09T00:00:00+00:00 [queued]>
[2023-02-10 13:04:50,141] {taskinstance.py:1356} INFO - 
--------------------------------------------------------------------------------
[2023-02-10 13:04:50,142] {taskinstance.py:1357} INFO - Starting attempt 3 of 6
[2023-02-10 13:04:50,144] {taskinstance.py:1358} INFO - 
--------------------------------------------------------------------------------
[2023-02-10 13:04:50,157] {taskinstance.py:1377} INFO - Executing <Task(BashOperator): get_token> on 2023-02-09 00:00:00+00:00
[2023-02-10 13:04:50,176] {standard_task_runner.py:52} INFO - Started process 352 to run task
[2023-02-10 13:04:50,181] {standard_task_runner.py:79} INFO - Running: ['***', 'tasks', 'run', 'rightmove_extraction_dag', 'get_token', 'scheduled__2023-02-09T00:00:00+00:00', '--job-id', '6', '--raw', '--subdir', 'DAGS_FOLDER/rightmove_extraction_dag.py', '--cfg-path', '/tmp/tmpkbjo9ny7', '--error-file', '/tmp/tmpe9da0i8s']
[2023-02-10 13:04:50,184] {standard_task_runner.py:80} INFO - Job 6: Subtask get_token
[2023-02-10 13:04:50,276] {task_command.py:369} INFO - Running <TaskInstance: rightmove_extraction_dag.get_token scheduled__2023-02-09T00:00:00+00:00 [running]> on host a299c389a304
[2023-02-10 13:04:50,386] {taskinstance.py:1571} INFO - Exporting the following env vars:
AIRFLOW_CTX_DAG_OWNER=alex
AIRFLOW_CTX_DAG_ID=rightmove_extraction_dag
AIRFLOW_CTX_TASK_ID=get_token
AIRFLOW_CTX_EXECUTION_DATE=2023-02-09T00:00:00+00:00
AIRFLOW_CTX_TRY_NUMBER=3
AIRFLOW_CTX_DAG_RUN_ID=scheduled__2023-02-09T00:00:00+00:00
[2023-02-10 13:04:50,389] {subprocess.py:62} INFO - Tmp dir root location: 
 /tmp
[2023-02-10 13:04:50,393] {subprocess.py:74} INFO - Running command: ['bash', '-c', 'cd /app && ./script.sh ']
[2023-02-10 13:04:50,410] {subprocess.py:85} INFO - Output:
[2023-02-10 13:04:50,441] {subprocess.py:92} INFO - bash: line 1: ./script.sh: No such file or directory
[2023-02-10 13:04:50,444] {subprocess.py:96} INFO - Command exited with return code 127
[2023-02-10 13:04:50,458] {taskinstance.py:1889} ERROR - Task failed with exception
Traceback (most recent call last):
  File "/home/airflow/.local/lib/python3.7/site-packages/airflow/operators/bash.py", line 195, in execute
    f'Bash command failed. The command returned a non-zero exit code {result.exit_code}.'
airflow.exceptions.AirflowException: Bash command failed. The command returned a non-zero exit code 127.
[2023-02-10 13:04:50,463] {taskinstance.py:1400} INFO - Marking task as UP_FOR_RETRY. dag_id=rightmove_extraction_dag, task_id=get_token, execution_date=20230209T000000, start_date=20230210T130450, end_date=20230210T130450
[2023-02-10 13:04:50,473] {standard_task_runner.py:97} ERROR - Failed to execute job 6 for task get_token (Bash command failed. The command returned a non-zero exit code 127.; 352)
[2023-02-10 13:04:50,522] {local_task_job.py:156} INFO - Task exited with return code 1
[2023-02-10 13:04:50,563] {local_task_job.py:273} INFO - 0 downstream tasks scheduled from follow-on schedule check
