[2023-02-10 11:58:19,564] {taskinstance.py:1159} INFO - Dependencies all met for <TaskInstance: rightmove_extraction_dag.get_token scheduled__2023-02-09T00:00:00+00:00 [queued]>
[2023-02-10 11:58:19,891] {taskinstance.py:1159} INFO - Dependencies all met for <TaskInstance: rightmove_extraction_dag.get_token scheduled__2023-02-09T00:00:00+00:00 [queued]>
[2023-02-10 11:58:20,111] {taskinstance.py:1356} INFO - 
--------------------------------------------------------------------------------
[2023-02-10 11:58:20,453] {taskinstance.py:1357} INFO - Starting attempt 6 of 6
[2023-02-10 11:58:20,626] {taskinstance.py:1358} INFO - 
--------------------------------------------------------------------------------
[2023-02-10 11:58:21,527] {taskinstance.py:1377} INFO - Executing <Task(BashOperator): get_token> on 2023-02-09 00:00:00+00:00
[2023-02-10 11:58:21,751] {standard_task_runner.py:52} INFO - Started process 370 to run task
[2023-02-10 11:58:21,806] {standard_task_runner.py:79} INFO - Running: ['***', 'tasks', 'run', 'rightmove_extraction_dag', 'get_token', 'scheduled__2023-02-09T00:00:00+00:00', '--job-id', '13', '--raw', '--subdir', 'DAGS_FOLDER/rightmove_extraction_dag.py', '--cfg-path', '/tmp/tmpc9tmad4n', '--error-file', '/tmp/tmpucdc8hs_']
[2023-02-10 11:58:21,836] {standard_task_runner.py:80} INFO - Job 13: Subtask get_token
[2023-02-10 11:58:22,738] {task_command.py:369} INFO - Running <TaskInstance: rightmove_extraction_dag.get_token scheduled__2023-02-09T00:00:00+00:00 [running]> on host f94e6d45e56a
[2023-02-10 11:58:23,066] {taskinstance.py:1571} INFO - Exporting the following env vars:
AIRFLOW_CTX_DAG_OWNER=alex
AIRFLOW_CTX_DAG_ID=rightmove_extraction_dag
AIRFLOW_CTX_TASK_ID=get_token
AIRFLOW_CTX_EXECUTION_DATE=2023-02-09T00:00:00+00:00
AIRFLOW_CTX_TRY_NUMBER=6
AIRFLOW_CTX_DAG_RUN_ID=scheduled__2023-02-09T00:00:00+00:00
[2023-02-10 11:58:23,091] {subprocess.py:62} INFO - Tmp dir root location: 
 /tmp
[2023-02-10 11:58:23,103] {subprocess.py:74} INFO - Running command: ['bash', '-c', 'cd app && ./script.sh ']
[2023-02-10 11:58:23,207] {subprocess.py:85} INFO - Output:
[2023-02-10 11:58:23,271] {subprocess.py:92} INFO - bash: line 1: cd: app: No such file or directory
[2023-02-10 11:58:23,287] {subprocess.py:96} INFO - Command exited with return code 1
[2023-02-10 11:58:23,418] {taskinstance.py:1889} ERROR - Task failed with exception
Traceback (most recent call last):
  File "/home/airflow/.local/lib/python3.7/site-packages/airflow/operators/bash.py", line 195, in execute
    f'Bash command failed. The command returned a non-zero exit code {result.exit_code}.'
airflow.exceptions.AirflowException: Bash command failed. The command returned a non-zero exit code 1.
[2023-02-10 11:58:23,522] {taskinstance.py:1400} INFO - Marking task as FAILED. dag_id=rightmove_extraction_dag, task_id=get_token, execution_date=20230209T000000, start_date=20230210T115819, end_date=20230210T115823
[2023-02-10 11:58:23,778] {standard_task_runner.py:97} ERROR - Failed to execute job 13 for task get_token (Bash command failed. The command returned a non-zero exit code 1.; 370)
[2023-02-10 11:58:32,123] {local_task_job.py:156} INFO - Task exited with return code 1
[2023-02-10 11:58:32,818] {local_task_job.py:273} INFO - 0 downstream tasks scheduled from follow-on schedule check
[2023-02-10 12:28:11,541] {taskinstance.py:1159} INFO - Dependencies all met for <TaskInstance: rightmove_extraction_dag.get_token scheduled__2023-02-09T00:00:00+00:00 [queued]>
[2023-02-10 12:28:11,577] {taskinstance.py:1159} INFO - Dependencies all met for <TaskInstance: rightmove_extraction_dag.get_token scheduled__2023-02-09T00:00:00+00:00 [queued]>
[2023-02-10 12:28:11,585] {taskinstance.py:1356} INFO - 
--------------------------------------------------------------------------------
[2023-02-10 12:28:11,589] {taskinstance.py:1357} INFO - Starting attempt 6 of 6
[2023-02-10 12:28:11,592] {taskinstance.py:1358} INFO - 
--------------------------------------------------------------------------------
[2023-02-10 12:28:11,615] {taskinstance.py:1377} INFO - Executing <Task(BashOperator): get_token> on 2023-02-09 00:00:00+00:00
[2023-02-10 12:28:11,660] {standard_task_runner.py:52} INFO - Started process 394 to run task
[2023-02-10 12:28:11,667] {standard_task_runner.py:79} INFO - Running: ['***', 'tasks', 'run', 'rightmove_extraction_dag', 'get_token', 'scheduled__2023-02-09T00:00:00+00:00', '--job-id', '12', '--raw', '--subdir', 'DAGS_FOLDER/rightmove_extraction_dag.py', '--cfg-path', '/tmp/tmp7jhbwaaf', '--error-file', '/tmp/tmpzcnpmodb']
[2023-02-10 12:28:11,673] {standard_task_runner.py:80} INFO - Job 12: Subtask get_token
[2023-02-10 12:28:11,905] {task_command.py:369} INFO - Running <TaskInstance: rightmove_extraction_dag.get_token scheduled__2023-02-09T00:00:00+00:00 [running]> on host 132093137b1e
[2023-02-10 12:28:12,188] {taskinstance.py:1571} INFO - Exporting the following env vars:
AIRFLOW_CTX_DAG_OWNER=alex
AIRFLOW_CTX_DAG_ID=rightmove_extraction_dag
AIRFLOW_CTX_TASK_ID=get_token
AIRFLOW_CTX_EXECUTION_DATE=2023-02-09T00:00:00+00:00
AIRFLOW_CTX_TRY_NUMBER=6
AIRFLOW_CTX_DAG_RUN_ID=scheduled__2023-02-09T00:00:00+00:00
[2023-02-10 12:28:12,247] {subprocess.py:62} INFO - Tmp dir root location: 
 /tmp
[2023-02-10 12:28:12,287] {subprocess.py:74} INFO - Running command: ['bash', '-c', 'cd /app && ./script.sh ']
[2023-02-10 12:28:12,438] {subprocess.py:85} INFO - Output:
[2023-02-10 12:28:12,574] {subprocess.py:92} INFO - ./script.sh: line 5: gcloud: command not found
[2023-02-10 12:28:12,798] {subprocess.py:92} INFO - ./script.sh: line 9: gcloud: command not found
[2023-02-10 12:28:13,112] {subprocess.py:92} INFO - ./script.sh: line 13: gcloud: command not found
[2023-02-10 12:28:13,140] {subprocess.py:96} INFO - Command exited with return code 127
[2023-02-10 12:28:13,183] {taskinstance.py:1889} ERROR - Task failed with exception
Traceback (most recent call last):
  File "/home/airflow/.local/lib/python3.7/site-packages/airflow/operators/bash.py", line 195, in execute
    f'Bash command failed. The command returned a non-zero exit code {result.exit_code}.'
airflow.exceptions.AirflowException: Bash command failed. The command returned a non-zero exit code 127.
[2023-02-10 12:28:13,209] {taskinstance.py:1400} INFO - Marking task as FAILED. dag_id=rightmove_extraction_dag, task_id=get_token, execution_date=20230209T000000, start_date=20230210T122811, end_date=20230210T122813
[2023-02-10 12:28:13,328] {standard_task_runner.py:97} ERROR - Failed to execute job 12 for task get_token (Bash command failed. The command returned a non-zero exit code 127.; 394)
[2023-02-10 12:28:13,461] {local_task_job.py:156} INFO - Task exited with return code 1
[2023-02-10 12:28:13,549] {local_task_job.py:273} INFO - 0 downstream tasks scheduled from follow-on schedule check
[2023-02-10 13:10:56,720] {taskinstance.py:1159} INFO - Dependencies all met for <TaskInstance: rightmove_extraction_dag.get_token scheduled__2023-02-09T00:00:00+00:00 [queued]>
[2023-02-10 13:10:56,747] {taskinstance.py:1159} INFO - Dependencies all met for <TaskInstance: rightmove_extraction_dag.get_token scheduled__2023-02-09T00:00:00+00:00 [queued]>
[2023-02-10 13:10:56,750] {taskinstance.py:1356} INFO - 
--------------------------------------------------------------------------------
[2023-02-10 13:10:56,752] {taskinstance.py:1357} INFO - Starting attempt 6 of 6
[2023-02-10 13:10:56,754] {taskinstance.py:1358} INFO - 
--------------------------------------------------------------------------------
[2023-02-10 13:10:56,770] {taskinstance.py:1377} INFO - Executing <Task(BashOperator): get_token> on 2023-02-09 00:00:00+00:00
[2023-02-10 13:10:56,782] {standard_task_runner.py:52} INFO - Started process 432 to run task
[2023-02-10 13:10:56,792] {standard_task_runner.py:79} INFO - Running: ['***', 'tasks', 'run', 'rightmove_extraction_dag', 'get_token', 'scheduled__2023-02-09T00:00:00+00:00', '--job-id', '12', '--raw', '--subdir', 'DAGS_FOLDER/rightmove_extraction_dag.py', '--cfg-path', '/tmp/tmp4mgpcjd0', '--error-file', '/tmp/tmpa7599bjn']
[2023-02-10 13:10:56,796] {standard_task_runner.py:80} INFO - Job 12: Subtask get_token
[2023-02-10 13:10:56,907] {task_command.py:369} INFO - Running <TaskInstance: rightmove_extraction_dag.get_token scheduled__2023-02-09T00:00:00+00:00 [running]> on host a299c389a304
[2023-02-10 13:10:57,007] {taskinstance.py:1571} INFO - Exporting the following env vars:
AIRFLOW_CTX_DAG_OWNER=alex
AIRFLOW_CTX_DAG_ID=rightmove_extraction_dag
AIRFLOW_CTX_TASK_ID=get_token
AIRFLOW_CTX_EXECUTION_DATE=2023-02-09T00:00:00+00:00
AIRFLOW_CTX_TRY_NUMBER=6
AIRFLOW_CTX_DAG_RUN_ID=scheduled__2023-02-09T00:00:00+00:00
[2023-02-10 13:10:57,011] {subprocess.py:62} INFO - Tmp dir root location: 
 /tmp
[2023-02-10 13:10:57,015] {subprocess.py:74} INFO - Running command: ['bash', '-c', 'cd /app && ./script.sh ']
[2023-02-10 13:10:57,035] {subprocess.py:85} INFO - Output:
[2023-02-10 13:10:57,136] {subprocess.py:92} INFO - bash: line 1: ./script.sh: No such file or directory
[2023-02-10 13:10:57,144] {subprocess.py:96} INFO - Command exited with return code 127
[2023-02-10 13:10:57,165] {taskinstance.py:1889} ERROR - Task failed with exception
Traceback (most recent call last):
  File "/home/airflow/.local/lib/python3.7/site-packages/airflow/operators/bash.py", line 195, in execute
    f'Bash command failed. The command returned a non-zero exit code {result.exit_code}.'
airflow.exceptions.AirflowException: Bash command failed. The command returned a non-zero exit code 127.
[2023-02-10 13:10:57,172] {taskinstance.py:1400} INFO - Marking task as FAILED. dag_id=rightmove_extraction_dag, task_id=get_token, execution_date=20230209T000000, start_date=20230210T131056, end_date=20230210T131057
[2023-02-10 13:10:57,186] {standard_task_runner.py:97} ERROR - Failed to execute job 12 for task get_token (Bash command failed. The command returned a non-zero exit code 127.; 432)
[2023-02-10 13:10:57,216] {local_task_job.py:156} INFO - Task exited with return code 1
[2023-02-10 13:10:57,269] {local_task_job.py:273} INFO - 0 downstream tasks scheduled from follow-on schedule check
