[2023-03-26 01:00:25,901] {processor.py:153} INFO - Started process (PID=1848) to work on /opt/airflow/dags/rightmove_extraction.py
[2023-03-26 01:00:25,909] {processor.py:641} INFO - Processing file /opt/airflow/dags/rightmove_extraction.py for tasks to queue
[2023-03-26 01:00:25,916] {logging_mixin.py:115} INFO - [2023-03-26 01:00:25,916] {dagbag.py:507} INFO - Filling up the DagBag from /opt/airflow/dags/rightmove_extraction.py
[2023-03-26 01:00:27,190] {processor.py:651} INFO - DAG(s) dict_keys(['rightmove_extraction_dag_test']) retrieved from /opt/airflow/dags/rightmove_extraction.py
[2023-03-26 01:00:27,803] {logging_mixin.py:115} INFO - [2023-03-26 01:00:27,803] {dag.py:2371} INFO - Sync 1 DAGs
[2023-03-26 01:00:27,939] {logging_mixin.py:115} INFO - [2023-03-26 01:00:27,939] {dag.py:2915} INFO - Setting next_dagrun for rightmove_extraction_dag_test to 2024-02-09T00:00:00+00:00, run_after=2024-02-10T00:00:00+00:00
[2023-03-26 01:00:27,985] {processor.py:161} INFO - Processing /opt/airflow/dags/rightmove_extraction.py took 2.174 seconds
[2023-03-26 01:50:19,956] {processor.py:153} INFO - Started process (PID=1866) to work on /opt/airflow/dags/rightmove_extraction.py
[2023-03-26 01:50:19,984] {processor.py:641} INFO - Processing file /opt/airflow/dags/rightmove_extraction.py for tasks to queue
[2023-03-26 01:50:20,000] {logging_mixin.py:115} INFO - [2023-03-26 01:50:19,999] {dagbag.py:507} INFO - Filling up the DagBag from /opt/airflow/dags/rightmove_extraction.py
[2023-03-26 01:50:25,461] {processor.py:651} INFO - DAG(s) dict_keys(['rightmove_extraction_dag_test']) retrieved from /opt/airflow/dags/rightmove_extraction.py
[2023-03-26 01:50:27,087] {logging_mixin.py:115} INFO - [2023-03-26 01:50:27,086] {dag.py:2371} INFO - Sync 1 DAGs
[2023-03-26 01:50:27,331] {logging_mixin.py:115} INFO - [2023-03-26 01:50:27,331] {dag.py:2915} INFO - Setting next_dagrun for rightmove_extraction_dag_test to 2024-02-09T00:00:00+00:00, run_after=2024-02-10T00:00:00+00:00
[2023-03-26 01:50:27,494] {processor.py:161} INFO - Processing /opt/airflow/dags/rightmove_extraction.py took 7.824 seconds
[2023-03-26 02:47:04,456] {processor.py:153} INFO - Started process (PID=1886) to work on /opt/airflow/dags/rightmove_extraction.py
[2023-03-26 02:47:04,547] {processor.py:641} INFO - Processing file /opt/airflow/dags/rightmove_extraction.py for tasks to queue
[2023-03-26 02:47:04,566] {logging_mixin.py:115} INFO - [2023-03-26 02:47:04,564] {dagbag.py:507} INFO - Filling up the DagBag from /opt/airflow/dags/rightmove_extraction.py
[2023-03-26 02:47:08,201] {processor.py:651} INFO - DAG(s) dict_keys(['rightmove_extraction_dag_test']) retrieved from /opt/airflow/dags/rightmove_extraction.py
[2023-03-26 02:47:09,213] {logging_mixin.py:115} INFO - [2023-03-26 02:47:09,213] {dag.py:2371} INFO - Sync 1 DAGs
[2023-03-26 02:47:09,422] {logging_mixin.py:115} INFO - [2023-03-26 02:47:09,422] {dag.py:2915} INFO - Setting next_dagrun for rightmove_extraction_dag_test to 2024-02-09T00:00:00+00:00, run_after=2024-02-10T00:00:00+00:00
[2023-03-26 02:47:09,563] {processor.py:161} INFO - Processing /opt/airflow/dags/rightmove_extraction.py took 5.293 seconds
[2023-03-26 03:48:15,377] {processor.py:153} INFO - Started process (PID=1903) to work on /opt/airflow/dags/rightmove_extraction.py
[2023-03-26 03:48:15,390] {processor.py:641} INFO - Processing file /opt/airflow/dags/rightmove_extraction.py for tasks to queue
[2023-03-26 03:48:15,432] {logging_mixin.py:115} INFO - [2023-03-26 03:48:15,432] {dagbag.py:507} INFO - Filling up the DagBag from /opt/airflow/dags/rightmove_extraction.py
[2023-03-26 03:48:17,398] {processor.py:651} INFO - DAG(s) dict_keys(['rightmove_extraction_dag_test']) retrieved from /opt/airflow/dags/rightmove_extraction.py
[2023-03-26 03:48:17,977] {logging_mixin.py:115} INFO - [2023-03-26 03:48:17,974] {dag.py:2371} INFO - Sync 1 DAGs
[2023-03-26 03:48:18,905] {logging_mixin.py:115} INFO - [2023-03-26 03:48:18,875] {dag.py:2915} INFO - Setting next_dagrun for rightmove_extraction_dag_test to 2024-02-09T00:00:00+00:00, run_after=2024-02-10T00:00:00+00:00
[2023-03-26 03:48:19,476] {processor.py:161} INFO - Processing /opt/airflow/dags/rightmove_extraction.py took 4.225 seconds
[2023-03-26 05:08:19,459] {processor.py:153} INFO - Started process (PID=1913) to work on /opt/airflow/dags/rightmove_extraction.py
[2023-03-26 05:08:19,465] {processor.py:641} INFO - Processing file /opt/airflow/dags/rightmove_extraction.py for tasks to queue
[2023-03-26 05:08:19,480] {logging_mixin.py:115} INFO - [2023-03-26 05:08:19,479] {dagbag.py:507} INFO - Filling up the DagBag from /opt/airflow/dags/rightmove_extraction.py
[2023-03-26 05:08:21,563] {processor.py:651} INFO - DAG(s) dict_keys(['rightmove_extraction_dag_test']) retrieved from /opt/airflow/dags/rightmove_extraction.py
[2023-03-26 05:08:21,954] {logging_mixin.py:115} INFO - [2023-03-26 05:08:21,954] {dag.py:2371} INFO - Sync 1 DAGs
[2023-03-26 05:08:22,231] {logging_mixin.py:115} INFO - [2023-03-26 05:08:22,227] {dag.py:2915} INFO - Setting next_dagrun for rightmove_extraction_dag_test to 2024-02-09T00:00:00+00:00, run_after=2024-02-10T00:00:00+00:00
[2023-03-26 05:08:22,389] {processor.py:161} INFO - Processing /opt/airflow/dags/rightmove_extraction.py took 2.986 seconds
[2023-03-26 06:15:38,120] {processor.py:153} INFO - Started process (PID=1928) to work on /opt/airflow/dags/rightmove_extraction.py
[2023-03-26 06:15:38,192] {processor.py:641} INFO - Processing file /opt/airflow/dags/rightmove_extraction.py for tasks to queue
[2023-03-26 06:15:38,237] {logging_mixin.py:115} INFO - [2023-03-26 06:15:38,237] {dagbag.py:507} INFO - Filling up the DagBag from /opt/airflow/dags/rightmove_extraction.py
[2023-03-26 06:15:40,921] {processor.py:651} INFO - DAG(s) dict_keys(['rightmove_extraction_dag_test']) retrieved from /opt/airflow/dags/rightmove_extraction.py
[2023-03-26 06:15:41,882] {logging_mixin.py:115} INFO - [2023-03-26 06:15:41,881] {dag.py:2371} INFO - Sync 1 DAGs
[2023-03-26 06:15:42,251] {logging_mixin.py:115} INFO - [2023-03-26 06:15:42,251] {dag.py:2915} INFO - Setting next_dagrun for rightmove_extraction_dag_test to 2024-02-09T00:00:00+00:00, run_after=2024-02-10T00:00:00+00:00
[2023-03-26 06:15:42,436] {processor.py:161} INFO - Processing /opt/airflow/dags/rightmove_extraction.py took 4.426 seconds
[2023-03-26 07:25:38,725] {processor.py:153} INFO - Started process (PID=1944) to work on /opt/airflow/dags/rightmove_extraction.py
[2023-03-26 07:25:38,746] {processor.py:641} INFO - Processing file /opt/airflow/dags/rightmove_extraction.py for tasks to queue
[2023-03-26 07:25:39,579] {logging_mixin.py:115} INFO - [2023-03-26 07:25:39,560] {dagbag.py:507} INFO - Filling up the DagBag from /opt/airflow/dags/rightmove_extraction.py
[2023-03-26 07:25:42,866] {processor.py:651} INFO - DAG(s) dict_keys(['rightmove_extraction_dag_test']) retrieved from /opt/airflow/dags/rightmove_extraction.py
[2023-03-26 07:25:43,497] {logging_mixin.py:115} INFO - [2023-03-26 07:25:43,496] {dag.py:2371} INFO - Sync 1 DAGs
[2023-03-26 07:25:43,643] {logging_mixin.py:115} INFO - [2023-03-26 07:25:43,641] {dag.py:2915} INFO - Setting next_dagrun for rightmove_extraction_dag_test to 2024-02-09T00:00:00+00:00, run_after=2024-02-10T00:00:00+00:00
[2023-03-26 07:25:43,724] {processor.py:161} INFO - Processing /opt/airflow/dags/rightmove_extraction.py took 5.100 seconds
[2023-03-26 08:04:38,845] {processor.py:153} INFO - Started process (PID=1955) to work on /opt/airflow/dags/rightmove_extraction.py
[2023-03-26 08:04:39,173] {processor.py:641} INFO - Processing file /opt/airflow/dags/rightmove_extraction.py for tasks to queue
[2023-03-26 08:04:39,301] {logging_mixin.py:115} INFO - [2023-03-26 08:04:39,300] {dagbag.py:507} INFO - Filling up the DagBag from /opt/airflow/dags/rightmove_extraction.py
[2023-03-26 08:04:41,256] {processor.py:651} INFO - DAG(s) dict_keys(['rightmove_extraction_dag_test']) retrieved from /opt/airflow/dags/rightmove_extraction.py
[2023-03-26 08:04:42,230] {logging_mixin.py:115} INFO - [2023-03-26 08:04:42,229] {dag.py:2371} INFO - Sync 1 DAGs
[2023-03-26 08:04:42,361] {logging_mixin.py:115} INFO - [2023-03-26 08:04:42,360] {dag.py:2915} INFO - Setting next_dagrun for rightmove_extraction_dag_test to 2024-02-09T00:00:00+00:00, run_after=2024-02-10T00:00:00+00:00
[2023-03-26 08:04:42,469] {processor.py:161} INFO - Processing /opt/airflow/dags/rightmove_extraction.py took 3.801 seconds
[2023-03-26 08:06:44,835] {processor.py:153} INFO - Started process (PID=1965) to work on /opt/airflow/dags/rightmove_extraction.py
[2023-03-26 08:06:44,879] {processor.py:641} INFO - Processing file /opt/airflow/dags/rightmove_extraction.py for tasks to queue
[2023-03-26 08:06:44,928] {logging_mixin.py:115} INFO - [2023-03-26 08:06:44,919] {dagbag.py:507} INFO - Filling up the DagBag from /opt/airflow/dags/rightmove_extraction.py
[2023-03-26 08:06:53,635] {processor.py:651} INFO - DAG(s) dict_keys(['rightmove_extraction_dag_test']) retrieved from /opt/airflow/dags/rightmove_extraction.py
[2023-03-26 08:06:58,618] {logging_mixin.py:115} INFO - [2023-03-26 08:06:58,615] {dag.py:2371} INFO - Sync 1 DAGs
[2023-03-26 08:06:59,577] {logging_mixin.py:115} INFO - [2023-03-26 08:06:59,575] {dag.py:2915} INFO - Setting next_dagrun for rightmove_extraction_dag_test to 2024-02-09T00:00:00+00:00, run_after=2024-02-10T00:00:00+00:00
[2023-03-26 08:06:59,728] {processor.py:161} INFO - Processing /opt/airflow/dags/rightmove_extraction.py took 17.763 seconds
[2023-03-26 08:33:15,590] {processor.py:153} INFO - Started process (PID=1979) to work on /opt/airflow/dags/rightmove_extraction.py
[2023-03-26 08:33:15,690] {processor.py:641} INFO - Processing file /opt/airflow/dags/rightmove_extraction.py for tasks to queue
[2023-03-26 08:33:15,760] {logging_mixin.py:115} INFO - [2023-03-26 08:33:15,758] {dagbag.py:507} INFO - Filling up the DagBag from /opt/airflow/dags/rightmove_extraction.py
[2023-03-26 08:33:16,903] {processor.py:651} INFO - DAG(s) dict_keys(['rightmove_extraction_dag_test']) retrieved from /opt/airflow/dags/rightmove_extraction.py
[2023-03-26 08:33:17,578] {logging_mixin.py:115} INFO - [2023-03-26 08:33:17,577] {dag.py:2371} INFO - Sync 1 DAGs
[2023-03-26 08:33:17,635] {logging_mixin.py:115} INFO - [2023-03-26 08:33:17,635] {dag.py:2915} INFO - Setting next_dagrun for rightmove_extraction_dag_test to 2024-02-09T00:00:00+00:00, run_after=2024-02-10T00:00:00+00:00
[2023-03-26 08:33:17,680] {processor.py:161} INFO - Processing /opt/airflow/dags/rightmove_extraction.py took 2.408 seconds
[2023-03-26 09:27:02,030] {processor.py:153} INFO - Started process (PID=1998) to work on /opt/airflow/dags/rightmove_extraction.py
[2023-03-26 09:27:02,122] {processor.py:641} INFO - Processing file /opt/airflow/dags/rightmove_extraction.py for tasks to queue
[2023-03-26 09:27:02,176] {logging_mixin.py:115} INFO - [2023-03-26 09:27:02,157] {dagbag.py:507} INFO - Filling up the DagBag from /opt/airflow/dags/rightmove_extraction.py
[2023-03-26 09:27:06,198] {processor.py:651} INFO - DAG(s) dict_keys(['rightmove_extraction_dag_test']) retrieved from /opt/airflow/dags/rightmove_extraction.py
[2023-03-26 09:27:06,989] {logging_mixin.py:115} INFO - [2023-03-26 09:27:06,989] {dag.py:2371} INFO - Sync 1 DAGs
[2023-03-26 09:27:07,698] {logging_mixin.py:115} INFO - [2023-03-26 09:27:07,696] {dag.py:2915} INFO - Setting next_dagrun for rightmove_extraction_dag_test to 2024-02-09T00:00:00+00:00, run_after=2024-02-10T00:00:00+00:00
[2023-03-26 09:27:08,019] {processor.py:161} INFO - Processing /opt/airflow/dags/rightmove_extraction.py took 6.105 seconds
[2023-03-26 10:05:36,296] {processor.py:153} INFO - Started process (PID=2010) to work on /opt/airflow/dags/rightmove_extraction.py
[2023-03-26 10:05:36,317] {processor.py:641} INFO - Processing file /opt/airflow/dags/rightmove_extraction.py for tasks to queue
[2023-03-26 10:05:36,345] {logging_mixin.py:115} INFO - [2023-03-26 10:05:36,345] {dagbag.py:507} INFO - Filling up the DagBag from /opt/airflow/dags/rightmove_extraction.py
[2023-03-26 10:05:40,152] {processor.py:651} INFO - DAG(s) dict_keys(['rightmove_extraction_dag_test']) retrieved from /opt/airflow/dags/rightmove_extraction.py
[2023-03-26 10:05:41,320] {logging_mixin.py:115} INFO - [2023-03-26 10:05:41,319] {dag.py:2371} INFO - Sync 1 DAGs
[2023-03-26 10:05:41,716] {logging_mixin.py:115} INFO - [2023-03-26 10:05:41,714] {dag.py:2915} INFO - Setting next_dagrun for rightmove_extraction_dag_test to 2024-02-09T00:00:00+00:00, run_after=2024-02-10T00:00:00+00:00
[2023-03-26 10:05:42,237] {processor.py:161} INFO - Processing /opt/airflow/dags/rightmove_extraction.py took 6.115 seconds
[2023-03-26 11:19:46,724] {processor.py:153} INFO - Started process (PID=2019) to work on /opt/airflow/dags/rightmove_extraction.py
[2023-03-26 11:19:46,753] {processor.py:641} INFO - Processing file /opt/airflow/dags/rightmove_extraction.py for tasks to queue
[2023-03-26 11:19:46,766] {logging_mixin.py:115} INFO - [2023-03-26 11:19:46,766] {dagbag.py:507} INFO - Filling up the DagBag from /opt/airflow/dags/rightmove_extraction.py
[2023-03-26 11:19:50,871] {processor.py:651} INFO - DAG(s) dict_keys(['rightmove_extraction_dag_test']) retrieved from /opt/airflow/dags/rightmove_extraction.py
[2023-03-26 11:19:51,313] {logging_mixin.py:115} INFO - [2023-03-26 11:19:51,313] {dag.py:2371} INFO - Sync 1 DAGs
[2023-03-26 11:19:51,673] {logging_mixin.py:115} INFO - [2023-03-26 11:19:51,672] {dag.py:2915} INFO - Setting next_dagrun for rightmove_extraction_dag_test to 2024-02-09T00:00:00+00:00, run_after=2024-02-10T00:00:00+00:00
[2023-03-26 11:19:51,840] {processor.py:161} INFO - Processing /opt/airflow/dags/rightmove_extraction.py took 5.400 seconds
[2023-03-26 11:24:54,933] {processor.py:153} INFO - Started process (PID=2031) to work on /opt/airflow/dags/rightmove_extraction.py
[2023-03-26 11:24:54,961] {processor.py:641} INFO - Processing file /opt/airflow/dags/rightmove_extraction.py for tasks to queue
[2023-03-26 11:24:54,970] {logging_mixin.py:115} INFO - [2023-03-26 11:24:54,965] {dagbag.py:507} INFO - Filling up the DagBag from /opt/airflow/dags/rightmove_extraction.py
[2023-03-26 11:24:59,088] {processor.py:651} INFO - DAG(s) dict_keys(['rightmove_extraction_dag_test']) retrieved from /opt/airflow/dags/rightmove_extraction.py
[2023-03-26 11:24:59,914] {logging_mixin.py:115} INFO - [2023-03-26 11:24:59,912] {dag.py:2371} INFO - Sync 1 DAGs
[2023-03-26 11:25:00,099] {logging_mixin.py:115} INFO - [2023-03-26 11:25:00,092] {dag.py:2915} INFO - Setting next_dagrun for rightmove_extraction_dag_test to 2024-02-09T00:00:00+00:00, run_after=2024-02-10T00:00:00+00:00
[2023-03-26 11:25:00,318] {processor.py:161} INFO - Processing /opt/airflow/dags/rightmove_extraction.py took 6.291 seconds
[2023-03-26 11:42:31,946] {processor.py:153} INFO - Started process (PID=2043) to work on /opt/airflow/dags/rightmove_extraction.py
[2023-03-26 11:42:31,958] {processor.py:641} INFO - Processing file /opt/airflow/dags/rightmove_extraction.py for tasks to queue
[2023-03-26 11:42:31,974] {logging_mixin.py:115} INFO - [2023-03-26 11:42:31,973] {dagbag.py:507} INFO - Filling up the DagBag from /opt/airflow/dags/rightmove_extraction.py
[2023-03-26 11:42:33,140] {processor.py:651} INFO - DAG(s) dict_keys(['rightmove_extraction_dag_test']) retrieved from /opt/airflow/dags/rightmove_extraction.py
[2023-03-26 11:42:33,425] {logging_mixin.py:115} INFO - [2023-03-26 11:42:33,424] {dag.py:2371} INFO - Sync 1 DAGs
[2023-03-26 11:42:33,586] {logging_mixin.py:115} INFO - [2023-03-26 11:42:33,586] {dag.py:2915} INFO - Setting next_dagrun for rightmove_extraction_dag_test to 2024-02-09T00:00:00+00:00, run_after=2024-02-10T00:00:00+00:00
[2023-03-26 11:42:33,667] {processor.py:161} INFO - Processing /opt/airflow/dags/rightmove_extraction.py took 1.875 seconds
[2023-03-26 12:11:07,750] {processor.py:153} INFO - Started process (PID=2053) to work on /opt/airflow/dags/rightmove_extraction.py
[2023-03-26 12:11:07,825] {processor.py:641} INFO - Processing file /opt/airflow/dags/rightmove_extraction.py for tasks to queue
[2023-03-26 12:11:07,846] {logging_mixin.py:115} INFO - [2023-03-26 12:11:07,844] {dagbag.py:507} INFO - Filling up the DagBag from /opt/airflow/dags/rightmove_extraction.py
[2023-03-26 12:11:17,386] {processor.py:651} INFO - DAG(s) dict_keys(['rightmove_extraction_dag_test']) retrieved from /opt/airflow/dags/rightmove_extraction.py
[2023-03-26 12:11:21,026] {logging_mixin.py:115} INFO - [2023-03-26 12:11:20,813] {dag.py:2371} INFO - Sync 1 DAGs
[2023-03-26 12:11:22,239] {logging_mixin.py:115} INFO - [2023-03-26 12:11:22,183] {dag.py:2915} INFO - Setting next_dagrun for rightmove_extraction_dag_test to 2024-02-09T00:00:00+00:00, run_after=2024-02-10T00:00:00+00:00
[2023-03-26 12:11:26,069] {processor.py:161} INFO - Processing /opt/airflow/dags/rightmove_extraction.py took 18.559 seconds
