[2023-03-27 16:42:26,170] {taskinstance.py:1159} INFO - Dependencies all met for <TaskInstance: rightmove_extraction_dag.print_spiders manual__2023-03-27T16:42:24.074156+00:00 [queued]>
[2023-03-27 16:42:26,176] {taskinstance.py:1159} INFO - Dependencies all met for <TaskInstance: rightmove_extraction_dag.print_spiders manual__2023-03-27T16:42:24.074156+00:00 [queued]>
[2023-03-27 16:42:26,179] {taskinstance.py:1356} INFO - 
--------------------------------------------------------------------------------
[2023-03-27 16:42:26,181] {taskinstance.py:1357} INFO - Starting attempt 1 of 6
[2023-03-27 16:42:26,181] {taskinstance.py:1358} INFO - 
--------------------------------------------------------------------------------
[2023-03-27 16:42:26,187] {taskinstance.py:1377} INFO - Executing <Task(BashOperator): print_spiders> on 2023-03-27 16:42:24.074156+00:00
[2023-03-27 16:42:26,191] {standard_task_runner.py:52} INFO - Started process 2049 to run task
[2023-03-27 16:42:26,195] {standard_task_runner.py:79} INFO - Running: ['***', 'tasks', 'run', 'rightmove_extraction_dag', 'print_spiders', 'manual__2023-03-27T16:42:24.074156+00:00', '--job-id', '119', '--raw', '--subdir', 'DAGS_FOLDER/rightmove_extraction_dag.py', '--cfg-path', '/tmp/tmpbi5zxqjv', '--error-file', '/tmp/tmpcseowc5o']
[2023-03-27 16:42:26,197] {standard_task_runner.py:80} INFO - Job 119: Subtask print_spiders
[2023-03-27 16:42:26,242] {task_command.py:369} INFO - Running <TaskInstance: rightmove_extraction_dag.print_spiders manual__2023-03-27T16:42:24.074156+00:00 [running]> on host 6614738016e4
[2023-03-27 16:42:26,288] {taskinstance.py:1569} INFO - Exporting the following env vars:
AIRFLOW_CTX_DAG_OWNER=alex
AIRFLOW_CTX_DAG_ID=rightmove_extraction_dag
AIRFLOW_CTX_TASK_ID=print_spiders
AIRFLOW_CTX_EXECUTION_DATE=2023-03-27T16:42:24.074156+00:00
AIRFLOW_CTX_TRY_NUMBER=1
AIRFLOW_CTX_DAG_RUN_ID=manual__2023-03-27T16:42:24.074156+00:00
[2023-03-27 16:42:26,290] {subprocess.py:62} INFO - Tmp dir root location: 
 /tmp
[2023-03-27 16:42:26,292] {subprocess.py:74} INFO - Running command: ['bash', '-c', ' curl http://scrapyd-app:6800/listspiders.json?project=real_estate_extraction']
[2023-03-27 16:42:26,300] {subprocess.py:85} INFO - Output:
[2023-03-27 16:42:26,309] {subprocess.py:92} INFO -   % Total    % Received % Xferd  Average Speed   Time    Time     Time  Current
[2023-03-27 16:42:26,310] {subprocess.py:92} INFO -                                  Dload  Upload   Total   Spent    Left  Speed
[2023-03-27 16:42:26,312] {subprocess.py:92} INFO -   0     0    0     0    0     0      0      0 --:--:-- --:--:-- --:--:--     0100    72  100    72    0     0  18000      0 --:--:-- --:--:-- --:--:-- 24000
[2023-03-27 16:42:26,313] {subprocess.py:92} INFO - {"node_name": "889628ec664c", "status": "ok", "spiders": ["rightmove"]}
[2023-03-27 16:42:26,315] {subprocess.py:96} INFO - Command exited with return code 0
[2023-03-27 16:42:26,338] {taskinstance.py:1395} INFO - Marking task as SUCCESS. dag_id=rightmove_extraction_dag, task_id=print_spiders, execution_date=20230327T164224, start_date=20230327T164226, end_date=20230327T164226
[2023-03-27 16:42:26,366] {local_task_job.py:156} INFO - Task exited with return code 0
[2023-03-27 16:42:26,395] {local_task_job.py:273} INFO - 1 downstream tasks scheduled from follow-on schedule check
