[2023-02-10 10:55:49,685] {taskinstance.py:1159} INFO - Dependencies all met for <TaskInstance: rightmove_extraction_dag.get_token manual__2023-02-10T10:49:34.701017+00:00 [queued]>
[2023-02-10 10:55:49,702] {taskinstance.py:1159} INFO - Dependencies all met for <TaskInstance: rightmove_extraction_dag.get_token manual__2023-02-10T10:49:34.701017+00:00 [queued]>
[2023-02-10 10:55:49,705] {taskinstance.py:1356} INFO - 
--------------------------------------------------------------------------------
[2023-02-10 10:55:49,707] {taskinstance.py:1357} INFO - Starting attempt 4 of 6
[2023-02-10 10:55:49,709] {taskinstance.py:1358} INFO - 
--------------------------------------------------------------------------------
[2023-02-10 10:55:49,777] {taskinstance.py:1377} INFO - Executing <Task(BashOperator): get_token> on 2023-02-10 10:49:34.701017+00:00
[2023-02-10 10:55:49,850] {standard_task_runner.py:52} INFO - Started process 327 to run task
[2023-02-10 10:55:49,861] {standard_task_runner.py:79} INFO - Running: ['***', 'tasks', 'run', 'rightmove_extraction_dag', 'get_token', 'manual__2023-02-10T10:49:34.701017+00:00', '--job-id', '9', '--raw', '--subdir', 'DAGS_FOLDER/rightmove_extraction_dag.py', '--cfg-path', '/tmp/tmpqgqs8djr', '--error-file', '/tmp/tmpudcjya4n']
[2023-02-10 10:55:49,874] {standard_task_runner.py:80} INFO - Job 9: Subtask get_token
[2023-02-10 10:55:50,169] {task_command.py:369} INFO - Running <TaskInstance: rightmove_extraction_dag.get_token manual__2023-02-10T10:49:34.701017+00:00 [running]> on host f94e6d45e56a
[2023-02-10 10:55:50,630] {taskinstance.py:1571} INFO - Exporting the following env vars:
AIRFLOW_CTX_DAG_OWNER=alex
AIRFLOW_CTX_DAG_ID=rightmove_extraction_dag
AIRFLOW_CTX_TASK_ID=get_token
AIRFLOW_CTX_EXECUTION_DATE=2023-02-10T10:49:34.701017+00:00
AIRFLOW_CTX_TRY_NUMBER=4
AIRFLOW_CTX_DAG_RUN_ID=manual__2023-02-10T10:49:34.701017+00:00
[2023-02-10 10:55:50,668] {subprocess.py:62} INFO - Tmp dir root location: 
 /tmp
[2023-02-10 10:55:50,695] {subprocess.py:74} INFO - Running command: ['bash', '-c', 'cd app && ./script.sh ']
[2023-02-10 10:55:50,830] {subprocess.py:85} INFO - Output:
[2023-02-10 10:55:51,089] {subprocess.py:92} INFO - bash: line 1: cd: app: No such file or directory
[2023-02-10 10:55:51,107] {subprocess.py:96} INFO - Command exited with return code 1
[2023-02-10 10:55:51,168] {taskinstance.py:1889} ERROR - Task failed with exception
Traceback (most recent call last):
  File "/home/airflow/.local/lib/python3.7/site-packages/airflow/operators/bash.py", line 195, in execute
    f'Bash command failed. The command returned a non-zero exit code {result.exit_code}.'
airflow.exceptions.AirflowException: Bash command failed. The command returned a non-zero exit code 1.
[2023-02-10 10:55:51,202] {taskinstance.py:1400} INFO - Marking task as UP_FOR_RETRY. dag_id=rightmove_extraction_dag, task_id=get_token, execution_date=20230210T104934, start_date=20230210T105549, end_date=20230210T105551
[2023-02-10 10:55:51,282] {standard_task_runner.py:97} ERROR - Failed to execute job 9 for task get_token (Bash command failed. The command returned a non-zero exit code 1.; 327)
[2023-02-10 10:55:51,346] {local_task_job.py:156} INFO - Task exited with return code 1
[2023-02-10 10:55:51,417] {local_task_job.py:273} INFO - 0 downstream tasks scheduled from follow-on schedule check
