[2023-03-28 20:12:37,252] {taskinstance.py:1159} INFO - Dependencies all met for <TaskInstance: rightmove_extraction_dag.schedule_job_task manual__2023-03-28T20:12:23.267196+00:00 [queued]>
[2023-03-28 20:12:37,270] {taskinstance.py:1159} INFO - Dependencies all met for <TaskInstance: rightmove_extraction_dag.schedule_job_task manual__2023-03-28T20:12:23.267196+00:00 [queued]>
[2023-03-28 20:12:37,279] {taskinstance.py:1356} INFO - 
--------------------------------------------------------------------------------
[2023-03-28 20:12:37,281] {taskinstance.py:1357} INFO - Starting attempt 1 of 6
[2023-03-28 20:12:37,286] {taskinstance.py:1358} INFO - 
--------------------------------------------------------------------------------
[2023-03-28 20:12:37,312] {taskinstance.py:1377} INFO - Executing <Task(PythonOperator): schedule_job_task> on 2023-03-28 20:12:23.267196+00:00
[2023-03-28 20:12:37,327] {standard_task_runner.py:52} INFO - Started process 619 to run task
[2023-03-28 20:12:37,336] {standard_task_runner.py:79} INFO - Running: ['***', 'tasks', 'run', 'rightmove_extraction_dag', 'schedule_job_task', 'manual__2023-03-28T20:12:23.267196+00:00', '--job-id', '13', '--raw', '--subdir', 'DAGS_FOLDER/rightmove_extraction_dag.py', '--cfg-path', '/tmp/tmpsps47g9o', '--error-file', '/tmp/tmpck7a3wwg']
[2023-03-28 20:12:37,358] {standard_task_runner.py:80} INFO - Job 13: Subtask schedule_job_task
[2023-03-28 20:12:37,450] {task_command.py:369} INFO - Running <TaskInstance: rightmove_extraction_dag.schedule_job_task manual__2023-03-28T20:12:23.267196+00:00 [running]> on host 7b33de18778c
[2023-03-28 20:12:37,537] {taskinstance.py:1569} INFO - Exporting the following env vars:
AIRFLOW_CTX_DAG_OWNER=alex
AIRFLOW_CTX_DAG_ID=rightmove_extraction_dag
AIRFLOW_CTX_TASK_ID=schedule_job_task
AIRFLOW_CTX_EXECUTION_DATE=2023-03-28T20:12:23.267196+00:00
AIRFLOW_CTX_TRY_NUMBER=1
AIRFLOW_CTX_DAG_RUN_ID=manual__2023-03-28T20:12:23.267196+00:00
[2023-03-28 20:12:37,998] {logging_mixin.py:115} INFO - This is the response: {'node_name': '6fff5f1b0adf', 'status': 'ok', 'jobid': 'e2934e20cda411edbd2c0242ac130002'}
[2023-03-28 20:12:37,999] {logging_mixin.py:115} INFO - Job scheduled successfully
[2023-03-28 20:12:38,000] {python.py:173} INFO - Done. Returned value was: {'jobid': 'e2934e20cda411edbd2c0242ac130002'}
[2023-03-28 20:12:38,056] {taskinstance.py:1395} INFO - Marking task as SUCCESS. dag_id=rightmove_extraction_dag, task_id=schedule_job_task, execution_date=20230328T201223, start_date=20230328T201237, end_date=20230328T201238
[2023-03-28 20:12:38,119] {local_task_job.py:156} INFO - Task exited with return code 0
[2023-03-28 20:12:38,181] {local_task_job.py:273} INFO - 1 downstream tasks scheduled from follow-on schedule check
