[2023-03-28 20:12:34,721] {taskinstance.py:1159} INFO - Dependencies all met for <TaskInstance: rightmove_extraction_dag.print_spiders manual__2023-03-28T20:12:23.267196+00:00 [queued]>
[2023-03-28 20:12:34,731] {taskinstance.py:1159} INFO - Dependencies all met for <TaskInstance: rightmove_extraction_dag.print_spiders manual__2023-03-28T20:12:23.267196+00:00 [queued]>
[2023-03-28 20:12:34,734] {taskinstance.py:1356} INFO - 
--------------------------------------------------------------------------------
[2023-03-28 20:12:34,736] {taskinstance.py:1357} INFO - Starting attempt 1 of 6
[2023-03-28 20:12:34,738] {taskinstance.py:1358} INFO - 
--------------------------------------------------------------------------------
[2023-03-28 20:12:34,757] {taskinstance.py:1377} INFO - Executing <Task(BashOperator): print_spiders> on 2023-03-28 20:12:23.267196+00:00
[2023-03-28 20:12:34,774] {standard_task_runner.py:52} INFO - Started process 600 to run task
[2023-03-28 20:12:34,784] {standard_task_runner.py:79} INFO - Running: ['***', 'tasks', 'run', 'rightmove_extraction_dag', 'print_spiders', 'manual__2023-03-28T20:12:23.267196+00:00', '--job-id', '7', '--raw', '--subdir', 'DAGS_FOLDER/rightmove_extraction_dag.py', '--cfg-path', '/tmp/tmp8kbudvsg', '--error-file', '/tmp/tmp5rxicqan']
[2023-03-28 20:12:34,806] {standard_task_runner.py:80} INFO - Job 7: Subtask print_spiders
[2023-03-28 20:12:35,241] {task_command.py:369} INFO - Running <TaskInstance: rightmove_extraction_dag.print_spiders manual__2023-03-28T20:12:23.267196+00:00 [running]> on host 7b33de18778c
[2023-03-28 20:12:35,655] {taskinstance.py:1569} INFO - Exporting the following env vars:
AIRFLOW_CTX_DAG_OWNER=alex
AIRFLOW_CTX_DAG_ID=rightmove_extraction_dag
AIRFLOW_CTX_TASK_ID=print_spiders
AIRFLOW_CTX_EXECUTION_DATE=2023-03-28T20:12:23.267196+00:00
AIRFLOW_CTX_TRY_NUMBER=1
AIRFLOW_CTX_DAG_RUN_ID=manual__2023-03-28T20:12:23.267196+00:00
[2023-03-28 20:12:35,659] {subprocess.py:62} INFO - Tmp dir root location: 
 /tmp
[2023-03-28 20:12:35,662] {subprocess.py:74} INFO - Running command: ['bash', '-c', ' curl http://scrapyd-app:6800/listspiders.json?project=real_estate_extraction']
[2023-03-28 20:12:35,679] {subprocess.py:85} INFO - Output:
[2023-03-28 20:12:35,692] {subprocess.py:92} INFO -   % Total    % Received % Xferd  Average Speed   Time    Time     Time  Current
[2023-03-28 20:12:35,694] {subprocess.py:92} INFO -                                  Dload  Upload   Total   Spent    Left  Speed
[2023-03-28 20:12:35,695] {subprocess.py:92} INFO -   0     0    0     0    0     0      0      0 --:--:-- --:--:-- --:--:--     0100    72  100    72    0     0  24000      0 --:--:-- --:--:-- --:--:-- 24000
[2023-03-28 20:12:35,696] {subprocess.py:92} INFO - {"node_name": "6fff5f1b0adf", "status": "ok", "spiders": ["rightmove"]}
[2023-03-28 20:12:35,699] {subprocess.py:96} INFO - Command exited with return code 0
[2023-03-28 20:12:35,756] {taskinstance.py:1395} INFO - Marking task as SUCCESS. dag_id=rightmove_extraction_dag, task_id=print_spiders, execution_date=20230328T201223, start_date=20230328T201234, end_date=20230328T201235
[2023-03-28 20:12:35,805] {local_task_job.py:156} INFO - Task exited with return code 0
[2023-03-28 20:12:35,898] {local_task_job.py:273} INFO - 1 downstream tasks scheduled from follow-on schedule check
