[2023-03-25 13:50:16,803] {taskinstance.py:1159} INFO - Dependencies all met for <TaskInstance: rightmove_extraction_dag.print_spiders manual__2023-03-25T13:50:12.939562+00:00 [queued]>
[2023-03-25 13:50:16,815] {taskinstance.py:1159} INFO - Dependencies all met for <TaskInstance: rightmove_extraction_dag.print_spiders manual__2023-03-25T13:50:12.939562+00:00 [queued]>
[2023-03-25 13:50:16,817] {taskinstance.py:1356} INFO - 
--------------------------------------------------------------------------------
[2023-03-25 13:50:16,818] {taskinstance.py:1357} INFO - Starting attempt 1 of 6
[2023-03-25 13:50:16,820] {taskinstance.py:1358} INFO - 
--------------------------------------------------------------------------------
[2023-03-25 13:50:16,832] {taskinstance.py:1377} INFO - Executing <Task(BashOperator): print_spiders> on 2023-03-25 13:50:12.939562+00:00
[2023-03-25 13:50:16,841] {standard_task_runner.py:52} INFO - Started process 1596 to run task
[2023-03-25 13:50:16,845] {standard_task_runner.py:79} INFO - Running: ['***', 'tasks', 'run', 'rightmove_extraction_dag', 'print_spiders', 'manual__2023-03-25T13:50:12.939562+00:00', '--job-id', '93', '--raw', '--subdir', 'DAGS_FOLDER/rightmove_extraction_dag.py', '--cfg-path', '/tmp/tmp1x02ojgh', '--error-file', '/tmp/tmpxwv9aw8q']
[2023-03-25 13:50:16,848] {standard_task_runner.py:80} INFO - Job 93: Subtask print_spiders
[2023-03-25 13:50:16,907] {task_command.py:369} INFO - Running <TaskInstance: rightmove_extraction_dag.print_spiders manual__2023-03-25T13:50:12.939562+00:00 [running]> on host 6614738016e4
[2023-03-25 13:50:16,970] {taskinstance.py:1569} INFO - Exporting the following env vars:
AIRFLOW_CTX_DAG_OWNER=alex
AIRFLOW_CTX_DAG_ID=rightmove_extraction_dag
AIRFLOW_CTX_TASK_ID=print_spiders
AIRFLOW_CTX_EXECUTION_DATE=2023-03-25T13:50:12.939562+00:00
AIRFLOW_CTX_TRY_NUMBER=1
AIRFLOW_CTX_DAG_RUN_ID=manual__2023-03-25T13:50:12.939562+00:00
[2023-03-25 13:50:16,976] {subprocess.py:62} INFO - Tmp dir root location: 
 /tmp
[2023-03-25 13:50:16,990] {subprocess.py:74} INFO - Running command: ['bash', '-c', ' curl http://scrapyd-app:6800/listspiders.json?project=real_estate_extraction']
[2023-03-25 13:50:17,003] {subprocess.py:85} INFO - Output:
[2023-03-25 13:50:17,016] {subprocess.py:92} INFO -   % Total    % Received % Xferd  Average Speed   Time    Time     Time  Current
[2023-03-25 13:50:17,018] {subprocess.py:92} INFO -                                  Dload  Upload   Total   Spent    Left  Speed
[2023-03-25 13:50:17,040] {subprocess.py:92} INFO -   0     0    0     0    0     0      0      0 --:--:-- --:--:-- --:--:--     0100    72  100    72    0     0   2769      0 --:--:-- --:--:-- --:--:--  3000
[2023-03-25 13:50:17,061] {subprocess.py:92} INFO - {"node_name": "fac540815f2e", "status": "ok", "spiders": ["rightmove"]}
[2023-03-25 13:50:17,065] {subprocess.py:96} INFO - Command exited with return code 0
[2023-03-25 13:50:17,137] {taskinstance.py:1395} INFO - Marking task as SUCCESS. dag_id=rightmove_extraction_dag, task_id=print_spiders, execution_date=20230325T135012, start_date=20230325T135016, end_date=20230325T135017
[2023-03-25 13:50:17,189] {local_task_job.py:156} INFO - Task exited with return code 0
[2023-03-25 13:50:17,218] {local_task_job.py:273} INFO - 1 downstream tasks scheduled from follow-on schedule check
