[2023-03-27 19:46:23,039] {taskinstance.py:1159} INFO - Dependencies all met for <TaskInstance: rightmove_extraction_dag.print_spiders manual__2023-03-27T19:46:20.190783+00:00 [queued]>
[2023-03-27 19:46:23,045] {taskinstance.py:1159} INFO - Dependencies all met for <TaskInstance: rightmove_extraction_dag.print_spiders manual__2023-03-27T19:46:20.190783+00:00 [queued]>
[2023-03-27 19:46:23,046] {taskinstance.py:1356} INFO - 
--------------------------------------------------------------------------------
[2023-03-27 19:46:23,047] {taskinstance.py:1357} INFO - Starting attempt 1 of 6
[2023-03-27 19:46:23,048] {taskinstance.py:1358} INFO - 
--------------------------------------------------------------------------------
[2023-03-27 19:46:23,055] {taskinstance.py:1377} INFO - Executing <Task(BashOperator): print_spiders> on 2023-03-27 19:46:20.190783+00:00
[2023-03-27 19:46:23,059] {standard_task_runner.py:52} INFO - Started process 1640 to run task
[2023-03-27 19:46:23,062] {standard_task_runner.py:79} INFO - Running: ['***', 'tasks', 'run', 'rightmove_extraction_dag', 'print_spiders', 'manual__2023-03-27T19:46:20.190783+00:00', '--job-id', '136', '--raw', '--subdir', 'DAGS_FOLDER/rightmove_extraction_dag.py', '--cfg-path', '/tmp/tmpuxitz1vk', '--error-file', '/tmp/tmpisf9gswb']
[2023-03-27 19:46:23,064] {standard_task_runner.py:80} INFO - Job 136: Subtask print_spiders
[2023-03-27 19:46:23,109] {task_command.py:369} INFO - Running <TaskInstance: rightmove_extraction_dag.print_spiders manual__2023-03-27T19:46:20.190783+00:00 [running]> on host 6c19e51924f7
[2023-03-27 19:46:23,154] {taskinstance.py:1569} INFO - Exporting the following env vars:
AIRFLOW_CTX_DAG_OWNER=alex
AIRFLOW_CTX_DAG_ID=rightmove_extraction_dag
AIRFLOW_CTX_TASK_ID=print_spiders
AIRFLOW_CTX_EXECUTION_DATE=2023-03-27T19:46:20.190783+00:00
AIRFLOW_CTX_TRY_NUMBER=1
AIRFLOW_CTX_DAG_RUN_ID=manual__2023-03-27T19:46:20.190783+00:00
[2023-03-27 19:46:23,156] {subprocess.py:62} INFO - Tmp dir root location: 
 /tmp
[2023-03-27 19:46:23,160] {subprocess.py:74} INFO - Running command: ['bash', '-c', ' curl http://scrapyd-app:6800/listspiders.json?project=real_estate_extraction']
[2023-03-27 19:46:23,169] {subprocess.py:85} INFO - Output:
[2023-03-27 19:46:23,179] {subprocess.py:92} INFO -   % Total    % Received % Xferd  Average Speed   Time    Time     Time  Current
[2023-03-27 19:46:23,181] {subprocess.py:92} INFO -                                  Dload  Upload   Total   Spent    Left  Speed
[2023-03-27 19:46:24,430] {subprocess.py:92} INFO -   0     0    0     0    0     0      0      0 --:--:-- --:--:-- --:--:--     0  0     0    0     0    0     0      0      0 --:--:--  0:00:01 --:--:--     0100    72  100    72    0     0     57      0  0:00:01  0:00:01 --:--:--    57
[2023-03-27 19:46:24,431] {subprocess.py:92} INFO - {"node_name": "889628ec664c", "status": "ok", "spiders": ["rightmove"]}
[2023-03-27 19:46:24,433] {subprocess.py:96} INFO - Command exited with return code 0
[2023-03-27 19:46:24,456] {taskinstance.py:1395} INFO - Marking task as SUCCESS. dag_id=rightmove_extraction_dag, task_id=print_spiders, execution_date=20230327T194620, start_date=20230327T194623, end_date=20230327T194624
[2023-03-27 19:46:24,472] {local_task_job.py:156} INFO - Task exited with return code 0
[2023-03-27 19:46:24,503] {local_task_job.py:273} INFO - 1 downstream tasks scheduled from follow-on schedule check
