[2023-03-27 16:48:01,813] {taskinstance.py:1159} INFO - Dependencies all met for <TaskInstance: rightmove_extraction_dag.print_spiders manual__2023-03-27T16:48:00.128947+00:00 [queued]>
[2023-03-27 16:48:01,819] {taskinstance.py:1159} INFO - Dependencies all met for <TaskInstance: rightmove_extraction_dag.print_spiders manual__2023-03-27T16:48:00.128947+00:00 [queued]>
[2023-03-27 16:48:01,820] {taskinstance.py:1356} INFO - 
--------------------------------------------------------------------------------
[2023-03-27 16:48:01,821] {taskinstance.py:1357} INFO - Starting attempt 1 of 6
[2023-03-27 16:48:01,822] {taskinstance.py:1358} INFO - 
--------------------------------------------------------------------------------
[2023-03-27 16:48:01,829] {taskinstance.py:1377} INFO - Executing <Task(BashOperator): print_spiders> on 2023-03-27 16:48:00.128947+00:00
[2023-03-27 16:48:01,834] {standard_task_runner.py:52} INFO - Started process 2266 to run task
[2023-03-27 16:48:01,837] {standard_task_runner.py:79} INFO - Running: ['***', 'tasks', 'run', 'rightmove_extraction_dag', 'print_spiders', 'manual__2023-03-27T16:48:00.128947+00:00', '--job-id', '126', '--raw', '--subdir', 'DAGS_FOLDER/rightmove_extraction_dag.py', '--cfg-path', '/tmp/tmpvir796cu', '--error-file', '/tmp/tmpqsuo19gz']
[2023-03-27 16:48:01,839] {standard_task_runner.py:80} INFO - Job 126: Subtask print_spiders
[2023-03-27 16:48:01,886] {task_command.py:369} INFO - Running <TaskInstance: rightmove_extraction_dag.print_spiders manual__2023-03-27T16:48:00.128947+00:00 [running]> on host 6614738016e4
[2023-03-27 16:48:01,936] {taskinstance.py:1569} INFO - Exporting the following env vars:
AIRFLOW_CTX_DAG_OWNER=alex
AIRFLOW_CTX_DAG_ID=rightmove_extraction_dag
AIRFLOW_CTX_TASK_ID=print_spiders
AIRFLOW_CTX_EXECUTION_DATE=2023-03-27T16:48:00.128947+00:00
AIRFLOW_CTX_TRY_NUMBER=1
AIRFLOW_CTX_DAG_RUN_ID=manual__2023-03-27T16:48:00.128947+00:00
[2023-03-27 16:48:01,939] {subprocess.py:62} INFO - Tmp dir root location: 
 /tmp
[2023-03-27 16:48:01,940] {subprocess.py:74} INFO - Running command: ['bash', '-c', ' curl http://scrapyd-app:6800/listspiders.json?project=real_estate_extraction']
[2023-03-27 16:48:01,954] {subprocess.py:85} INFO - Output:
[2023-03-27 16:48:01,962] {subprocess.py:92} INFO -   % Total    % Received % Xferd  Average Speed   Time    Time     Time  Current
[2023-03-27 16:48:01,963] {subprocess.py:92} INFO -                                  Dload  Upload   Total   Spent    Left  Speed
[2023-03-27 16:48:01,965] {subprocess.py:92} INFO -   0     0    0     0    0     0      0      0 --:--:-- --:--:-- --:--:--     0100    72  100    72    0     0  36000      0 --:--:-- --:--:-- --:--:-- 36000
[2023-03-27 16:48:01,966] {subprocess.py:92} INFO - {"node_name": "889628ec664c", "status": "ok", "spiders": ["rightmove"]}
[2023-03-27 16:48:01,967] {subprocess.py:96} INFO - Command exited with return code 0
[2023-03-27 16:48:01,992] {taskinstance.py:1395} INFO - Marking task as SUCCESS. dag_id=rightmove_extraction_dag, task_id=print_spiders, execution_date=20230327T164800, start_date=20230327T164801, end_date=20230327T164801
[2023-03-27 16:48:02,012] {local_task_job.py:156} INFO - Task exited with return code 0
[2023-03-27 16:48:02,039] {local_task_job.py:273} INFO - 1 downstream tasks scheduled from follow-on schedule check
