[2023-03-27 16:51:21,733] {taskinstance.py:1159} INFO - Dependencies all met for <TaskInstance: rightmove_extraction_dag.schedule_job_task manual__2023-03-27T16:51:18.776721+00:00 [queued]>
[2023-03-27 16:51:21,739] {taskinstance.py:1159} INFO - Dependencies all met for <TaskInstance: rightmove_extraction_dag.schedule_job_task manual__2023-03-27T16:51:18.776721+00:00 [queued]>
[2023-03-27 16:51:21,740] {taskinstance.py:1356} INFO - 
--------------------------------------------------------------------------------
[2023-03-27 16:51:21,741] {taskinstance.py:1357} INFO - Starting attempt 1 of 6
[2023-03-27 16:51:21,741] {taskinstance.py:1358} INFO - 
--------------------------------------------------------------------------------
[2023-03-27 16:51:21,747] {taskinstance.py:1377} INFO - Executing <Task(PythonOperator): schedule_job_task> on 2023-03-27 16:51:18.776721+00:00
[2023-03-27 16:51:21,751] {standard_task_runner.py:52} INFO - Started process 2357 to run task
[2023-03-27 16:51:21,754] {standard_task_runner.py:79} INFO - Running: ['***', 'tasks', 'run', 'rightmove_extraction_dag', 'schedule_job_task', 'manual__2023-03-27T16:51:18.776721+00:00', '--job-id', '131', '--raw', '--subdir', 'DAGS_FOLDER/rightmove_extraction_dag.py', '--cfg-path', '/tmp/tmp99o8mc_h', '--error-file', '/tmp/tmpaniciz2z']
[2023-03-27 16:51:21,756] {standard_task_runner.py:80} INFO - Job 131: Subtask schedule_job_task
[2023-03-27 16:51:21,797] {task_command.py:369} INFO - Running <TaskInstance: rightmove_extraction_dag.schedule_job_task manual__2023-03-27T16:51:18.776721+00:00 [running]> on host 6614738016e4
[2023-03-27 16:51:21,841] {taskinstance.py:1569} INFO - Exporting the following env vars:
AIRFLOW_CTX_DAG_OWNER=alex
AIRFLOW_CTX_DAG_ID=rightmove_extraction_dag
AIRFLOW_CTX_TASK_ID=schedule_job_task
AIRFLOW_CTX_EXECUTION_DATE=2023-03-27T16:51:18.776721+00:00
AIRFLOW_CTX_TRY_NUMBER=1
AIRFLOW_CTX_DAG_RUN_ID=manual__2023-03-27T16:51:18.776721+00:00
[2023-03-27 16:51:21,883] {logging_mixin.py:115} INFO - This is the response: {'node_name': '889628ec664c', 'status': 'ok', 'jobid': '9a55e50eccbf11eda6b40242ac180002'}
[2023-03-27 16:51:21,884] {logging_mixin.py:115} INFO - Job scheduled successfully
[2023-03-27 16:51:21,888] {python.py:173} INFO - Done. Returned value was: {'jobid': '9a55e50eccbf11eda6b40242ac180002'}
[2023-03-27 16:51:21,907] {taskinstance.py:1395} INFO - Marking task as SUCCESS. dag_id=rightmove_extraction_dag, task_id=schedule_job_task, execution_date=20230327T165118, start_date=20230327T165121, end_date=20230327T165121
[2023-03-27 16:51:21,926] {local_task_job.py:156} INFO - Task exited with return code 0
[2023-03-27 16:51:21,950] {local_task_job.py:273} INFO - 1 downstream tasks scheduled from follow-on schedule check
