[2023-03-27 16:46:32,471] {taskinstance.py:1159} INFO - Dependencies all met for <TaskInstance: rightmove_extraction_dag.print_projects manual__2023-03-27T16:46:31.805911+00:00 [queued]>
[2023-03-27 16:46:32,481] {taskinstance.py:1159} INFO - Dependencies all met for <TaskInstance: rightmove_extraction_dag.print_projects manual__2023-03-27T16:46:31.805911+00:00 [queued]>
[2023-03-27 16:46:32,483] {taskinstance.py:1356} INFO - 
--------------------------------------------------------------------------------
[2023-03-27 16:46:32,484] {taskinstance.py:1357} INFO - Starting attempt 1 of 6
[2023-03-27 16:46:32,485] {taskinstance.py:1358} INFO - 
--------------------------------------------------------------------------------
[2023-03-27 16:46:32,503] {taskinstance.py:1377} INFO - Executing <Task(BashOperator): print_projects> on 2023-03-27 16:46:31.805911+00:00
[2023-03-27 16:46:32,508] {standard_task_runner.py:52} INFO - Started process 2205 to run task
[2023-03-27 16:46:32,512] {standard_task_runner.py:79} INFO - Running: ['***', 'tasks', 'run', 'rightmove_extraction_dag', 'print_projects', 'manual__2023-03-27T16:46:31.805911+00:00', '--job-id', '121', '--raw', '--subdir', 'DAGS_FOLDER/rightmove_extraction_dag.py', '--cfg-path', '/tmp/tmpl2m368m8', '--error-file', '/tmp/tmpiknhoj34']
[2023-03-27 16:46:32,515] {standard_task_runner.py:80} INFO - Job 121: Subtask print_projects
[2023-03-27 16:46:32,579] {task_command.py:369} INFO - Running <TaskInstance: rightmove_extraction_dag.print_projects manual__2023-03-27T16:46:31.805911+00:00 [running]> on host 6614738016e4
[2023-03-27 16:46:32,640] {taskinstance.py:1569} INFO - Exporting the following env vars:
AIRFLOW_CTX_DAG_OWNER=alex
AIRFLOW_CTX_DAG_ID=rightmove_extraction_dag
AIRFLOW_CTX_TASK_ID=print_projects
AIRFLOW_CTX_EXECUTION_DATE=2023-03-27T16:46:31.805911+00:00
AIRFLOW_CTX_TRY_NUMBER=1
AIRFLOW_CTX_DAG_RUN_ID=manual__2023-03-27T16:46:31.805911+00:00
[2023-03-27 16:46:32,642] {subprocess.py:62} INFO - Tmp dir root location: 
 /tmp
[2023-03-27 16:46:32,643] {subprocess.py:74} INFO - Running command: ['bash', '-c', 'curl http://scrapyd-app:6800/listprojects.json']
[2023-03-27 16:46:32,662] {subprocess.py:85} INFO - Output:
[2023-03-27 16:46:32,679] {subprocess.py:92} INFO -   % Total    % Received % Xferd  Average Speed   Time    Time     Time  Current
[2023-03-27 16:46:32,681] {subprocess.py:92} INFO -                                  Dload  Upload   Total   Spent    Left  Speed
[2023-03-27 16:46:32,692] {subprocess.py:92} INFO -   0     0    0     0    0     0      0      0 --:--:-- --:--:-- --:--:--     0100    86  100    86    0     0   7166      0 --:--:-- --:--:-- --:--:--  7166
[2023-03-27 16:46:32,694] {subprocess.py:92} INFO - {"node_name": "889628ec664c", "status": "ok", "projects": ["real_estate_extraction"]}
[2023-03-27 16:46:32,697] {subprocess.py:96} INFO - Command exited with return code 0
[2023-03-27 16:46:32,734] {taskinstance.py:1395} INFO - Marking task as SUCCESS. dag_id=rightmove_extraction_dag, task_id=print_projects, execution_date=20230327T164631, start_date=20230327T164632, end_date=20230327T164632
[2023-03-27 16:46:32,766] {local_task_job.py:156} INFO - Task exited with return code 0
[2023-03-27 16:46:32,804] {local_task_job.py:273} INFO - 1 downstream tasks scheduled from follow-on schedule check
