[2023-03-27 19:46:58,739] {taskinstance.py:1159} INFO - Dependencies all met for <TaskInstance: rightmove_extraction_dag.trigger_transformation manual__2023-03-27T19:46:20.190783+00:00 [queued]>
[2023-03-27 19:46:58,747] {taskinstance.py:1159} INFO - Dependencies all met for <TaskInstance: rightmove_extraction_dag.trigger_transformation manual__2023-03-27T19:46:20.190783+00:00 [queued]>
[2023-03-27 19:46:58,748] {taskinstance.py:1356} INFO - 
--------------------------------------------------------------------------------
[2023-03-27 19:46:58,749] {taskinstance.py:1357} INFO - Starting attempt 1 of 6
[2023-03-27 19:46:58,763] {taskinstance.py:1358} INFO - 
--------------------------------------------------------------------------------
[2023-03-27 19:46:58,772] {taskinstance.py:1377} INFO - Executing <Task(BashOperator): trigger_transformation> on 2023-03-27 19:46:20.190783+00:00
[2023-03-27 19:46:58,776] {standard_task_runner.py:52} INFO - Started process 1653 to run task
[2023-03-27 19:46:58,780] {standard_task_runner.py:79} INFO - Running: ['***', 'tasks', 'run', 'rightmove_extraction_dag', 'trigger_transformation', 'manual__2023-03-27T19:46:20.190783+00:00', '--job-id', '139', '--raw', '--subdir', 'DAGS_FOLDER/rightmove_extraction_dag.py', '--cfg-path', '/tmp/tmpqqo_qg19', '--error-file', '/tmp/tmp4getab9b']
[2023-03-27 19:46:58,783] {standard_task_runner.py:80} INFO - Job 139: Subtask trigger_transformation
[2023-03-27 19:46:58,844] {task_command.py:369} INFO - Running <TaskInstance: rightmove_extraction_dag.trigger_transformation manual__2023-03-27T19:46:20.190783+00:00 [running]> on host 6c19e51924f7
[2023-03-27 19:46:58,900] {taskinstance.py:1569} INFO - Exporting the following env vars:
AIRFLOW_CTX_DAG_OWNER=alex
AIRFLOW_CTX_DAG_ID=rightmove_extraction_dag
AIRFLOW_CTX_TASK_ID=trigger_transformation
AIRFLOW_CTX_EXECUTION_DATE=2023-03-27T19:46:20.190783+00:00
AIRFLOW_CTX_TRY_NUMBER=1
AIRFLOW_CTX_DAG_RUN_ID=manual__2023-03-27T19:46:20.190783+00:00
[2023-03-27 19:46:58,902] {subprocess.py:62} INFO - Tmp dir root location: 
 /tmp
[2023-03-27 19:46:58,904] {subprocess.py:74} INFO - Running command: ['bash', '-c', 'cd /app/transformation && python processor.py']
[2023-03-27 19:46:58,913] {subprocess.py:85} INFO - Output:
[2023-03-27 19:47:03,232] {subprocess.py:92} INFO - Processing 4 files
[2023-03-27 19:47:03,235] {subprocess.py:92} INFO - Successfully transformed 50 properties and successfully uploaded
[2023-03-27 19:47:03,238] {subprocess.py:92} INFO - Successfully transformed 17 properties and successfully uploaded
[2023-03-27 19:47:03,240] {subprocess.py:92} INFO - Successfully transformed 50 properties and successfully uploaded
[2023-03-27 19:47:03,241] {subprocess.py:92} INFO - Successfully transformed 50 properties and successfully uploaded
[2023-03-27 19:47:03,315] {subprocess.py:96} INFO - Command exited with return code 0
[2023-03-27 19:47:03,375] {taskinstance.py:1395} INFO - Marking task as SUCCESS. dag_id=rightmove_extraction_dag, task_id=trigger_transformation, execution_date=20230327T194620, start_date=20230327T194658, end_date=20230327T194703
[2023-03-27 19:47:03,436] {local_task_job.py:156} INFO - Task exited with return code 0
[2023-03-27 19:47:03,477] {local_task_job.py:273} INFO - 0 downstream tasks scheduled from follow-on schedule check
