[2023-03-25 14:57:22,928] {taskinstance.py:1159} INFO - Dependencies all met for <TaskInstance: rightmove_extraction_dag.schedule_job_task manual__2023-03-25T13:50:12.939562+00:00 [queued]>
[2023-03-25 14:57:22,966] {taskinstance.py:1159} INFO - Dependencies all met for <TaskInstance: rightmove_extraction_dag.schedule_job_task manual__2023-03-25T13:50:12.939562+00:00 [queued]>
[2023-03-25 14:57:22,968] {taskinstance.py:1356} INFO - 
--------------------------------------------------------------------------------
[2023-03-25 14:57:22,972] {taskinstance.py:1357} INFO - Starting attempt 5 of 6
[2023-03-25 14:57:22,977] {taskinstance.py:1358} INFO - 
--------------------------------------------------------------------------------
[2023-03-25 14:57:23,031] {taskinstance.py:1377} INFO - Executing <Task(PythonOperator): schedule_job_task> on 2023-03-25 13:50:12.939562+00:00
[2023-03-25 14:57:23,167] {standard_task_runner.py:52} INFO - Started process 1700 to run task
[2023-03-25 14:57:23,205] {standard_task_runner.py:79} INFO - Running: ['***', 'tasks', 'run', 'rightmove_extraction_dag', 'schedule_job_task', 'manual__2023-03-25T13:50:12.939562+00:00', '--job-id', '98', '--raw', '--subdir', 'DAGS_FOLDER/rightmove_extraction_dag.py', '--cfg-path', '/tmp/tmpnpu8xf02', '--error-file', '/tmp/tmpp93zi0k7']
[2023-03-25 14:57:23,247] {standard_task_runner.py:80} INFO - Job 98: Subtask schedule_job_task
[2023-03-25 14:57:23,608] {task_command.py:369} INFO - Running <TaskInstance: rightmove_extraction_dag.schedule_job_task manual__2023-03-25T13:50:12.939562+00:00 [running]> on host 6614738016e4
[2023-03-25 14:57:24,244] {taskinstance.py:1569} INFO - Exporting the following env vars:
AIRFLOW_CTX_DAG_OWNER=alex
AIRFLOW_CTX_DAG_ID=rightmove_extraction_dag
AIRFLOW_CTX_TASK_ID=schedule_job_task
AIRFLOW_CTX_EXECUTION_DATE=2023-03-25T13:50:12.939562+00:00
AIRFLOW_CTX_TRY_NUMBER=5
AIRFLOW_CTX_DAG_RUN_ID=manual__2023-03-25T13:50:12.939562+00:00
[2023-03-25 14:57:27,832] {logging_mixin.py:115} INFO - This is the response: {'node_name': 'fac540815f2e', 'status': 'ok', 'jobid': '5a63e4bccb1d11ed8fcb0242ac180002'}
[2023-03-25 14:57:27,846] {logging_mixin.py:115} INFO - Job scheduled successfully
[2023-03-25 14:57:27,851] {taskinstance.py:1889} ERROR - Task failed with exception
Traceback (most recent call last):
  File "/home/airflow/.local/lib/python3.9/site-packages/airflow/operators/python.py", line 171, in execute
    return_value = self.execute_callable()
  File "/home/airflow/.local/lib/python3.9/site-packages/airflow/operators/python.py", line 189, in execute_callable
    return self.python_callable(*self.op_args, **self.op_kwargs)
  File "/opt/airflow/dags/rightmove_extraction_dag.py", line 27, in schedule_job
    result = {'jobid': response_json['job_id']}
KeyError: 'job_id'
[2023-03-25 14:57:28,135] {taskinstance.py:1395} INFO - Marking task as UP_FOR_RETRY. dag_id=rightmove_extraction_dag, task_id=schedule_job_task, execution_date=20230325T135012, start_date=20230325T145722, end_date=20230325T145728
[2023-03-25 14:57:29,096] {standard_task_runner.py:92} ERROR - Failed to execute job 98 for task schedule_job_task ('job_id'; 1700)
[2023-03-25 14:57:29,953] {local_task_job.py:156} INFO - Task exited with return code 1
[2023-03-25 14:57:30,058] {local_task_job.py:273} INFO - 0 downstream tasks scheduled from follow-on schedule check
