[2023-03-26 01:00:36,574] {taskinstance.py:1159} INFO - Dependencies all met for <TaskInstance: rightmove_extraction_dag.print_projects scheduled__2023-03-25T00:00:00+00:00 [queued]>
[2023-03-26 01:00:36,711] {taskinstance.py:1159} INFO - Dependencies all met for <TaskInstance: rightmove_extraction_dag.print_projects scheduled__2023-03-25T00:00:00+00:00 [queued]>
[2023-03-26 01:00:36,731] {taskinstance.py:1356} INFO - 
--------------------------------------------------------------------------------
[2023-03-26 01:00:36,738] {taskinstance.py:1357} INFO - Starting attempt 1 of 6
[2023-03-26 01:00:36,754] {taskinstance.py:1358} INFO - 
--------------------------------------------------------------------------------
[2023-03-26 01:00:36,873] {taskinstance.py:1377} INFO - Executing <Task(BashOperator): print_projects> on 2023-03-25 00:00:00+00:00
[2023-03-26 01:00:37,077] {standard_task_runner.py:52} INFO - Started process 1858 to run task
[2023-03-26 01:00:37,138] {standard_task_runner.py:79} INFO - Running: ['***', 'tasks', 'run', 'rightmove_extraction_dag', 'print_projects', 'scheduled__2023-03-25T00:00:00+00:00', '--job-id', '100', '--raw', '--subdir', 'DAGS_FOLDER/rightmove_extraction_dag.py', '--cfg-path', '/tmp/tmpou4drljc', '--error-file', '/tmp/tmp18vm4klv']
[2023-03-26 01:00:37,162] {standard_task_runner.py:80} INFO - Job 100: Subtask print_projects
[2023-03-26 01:00:37,741] {task_command.py:369} INFO - Running <TaskInstance: rightmove_extraction_dag.print_projects scheduled__2023-03-25T00:00:00+00:00 [running]> on host 6614738016e4
[2023-03-26 01:00:38,293] {taskinstance.py:1569} INFO - Exporting the following env vars:
AIRFLOW_CTX_DAG_OWNER=alex
AIRFLOW_CTX_DAG_ID=rightmove_extraction_dag
AIRFLOW_CTX_TASK_ID=print_projects
AIRFLOW_CTX_EXECUTION_DATE=2023-03-25T00:00:00+00:00
AIRFLOW_CTX_TRY_NUMBER=1
AIRFLOW_CTX_DAG_RUN_ID=scheduled__2023-03-25T00:00:00+00:00
[2023-03-26 01:00:38,315] {subprocess.py:62} INFO - Tmp dir root location: 
 /tmp
[2023-03-26 01:00:38,328] {subprocess.py:74} INFO - Running command: ['bash', '-c', 'curl http://scrapyd-app:6800/listprojects.json']
[2023-03-26 01:00:38,418] {subprocess.py:85} INFO - Output:
[2023-03-26 01:00:38,936] {subprocess.py:92} INFO -   % Total    % Received % Xferd  Average Speed   Time    Time     Time  Current
[2023-03-26 01:00:38,941] {subprocess.py:92} INFO -                                  Dload  Upload   Total   Spent    Left  Speed
[2023-03-26 01:00:39,384] {subprocess.py:92} INFO -   0     0    0     0    0     0      0      0 --:--:-- --:--:-- --:--:--     0100    86  100    86    0     0    186      0 --:--:-- --:--:-- --:--:--   185100    86  100    86    0     0    185      0 --:--:-- --:--:-- --:--:--   185
[2023-03-26 01:00:39,388] {subprocess.py:92} INFO - {"node_name": "fac540815f2e", "status": "ok", "projects": ["real_estate_extraction"]}
[2023-03-26 01:00:39,398] {subprocess.py:96} INFO - Command exited with return code 0
[2023-03-26 01:00:40,177] {taskinstance.py:1395} INFO - Marking task as SUCCESS. dag_id=rightmove_extraction_dag, task_id=print_projects, execution_date=20230325T000000, start_date=20230326T010036, end_date=20230326T010040
[2023-03-26 01:00:40,378] {local_task_job.py:156} INFO - Task exited with return code 0
[2023-03-26 01:00:40,713] {local_task_job.py:273} INFO - 0 downstream tasks scheduled from follow-on schedule check
