[2023-03-27 13:23:07,396] {taskinstance.py:1159} INFO - Dependencies all met for <TaskInstance: rightmove_extraction_dag.schedule_job_task scheduled__2023-03-26T00:00:00+00:00 [queued]>
[2023-03-27 13:23:07,422] {taskinstance.py:1159} INFO - Dependencies all met for <TaskInstance: rightmove_extraction_dag.schedule_job_task scheduled__2023-03-26T00:00:00+00:00 [queued]>
[2023-03-27 13:23:07,441] {taskinstance.py:1356} INFO - 
--------------------------------------------------------------------------------
[2023-03-27 13:23:07,444] {taskinstance.py:1357} INFO - Starting attempt 2 of 6
[2023-03-27 13:23:07,448] {taskinstance.py:1358} INFO - 
--------------------------------------------------------------------------------
[2023-03-27 13:23:07,463] {taskinstance.py:1377} INFO - Executing <Task(PythonOperator): schedule_job_task> on 2023-03-26 00:00:00+00:00
[2023-03-27 13:23:07,518] {standard_task_runner.py:52} INFO - Started process 224 to run task
[2023-03-27 13:23:07,549] {standard_task_runner.py:79} INFO - Running: ['***', 'tasks', 'run', 'rightmove_extraction_dag', 'schedule_job_task', 'scheduled__2023-03-26T00:00:00+00:00', '--job-id', '112', '--raw', '--subdir', 'DAGS_FOLDER/rightmove_extraction_dag.py', '--cfg-path', '/tmp/tmprw9oy6oj', '--error-file', '/tmp/tmpsq46nllh']
[2023-03-27 13:23:07,556] {standard_task_runner.py:80} INFO - Job 112: Subtask schedule_job_task
[2023-03-27 13:23:07,713] {task_command.py:369} INFO - Running <TaskInstance: rightmove_extraction_dag.schedule_job_task scheduled__2023-03-26T00:00:00+00:00 [running]> on host 6614738016e4
[2023-03-27 13:23:07,854] {taskinstance.py:1569} INFO - Exporting the following env vars:
AIRFLOW_CTX_DAG_OWNER=alex
AIRFLOW_CTX_DAG_ID=rightmove_extraction_dag
AIRFLOW_CTX_TASK_ID=schedule_job_task
AIRFLOW_CTX_EXECUTION_DATE=2023-03-26T00:00:00+00:00
AIRFLOW_CTX_TRY_NUMBER=2
AIRFLOW_CTX_DAG_RUN_ID=scheduled__2023-03-26T00:00:00+00:00
[2023-03-27 13:23:08,053] {logging_mixin.py:115} INFO - This is the response: {'node_name': '889628ec664c', 'status': 'ok', 'jobid': '8363ac18cca211eda6320242ac180002'}
[2023-03-27 13:23:08,056] {logging_mixin.py:115} INFO - Job scheduled successfully
[2023-03-27 13:23:08,063] {taskinstance.py:1889} ERROR - Task failed with exception
Traceback (most recent call last):
  File "/home/airflow/.local/lib/python3.9/site-packages/airflow/operators/python.py", line 171, in execute
    return_value = self.execute_callable()
  File "/home/airflow/.local/lib/python3.9/site-packages/airflow/operators/python.py", line 189, in execute_callable
    return self.python_callable(*self.op_args, **self.op_kwargs)
  File "/opt/airflow/dags/rightmove_extraction_dag.py", line 27, in schedule_job
    result = {'jobid': response_json['job_id']}
KeyError: 'job_id'
[2023-03-27 13:23:08,108] {taskinstance.py:1395} INFO - Marking task as UP_FOR_RETRY. dag_id=rightmove_extraction_dag, task_id=schedule_job_task, execution_date=20230326T000000, start_date=20230327T132307, end_date=20230327T132308
[2023-03-27 13:23:08,139] {standard_task_runner.py:92} ERROR - Failed to execute job 112 for task schedule_job_task ('job_id'; 224)
[2023-03-27 13:23:08,221] {local_task_job.py:156} INFO - Task exited with return code 1
[2023-03-27 13:23:08,278] {local_task_job.py:273} INFO - 0 downstream tasks scheduled from follow-on schedule check
