[2023-03-27 13:45:48,476] {taskinstance.py:1159} INFO - Dependencies all met for <TaskInstance: rightmove_extraction_dag.schedule_job_task scheduled__2023-03-26T00:00:00+00:00 [queued]>
[2023-03-27 13:45:48,487] {taskinstance.py:1159} INFO - Dependencies all met for <TaskInstance: rightmove_extraction_dag.schedule_job_task scheduled__2023-03-26T00:00:00+00:00 [queued]>
[2023-03-27 13:45:48,490] {taskinstance.py:1356} INFO - 
--------------------------------------------------------------------------------
[2023-03-27 13:45:48,492] {taskinstance.py:1357} INFO - Starting attempt 6 of 6
[2023-03-27 13:45:48,493] {taskinstance.py:1358} INFO - 
--------------------------------------------------------------------------------
[2023-03-27 13:45:48,510] {taskinstance.py:1377} INFO - Executing <Task(PythonOperator): schedule_job_task> on 2023-03-26 00:00:00+00:00
[2023-03-27 13:45:48,519] {standard_task_runner.py:52} INFO - Started process 297 to run task
[2023-03-27 13:45:48,530] {standard_task_runner.py:79} INFO - Running: ['***', 'tasks', 'run', 'rightmove_extraction_dag', 'schedule_job_task', 'scheduled__2023-03-26T00:00:00+00:00', '--job-id', '117', '--raw', '--subdir', 'DAGS_FOLDER/rightmove_extraction_dag.py', '--cfg-path', '/tmp/tmpaw0uo5x0', '--error-file', '/tmp/tmp9vf1ehxa']
[2023-03-27 13:45:48,535] {standard_task_runner.py:80} INFO - Job 117: Subtask schedule_job_task
[2023-03-27 13:45:48,624] {task_command.py:369} INFO - Running <TaskInstance: rightmove_extraction_dag.schedule_job_task scheduled__2023-03-26T00:00:00+00:00 [running]> on host 6614738016e4
[2023-03-27 13:45:48,706] {taskinstance.py:1569} INFO - Exporting the following env vars:
AIRFLOW_CTX_DAG_OWNER=alex
AIRFLOW_CTX_DAG_ID=rightmove_extraction_dag
AIRFLOW_CTX_TASK_ID=schedule_job_task
AIRFLOW_CTX_EXECUTION_DATE=2023-03-26T00:00:00+00:00
AIRFLOW_CTX_TRY_NUMBER=6
AIRFLOW_CTX_DAG_RUN_ID=scheduled__2023-03-26T00:00:00+00:00
[2023-03-27 13:45:48,750] {logging_mixin.py:115} INFO - This is the response: {'node_name': '889628ec664c', 'status': 'ok', 'jobid': 'ae78badacca511eda6b40242ac180002'}
[2023-03-27 13:45:48,751] {logging_mixin.py:115} INFO - Job scheduled successfully
[2023-03-27 13:45:48,752] {taskinstance.py:1889} ERROR - Task failed with exception
Traceback (most recent call last):
  File "/home/airflow/.local/lib/python3.9/site-packages/airflow/operators/python.py", line 171, in execute
    return_value = self.execute_callable()
  File "/home/airflow/.local/lib/python3.9/site-packages/airflow/operators/python.py", line 189, in execute_callable
    return self.python_callable(*self.op_args, **self.op_kwargs)
  File "/opt/airflow/dags/rightmove_extraction_dag.py", line 30, in schedule_job
    result = {'jobid': response_json['job_id']}
KeyError: 'job_id'
[2023-03-27 13:45:48,762] {taskinstance.py:1395} INFO - Marking task as FAILED. dag_id=rightmove_extraction_dag, task_id=schedule_job_task, execution_date=20230326T000000, start_date=20230327T134548, end_date=20230327T134548
[2023-03-27 13:45:48,771] {standard_task_runner.py:92} ERROR - Failed to execute job 117 for task schedule_job_task ('job_id'; 297)
[2023-03-27 13:45:48,825] {local_task_job.py:156} INFO - Task exited with return code 1
[2023-03-27 13:45:48,850] {local_task_job.py:273} INFO - 0 downstream tasks scheduled from follow-on schedule check
