[2023-03-27 16:48:00,866] {taskinstance.py:1159} INFO - Dependencies all met for <TaskInstance: rightmove_extraction_dag.print_projects manual__2023-03-27T16:48:00.128947+00:00 [queued]>
[2023-03-27 16:48:00,872] {taskinstance.py:1159} INFO - Dependencies all met for <TaskInstance: rightmove_extraction_dag.print_projects manual__2023-03-27T16:48:00.128947+00:00 [queued]>
[2023-03-27 16:48:00,874] {taskinstance.py:1356} INFO - 
--------------------------------------------------------------------------------
[2023-03-27 16:48:00,875] {taskinstance.py:1357} INFO - Starting attempt 1 of 6
[2023-03-27 16:48:00,876] {taskinstance.py:1358} INFO - 
--------------------------------------------------------------------------------
[2023-03-27 16:48:00,884] {taskinstance.py:1377} INFO - Executing <Task(BashOperator): print_projects> on 2023-03-27 16:48:00.128947+00:00
[2023-03-27 16:48:00,892] {standard_task_runner.py:52} INFO - Started process 2262 to run task
[2023-03-27 16:48:00,898] {standard_task_runner.py:79} INFO - Running: ['***', 'tasks', 'run', 'rightmove_extraction_dag', 'print_projects', 'manual__2023-03-27T16:48:00.128947+00:00', '--job-id', '125', '--raw', '--subdir', 'DAGS_FOLDER/rightmove_extraction_dag.py', '--cfg-path', '/tmp/tmppn_6mbsu', '--error-file', '/tmp/tmp_2jpbblx']
[2023-03-27 16:48:00,904] {standard_task_runner.py:80} INFO - Job 125: Subtask print_projects
[2023-03-27 16:48:00,968] {task_command.py:369} INFO - Running <TaskInstance: rightmove_extraction_dag.print_projects manual__2023-03-27T16:48:00.128947+00:00 [running]> on host 6614738016e4
[2023-03-27 16:48:01,039] {taskinstance.py:1569} INFO - Exporting the following env vars:
AIRFLOW_CTX_DAG_OWNER=alex
AIRFLOW_CTX_DAG_ID=rightmove_extraction_dag
AIRFLOW_CTX_TASK_ID=print_projects
AIRFLOW_CTX_EXECUTION_DATE=2023-03-27T16:48:00.128947+00:00
AIRFLOW_CTX_TRY_NUMBER=1
AIRFLOW_CTX_DAG_RUN_ID=manual__2023-03-27T16:48:00.128947+00:00
[2023-03-27 16:48:01,043] {subprocess.py:62} INFO - Tmp dir root location: 
 /tmp
[2023-03-27 16:48:01,047] {subprocess.py:74} INFO - Running command: ['bash', '-c', 'curl http://scrapyd-app:6800/listprojects.json']
[2023-03-27 16:48:01,062] {subprocess.py:85} INFO - Output:
[2023-03-27 16:48:01,079] {subprocess.py:92} INFO -   % Total    % Received % Xferd  Average Speed   Time    Time     Time  Current
[2023-03-27 16:48:01,082] {subprocess.py:92} INFO -                                  Dload  Upload   Total   Spent    Left  Speed
[2023-03-27 16:48:01,086] {subprocess.py:92} INFO -   0     0    0     0    0     0      0      0 --:--:-- --:--:-- --:--:--     0100    86  100    86    0     0  14333      0 --:--:-- --:--:-- --:--:-- 14333
[2023-03-27 16:48:01,088] {subprocess.py:92} INFO - {"node_name": "889628ec664c", "status": "ok", "projects": ["real_estate_extraction"]}
[2023-03-27 16:48:01,091] {subprocess.py:96} INFO - Command exited with return code 0
[2023-03-27 16:48:01,120] {taskinstance.py:1395} INFO - Marking task as SUCCESS. dag_id=rightmove_extraction_dag, task_id=print_projects, execution_date=20230327T164800, start_date=20230327T164800, end_date=20230327T164801
[2023-03-27 16:48:01,155] {local_task_job.py:156} INFO - Task exited with return code 0
[2023-03-27 16:48:01,183] {local_task_job.py:273} INFO - 1 downstream tasks scheduled from follow-on schedule check
