[2023-03-28 20:12:40,339] {taskinstance.py:1159} INFO - Dependencies all met for <TaskInstance: rightmove_extraction_dag.check_job_status scheduled__2023-03-25T00:00:00+00:00 [queued]>
[2023-03-28 20:12:40,361] {taskinstance.py:1159} INFO - Dependencies all met for <TaskInstance: rightmove_extraction_dag.check_job_status scheduled__2023-03-25T00:00:00+00:00 [queued]>
[2023-03-28 20:12:40,364] {taskinstance.py:1356} INFO - 
--------------------------------------------------------------------------------
[2023-03-28 20:12:40,366] {taskinstance.py:1357} INFO - Starting attempt 1 of 6
[2023-03-28 20:12:40,367] {taskinstance.py:1358} INFO - 
--------------------------------------------------------------------------------
[2023-03-28 20:12:40,387] {taskinstance.py:1377} INFO - Executing <Task(PythonOperator): check_job_status> on 2023-03-25 00:00:00+00:00
[2023-03-28 20:12:40,397] {standard_task_runner.py:52} INFO - Started process 624 to run task
[2023-03-28 20:12:40,416] {standard_task_runner.py:79} INFO - Running: ['***', 'tasks', 'run', 'rightmove_extraction_dag', 'check_job_status', 'scheduled__2023-03-25T00:00:00+00:00', '--job-id', '15', '--raw', '--subdir', 'DAGS_FOLDER/rightmove_extraction_dag.py', '--cfg-path', '/tmp/tmp1xf6ozim', '--error-file', '/tmp/tmp2khk6_od']
[2023-03-28 20:12:40,424] {standard_task_runner.py:80} INFO - Job 15: Subtask check_job_status
[2023-03-28 20:12:40,583] {task_command.py:369} INFO - Running <TaskInstance: rightmove_extraction_dag.check_job_status scheduled__2023-03-25T00:00:00+00:00 [running]> on host 7b33de18778c
[2023-03-28 20:12:40,696] {taskinstance.py:1569} INFO - Exporting the following env vars:
AIRFLOW_CTX_DAG_OWNER=alex
AIRFLOW_CTX_DAG_ID=rightmove_extraction_dag
AIRFLOW_CTX_TASK_ID=check_job_status
AIRFLOW_CTX_EXECUTION_DATE=2023-03-25T00:00:00+00:00
AIRFLOW_CTX_TRY_NUMBER=1
AIRFLOW_CTX_DAG_RUN_ID=scheduled__2023-03-25T00:00:00+00:00
[2023-03-28 20:12:40,749] {logging_mixin.py:115} INFO - {'jobid': 'e27ec8cecda411edbd2c0242ac130002'}
[2023-03-28 20:12:40,753] {logging_mixin.py:115} INFO - Job has been received. Job ID: e27ec8cecda411edbd2c0242ac130002
[2023-03-28 20:12:40,816] {logging_mixin.py:115} INFO - Current job is e27ec8cecda411edbd2c0242ac130002
[2023-03-28 20:12:40,818] {logging_mixin.py:115} INFO - Job is pending
[2023-03-28 20:12:40,825] {logging_mixin.py:115} INFO - Another job is running, shutting down non target current job.
[2023-03-28 20:12:40,826] {logging_mixin.py:115} INFO - Shutting down job e271c6f6cda411edbd2c0242ac130002
[2023-03-28 20:12:40,838] {logging_mixin.py:115} INFO - e271c6f6cda411edbd2c0242ac130002 has been shut down
[2023-03-28 20:12:40,841] {logging_mixin.py:115} INFO - Current non target job has been shut down
[2023-03-28 20:12:40,843] {logging_mixin.py:115} INFO - Job is pending
[2023-03-28 20:12:40,845] {logging_mixin.py:115} INFO - HTTP request sent at 20:12:40
[2023-03-28 20:13:10,939] {logging_mixin.py:115} INFO - Current job is e27ec8cecda411edbd2c0242ac130002
[2023-03-28 20:13:10,946] {logging_mixin.py:115} INFO - Current job is running, no need to shut down.
[2023-03-28 20:13:10,949] {logging_mixin.py:115} INFO - Job is running
[2023-03-28 20:13:10,951] {logging_mixin.py:115} INFO - Job is still running
[2023-03-28 20:13:10,953] {logging_mixin.py:115} INFO - HTTP request sent at 20:13:10
[2023-03-28 20:13:41,004] {logging_mixin.py:115} INFO - Current job is e27ec8cecda411edbd2c0242ac130002
[2023-03-28 20:13:41,014] {logging_mixin.py:115} INFO - Current job is running, no need to shut down.
[2023-03-28 20:13:41,020] {logging_mixin.py:115} INFO - Job is running
[2023-03-28 20:13:41,022] {logging_mixin.py:115} INFO - Job is still running
[2023-03-28 20:13:41,023] {logging_mixin.py:115} INFO - HTTP request sent at 20:13:41
[2023-03-28 20:14:11,109] {logging_mixin.py:115} INFO - Current job is e27ec8cecda411edbd2c0242ac130002
[2023-03-28 20:14:11,113] {logging_mixin.py:115} INFO - Current job is running, no need to shut down.
[2023-03-28 20:14:11,114] {logging_mixin.py:115} INFO - Job is running
[2023-03-28 20:14:11,116] {logging_mixin.py:115} INFO - Job is still running
[2023-03-28 20:14:11,119] {logging_mixin.py:115} INFO - HTTP request sent at 20:14:11
[2023-03-28 20:14:41,256] {logging_mixin.py:115} INFO - Current job is e27ec8cecda411edbd2c0242ac130002
[2023-03-28 20:14:41,269] {logging_mixin.py:115} INFO - Current job is running, no need to shut down.
[2023-03-28 20:14:41,271] {logging_mixin.py:115} INFO - Job is running
[2023-03-28 20:14:41,275] {logging_mixin.py:115} INFO - Job is still running
[2023-03-28 20:14:41,278] {logging_mixin.py:115} INFO - HTTP request sent at 20:14:41
[2023-03-28 20:15:11,354] {logging_mixin.py:115} INFO - Current job is e27ec8cecda411edbd2c0242ac130002
[2023-03-28 20:15:11,358] {logging_mixin.py:115} INFO - Current job is running, no need to shut down.
[2023-03-28 20:15:11,359] {logging_mixin.py:115} INFO - Job is running
[2023-03-28 20:15:11,360] {logging_mixin.py:115} INFO - Job is still running
[2023-03-28 20:15:11,361] {logging_mixin.py:115} INFO - HTTP request sent at 20:15:11
[2023-03-28 20:15:41,410] {logging_mixin.py:115} INFO - Current job is e27ec8cecda411edbd2c0242ac130002
[2023-03-28 20:15:41,412] {logging_mixin.py:115} INFO - Current job is running, no need to shut down.
[2023-03-28 20:15:41,413] {logging_mixin.py:115} INFO - Job is running
[2023-03-28 20:15:41,415] {logging_mixin.py:115} INFO - Job is still running
[2023-03-28 20:15:41,416] {logging_mixin.py:115} INFO - HTTP request sent at 20:15:41
[2023-03-28 20:16:11,558] {logging_mixin.py:115} INFO - Current job is e27ec8cecda411edbd2c0242ac130002
[2023-03-28 20:16:11,571] {logging_mixin.py:115} INFO - Current job is running, no need to shut down.
[2023-03-28 20:16:11,574] {logging_mixin.py:115} INFO - Job is running
[2023-03-28 20:16:11,576] {logging_mixin.py:115} INFO - Job is still running
[2023-03-28 20:16:11,578] {logging_mixin.py:115} INFO - HTTP request sent at 20:16:11
[2023-03-28 20:16:41,658] {logging_mixin.py:115} INFO - Current job is e27ec8cecda411edbd2c0242ac130002
[2023-03-28 20:16:41,662] {logging_mixin.py:115} INFO - Current job is running, no need to shut down.
[2023-03-28 20:16:41,667] {logging_mixin.py:115} INFO - Job is running
[2023-03-28 20:16:41,669] {logging_mixin.py:115} INFO - Job is still running
[2023-03-28 20:16:41,671] {logging_mixin.py:115} INFO - HTTP request sent at 20:16:41
