[2023-03-28 18:43:45,419] {taskinstance.py:1159} INFO - Dependencies all met for <TaskInstance: rightmove_extraction_dag.schedule_job_task scheduled__2023-03-27T00:00:00+00:00 [queued]>
[2023-03-28 18:43:45,437] {taskinstance.py:1159} INFO - Dependencies all met for <TaskInstance: rightmove_extraction_dag.schedule_job_task scheduled__2023-03-27T00:00:00+00:00 [queued]>
[2023-03-28 18:43:45,439] {taskinstance.py:1356} INFO - 
--------------------------------------------------------------------------------
[2023-03-28 18:43:45,440] {taskinstance.py:1357} INFO - Starting attempt 1 of 6
[2023-03-28 18:43:45,441] {taskinstance.py:1358} INFO - 
--------------------------------------------------------------------------------
[2023-03-28 18:43:45,455] {taskinstance.py:1377} INFO - Executing <Task(PythonOperator): schedule_job_task> on 2023-03-27 00:00:00+00:00
[2023-03-28 18:43:45,461] {standard_task_runner.py:52} INFO - Started process 187 to run task
[2023-03-28 18:43:45,468] {standard_task_runner.py:79} INFO - Running: ['***', 'tasks', 'run', 'rightmove_extraction_dag', 'schedule_job_task', 'scheduled__2023-03-27T00:00:00+00:00', '--job-id', '143', '--raw', '--subdir', 'DAGS_FOLDER/rightmove_extraction_dag.py', '--cfg-path', '/tmp/tmpzcniasun', '--error-file', '/tmp/tmp9wx3b3wy']
[2023-03-28 18:43:45,473] {standard_task_runner.py:80} INFO - Job 143: Subtask schedule_job_task
[2023-03-28 18:43:45,555] {task_command.py:369} INFO - Running <TaskInstance: rightmove_extraction_dag.schedule_job_task scheduled__2023-03-27T00:00:00+00:00 [running]> on host 6c19e51924f7
[2023-03-28 18:43:45,627] {taskinstance.py:1569} INFO - Exporting the following env vars:
AIRFLOW_CTX_DAG_OWNER=alex
AIRFLOW_CTX_DAG_ID=rightmove_extraction_dag
AIRFLOW_CTX_TASK_ID=schedule_job_task
AIRFLOW_CTX_EXECUTION_DATE=2023-03-27T00:00:00+00:00
AIRFLOW_CTX_TRY_NUMBER=1
AIRFLOW_CTX_DAG_RUN_ID=scheduled__2023-03-27T00:00:00+00:00
[2023-03-28 18:43:45,717] {logging_mixin.py:115} INFO - This is the response: {'node_name': '129f9afc4957', 'status': 'ok', 'jobid': '785df3e0cd9811ed92ff0242ac180004'}
[2023-03-28 18:43:45,719] {logging_mixin.py:115} INFO - Job scheduled successfully
[2023-03-28 18:43:45,720] {python.py:173} INFO - Done. Returned value was: {'jobid': '785df3e0cd9811ed92ff0242ac180004'}
[2023-03-28 18:43:45,764] {taskinstance.py:1395} INFO - Marking task as SUCCESS. dag_id=rightmove_extraction_dag, task_id=schedule_job_task, execution_date=20230327T000000, start_date=20230328T184345, end_date=20230328T184345
[2023-03-28 18:43:45,803] {local_task_job.py:156} INFO - Task exited with return code 0
[2023-03-28 18:43:45,843] {local_task_job.py:273} INFO - 1 downstream tasks scheduled from follow-on schedule check
[2023-03-28 20:12:37,183] {taskinstance.py:1159} INFO - Dependencies all met for <TaskInstance: rightmove_extraction_dag.schedule_job_task scheduled__2023-03-27T00:00:00+00:00 [queued]>
[2023-03-28 20:12:37,240] {taskinstance.py:1159} INFO - Dependencies all met for <TaskInstance: rightmove_extraction_dag.schedule_job_task scheduled__2023-03-27T00:00:00+00:00 [queued]>
[2023-03-28 20:12:37,242] {taskinstance.py:1356} INFO - 
--------------------------------------------------------------------------------
[2023-03-28 20:12:37,243] {taskinstance.py:1357} INFO - Starting attempt 1 of 6
[2023-03-28 20:12:37,245] {taskinstance.py:1358} INFO - 
--------------------------------------------------------------------------------
[2023-03-28 20:12:37,256] {taskinstance.py:1377} INFO - Executing <Task(PythonOperator): schedule_job_task> on 2023-03-27 00:00:00+00:00
[2023-03-28 20:12:37,269] {standard_task_runner.py:52} INFO - Started process 616 to run task
[2023-03-28 20:12:37,277] {standard_task_runner.py:79} INFO - Running: ['***', 'tasks', 'run', 'rightmove_extraction_dag', 'schedule_job_task', 'scheduled__2023-03-27T00:00:00+00:00', '--job-id', '10', '--raw', '--subdir', 'DAGS_FOLDER/rightmove_extraction_dag.py', '--cfg-path', '/tmp/tmprxhs6y1v', '--error-file', '/tmp/tmp9kdol20t']
[2023-03-28 20:12:37,286] {standard_task_runner.py:80} INFO - Job 10: Subtask schedule_job_task
[2023-03-28 20:12:37,391] {task_command.py:369} INFO - Running <TaskInstance: rightmove_extraction_dag.schedule_job_task scheduled__2023-03-27T00:00:00+00:00 [running]> on host 7b33de18778c
[2023-03-28 20:12:37,491] {taskinstance.py:1569} INFO - Exporting the following env vars:
AIRFLOW_CTX_DAG_OWNER=alex
AIRFLOW_CTX_DAG_ID=rightmove_extraction_dag
AIRFLOW_CTX_TASK_ID=schedule_job_task
AIRFLOW_CTX_EXECUTION_DATE=2023-03-27T00:00:00+00:00
AIRFLOW_CTX_TRY_NUMBER=1
AIRFLOW_CTX_DAG_RUN_ID=scheduled__2023-03-27T00:00:00+00:00
[2023-03-28 20:12:37,998] {logging_mixin.py:115} INFO - This is the response: {'node_name': '6fff5f1b0adf', 'status': 'ok', 'jobid': 'e2a03824cda411edbd2c0242ac130002'}
[2023-03-28 20:12:38,017] {logging_mixin.py:115} INFO - Job scheduled successfully
[2023-03-28 20:12:38,019] {python.py:173} INFO - Done. Returned value was: {'jobid': 'e2a03824cda411edbd2c0242ac130002'}
[2023-03-28 20:12:38,069] {taskinstance.py:1395} INFO - Marking task as SUCCESS. dag_id=rightmove_extraction_dag, task_id=schedule_job_task, execution_date=20230327T000000, start_date=20230328T201237, end_date=20230328T201238
[2023-03-28 20:12:38,139] {local_task_job.py:156} INFO - Task exited with return code 0
[2023-03-28 20:12:38,198] {local_task_job.py:273} INFO - 1 downstream tasks scheduled from follow-on schedule check
