[2023-03-27 13:20:58,920] {taskinstance.py:1159} INFO - Dependencies all met for <TaskInstance: rightmove_extraction_dag.print_spiders scheduled__2023-03-26T00:00:00+00:00 [queued]>
[2023-03-27 13:20:58,941] {taskinstance.py:1159} INFO - Dependencies all met for <TaskInstance: rightmove_extraction_dag.print_spiders scheduled__2023-03-26T00:00:00+00:00 [queued]>
[2023-03-27 13:20:58,942] {taskinstance.py:1356} INFO - 
--------------------------------------------------------------------------------
[2023-03-27 13:20:58,971] {taskinstance.py:1357} INFO - Starting attempt 1 of 6
[2023-03-27 13:20:58,974] {taskinstance.py:1358} INFO - 
--------------------------------------------------------------------------------
[2023-03-27 13:20:59,009] {taskinstance.py:1377} INFO - Executing <Task(BashOperator): print_spiders> on 2023-03-26 00:00:00+00:00
[2023-03-27 13:20:59,053] {standard_task_runner.py:52} INFO - Started process 188 to run task
[2023-03-27 13:20:59,070] {standard_task_runner.py:79} INFO - Running: ['***', 'tasks', 'run', 'rightmove_extraction_dag', 'print_spiders', 'scheduled__2023-03-26T00:00:00+00:00', '--job-id', '110', '--raw', '--subdir', 'DAGS_FOLDER/rightmove_extraction_dag.py', '--cfg-path', '/tmp/tmpir8v1yvz', '--error-file', '/tmp/tmp_p0h_ctp']
[2023-03-27 13:20:59,078] {standard_task_runner.py:80} INFO - Job 110: Subtask print_spiders
[2023-03-27 13:20:59,175] {task_command.py:369} INFO - Running <TaskInstance: rightmove_extraction_dag.print_spiders scheduled__2023-03-26T00:00:00+00:00 [running]> on host 6614738016e4
[2023-03-27 13:20:59,278] {taskinstance.py:1569} INFO - Exporting the following env vars:
AIRFLOW_CTX_DAG_OWNER=alex
AIRFLOW_CTX_DAG_ID=rightmove_extraction_dag
AIRFLOW_CTX_TASK_ID=print_spiders
AIRFLOW_CTX_EXECUTION_DATE=2023-03-26T00:00:00+00:00
AIRFLOW_CTX_TRY_NUMBER=1
AIRFLOW_CTX_DAG_RUN_ID=scheduled__2023-03-26T00:00:00+00:00
[2023-03-27 13:20:59,286] {subprocess.py:62} INFO - Tmp dir root location: 
 /tmp
[2023-03-27 13:20:59,294] {subprocess.py:74} INFO - Running command: ['bash', '-c', ' curl http://scrapyd-app:6800/listspiders.json?project=real_estate_extraction']
[2023-03-27 13:20:59,322] {subprocess.py:85} INFO - Output:
[2023-03-27 13:20:59,406] {subprocess.py:92} INFO -   % Total    % Received % Xferd  Average Speed   Time    Time     Time  Current
[2023-03-27 13:20:59,411] {subprocess.py:92} INFO -                                  Dload  Upload   Total   Spent    Left  Speed
[2023-03-27 13:21:02,805] {subprocess.py:92} INFO -   0     0    0     0    0     0      0      0 --:--:-- --:--:-- --:--:--     0  0     0    0     0    0     0      0      0 --:--:-- --:--:-- --:--:--     0  0     0    0     0    0     0      0      0 --:--:--  0:00:01 --:--:--     0  0     0    0     0    0     0      0      0 --:--:--  0:00:02 --:--:--     0  0     0    0     0    0     0      0      0 --:--:--  0:00:03 --:--:--     0100    72  100    72    0     0     21      0  0:00:03  0:00:03 --:--:--    21
[2023-03-27 13:21:02,816] {subprocess.py:92} INFO - {"node_name": "889628ec664c", "status": "ok", "spiders": ["rightmove"]}
[2023-03-27 13:21:02,820] {subprocess.py:96} INFO - Command exited with return code 0
[2023-03-27 13:21:02,878] {taskinstance.py:1395} INFO - Marking task as SUCCESS. dag_id=rightmove_extraction_dag, task_id=print_spiders, execution_date=20230326T000000, start_date=20230327T132058, end_date=20230327T132102
[2023-03-27 13:21:02,949] {local_task_job.py:156} INFO - Task exited with return code 0
[2023-03-27 13:21:03,014] {local_task_job.py:273} INFO - 1 downstream tasks scheduled from follow-on schedule check
