[2023-03-25 13:27:48,340] {taskinstance.py:1159} INFO - Dependencies all met for <TaskInstance: rightmove_extraction_dag.print_projects scheduled__2023-02-20T00:00:00+00:00 [queued]>
[2023-03-25 13:27:48,370] {taskinstance.py:1159} INFO - Dependencies all met for <TaskInstance: rightmove_extraction_dag.print_projects scheduled__2023-02-20T00:00:00+00:00 [queued]>
[2023-03-25 13:27:48,374] {taskinstance.py:1356} INFO - 
--------------------------------------------------------------------------------
[2023-03-25 13:27:48,380] {taskinstance.py:1357} INFO - Starting attempt 3 of 6
[2023-03-25 13:27:48,384] {taskinstance.py:1358} INFO - 
--------------------------------------------------------------------------------
[2023-03-25 13:27:48,418] {taskinstance.py:1377} INFO - Executing <Task(BashOperator): print_projects> on 2023-02-20 00:00:00+00:00
[2023-03-25 13:27:48,428] {standard_task_runner.py:52} INFO - Started process 695 to run task
[2023-03-25 13:27:48,460] {standard_task_runner.py:79} INFO - Running: ['***', 'tasks', 'run', 'rightmove_extraction_dag', 'print_projects', 'scheduled__2023-02-20T00:00:00+00:00', '--job-id', '40', '--raw', '--subdir', 'DAGS_FOLDER/rightmove_extraction_dag.py', '--cfg-path', '/tmp/tmpdzyp27ov', '--error-file', '/tmp/tmpu2rlt9ef']
[2023-03-25 13:27:48,469] {standard_task_runner.py:80} INFO - Job 40: Subtask print_projects
[2023-03-25 13:27:49,180] {task_command.py:369} INFO - Running <TaskInstance: rightmove_extraction_dag.print_projects scheduled__2023-02-20T00:00:00+00:00 [running]> on host 6614738016e4
[2023-03-25 13:27:49,346] {taskinstance.py:1569} INFO - Exporting the following env vars:
AIRFLOW_CTX_DAG_OWNER=alex
AIRFLOW_CTX_DAG_ID=rightmove_extraction_dag
AIRFLOW_CTX_TASK_ID=print_projects
AIRFLOW_CTX_EXECUTION_DATE=2023-02-20T00:00:00+00:00
AIRFLOW_CTX_TRY_NUMBER=3
AIRFLOW_CTX_DAG_RUN_ID=scheduled__2023-02-20T00:00:00+00:00
[2023-03-25 13:27:49,353] {subprocess.py:62} INFO - Tmp dir root location: 
 /tmp
[2023-03-25 13:27:49,372] {subprocess.py:74} INFO - Running command: ['bash', '-c', 'curl http://localhost:6800/listprojects.json']
[2023-03-25 13:27:49,414] {subprocess.py:85} INFO - Output:
[2023-03-25 13:27:49,436] {subprocess.py:92} INFO -   % Total    % Received % Xferd  Average Speed   Time    Time     Time  Current
[2023-03-25 13:27:49,438] {subprocess.py:92} INFO -                                  Dload  Upload   Total   Spent    Left  Speed
[2023-03-25 13:27:49,440] {subprocess.py:92} INFO -   0     0    0     0    0     0      0      0 --:--:-- --:--:-- --:--:--     0  0     0    0     0    0     0      0      0 --:--:-- --:--:-- --:--:--     0
[2023-03-25 13:27:49,442] {subprocess.py:92} INFO - curl: (7) Failed to connect to localhost port 6800: Connection refused
[2023-03-25 13:27:49,444] {subprocess.py:96} INFO - Command exited with return code 7
[2023-03-25 13:27:49,477] {taskinstance.py:1889} ERROR - Task failed with exception
Traceback (most recent call last):
  File "/home/airflow/.local/lib/python3.9/site-packages/airflow/operators/bash.py", line 194, in execute
    raise AirflowException(
airflow.exceptions.AirflowException: Bash command failed. The command returned a non-zero exit code 7.
[2023-03-25 13:27:49,507] {taskinstance.py:1395} INFO - Marking task as UP_FOR_RETRY. dag_id=rightmove_extraction_dag, task_id=print_projects, execution_date=20230220T000000, start_date=20230325T132748, end_date=20230325T132749
[2023-03-25 13:27:49,553] {standard_task_runner.py:92} ERROR - Failed to execute job 40 for task print_projects (Bash command failed. The command returned a non-zero exit code 7.; 695)
[2023-03-25 13:27:49,627] {local_task_job.py:156} INFO - Task exited with return code 1
[2023-03-25 13:27:49,746] {local_task_job.py:273} INFO - 0 downstream tasks scheduled from follow-on schedule check
