[2023-03-25 13:27:48,298] {taskinstance.py:1159} INFO - Dependencies all met for <TaskInstance: rightmove_extraction_dag.print_projects scheduled__2023-02-22T00:00:00+00:00 [queued]>
[2023-03-25 13:27:48,327] {taskinstance.py:1159} INFO - Dependencies all met for <TaskInstance: rightmove_extraction_dag.print_projects scheduled__2023-02-22T00:00:00+00:00 [queued]>
[2023-03-25 13:27:48,335] {taskinstance.py:1356} INFO - 
--------------------------------------------------------------------------------
[2023-03-25 13:27:48,337] {taskinstance.py:1357} INFO - Starting attempt 3 of 6
[2023-03-25 13:27:48,339] {taskinstance.py:1358} INFO - 
--------------------------------------------------------------------------------
[2023-03-25 13:27:48,375] {taskinstance.py:1377} INFO - Executing <Task(BashOperator): print_projects> on 2023-02-22 00:00:00+00:00
[2023-03-25 13:27:48,397] {standard_task_runner.py:52} INFO - Started process 693 to run task
[2023-03-25 13:27:48,415] {standard_task_runner.py:79} INFO - Running: ['***', 'tasks', 'run', 'rightmove_extraction_dag', 'print_projects', 'scheduled__2023-02-22T00:00:00+00:00', '--job-id', '37', '--raw', '--subdir', 'DAGS_FOLDER/rightmove_extraction_dag.py', '--cfg-path', '/tmp/tmpjgua74bi', '--error-file', '/tmp/tmp3bdk_it_']
[2023-03-25 13:27:48,421] {standard_task_runner.py:80} INFO - Job 37: Subtask print_projects
[2023-03-25 13:27:49,074] {task_command.py:369} INFO - Running <TaskInstance: rightmove_extraction_dag.print_projects scheduled__2023-02-22T00:00:00+00:00 [running]> on host 6614738016e4
[2023-03-25 13:27:49,372] {taskinstance.py:1569} INFO - Exporting the following env vars:
AIRFLOW_CTX_DAG_OWNER=alex
AIRFLOW_CTX_DAG_ID=rightmove_extraction_dag
AIRFLOW_CTX_TASK_ID=print_projects
AIRFLOW_CTX_EXECUTION_DATE=2023-02-22T00:00:00+00:00
AIRFLOW_CTX_TRY_NUMBER=3
AIRFLOW_CTX_DAG_RUN_ID=scheduled__2023-02-22T00:00:00+00:00
[2023-03-25 13:27:49,378] {subprocess.py:62} INFO - Tmp dir root location: 
 /tmp
[2023-03-25 13:27:49,381] {subprocess.py:74} INFO - Running command: ['bash', '-c', 'curl http://localhost:6800/listprojects.json']
[2023-03-25 13:27:49,419] {subprocess.py:85} INFO - Output:
[2023-03-25 13:27:49,436] {subprocess.py:92} INFO -   % Total    % Received % Xferd  Average Speed   Time    Time     Time  Current
[2023-03-25 13:27:49,439] {subprocess.py:92} INFO -                                  Dload  Upload   Total   Spent    Left  Speed
[2023-03-25 13:27:49,441] {subprocess.py:92} INFO -   0     0    0     0    0     0      0      0 --:--:-- --:--:-- --:--:--     0  0     0    0     0    0     0      0      0 --:--:-- --:--:-- --:--:--     0
[2023-03-25 13:27:49,442] {subprocess.py:92} INFO - curl: (7) Failed to connect to localhost port 6800: Connection refused
[2023-03-25 13:27:49,445] {subprocess.py:96} INFO - Command exited with return code 7
[2023-03-25 13:27:49,484] {taskinstance.py:1889} ERROR - Task failed with exception
Traceback (most recent call last):
  File "/home/airflow/.local/lib/python3.9/site-packages/airflow/operators/bash.py", line 194, in execute
    raise AirflowException(
airflow.exceptions.AirflowException: Bash command failed. The command returned a non-zero exit code 7.
[2023-03-25 13:27:49,499] {taskinstance.py:1395} INFO - Marking task as UP_FOR_RETRY. dag_id=rightmove_extraction_dag, task_id=print_projects, execution_date=20230222T000000, start_date=20230325T132748, end_date=20230325T132749
[2023-03-25 13:27:49,543] {standard_task_runner.py:92} ERROR - Failed to execute job 37 for task print_projects (Bash command failed. The command returned a non-zero exit code 7.; 693)
[2023-03-25 13:27:49,633] {local_task_job.py:156} INFO - Task exited with return code 1
[2023-03-25 13:27:49,735] {local_task_job.py:273} INFO - 0 downstream tasks scheduled from follow-on schedule check
