[2023-03-25 13:35:33,470] {taskinstance.py:1159} INFO - Dependencies all met for <TaskInstance: rightmove_extraction_dag.print_projects manual__2023-03-25T13:35:29.763227+00:00 [queued]>
[2023-03-25 13:35:33,488] {taskinstance.py:1159} INFO - Dependencies all met for <TaskInstance: rightmove_extraction_dag.print_projects manual__2023-03-25T13:35:29.763227+00:00 [queued]>
[2023-03-25 13:35:33,493] {taskinstance.py:1356} INFO - 
--------------------------------------------------------------------------------
[2023-03-25 13:35:33,495] {taskinstance.py:1357} INFO - Starting attempt 1 of 6
[2023-03-25 13:35:33,498] {taskinstance.py:1358} INFO - 
--------------------------------------------------------------------------------
[2023-03-25 13:35:33,523] {taskinstance.py:1377} INFO - Executing <Task(BashOperator): print_projects> on 2023-03-25 13:35:29.763227+00:00
[2023-03-25 13:35:33,538] {standard_task_runner.py:52} INFO - Started process 1069 to run task
[2023-03-25 13:35:33,544] {standard_task_runner.py:79} INFO - Running: ['***', 'tasks', 'run', 'rightmove_extraction_dag', 'print_projects', 'manual__2023-03-25T13:35:29.763227+00:00', '--job-id', '90', '--raw', '--subdir', 'DAGS_FOLDER/rightmove_extraction_dag.py', '--cfg-path', '/tmp/tmptzz2a4vt', '--error-file', '/tmp/tmp4_4_3ngx']
[2023-03-25 13:35:33,547] {standard_task_runner.py:80} INFO - Job 90: Subtask print_projects
[2023-03-25 13:35:33,637] {task_command.py:369} INFO - Running <TaskInstance: rightmove_extraction_dag.print_projects manual__2023-03-25T13:35:29.763227+00:00 [running]> on host 6614738016e4
[2023-03-25 13:35:33,779] {taskinstance.py:1569} INFO - Exporting the following env vars:
AIRFLOW_CTX_DAG_OWNER=alex
AIRFLOW_CTX_DAG_ID=rightmove_extraction_dag
AIRFLOW_CTX_TASK_ID=print_projects
AIRFLOW_CTX_EXECUTION_DATE=2023-03-25T13:35:29.763227+00:00
AIRFLOW_CTX_TRY_NUMBER=1
AIRFLOW_CTX_DAG_RUN_ID=manual__2023-03-25T13:35:29.763227+00:00
[2023-03-25 13:35:33,782] {subprocess.py:62} INFO - Tmp dir root location: 
 /tmp
[2023-03-25 13:35:33,786] {subprocess.py:74} INFO - Running command: ['bash', '-c', 'curl http://scrapyd-app:6800/listprojects.json']
[2023-03-25 13:35:33,826] {subprocess.py:85} INFO - Output:
[2023-03-25 13:35:33,927] {subprocess.py:92} INFO -   % Total    % Received % Xferd  Average Speed   Time    Time     Time  Current
[2023-03-25 13:35:33,929] {subprocess.py:92} INFO -                                  Dload  Upload   Total   Spent    Left  Speed
[2023-03-25 13:35:34,200] {subprocess.py:92} INFO -   0     0    0     0    0     0      0      0 --:--:-- --:--:-- --:--:--     0100    86  100    86    0     0    317      0 --:--:-- --:--:-- --:--:--   317
[2023-03-25 13:35:34,211] {subprocess.py:92} INFO - {"node_name": "fac540815f2e", "status": "ok", "projects": ["real_estate_extraction"]}
[2023-03-25 13:35:34,218] {subprocess.py:96} INFO - Command exited with return code 0
[2023-03-25 13:35:34,313] {taskinstance.py:1395} INFO - Marking task as SUCCESS. dag_id=rightmove_extraction_dag, task_id=print_projects, execution_date=20230325T133529, start_date=20230325T133533, end_date=20230325T133534
[2023-03-25 13:35:34,358] {local_task_job.py:156} INFO - Task exited with return code 0
[2023-03-25 13:35:34,442] {local_task_job.py:273} INFO - 1 downstream tasks scheduled from follow-on schedule check
