[2023-03-25 13:29:23,260] {taskinstance.py:1159} INFO - Dependencies all met for <TaskInstance: rightmove_extraction_dag.print_projects scheduled__2023-02-09T00:00:00+00:00 [queued]>
[2023-03-25 13:29:23,270] {taskinstance.py:1159} INFO - Dependencies all met for <TaskInstance: rightmove_extraction_dag.print_projects scheduled__2023-02-09T00:00:00+00:00 [queued]>
[2023-03-25 13:29:23,272] {taskinstance.py:1356} INFO - 
--------------------------------------------------------------------------------
[2023-03-25 13:29:23,285] {taskinstance.py:1357} INFO - Starting attempt 4 of 6
[2023-03-25 13:29:23,288] {taskinstance.py:1358} INFO - 
--------------------------------------------------------------------------------
[2023-03-25 13:29:23,299] {taskinstance.py:1377} INFO - Executing <Task(BashOperator): print_projects> on 2023-02-09 00:00:00+00:00
[2023-03-25 13:29:23,306] {standard_task_runner.py:52} INFO - Started process 749 to run task
[2023-03-25 13:29:23,313] {standard_task_runner.py:79} INFO - Running: ['***', 'tasks', 'run', 'rightmove_extraction_dag', 'print_projects', 'scheduled__2023-02-09T00:00:00+00:00', '--job-id', '43', '--raw', '--subdir', 'DAGS_FOLDER/rightmove_extraction_dag.py', '--cfg-path', '/tmp/tmpswgrmqpe', '--error-file', '/tmp/tmpk7yu7bm5']
[2023-03-25 13:29:23,316] {standard_task_runner.py:80} INFO - Job 43: Subtask print_projects
[2023-03-25 13:29:23,379] {task_command.py:369} INFO - Running <TaskInstance: rightmove_extraction_dag.print_projects scheduled__2023-02-09T00:00:00+00:00 [running]> on host 6614738016e4
[2023-03-25 13:29:23,460] {taskinstance.py:1569} INFO - Exporting the following env vars:
AIRFLOW_CTX_DAG_OWNER=alex
AIRFLOW_CTX_DAG_ID=rightmove_extraction_dag
AIRFLOW_CTX_TASK_ID=print_projects
AIRFLOW_CTX_EXECUTION_DATE=2023-02-09T00:00:00+00:00
AIRFLOW_CTX_TRY_NUMBER=4
AIRFLOW_CTX_DAG_RUN_ID=scheduled__2023-02-09T00:00:00+00:00
[2023-03-25 13:29:23,463] {subprocess.py:62} INFO - Tmp dir root location: 
 /tmp
[2023-03-25 13:29:23,465] {subprocess.py:74} INFO - Running command: ['bash', '-c', 'curl http://localhost:6800/listprojects.json']
[2023-03-25 13:29:23,479] {subprocess.py:85} INFO - Output:
[2023-03-25 13:29:23,497] {subprocess.py:92} INFO -   % Total    % Received % Xferd  Average Speed   Time    Time     Time  Current
[2023-03-25 13:29:23,498] {subprocess.py:92} INFO -                                  Dload  Upload   Total   Spent    Left  Speed
[2023-03-25 13:29:23,499] {subprocess.py:92} INFO -   0     0    0     0    0     0      0      0 --:--:-- --:--:-- --:--:--     0  0     0    0     0    0     0      0      0 --:--:-- --:--:-- --:--:--     0
[2023-03-25 13:29:23,501] {subprocess.py:92} INFO - curl: (7) Failed to connect to localhost port 6800: Connection refused
[2023-03-25 13:29:23,502] {subprocess.py:96} INFO - Command exited with return code 7
[2023-03-25 13:29:23,515] {taskinstance.py:1889} ERROR - Task failed with exception
Traceback (most recent call last):
  File "/home/airflow/.local/lib/python3.9/site-packages/airflow/operators/bash.py", line 194, in execute
    raise AirflowException(
airflow.exceptions.AirflowException: Bash command failed. The command returned a non-zero exit code 7.
[2023-03-25 13:29:23,520] {taskinstance.py:1395} INFO - Marking task as UP_FOR_RETRY. dag_id=rightmove_extraction_dag, task_id=print_projects, execution_date=20230209T000000, start_date=20230325T132923, end_date=20230325T132923
[2023-03-25 13:29:23,528] {standard_task_runner.py:92} ERROR - Failed to execute job 43 for task print_projects (Bash command failed. The command returned a non-zero exit code 7.; 749)
[2023-03-25 13:29:23,569] {local_task_job.py:156} INFO - Task exited with return code 1
[2023-03-25 13:29:23,597] {local_task_job.py:273} INFO - 0 downstream tasks scheduled from follow-on schedule check
