[2023-03-27 13:20:56,371] {taskinstance.py:1159} INFO - Dependencies all met for <TaskInstance: rightmove_extraction_dag.print_projects scheduled__2023-03-26T00:00:00+00:00 [queued]>
[2023-03-27 13:20:56,377] {taskinstance.py:1159} INFO - Dependencies all met for <TaskInstance: rightmove_extraction_dag.print_projects scheduled__2023-03-26T00:00:00+00:00 [queued]>
[2023-03-27 13:20:56,381] {taskinstance.py:1356} INFO - 
--------------------------------------------------------------------------------
[2023-03-27 13:20:56,384] {taskinstance.py:1357} INFO - Starting attempt 1 of 6
[2023-03-27 13:20:56,387] {taskinstance.py:1358} INFO - 
--------------------------------------------------------------------------------
[2023-03-27 13:20:56,404] {taskinstance.py:1377} INFO - Executing <Task(BashOperator): print_projects> on 2023-03-26 00:00:00+00:00
[2023-03-27 13:20:56,419] {standard_task_runner.py:52} INFO - Started process 184 to run task
[2023-03-27 13:20:56,423] {standard_task_runner.py:79} INFO - Running: ['***', 'tasks', 'run', 'rightmove_extraction_dag', 'print_projects', 'scheduled__2023-03-26T00:00:00+00:00', '--job-id', '109', '--raw', '--subdir', 'DAGS_FOLDER/rightmove_extraction_dag.py', '--cfg-path', '/tmp/tmppydefbyp', '--error-file', '/tmp/tmpz4a4hskr']
[2023-03-27 13:20:56,426] {standard_task_runner.py:80} INFO - Job 109: Subtask print_projects
[2023-03-27 13:20:56,497] {task_command.py:369} INFO - Running <TaskInstance: rightmove_extraction_dag.print_projects scheduled__2023-03-26T00:00:00+00:00 [running]> on host 6614738016e4
[2023-03-27 13:20:56,611] {taskinstance.py:1569} INFO - Exporting the following env vars:
AIRFLOW_CTX_DAG_OWNER=alex
AIRFLOW_CTX_DAG_ID=rightmove_extraction_dag
AIRFLOW_CTX_TASK_ID=print_projects
AIRFLOW_CTX_EXECUTION_DATE=2023-03-26T00:00:00+00:00
AIRFLOW_CTX_TRY_NUMBER=1
AIRFLOW_CTX_DAG_RUN_ID=scheduled__2023-03-26T00:00:00+00:00
[2023-03-27 13:20:56,615] {subprocess.py:62} INFO - Tmp dir root location: 
 /tmp
[2023-03-27 13:20:56,629] {subprocess.py:74} INFO - Running command: ['bash', '-c', 'curl http://scrapyd-app:6800/listprojects.json']
[2023-03-27 13:20:56,651] {subprocess.py:85} INFO - Output:
[2023-03-27 13:20:56,933] {subprocess.py:92} INFO -   % Total    % Received % Xferd  Average Speed   Time    Time     Time  Current
[2023-03-27 13:20:56,936] {subprocess.py:92} INFO -                                  Dload  Upload   Total   Spent    Left  Speed
[2023-03-27 13:20:57,147] {subprocess.py:92} INFO -   0     0    0     0    0     0      0      0 --:--:-- --:--:-- --:--:--     0100    86  100    86    0     0    400      0 --:--:-- --:--:-- --:--:--   400
[2023-03-27 13:20:57,160] {subprocess.py:92} INFO - {"node_name": "889628ec664c", "status": "ok", "projects": ["real_estate_extraction"]}
[2023-03-27 13:20:57,163] {subprocess.py:96} INFO - Command exited with return code 0
[2023-03-27 13:20:57,230] {taskinstance.py:1395} INFO - Marking task as SUCCESS. dag_id=rightmove_extraction_dag, task_id=print_projects, execution_date=20230326T000000, start_date=20230327T132056, end_date=20230327T132057
[2023-03-27 13:20:57,290] {local_task_job.py:156} INFO - Task exited with return code 0
[2023-03-27 13:20:57,333] {local_task_job.py:273} INFO - 1 downstream tasks scheduled from follow-on schedule check
[2023-03-28 20:12:26,376] {taskinstance.py:1159} INFO - Dependencies all met for <TaskInstance: rightmove_extraction_dag.print_projects scheduled__2023-03-26T00:00:00+00:00 [queued]>
[2023-03-28 20:12:26,417] {taskinstance.py:1159} INFO - Dependencies all met for <TaskInstance: rightmove_extraction_dag.print_projects scheduled__2023-03-26T00:00:00+00:00 [queued]>
[2023-03-28 20:12:26,432] {taskinstance.py:1356} INFO - 
--------------------------------------------------------------------------------
[2023-03-28 20:12:26,434] {taskinstance.py:1357} INFO - Starting attempt 1 of 6
[2023-03-28 20:12:26,462] {taskinstance.py:1358} INFO - 
--------------------------------------------------------------------------------
[2023-03-28 20:12:26,507] {taskinstance.py:1377} INFO - Executing <Task(BashOperator): print_projects> on 2023-03-26 00:00:00+00:00
[2023-03-28 20:12:26,555] {standard_task_runner.py:52} INFO - Started process 580 to run task
[2023-03-28 20:12:26,591] {standard_task_runner.py:79} INFO - Running: ['***', 'tasks', 'run', 'rightmove_extraction_dag', 'print_projects', 'scheduled__2023-03-26T00:00:00+00:00', '--job-id', '3', '--raw', '--subdir', 'DAGS_FOLDER/rightmove_extraction_dag.py', '--cfg-path', '/tmp/tmpel_83gww', '--error-file', '/tmp/tmpk868l09q']
[2023-03-28 20:12:26,608] {standard_task_runner.py:80} INFO - Job 3: Subtask print_projects
[2023-03-28 20:12:27,094] {task_command.py:369} INFO - Running <TaskInstance: rightmove_extraction_dag.print_projects scheduled__2023-03-26T00:00:00+00:00 [running]> on host 7b33de18778c
[2023-03-28 20:12:27,570] {taskinstance.py:1569} INFO - Exporting the following env vars:
AIRFLOW_CTX_DAG_OWNER=alex
AIRFLOW_CTX_DAG_ID=rightmove_extraction_dag
AIRFLOW_CTX_TASK_ID=print_projects
AIRFLOW_CTX_EXECUTION_DATE=2023-03-26T00:00:00+00:00
AIRFLOW_CTX_TRY_NUMBER=1
AIRFLOW_CTX_DAG_RUN_ID=scheduled__2023-03-26T00:00:00+00:00
[2023-03-28 20:12:27,575] {subprocess.py:62} INFO - Tmp dir root location: 
 /tmp
[2023-03-28 20:12:27,582] {subprocess.py:74} INFO - Running command: ['bash', '-c', 'curl http://scrapyd-app:6800/listprojects.json']
[2023-03-28 20:12:27,793] {subprocess.py:85} INFO - Output:
[2023-03-28 20:12:28,107] {subprocess.py:92} INFO -   % Total    % Received % Xferd  Average Speed   Time    Time     Time  Current
[2023-03-28 20:12:28,118] {subprocess.py:92} INFO -                                  Dload  Upload   Total   Spent    Left  Speed
[2023-03-28 20:12:28,401] {subprocess.py:92} INFO -   0     0    0     0    0     0      0      0 --:--:-- --:--:-- --:--:--     0100    86  100    86    0     0    292      0 --:--:-- --:--:-- --:--:--   292
[2023-03-28 20:12:28,411] {subprocess.py:92} INFO - {"node_name": "6fff5f1b0adf", "status": "ok", "projects": ["real_estate_extraction"]}
[2023-03-28 20:12:28,424] {subprocess.py:96} INFO - Command exited with return code 0
[2023-03-28 20:12:28,962] {taskinstance.py:1395} INFO - Marking task as SUCCESS. dag_id=rightmove_extraction_dag, task_id=print_projects, execution_date=20230326T000000, start_date=20230328T201226, end_date=20230328T201228
[2023-03-28 20:12:29,161] {local_task_job.py:156} INFO - Task exited with return code 0
[2023-03-28 20:12:29,804] {local_task_job.py:273} INFO - 0 downstream tasks scheduled from follow-on schedule check
