[2023-03-27 16:51:22,813] {taskinstance.py:1159} INFO - Dependencies all met for <TaskInstance: rightmove_extraction_dag.check_job_status manual__2023-03-27T16:51:18.776721+00:00 [queued]>
[2023-03-27 16:51:22,820] {taskinstance.py:1159} INFO - Dependencies all met for <TaskInstance: rightmove_extraction_dag.check_job_status manual__2023-03-27T16:51:18.776721+00:00 [queued]>
[2023-03-27 16:51:22,821] {taskinstance.py:1356} INFO - 
--------------------------------------------------------------------------------
[2023-03-27 16:51:22,830] {taskinstance.py:1357} INFO - Starting attempt 1 of 6
[2023-03-27 16:51:22,834] {taskinstance.py:1358} INFO - 
--------------------------------------------------------------------------------
[2023-03-27 16:51:22,844] {taskinstance.py:1377} INFO - Executing <Task(PythonOperator): check_job_status> on 2023-03-27 16:51:18.776721+00:00
[2023-03-27 16:51:22,849] {standard_task_runner.py:52} INFO - Started process 2359 to run task
[2023-03-27 16:51:22,852] {standard_task_runner.py:79} INFO - Running: ['***', 'tasks', 'run', 'rightmove_extraction_dag', 'check_job_status', 'manual__2023-03-27T16:51:18.776721+00:00', '--job-id', '132', '--raw', '--subdir', 'DAGS_FOLDER/rightmove_extraction_dag.py', '--cfg-path', '/tmp/tmptv2epvqo', '--error-file', '/tmp/tmp4qqhtsnk']
[2023-03-27 16:51:22,854] {standard_task_runner.py:80} INFO - Job 132: Subtask check_job_status
[2023-03-27 16:51:22,900] {task_command.py:369} INFO - Running <TaskInstance: rightmove_extraction_dag.check_job_status manual__2023-03-27T16:51:18.776721+00:00 [running]> on host 6614738016e4
[2023-03-27 16:51:22,944] {taskinstance.py:1569} INFO - Exporting the following env vars:
AIRFLOW_CTX_DAG_OWNER=alex
AIRFLOW_CTX_DAG_ID=rightmove_extraction_dag
AIRFLOW_CTX_TASK_ID=check_job_status
AIRFLOW_CTX_EXECUTION_DATE=2023-03-27T16:51:18.776721+00:00
AIRFLOW_CTX_TRY_NUMBER=1
AIRFLOW_CTX_DAG_RUN_ID=manual__2023-03-27T16:51:18.776721+00:00
[2023-03-27 16:51:22,955] {logging_mixin.py:115} INFO - {'jobid': '9a55e50eccbf11eda6b40242ac180002'}
[2023-03-27 16:51:22,956] {logging_mixin.py:115} INFO - Job has been received. Job ID: 9a55e50eccbf11eda6b40242ac180002
[2023-03-27 16:51:22,973] {logging_mixin.py:115} INFO - Current job is 9a55e50eccbf11eda6b40242ac180002
[2023-03-27 16:51:22,976] {logging_mixin.py:115} INFO - Job is pending
[2023-03-27 16:51:22,977] {logging_mixin.py:115} INFO - Job is pending
[2023-03-27 16:51:22,978] {logging_mixin.py:115} INFO - HTTP request sent at 16:51:22
[2023-03-27 16:51:53,030] {logging_mixin.py:115} INFO - Current job is 9a55e50eccbf11eda6b40242ac180002
[2023-03-27 16:51:53,034] {logging_mixin.py:115} INFO - Current job is running, no need to shut down.
[2023-03-27 16:51:53,035] {logging_mixin.py:115} INFO - Job is running
[2023-03-27 16:51:53,035] {logging_mixin.py:115} INFO - Job is still running
[2023-03-27 16:51:53,036] {logging_mixin.py:115} INFO - HTTP request sent at 16:51:53
[2023-03-27 16:52:23,095] {logging_mixin.py:115} INFO - Current job is 9a55e50eccbf11eda6b40242ac180002
[2023-03-27 16:52:23,108] {logging_mixin.py:115} INFO - Current job is running, no need to shut down.
[2023-03-27 16:52:23,109] {logging_mixin.py:115} INFO - Job is running
[2023-03-27 16:52:23,110] {logging_mixin.py:115} INFO - Job is still running
[2023-03-27 16:52:23,111] {logging_mixin.py:115} INFO - HTTP request sent at 16:52:23
[2023-03-27 16:52:53,164] {logging_mixin.py:115} INFO - Current job is 9a55e50eccbf11eda6b40242ac180002
[2023-03-27 16:52:53,174] {logging_mixin.py:115} INFO - Current job is running, no need to shut down.
[2023-03-27 16:52:53,176] {logging_mixin.py:115} INFO - Job is running
[2023-03-27 16:52:53,178] {logging_mixin.py:115} INFO - Job is still running
[2023-03-27 16:52:53,180] {logging_mixin.py:115} INFO - HTTP request sent at 16:52:53
[2023-03-27 16:53:23,227] {logging_mixin.py:115} INFO - Current job is 9a55e50eccbf11eda6b40242ac180002
[2023-03-27 16:53:23,229] {logging_mixin.py:115} INFO - Current job is running, no need to shut down.
[2023-03-27 16:53:23,231] {logging_mixin.py:115} INFO - Job is running
[2023-03-27 16:53:23,232] {logging_mixin.py:115} INFO - Job is still running
[2023-03-27 16:53:23,233] {logging_mixin.py:115} INFO - HTTP request sent at 16:53:23
[2023-03-27 16:53:53,282] {logging_mixin.py:115} INFO - Current job is 9a55e50eccbf11eda6b40242ac180002
[2023-03-27 16:53:53,283] {logging_mixin.py:115} INFO - Current job is running, no need to shut down.
[2023-03-27 16:53:53,285] {logging_mixin.py:115} INFO - Job is running
[2023-03-27 16:53:53,285] {logging_mixin.py:115} INFO - Job is still running
[2023-03-27 16:53:53,286] {logging_mixin.py:115} INFO - HTTP request sent at 16:53:53
[2023-03-27 16:54:23,352] {logging_mixin.py:115} INFO - Current job is 9a55e50eccbf11eda6b40242ac180002
[2023-03-27 16:54:23,354] {logging_mixin.py:115} INFO - Current job is running, no need to shut down.
[2023-03-27 16:54:23,355] {logging_mixin.py:115} INFO - Job is running
[2023-03-27 16:54:23,356] {logging_mixin.py:115} INFO - Job is still running
[2023-03-27 16:54:23,360] {logging_mixin.py:115} INFO - HTTP request sent at 16:54:23
[2023-03-27 16:54:53,392] {logging_mixin.py:115} INFO - Current job is 9a55e50eccbf11eda6b40242ac180002
[2023-03-27 16:54:53,400] {logging_mixin.py:115} INFO - Current job is running, no need to shut down.
[2023-03-27 16:54:53,401] {logging_mixin.py:115} INFO - Job is running
[2023-03-27 16:54:53,402] {logging_mixin.py:115} INFO - Job is still running
[2023-03-27 16:54:53,403] {logging_mixin.py:115} INFO - HTTP request sent at 16:54:53
[2023-03-27 16:55:23,429] {logging_mixin.py:115} INFO - Current job is 9a55e50eccbf11eda6b40242ac180002
[2023-03-27 16:55:23,434] {logging_mixin.py:115} INFO - Current job is running, no need to shut down.
[2023-03-27 16:55:23,435] {logging_mixin.py:115} INFO - Job is running
[2023-03-27 16:55:23,436] {logging_mixin.py:115} INFO - Job is still running
[2023-03-27 16:55:23,446] {logging_mixin.py:115} INFO - HTTP request sent at 16:55:23
[2023-03-27 16:55:53,496] {logging_mixin.py:115} INFO - Current job is 9a55e50eccbf11eda6b40242ac180002
[2023-03-27 16:55:53,501] {logging_mixin.py:115} INFO - Current job is running, no need to shut down.
[2023-03-27 16:55:53,502] {logging_mixin.py:115} INFO - Job is running
[2023-03-27 16:55:53,503] {logging_mixin.py:115} INFO - Job is still running
[2023-03-27 16:55:53,504] {logging_mixin.py:115} INFO - HTTP request sent at 16:55:53
[2023-03-27 16:56:23,534] {logging_mixin.py:115} INFO - Job running for 5 minutes, shutting down to avoid server overload
[2023-03-27 16:56:23,565] {logging_mixin.py:115} INFO - Job shut successfully
[2023-03-27 16:56:23,570] {python.py:173} INFO - Done. Returned value was: None
[2023-03-27 16:56:23,620] {taskinstance.py:1395} INFO - Marking task as SUCCESS. dag_id=rightmove_extraction_dag, task_id=check_job_status, execution_date=20230327T165118, start_date=20230327T165122, end_date=20230327T165623
[2023-03-27 16:56:23,679] {local_task_job.py:156} INFO - Task exited with return code 0
[2023-03-27 16:56:23,716] {local_task_job.py:273} INFO - 0 downstream tasks scheduled from follow-on schedule check
