[2023-03-27 16:51:19,714] {taskinstance.py:1159} INFO - Dependencies all met for <TaskInstance: rightmove_extraction_dag.print_projects manual__2023-03-27T16:51:18.776721+00:00 [queued]>
[2023-03-27 16:51:19,725] {taskinstance.py:1159} INFO - Dependencies all met for <TaskInstance: rightmove_extraction_dag.print_projects manual__2023-03-27T16:51:18.776721+00:00 [queued]>
[2023-03-27 16:51:19,726] {taskinstance.py:1356} INFO - 
--------------------------------------------------------------------------------
[2023-03-27 16:51:19,727] {taskinstance.py:1357} INFO - Starting attempt 1 of 6
[2023-03-27 16:51:19,728] {taskinstance.py:1358} INFO - 
--------------------------------------------------------------------------------
[2023-03-27 16:51:19,736] {taskinstance.py:1377} INFO - Executing <Task(BashOperator): print_projects> on 2023-03-27 16:51:18.776721+00:00
[2023-03-27 16:51:19,741] {standard_task_runner.py:52} INFO - Started process 2349 to run task
[2023-03-27 16:51:19,745] {standard_task_runner.py:79} INFO - Running: ['***', 'tasks', 'run', 'rightmove_extraction_dag', 'print_projects', 'manual__2023-03-27T16:51:18.776721+00:00', '--job-id', '129', '--raw', '--subdir', 'DAGS_FOLDER/rightmove_extraction_dag.py', '--cfg-path', '/tmp/tmp6sj668rq', '--error-file', '/tmp/tmp54ykw2y0']
[2023-03-27 16:51:19,747] {standard_task_runner.py:80} INFO - Job 129: Subtask print_projects
[2023-03-27 16:51:19,811] {task_command.py:369} INFO - Running <TaskInstance: rightmove_extraction_dag.print_projects manual__2023-03-27T16:51:18.776721+00:00 [running]> on host 6614738016e4
[2023-03-27 16:51:19,882] {taskinstance.py:1569} INFO - Exporting the following env vars:
AIRFLOW_CTX_DAG_OWNER=alex
AIRFLOW_CTX_DAG_ID=rightmove_extraction_dag
AIRFLOW_CTX_TASK_ID=print_projects
AIRFLOW_CTX_EXECUTION_DATE=2023-03-27T16:51:18.776721+00:00
AIRFLOW_CTX_TRY_NUMBER=1
AIRFLOW_CTX_DAG_RUN_ID=manual__2023-03-27T16:51:18.776721+00:00
[2023-03-27 16:51:19,890] {subprocess.py:62} INFO - Tmp dir root location: 
 /tmp
[2023-03-27 16:51:19,894] {subprocess.py:74} INFO - Running command: ['bash', '-c', 'curl http://scrapyd-app:6800/listprojects.json']
[2023-03-27 16:51:19,907] {subprocess.py:85} INFO - Output:
[2023-03-27 16:51:19,927] {subprocess.py:92} INFO -   % Total    % Received % Xferd  Average Speed   Time    Time     Time  Current
[2023-03-27 16:51:19,929] {subprocess.py:92} INFO -                                  Dload  Upload   Total   Spent    Left  Speed
[2023-03-27 16:51:19,941] {subprocess.py:92} INFO -   0     0    0     0    0     0      0      0 --:--:-- --:--:-- --:--:--     0100    86  100    86    0     0   6615      0 --:--:-- --:--:-- --:--:--  6615
[2023-03-27 16:51:19,946] {subprocess.py:92} INFO - {"node_name": "889628ec664c", "status": "ok", "projects": ["real_estate_extraction"]}
[2023-03-27 16:51:19,953] {subprocess.py:96} INFO - Command exited with return code 0
[2023-03-27 16:51:19,978] {taskinstance.py:1395} INFO - Marking task as SUCCESS. dag_id=rightmove_extraction_dag, task_id=print_projects, execution_date=20230327T165118, start_date=20230327T165119, end_date=20230327T165119
[2023-03-27 16:51:19,999] {local_task_job.py:156} INFO - Task exited with return code 0
[2023-03-27 16:51:20,028] {local_task_job.py:273} INFO - 1 downstream tasks scheduled from follow-on schedule check
