[2023-02-10 12:28:11,543] {taskinstance.py:1159} INFO - Dependencies all met for <TaskInstance: rightmove_extraction_dag.get_token manual__2023-02-10T12:17:48.218108+00:00 [queued]>
[2023-02-10 12:28:11,577] {taskinstance.py:1159} INFO - Dependencies all met for <TaskInstance: rightmove_extraction_dag.get_token manual__2023-02-10T12:17:48.218108+00:00 [queued]>
[2023-02-10 12:28:11,584] {taskinstance.py:1356} INFO - 
--------------------------------------------------------------------------------
[2023-02-10 12:28:11,585] {taskinstance.py:1357} INFO - Starting attempt 6 of 6
[2023-02-10 12:28:11,589] {taskinstance.py:1358} INFO - 
--------------------------------------------------------------------------------
[2023-02-10 12:28:11,624] {taskinstance.py:1377} INFO - Executing <Task(BashOperator): get_token> on 2023-02-10 12:17:48.218108+00:00
[2023-02-10 12:28:11,658] {standard_task_runner.py:52} INFO - Started process 393 to run task
[2023-02-10 12:28:11,667] {standard_task_runner.py:79} INFO - Running: ['***', 'tasks', 'run', 'rightmove_extraction_dag', 'get_token', 'manual__2023-02-10T12:17:48.218108+00:00', '--job-id', '13', '--raw', '--subdir', 'DAGS_FOLDER/rightmove_extraction_dag.py', '--cfg-path', '/tmp/tmp2zqrvlhc', '--error-file', '/tmp/tmp82x8172v']
[2023-02-10 12:28:11,673] {standard_task_runner.py:80} INFO - Job 13: Subtask get_token
[2023-02-10 12:28:11,825] {task_command.py:369} INFO - Running <TaskInstance: rightmove_extraction_dag.get_token manual__2023-02-10T12:17:48.218108+00:00 [running]> on host 132093137b1e
[2023-02-10 12:28:12,189] {taskinstance.py:1571} INFO - Exporting the following env vars:
AIRFLOW_CTX_DAG_OWNER=alex
AIRFLOW_CTX_DAG_ID=rightmove_extraction_dag
AIRFLOW_CTX_TASK_ID=get_token
AIRFLOW_CTX_EXECUTION_DATE=2023-02-10T12:17:48.218108+00:00
AIRFLOW_CTX_TRY_NUMBER=6
AIRFLOW_CTX_DAG_RUN_ID=manual__2023-02-10T12:17:48.218108+00:00
[2023-02-10 12:28:12,250] {subprocess.py:62} INFO - Tmp dir root location: 
 /tmp
[2023-02-10 12:28:12,287] {subprocess.py:74} INFO - Running command: ['bash', '-c', 'cd /app && ./script.sh ']
[2023-02-10 12:28:12,438] {subprocess.py:85} INFO - Output:
[2023-02-10 12:28:12,569] {subprocess.py:92} INFO - ./script.sh: line 5: gcloud: command not found
[2023-02-10 12:28:12,799] {subprocess.py:92} INFO - ./script.sh: line 9: gcloud: command not found
[2023-02-10 12:28:13,109] {subprocess.py:92} INFO - ./script.sh: line 13: gcloud: command not found
[2023-02-10 12:28:13,115] {subprocess.py:96} INFO - Command exited with return code 127
[2023-02-10 12:28:13,183] {taskinstance.py:1889} ERROR - Task failed with exception
Traceback (most recent call last):
  File "/home/airflow/.local/lib/python3.7/site-packages/airflow/operators/bash.py", line 195, in execute
    f'Bash command failed. The command returned a non-zero exit code {result.exit_code}.'
airflow.exceptions.AirflowException: Bash command failed. The command returned a non-zero exit code 127.
[2023-02-10 12:28:13,209] {taskinstance.py:1400} INFO - Marking task as FAILED. dag_id=rightmove_extraction_dag, task_id=get_token, execution_date=20230210T121748, start_date=20230210T122811, end_date=20230210T122813
[2023-02-10 12:28:13,345] {standard_task_runner.py:97} ERROR - Failed to execute job 13 for task get_token (Bash command failed. The command returned a non-zero exit code 127.; 393)
[2023-02-10 12:28:13,461] {local_task_job.py:156} INFO - Task exited with return code 1
[2023-02-10 12:28:13,549] {local_task_job.py:273} INFO - 0 downstream tasks scheduled from follow-on schedule check
