[2023-03-28 20:12:40,338] {taskinstance.py:1159} INFO - Dependencies all met for <TaskInstance: rightmove_extraction_dag.check_job_status manual__2023-03-28T20:12:23.267196+00:00 [queued]>
[2023-03-28 20:12:40,361] {taskinstance.py:1159} INFO - Dependencies all met for <TaskInstance: rightmove_extraction_dag.check_job_status manual__2023-03-28T20:12:23.267196+00:00 [queued]>
[2023-03-28 20:12:40,362] {taskinstance.py:1356} INFO - 
--------------------------------------------------------------------------------
[2023-03-28 20:12:40,365] {taskinstance.py:1357} INFO - Starting attempt 1 of 6
[2023-03-28 20:12:40,367] {taskinstance.py:1358} INFO - 
--------------------------------------------------------------------------------
[2023-03-28 20:12:40,383] {taskinstance.py:1377} INFO - Executing <Task(PythonOperator): check_job_status> on 2023-03-28 20:12:23.267196+00:00
[2023-03-28 20:12:40,395] {standard_task_runner.py:52} INFO - Started process 623 to run task
[2023-03-28 20:12:40,403] {standard_task_runner.py:79} INFO - Running: ['***', 'tasks', 'run', 'rightmove_extraction_dag', 'check_job_status', 'manual__2023-03-28T20:12:23.267196+00:00', '--job-id', '14', '--raw', '--subdir', 'DAGS_FOLDER/rightmove_extraction_dag.py', '--cfg-path', '/tmp/tmpflth4ak9', '--error-file', '/tmp/tmpxjvj9lng']
[2023-03-28 20:12:40,412] {standard_task_runner.py:80} INFO - Job 14: Subtask check_job_status
[2023-03-28 20:12:40,586] {task_command.py:369} INFO - Running <TaskInstance: rightmove_extraction_dag.check_job_status manual__2023-03-28T20:12:23.267196+00:00 [running]> on host 7b33de18778c
[2023-03-28 20:12:40,693] {taskinstance.py:1569} INFO - Exporting the following env vars:
AIRFLOW_CTX_DAG_OWNER=alex
AIRFLOW_CTX_DAG_ID=rightmove_extraction_dag
AIRFLOW_CTX_TASK_ID=check_job_status
AIRFLOW_CTX_EXECUTION_DATE=2023-03-28T20:12:23.267196+00:00
AIRFLOW_CTX_TRY_NUMBER=1
AIRFLOW_CTX_DAG_RUN_ID=manual__2023-03-28T20:12:23.267196+00:00
[2023-03-28 20:12:40,722] {logging_mixin.py:115} INFO - {'jobid': 'e2934e20cda411edbd2c0242ac130002'}
[2023-03-28 20:12:40,727] {logging_mixin.py:115} INFO - Job has been received. Job ID: e2934e20cda411edbd2c0242ac130002
[2023-03-28 20:12:40,816] {logging_mixin.py:115} INFO - Current job is e2934e20cda411edbd2c0242ac130002
[2023-03-28 20:12:40,818] {logging_mixin.py:115} INFO - Job is pending
[2023-03-28 20:12:40,819] {logging_mixin.py:115} INFO - Another job is running, shutting down non target current job.
[2023-03-28 20:12:40,825] {logging_mixin.py:115} INFO - Shutting down job e271c6f6cda411edbd2c0242ac130002
[2023-03-28 20:12:40,841] {logging_mixin.py:115} INFO - e271c6f6cda411edbd2c0242ac130002 has been shut down
[2023-03-28 20:12:40,843] {logging_mixin.py:115} INFO - Current non target job has been shut down
[2023-03-28 20:12:40,845] {logging_mixin.py:115} INFO - Job is pending
[2023-03-28 20:12:40,853] {logging_mixin.py:115} INFO - HTTP request sent at 20:12:40
[2023-03-28 20:12:45,538] {local_task_job.py:220} WARNING - State of this instance has been externally set to failed. Terminating instance.
[2023-03-28 20:12:45,558] {process_utils.py:125} INFO - Sending Signals.SIGTERM to group 623. PIDs of all processes in the group: [623]
[2023-03-28 20:12:45,570] {process_utils.py:80} INFO - Sending the signal Signals.SIGTERM to group 623
[2023-03-28 20:12:45,573] {taskinstance.py:1541} ERROR - Received SIGTERM. Terminating subprocesses.
[2023-03-28 20:12:45,707] {process_utils.py:75} INFO - Process psutil.Process(pid=623, status='terminated', exitcode=0, started='20:12:40') (623) terminated with exit code 0
