[2023-03-27 19:46:25,170] {taskinstance.py:1159} INFO - Dependencies all met for <TaskInstance: rightmove_extraction_dag.schedule_job_task manual__2023-03-27T19:46:20.190783+00:00 [queued]>
[2023-03-27 19:46:25,176] {taskinstance.py:1159} INFO - Dependencies all met for <TaskInstance: rightmove_extraction_dag.schedule_job_task manual__2023-03-27T19:46:20.190783+00:00 [queued]>
[2023-03-27 19:46:25,177] {taskinstance.py:1356} INFO - 
--------------------------------------------------------------------------------
[2023-03-27 19:46:25,181] {taskinstance.py:1357} INFO - Starting attempt 1 of 6
[2023-03-27 19:46:25,182] {taskinstance.py:1358} INFO - 
--------------------------------------------------------------------------------
[2023-03-27 19:46:25,189] {taskinstance.py:1377} INFO - Executing <Task(PythonOperator): schedule_job_task> on 2023-03-27 19:46:20.190783+00:00
[2023-03-27 19:46:25,197] {standard_task_runner.py:52} INFO - Started process 1644 to run task
[2023-03-27 19:46:25,201] {standard_task_runner.py:79} INFO - Running: ['***', 'tasks', 'run', 'rightmove_extraction_dag', 'schedule_job_task', 'manual__2023-03-27T19:46:20.190783+00:00', '--job-id', '137', '--raw', '--subdir', 'DAGS_FOLDER/rightmove_extraction_dag.py', '--cfg-path', '/tmp/tmpl6jk4hlk', '--error-file', '/tmp/tmpcy3k9phu']
[2023-03-27 19:46:25,203] {standard_task_runner.py:80} INFO - Job 137: Subtask schedule_job_task
[2023-03-27 19:46:25,248] {task_command.py:369} INFO - Running <TaskInstance: rightmove_extraction_dag.schedule_job_task manual__2023-03-27T19:46:20.190783+00:00 [running]> on host 6c19e51924f7
[2023-03-27 19:46:25,300] {taskinstance.py:1569} INFO - Exporting the following env vars:
AIRFLOW_CTX_DAG_OWNER=alex
AIRFLOW_CTX_DAG_ID=rightmove_extraction_dag
AIRFLOW_CTX_TASK_ID=schedule_job_task
AIRFLOW_CTX_EXECUTION_DATE=2023-03-27T19:46:20.190783+00:00
AIRFLOW_CTX_TRY_NUMBER=1
AIRFLOW_CTX_DAG_RUN_ID=manual__2023-03-27T19:46:20.190783+00:00
[2023-03-27 19:46:25,366] {logging_mixin.py:115} INFO - This is the response: {'node_name': '889628ec664c', 'status': 'ok', 'jobid': '0ee542e4ccd811edaeab0242ac180004'}
[2023-03-27 19:46:25,367] {logging_mixin.py:115} INFO - Job scheduled successfully
[2023-03-27 19:46:25,368] {python.py:173} INFO - Done. Returned value was: {'jobid': '0ee542e4ccd811edaeab0242ac180004'}
[2023-03-27 19:46:25,388] {taskinstance.py:1395} INFO - Marking task as SUCCESS. dag_id=rightmove_extraction_dag, task_id=schedule_job_task, execution_date=20230327T194620, start_date=20230327T194625, end_date=20230327T194625
[2023-03-27 19:46:25,416] {local_task_job.py:156} INFO - Task exited with return code 0
[2023-03-27 19:46:25,444] {local_task_job.py:273} INFO - 1 downstream tasks scheduled from follow-on schedule check
