[2023-03-25 13:50:15,297] {taskinstance.py:1159} INFO - Dependencies all met for <TaskInstance: rightmove_extraction_dag.print_projects manual__2023-03-25T13:50:12.939562+00:00 [queued]>
[2023-03-25 13:50:15,319] {taskinstance.py:1159} INFO - Dependencies all met for <TaskInstance: rightmove_extraction_dag.print_projects manual__2023-03-25T13:50:12.939562+00:00 [queued]>
[2023-03-25 13:50:15,320] {taskinstance.py:1356} INFO - 
--------------------------------------------------------------------------------
[2023-03-25 13:50:15,322] {taskinstance.py:1357} INFO - Starting attempt 1 of 6
[2023-03-25 13:50:15,324] {taskinstance.py:1358} INFO - 
--------------------------------------------------------------------------------
[2023-03-25 13:50:15,337] {taskinstance.py:1377} INFO - Executing <Task(BashOperator): print_projects> on 2023-03-25 13:50:12.939562+00:00
[2023-03-25 13:50:15,346] {standard_task_runner.py:52} INFO - Started process 1592 to run task
[2023-03-25 13:50:15,350] {standard_task_runner.py:79} INFO - Running: ['***', 'tasks', 'run', 'rightmove_extraction_dag', 'print_projects', 'manual__2023-03-25T13:50:12.939562+00:00', '--job-id', '92', '--raw', '--subdir', 'DAGS_FOLDER/rightmove_extraction_dag.py', '--cfg-path', '/tmp/tmpwnjvellc', '--error-file', '/tmp/tmpwnh6wn_9']
[2023-03-25 13:50:15,366] {standard_task_runner.py:80} INFO - Job 92: Subtask print_projects
[2023-03-25 13:50:15,441] {task_command.py:369} INFO - Running <TaskInstance: rightmove_extraction_dag.print_projects manual__2023-03-25T13:50:12.939562+00:00 [running]> on host 6614738016e4
[2023-03-25 13:50:15,586] {taskinstance.py:1569} INFO - Exporting the following env vars:
AIRFLOW_CTX_DAG_OWNER=alex
AIRFLOW_CTX_DAG_ID=rightmove_extraction_dag
AIRFLOW_CTX_TASK_ID=print_projects
AIRFLOW_CTX_EXECUTION_DATE=2023-03-25T13:50:12.939562+00:00
AIRFLOW_CTX_TRY_NUMBER=1
AIRFLOW_CTX_DAG_RUN_ID=manual__2023-03-25T13:50:12.939562+00:00
[2023-03-25 13:50:15,599] {subprocess.py:62} INFO - Tmp dir root location: 
 /tmp
[2023-03-25 13:50:15,607] {subprocess.py:74} INFO - Running command: ['bash', '-c', 'curl http://scrapyd-app:6800/listprojects.json']
[2023-03-25 13:50:15,643] {subprocess.py:85} INFO - Output:
[2023-03-25 13:50:15,793] {subprocess.py:92} INFO -   % Total    % Received % Xferd  Average Speed   Time    Time     Time  Current
[2023-03-25 13:50:15,795] {subprocess.py:92} INFO -                                  Dload  Upload   Total   Spent    Left  Speed
[2023-03-25 13:50:15,998] {subprocess.py:92} INFO -   0     0    0     0    0     0      0      0 --:--:-- --:--:-- --:--:--     0100    86  100    86    0     0    421      0 --:--:-- --:--:-- --:--:--   421
[2023-03-25 13:50:16,005] {subprocess.py:92} INFO - {"node_name": "fac540815f2e", "status": "ok", "projects": ["real_estate_extraction"]}
[2023-03-25 13:50:16,039] {subprocess.py:96} INFO - Command exited with return code 0
[2023-03-25 13:50:16,074] {taskinstance.py:1395} INFO - Marking task as SUCCESS. dag_id=rightmove_extraction_dag, task_id=print_projects, execution_date=20230325T135012, start_date=20230325T135015, end_date=20230325T135016
[2023-03-25 13:50:16,114] {local_task_job.py:156} INFO - Task exited with return code 0
[2023-03-25 13:50:16,151] {local_task_job.py:273} INFO - 1 downstream tasks scheduled from follow-on schedule check
