[2023-03-28 18:43:46,440] {taskinstance.py:1159} INFO - Dependencies all met for <TaskInstance: rightmove_extraction_dag.check_job_status scheduled__2023-03-27T00:00:00+00:00 [queued]>
[2023-03-28 18:43:46,462] {taskinstance.py:1159} INFO - Dependencies all met for <TaskInstance: rightmove_extraction_dag.check_job_status scheduled__2023-03-27T00:00:00+00:00 [queued]>
[2023-03-28 18:43:46,466] {taskinstance.py:1356} INFO - 
--------------------------------------------------------------------------------
[2023-03-28 18:43:46,470] {taskinstance.py:1357} INFO - Starting attempt 1 of 6
[2023-03-28 18:43:46,475] {taskinstance.py:1358} INFO - 
--------------------------------------------------------------------------------
[2023-03-28 18:43:46,498] {taskinstance.py:1377} INFO - Executing <Task(PythonOperator): check_job_status> on 2023-03-27 00:00:00+00:00
[2023-03-28 18:43:46,508] {standard_task_runner.py:52} INFO - Started process 189 to run task
[2023-03-28 18:43:46,514] {standard_task_runner.py:79} INFO - Running: ['***', 'tasks', 'run', 'rightmove_extraction_dag', 'check_job_status', 'scheduled__2023-03-27T00:00:00+00:00', '--job-id', '144', '--raw', '--subdir', 'DAGS_FOLDER/rightmove_extraction_dag.py', '--cfg-path', '/tmp/tmpvgesfsmw', '--error-file', '/tmp/tmp69ejfuuh']
[2023-03-28 18:43:46,520] {standard_task_runner.py:80} INFO - Job 144: Subtask check_job_status
[2023-03-28 18:43:46,611] {task_command.py:369} INFO - Running <TaskInstance: rightmove_extraction_dag.check_job_status scheduled__2023-03-27T00:00:00+00:00 [running]> on host 6c19e51924f7
[2023-03-28 18:43:46,742] {taskinstance.py:1569} INFO - Exporting the following env vars:
AIRFLOW_CTX_DAG_OWNER=alex
AIRFLOW_CTX_DAG_ID=rightmove_extraction_dag
AIRFLOW_CTX_TASK_ID=check_job_status
AIRFLOW_CTX_EXECUTION_DATE=2023-03-27T00:00:00+00:00
AIRFLOW_CTX_TRY_NUMBER=1
AIRFLOW_CTX_DAG_RUN_ID=scheduled__2023-03-27T00:00:00+00:00
[2023-03-28 18:43:46,758] {logging_mixin.py:115} INFO - {'jobid': '785df3e0cd9811ed92ff0242ac180004'}
[2023-03-28 18:43:46,760] {logging_mixin.py:115} INFO - Job has been received. Job ID: 785df3e0cd9811ed92ff0242ac180004
[2023-03-28 18:43:46,849] {logging_mixin.py:115} INFO - Current job is 785df3e0cd9811ed92ff0242ac180004
[2023-03-28 18:43:46,852] {logging_mixin.py:115} INFO - Job is pending
[2023-03-28 18:43:46,854] {logging_mixin.py:115} INFO - Job is pending
[2023-03-28 18:43:46,855] {logging_mixin.py:115} INFO - HTTP request sent at 18:43:46
[2023-03-28 18:44:16,911] {logging_mixin.py:115} INFO - Current job is 785df3e0cd9811ed92ff0242ac180004
[2023-03-28 18:44:16,917] {logging_mixin.py:115} INFO - Job is finished
[2023-03-28 18:44:16,919] {logging_mixin.py:115} INFO - Job finished successfully
[2023-03-28 18:44:16,922] {python.py:173} INFO - Done. Returned value was: None
[2023-03-28 18:44:16,958] {taskinstance.py:1395} INFO - Marking task as SUCCESS. dag_id=rightmove_extraction_dag, task_id=check_job_status, execution_date=20230327T000000, start_date=20230328T184346, end_date=20230328T184416
[2023-03-28 18:44:16,996] {local_task_job.py:220} WARNING - State of this instance has been externally set to success. Terminating instance.
[2023-03-28 18:44:17,011] {process_utils.py:125} INFO - Sending Signals.SIGTERM to group 189. PIDs of all processes in the group: [189]
[2023-03-28 18:44:17,012] {process_utils.py:80} INFO - Sending the signal Signals.SIGTERM to group 189
[2023-03-28 18:44:17,014] {process_utils.py:75} INFO - Process psutil.Process(pid=189, status='terminated', exitcode=0, started='18:43:46') (189) terminated with exit code 0
[2023-03-28 20:12:40,353] {taskinstance.py:1159} INFO - Dependencies all met for <TaskInstance: rightmove_extraction_dag.check_job_status scheduled__2023-03-27T00:00:00+00:00 [queued]>
[2023-03-28 20:12:40,373] {taskinstance.py:1159} INFO - Dependencies all met for <TaskInstance: rightmove_extraction_dag.check_job_status scheduled__2023-03-27T00:00:00+00:00 [queued]>
[2023-03-28 20:12:40,376] {taskinstance.py:1356} INFO - 
--------------------------------------------------------------------------------
[2023-03-28 20:12:40,379] {taskinstance.py:1357} INFO - Starting attempt 1 of 6
[2023-03-28 20:12:40,388] {taskinstance.py:1358} INFO - 
--------------------------------------------------------------------------------
[2023-03-28 20:12:40,420] {taskinstance.py:1377} INFO - Executing <Task(PythonOperator): check_job_status> on 2023-03-27 00:00:00+00:00
[2023-03-28 20:12:40,432] {standard_task_runner.py:52} INFO - Started process 625 to run task
[2023-03-28 20:12:40,445] {standard_task_runner.py:79} INFO - Running: ['***', 'tasks', 'run', 'rightmove_extraction_dag', 'check_job_status', 'scheduled__2023-03-27T00:00:00+00:00', '--job-id', '16', '--raw', '--subdir', 'DAGS_FOLDER/rightmove_extraction_dag.py', '--cfg-path', '/tmp/tmp2wdn5_xh', '--error-file', '/tmp/tmpnlh78jlf']
[2023-03-28 20:12:40,462] {standard_task_runner.py:80} INFO - Job 16: Subtask check_job_status
[2023-03-28 20:12:40,606] {task_command.py:369} INFO - Running <TaskInstance: rightmove_extraction_dag.check_job_status scheduled__2023-03-27T00:00:00+00:00 [running]> on host 7b33de18778c
[2023-03-28 20:12:40,707] {taskinstance.py:1569} INFO - Exporting the following env vars:
AIRFLOW_CTX_DAG_OWNER=alex
AIRFLOW_CTX_DAG_ID=rightmove_extraction_dag
AIRFLOW_CTX_TASK_ID=check_job_status
AIRFLOW_CTX_EXECUTION_DATE=2023-03-27T00:00:00+00:00
AIRFLOW_CTX_TRY_NUMBER=1
AIRFLOW_CTX_DAG_RUN_ID=scheduled__2023-03-27T00:00:00+00:00
[2023-03-28 20:12:40,739] {logging_mixin.py:115} INFO - {'jobid': 'e2a03824cda411edbd2c0242ac130002'}
[2023-03-28 20:12:40,742] {logging_mixin.py:115} INFO - Job has been received. Job ID: e2a03824cda411edbd2c0242ac130002
[2023-03-28 20:12:40,816] {logging_mixin.py:115} INFO - Current job is e2a03824cda411edbd2c0242ac130002
[2023-03-28 20:12:40,818] {logging_mixin.py:115} INFO - Job is pending
[2023-03-28 20:12:40,819] {logging_mixin.py:115} INFO - Another job is running, shutting down non target current job.
[2023-03-28 20:12:40,825] {logging_mixin.py:115} INFO - Shutting down job e271c6f6cda411edbd2c0242ac130002
[2023-03-28 20:12:40,857] {logging_mixin.py:115} INFO - e271c6f6cda411edbd2c0242ac130002 has been shut down
[2023-03-28 20:12:40,858] {logging_mixin.py:115} INFO - Current non target job has been shut down
[2023-03-28 20:12:40,861] {logging_mixin.py:115} INFO - Job is pending
[2023-03-28 20:12:40,862] {logging_mixin.py:115} INFO - HTTP request sent at 20:12:40
[2023-03-28 20:12:45,563] {local_task_job.py:220} WARNING - State of this instance has been externally set to failed. Terminating instance.
[2023-03-28 20:12:45,573] {process_utils.py:125} INFO - Sending Signals.SIGTERM to group 625. PIDs of all processes in the group: [625]
[2023-03-28 20:12:45,576] {process_utils.py:80} INFO - Sending the signal Signals.SIGTERM to group 625
[2023-03-28 20:12:45,580] {taskinstance.py:1541} ERROR - Received SIGTERM. Terminating subprocesses.
[2023-03-28 20:12:45,716] {process_utils.py:75} INFO - Process psutil.Process(pid=625, status='terminated', exitcode=0, started='20:12:40') (625) terminated with exit code 0
