[2023-03-27 16:42:27,012] {taskinstance.py:1159} INFO - Dependencies all met for <TaskInstance: rightmove_extraction_dag.schedule_job_task manual__2023-03-27T16:42:24.074156+00:00 [queued]>
[2023-03-27 16:42:27,018] {taskinstance.py:1159} INFO - Dependencies all met for <TaskInstance: rightmove_extraction_dag.schedule_job_task manual__2023-03-27T16:42:24.074156+00:00 [queued]>
[2023-03-27 16:42:27,020] {taskinstance.py:1356} INFO - 
--------------------------------------------------------------------------------
[2023-03-27 16:42:27,020] {taskinstance.py:1357} INFO - Starting attempt 1 of 6
[2023-03-27 16:42:27,021] {taskinstance.py:1358} INFO - 
--------------------------------------------------------------------------------
[2023-03-27 16:42:27,027] {taskinstance.py:1377} INFO - Executing <Task(PythonOperator): schedule_job_task> on 2023-03-27 16:42:24.074156+00:00
[2023-03-27 16:42:27,032] {standard_task_runner.py:52} INFO - Started process 2053 to run task
[2023-03-27 16:42:27,035] {standard_task_runner.py:79} INFO - Running: ['***', 'tasks', 'run', 'rightmove_extraction_dag', 'schedule_job_task', 'manual__2023-03-27T16:42:24.074156+00:00', '--job-id', '120', '--raw', '--subdir', 'DAGS_FOLDER/rightmove_extraction_dag.py', '--cfg-path', '/tmp/tmp5y2g6xs2', '--error-file', '/tmp/tmpxc9oa3q7']
[2023-03-27 16:42:27,037] {standard_task_runner.py:80} INFO - Job 120: Subtask schedule_job_task
[2023-03-27 16:42:27,088] {task_command.py:369} INFO - Running <TaskInstance: rightmove_extraction_dag.schedule_job_task manual__2023-03-27T16:42:24.074156+00:00 [running]> on host 6614738016e4
[2023-03-27 16:42:27,131] {taskinstance.py:1569} INFO - Exporting the following env vars:
AIRFLOW_CTX_DAG_OWNER=alex
AIRFLOW_CTX_DAG_ID=rightmove_extraction_dag
AIRFLOW_CTX_TASK_ID=schedule_job_task
AIRFLOW_CTX_EXECUTION_DATE=2023-03-27T16:42:24.074156+00:00
AIRFLOW_CTX_TRY_NUMBER=1
AIRFLOW_CTX_DAG_RUN_ID=manual__2023-03-27T16:42:24.074156+00:00
[2023-03-27 16:42:27,162] {logging_mixin.py:115} INFO - This is the response: {'node_name': '889628ec664c', 'status': 'ok', 'jobid': '5b9f8c30ccbe11eda6b40242ac180002'}
[2023-03-27 16:42:27,163] {logging_mixin.py:115} INFO - Job scheduled successfully
[2023-03-27 16:42:27,164] {taskinstance.py:1889} ERROR - Task failed with exception
Traceback (most recent call last):
  File "/home/airflow/.local/lib/python3.9/site-packages/airflow/operators/python.py", line 171, in execute
    return_value = self.execute_callable()
  File "/home/airflow/.local/lib/python3.9/site-packages/airflow/operators/python.py", line 189, in execute_callable
    return self.python_callable(*self.op_args, **self.op_kwargs)
  File "/opt/airflow/dags/rightmove_extraction_dag.py", line 169, in schedule_job
    result = {'jobid': response_json['job_id']}
KeyError: 'job_id'
[2023-03-27 16:42:27,175] {taskinstance.py:1395} INFO - Marking task as UP_FOR_RETRY. dag_id=rightmove_extraction_dag, task_id=schedule_job_task, execution_date=20230327T164224, start_date=20230327T164227, end_date=20230327T164227
[2023-03-27 16:42:27,183] {standard_task_runner.py:92} ERROR - Failed to execute job 120 for task schedule_job_task ('job_id'; 2053)
[2023-03-27 16:42:27,207] {local_task_job.py:156} INFO - Task exited with return code 1
[2023-03-27 16:42:27,232] {local_task_job.py:273} INFO - 0 downstream tasks scheduled from follow-on schedule check
