[2023-03-28 20:12:26,738] {taskinstance.py:1159} INFO - Dependencies all met for <TaskInstance: rightmove_extraction_dag.print_projects manual__2023-03-28T20:12:23.267196+00:00 [queued]>
[2023-03-28 20:12:26,821] {taskinstance.py:1159} INFO - Dependencies all met for <TaskInstance: rightmove_extraction_dag.print_projects manual__2023-03-28T20:12:23.267196+00:00 [queued]>
[2023-03-28 20:12:26,834] {taskinstance.py:1356} INFO - 
--------------------------------------------------------------------------------
[2023-03-28 20:12:26,839] {taskinstance.py:1357} INFO - Starting attempt 1 of 6
[2023-03-28 20:12:26,841] {taskinstance.py:1358} INFO - 
--------------------------------------------------------------------------------
[2023-03-28 20:12:26,874] {taskinstance.py:1377} INFO - Executing <Task(BashOperator): print_projects> on 2023-03-28 20:12:23.267196+00:00
[2023-03-28 20:12:26,883] {standard_task_runner.py:52} INFO - Started process 582 to run task
[2023-03-28 20:12:26,929] {standard_task_runner.py:79} INFO - Running: ['***', 'tasks', 'run', 'rightmove_extraction_dag', 'print_projects', 'manual__2023-03-28T20:12:23.267196+00:00', '--job-id', '4', '--raw', '--subdir', 'DAGS_FOLDER/rightmove_extraction_dag.py', '--cfg-path', '/tmp/tmph0w5_t9_', '--error-file', '/tmp/tmpuanudznm']
[2023-03-28 20:12:26,933] {standard_task_runner.py:80} INFO - Job 4: Subtask print_projects
[2023-03-28 20:12:27,540] {task_command.py:369} INFO - Running <TaskInstance: rightmove_extraction_dag.print_projects manual__2023-03-28T20:12:23.267196+00:00 [running]> on host 7b33de18778c
[2023-03-28 20:12:27,880] {taskinstance.py:1569} INFO - Exporting the following env vars:
AIRFLOW_CTX_DAG_OWNER=alex
AIRFLOW_CTX_DAG_ID=rightmove_extraction_dag
AIRFLOW_CTX_TASK_ID=print_projects
AIRFLOW_CTX_EXECUTION_DATE=2023-03-28T20:12:23.267196+00:00
AIRFLOW_CTX_TRY_NUMBER=1
AIRFLOW_CTX_DAG_RUN_ID=manual__2023-03-28T20:12:23.267196+00:00
[2023-03-28 20:12:27,892] {subprocess.py:62} INFO - Tmp dir root location: 
 /tmp
[2023-03-28 20:12:27,898] {subprocess.py:74} INFO - Running command: ['bash', '-c', 'curl http://scrapyd-app:6800/listprojects.json']
[2023-03-28 20:12:27,937] {subprocess.py:85} INFO - Output:
[2023-03-28 20:12:28,106] {subprocess.py:92} INFO -   % Total    % Received % Xferd  Average Speed   Time    Time     Time  Current
[2023-03-28 20:12:28,108] {subprocess.py:92} INFO -                                  Dload  Upload   Total   Spent    Left  Speed
[2023-03-28 20:12:28,391] {subprocess.py:92} INFO -   0     0    0     0    0     0      0      0 --:--:-- --:--:-- --:--:--     0100    86  100    86    0     0    304      0 --:--:-- --:--:-- --:--:--   304
[2023-03-28 20:12:28,396] {subprocess.py:92} INFO - {"node_name": "6fff5f1b0adf", "status": "ok", "projects": ["real_estate_extraction"]}
[2023-03-28 20:12:28,402] {subprocess.py:96} INFO - Command exited with return code 0
[2023-03-28 20:12:28,640] {taskinstance.py:1395} INFO - Marking task as SUCCESS. dag_id=rightmove_extraction_dag, task_id=print_projects, execution_date=20230328T201223, start_date=20230328T201226, end_date=20230328T201228
[2023-03-28 20:12:29,034] {local_task_job.py:156} INFO - Task exited with return code 0
[2023-03-28 20:12:30,039] {local_task_job.py:273} INFO - 0 downstream tasks scheduled from follow-on schedule check
