[2023-03-28 18:43:42,119] {taskinstance.py:1159} INFO - Dependencies all met for <TaskInstance: rightmove_extraction_dag.print_projects scheduled__2023-03-27T00:00:00+00:00 [queued]>
[2023-03-28 18:43:42,126] {taskinstance.py:1159} INFO - Dependencies all met for <TaskInstance: rightmove_extraction_dag.print_projects scheduled__2023-03-27T00:00:00+00:00 [queued]>
[2023-03-28 18:43:42,127] {taskinstance.py:1356} INFO - 
--------------------------------------------------------------------------------
[2023-03-28 18:43:42,128] {taskinstance.py:1357} INFO - Starting attempt 1 of 6
[2023-03-28 18:43:42,128] {taskinstance.py:1358} INFO - 
--------------------------------------------------------------------------------
[2023-03-28 18:43:42,136] {taskinstance.py:1377} INFO - Executing <Task(BashOperator): print_projects> on 2023-03-27 00:00:00+00:00
[2023-03-28 18:43:42,141] {standard_task_runner.py:52} INFO - Started process 179 to run task
[2023-03-28 18:43:42,145] {standard_task_runner.py:79} INFO - Running: ['***', 'tasks', 'run', 'rightmove_extraction_dag', 'print_projects', 'scheduled__2023-03-27T00:00:00+00:00', '--job-id', '141', '--raw', '--subdir', 'DAGS_FOLDER/rightmove_extraction_dag.py', '--cfg-path', '/tmp/tmp4w6eje50', '--error-file', '/tmp/tmpnv2h1js4']
[2023-03-28 18:43:42,147] {standard_task_runner.py:80} INFO - Job 141: Subtask print_projects
[2023-03-28 18:43:42,194] {task_command.py:369} INFO - Running <TaskInstance: rightmove_extraction_dag.print_projects scheduled__2023-03-27T00:00:00+00:00 [running]> on host 6c19e51924f7
[2023-03-28 18:43:42,255] {taskinstance.py:1569} INFO - Exporting the following env vars:
AIRFLOW_CTX_DAG_OWNER=alex
AIRFLOW_CTX_DAG_ID=rightmove_extraction_dag
AIRFLOW_CTX_TASK_ID=print_projects
AIRFLOW_CTX_EXECUTION_DATE=2023-03-27T00:00:00+00:00
AIRFLOW_CTX_TRY_NUMBER=1
AIRFLOW_CTX_DAG_RUN_ID=scheduled__2023-03-27T00:00:00+00:00
[2023-03-28 18:43:42,257] {subprocess.py:62} INFO - Tmp dir root location: 
 /tmp
[2023-03-28 18:43:42,259] {subprocess.py:74} INFO - Running command: ['bash', '-c', 'curl http://scrapyd-app:6800/listprojects.json']
[2023-03-28 18:43:42,268] {subprocess.py:85} INFO - Output:
[2023-03-28 18:43:42,327] {subprocess.py:92} INFO -   % Total    % Received % Xferd  Average Speed   Time    Time     Time  Current
[2023-03-28 18:43:42,329] {subprocess.py:92} INFO -                                  Dload  Upload   Total   Spent    Left  Speed
[2023-03-28 18:43:42,352] {subprocess.py:92} INFO -   0     0    0     0    0     0      0      0 --:--:-- --:--:-- --:--:--     0100    86  100    86    0     0   3440      0 --:--:-- --:--:-- --:--:--  3583
[2023-03-28 18:43:42,354] {subprocess.py:92} INFO - {"node_name": "129f9afc4957", "status": "ok", "projects": ["real_estate_extraction"]}
[2023-03-28 18:43:42,357] {subprocess.py:96} INFO - Command exited with return code 0
[2023-03-28 18:43:42,395] {taskinstance.py:1395} INFO - Marking task as SUCCESS. dag_id=rightmove_extraction_dag, task_id=print_projects, execution_date=20230327T000000, start_date=20230328T184342, end_date=20230328T184342
[2023-03-28 18:43:42,439] {local_task_job.py:156} INFO - Task exited with return code 0
[2023-03-28 18:43:42,478] {local_task_job.py:273} INFO - 1 downstream tasks scheduled from follow-on schedule check
