[2023-02-10 13:06:54,517] {taskinstance.py:1159} INFO - Dependencies all met for <TaskInstance: rightmove_extraction_dag.get_token manual__2023-02-10T13:00:44.959479+00:00 [queued]>
[2023-02-10 13:06:54,532] {taskinstance.py:1159} INFO - Dependencies all met for <TaskInstance: rightmove_extraction_dag.get_token manual__2023-02-10T13:00:44.959479+00:00 [queued]>
[2023-02-10 13:06:54,535] {taskinstance.py:1356} INFO - 
--------------------------------------------------------------------------------
[2023-02-10 13:06:54,537] {taskinstance.py:1357} INFO - Starting attempt 4 of 6
[2023-02-10 13:06:54,538] {taskinstance.py:1358} INFO - 
--------------------------------------------------------------------------------
[2023-02-10 13:06:54,552] {taskinstance.py:1377} INFO - Executing <Task(BashOperator): get_token> on 2023-02-10 13:00:44.959479+00:00
[2023-02-10 13:06:54,559] {standard_task_runner.py:52} INFO - Started process 381 to run task
[2023-02-10 13:06:54,563] {standard_task_runner.py:79} INFO - Running: ['***', 'tasks', 'run', 'rightmove_extraction_dag', 'get_token', 'manual__2023-02-10T13:00:44.959479+00:00', '--job-id', '9', '--raw', '--subdir', 'DAGS_FOLDER/rightmove_extraction_dag.py', '--cfg-path', '/tmp/tmp4jixuev2', '--error-file', '/tmp/tmp9f7hi0fq']
[2023-02-10 13:06:54,567] {standard_task_runner.py:80} INFO - Job 9: Subtask get_token
[2023-02-10 13:06:54,653] {task_command.py:369} INFO - Running <TaskInstance: rightmove_extraction_dag.get_token manual__2023-02-10T13:00:44.959479+00:00 [running]> on host a299c389a304
[2023-02-10 13:06:54,734] {taskinstance.py:1571} INFO - Exporting the following env vars:
AIRFLOW_CTX_DAG_OWNER=alex
AIRFLOW_CTX_DAG_ID=rightmove_extraction_dag
AIRFLOW_CTX_TASK_ID=get_token
AIRFLOW_CTX_EXECUTION_DATE=2023-02-10T13:00:44.959479+00:00
AIRFLOW_CTX_TRY_NUMBER=4
AIRFLOW_CTX_DAG_RUN_ID=manual__2023-02-10T13:00:44.959479+00:00
[2023-02-10 13:06:54,737] {subprocess.py:62} INFO - Tmp dir root location: 
 /tmp
[2023-02-10 13:06:54,742] {subprocess.py:74} INFO - Running command: ['bash', '-c', 'cd /app && ./script.sh ']
[2023-02-10 13:06:54,756] {subprocess.py:85} INFO - Output:
[2023-02-10 13:06:54,789] {subprocess.py:92} INFO - bash: line 1: ./script.sh: No such file or directory
[2023-02-10 13:06:54,803] {subprocess.py:96} INFO - Command exited with return code 127
[2023-02-10 13:06:54,822] {taskinstance.py:1889} ERROR - Task failed with exception
Traceback (most recent call last):
  File "/home/airflow/.local/lib/python3.7/site-packages/airflow/operators/bash.py", line 195, in execute
    f'Bash command failed. The command returned a non-zero exit code {result.exit_code}.'
airflow.exceptions.AirflowException: Bash command failed. The command returned a non-zero exit code 127.
[2023-02-10 13:06:54,846] {taskinstance.py:1400} INFO - Marking task as UP_FOR_RETRY. dag_id=rightmove_extraction_dag, task_id=get_token, execution_date=20230210T130044, start_date=20230210T130654, end_date=20230210T130654
[2023-02-10 13:06:54,861] {standard_task_runner.py:97} ERROR - Failed to execute job 9 for task get_token (Bash command failed. The command returned a non-zero exit code 127.; 381)
[2023-02-10 13:06:54,901] {local_task_job.py:156} INFO - Task exited with return code 1
[2023-02-10 13:06:54,944] {local_task_job.py:273} INFO - 0 downstream tasks scheduled from follow-on schedule check
