[2023-03-25 13:31:56,446] {taskinstance.py:1159} INFO - Dependencies all met for <TaskInstance: rightmove_extraction_dag.print_projects scheduled__2023-02-21T00:00:00+00:00 [queued]>
[2023-03-25 13:31:56,485] {taskinstance.py:1159} INFO - Dependencies all met for <TaskInstance: rightmove_extraction_dag.print_projects scheduled__2023-02-21T00:00:00+00:00 [queued]>
[2023-03-25 13:31:56,491] {taskinstance.py:1356} INFO - 
--------------------------------------------------------------------------------
[2023-03-25 13:31:56,497] {taskinstance.py:1357} INFO - Starting attempt 5 of 6
[2023-03-25 13:31:56,505] {taskinstance.py:1358} INFO - 
--------------------------------------------------------------------------------
[2023-03-25 13:31:56,558] {taskinstance.py:1377} INFO - Executing <Task(BashOperator): print_projects> on 2023-02-21 00:00:00+00:00
[2023-03-25 13:31:56,628] {standard_task_runner.py:52} INFO - Started process 899 to run task
[2023-03-25 13:31:56,651] {standard_task_runner.py:79} INFO - Running: ['***', 'tasks', 'run', 'rightmove_extraction_dag', 'print_projects', 'scheduled__2023-02-21T00:00:00+00:00', '--job-id', '66', '--raw', '--subdir', 'DAGS_FOLDER/rightmove_extraction_dag.py', '--cfg-path', '/tmp/tmpmjkc4_ku', '--error-file', '/tmp/tmpa93o16o3']
[2023-03-25 13:31:56,661] {standard_task_runner.py:80} INFO - Job 66: Subtask print_projects
[2023-03-25 13:31:57,689] {task_command.py:369} INFO - Running <TaskInstance: rightmove_extraction_dag.print_projects scheduled__2023-02-21T00:00:00+00:00 [running]> on host 6614738016e4
[2023-03-25 13:31:58,127] {taskinstance.py:1569} INFO - Exporting the following env vars:
AIRFLOW_CTX_DAG_OWNER=alex
AIRFLOW_CTX_DAG_ID=rightmove_extraction_dag
AIRFLOW_CTX_TASK_ID=print_projects
AIRFLOW_CTX_EXECUTION_DATE=2023-02-21T00:00:00+00:00
AIRFLOW_CTX_TRY_NUMBER=5
AIRFLOW_CTX_DAG_RUN_ID=scheduled__2023-02-21T00:00:00+00:00
[2023-03-25 13:31:58,149] {subprocess.py:62} INFO - Tmp dir root location: 
 /tmp
[2023-03-25 13:31:58,178] {subprocess.py:74} INFO - Running command: ['bash', '-c', 'curl http://localhost:6800/listprojects.json']
[2023-03-25 13:31:58,345] {subprocess.py:85} INFO - Output:
[2023-03-25 13:31:58,384] {subprocess.py:92} INFO -   % Total    % Received % Xferd  Average Speed   Time    Time     Time  Current
[2023-03-25 13:31:58,401] {subprocess.py:92} INFO -                                  Dload  Upload   Total   Spent    Left  Speed
[2023-03-25 13:31:58,432] {subprocess.py:92} INFO -   0     0    0     0    0     0      0      0 --:--:-- --:--:-- --:--:--     0  0     0    0     0    0     0      0      0 --:--:-- --:--:-- --:--:--     0
[2023-03-25 13:31:58,440] {subprocess.py:92} INFO - curl: (7) Failed to connect to localhost port 6800: Connection refused
[2023-03-25 13:31:58,449] {subprocess.py:96} INFO - Command exited with return code 7
[2023-03-25 13:31:58,560] {taskinstance.py:1889} ERROR - Task failed with exception
Traceback (most recent call last):
  File "/home/airflow/.local/lib/python3.9/site-packages/airflow/operators/bash.py", line 194, in execute
    raise AirflowException(
airflow.exceptions.AirflowException: Bash command failed. The command returned a non-zero exit code 7.
[2023-03-25 13:31:58,688] {taskinstance.py:1395} INFO - Marking task as UP_FOR_RETRY. dag_id=rightmove_extraction_dag, task_id=print_projects, execution_date=20230221T000000, start_date=20230325T133156, end_date=20230325T133158
[2023-03-25 13:31:58,852] {standard_task_runner.py:92} ERROR - Failed to execute job 66 for task print_projects (Bash command failed. The command returned a non-zero exit code 7.; 899)
[2023-03-25 13:31:58,898] {local_task_job.py:156} INFO - Task exited with return code 1
[2023-03-25 13:31:59,062] {local_task_job.py:273} INFO - 0 downstream tasks scheduled from follow-on schedule check
