[2023-03-28 18:44:18,338] {taskinstance.py:1159} INFO - Dependencies all met for <TaskInstance: rightmove_extraction_dag.trigger_transformation scheduled__2023-03-27T00:00:00+00:00 [queued]>
[2023-03-28 18:44:18,344] {taskinstance.py:1159} INFO - Dependencies all met for <TaskInstance: rightmove_extraction_dag.trigger_transformation scheduled__2023-03-27T00:00:00+00:00 [queued]>
[2023-03-28 18:44:18,345] {taskinstance.py:1356} INFO - 
--------------------------------------------------------------------------------
[2023-03-28 18:44:18,346] {taskinstance.py:1357} INFO - Starting attempt 1 of 6
[2023-03-28 18:44:18,347] {taskinstance.py:1358} INFO - 
--------------------------------------------------------------------------------
[2023-03-28 18:44:18,354] {taskinstance.py:1377} INFO - Executing <Task(BashOperator): trigger_transformation> on 2023-03-27 00:00:00+00:00
[2023-03-28 18:44:18,361] {standard_task_runner.py:52} INFO - Started process 196 to run task
[2023-03-28 18:44:18,364] {standard_task_runner.py:79} INFO - Running: ['***', 'tasks', 'run', 'rightmove_extraction_dag', 'trigger_transformation', 'scheduled__2023-03-27T00:00:00+00:00', '--job-id', '145', '--raw', '--subdir', 'DAGS_FOLDER/rightmove_extraction_dag.py', '--cfg-path', '/tmp/tmp4sqi6og7', '--error-file', '/tmp/tmpgqfk8cnl']
[2023-03-28 18:44:18,367] {standard_task_runner.py:80} INFO - Job 145: Subtask trigger_transformation
[2023-03-28 18:44:18,418] {task_command.py:369} INFO - Running <TaskInstance: rightmove_extraction_dag.trigger_transformation scheduled__2023-03-27T00:00:00+00:00 [running]> on host 6c19e51924f7
[2023-03-28 18:44:18,480] {taskinstance.py:1569} INFO - Exporting the following env vars:
AIRFLOW_CTX_DAG_OWNER=alex
AIRFLOW_CTX_DAG_ID=rightmove_extraction_dag
AIRFLOW_CTX_TASK_ID=trigger_transformation
AIRFLOW_CTX_EXECUTION_DATE=2023-03-27T00:00:00+00:00
AIRFLOW_CTX_TRY_NUMBER=1
AIRFLOW_CTX_DAG_RUN_ID=scheduled__2023-03-27T00:00:00+00:00
[2023-03-28 18:44:18,483] {subprocess.py:62} INFO - Tmp dir root location: 
 /tmp
[2023-03-28 18:44:18,485] {subprocess.py:74} INFO - Running command: ['bash', '-c', 'cd /app/transformation && python processor.py']
[2023-03-28 18:44:18,505] {subprocess.py:85} INFO - Output:
[2023-03-28 18:46:15,502] {subprocess.py:92} INFO - Processing 214 files
[2023-03-28 18:46:15,521] {subprocess.py:92} INFO - Successfully transformed 5 properties and successfully uploaded
[2023-03-28 18:46:15,522] {subprocess.py:92} INFO - Successfully transformed 104 properties and successfully uploaded
[2023-03-28 18:46:15,527] {subprocess.py:92} INFO - Successfully transformed 20 properties and successfully uploaded
[2023-03-28 18:46:15,528] {subprocess.py:92} INFO - Successfully transformed 97 properties and successfully uploaded
[2023-03-28 18:46:15,529] {subprocess.py:92} INFO - Successfully transformed 120 properties and successfully uploaded
[2023-03-28 18:46:15,530] {subprocess.py:92} INFO - Successfully transformed 60 properties and successfully uploaded
[2023-03-28 18:46:15,531] {subprocess.py:92} INFO - Successfully transformed 73 properties and successfully uploaded
[2023-03-28 18:46:15,532] {subprocess.py:92} INFO - Successfully transformed 121 properties and successfully uploaded
[2023-03-28 18:46:15,533] {subprocess.py:92} INFO - Successfully transformed 74 properties and successfully uploaded
[2023-03-28 18:46:15,534] {subprocess.py:92} INFO - Successfully transformed 46 properties and successfully uploaded
[2023-03-28 18:46:15,535] {subprocess.py:92} INFO - Successfully transformed 80 properties and successfully uploaded
[2023-03-28 18:46:15,538] {subprocess.py:92} INFO - Successfully transformed 62 properties and successfully uploaded
[2023-03-28 18:46:15,539] {subprocess.py:92} INFO - Successfully transformed 128 properties and successfully uploaded
[2023-03-28 18:46:15,540] {subprocess.py:92} INFO - Successfully transformed 50 properties and successfully uploaded
[2023-03-28 18:46:15,540] {subprocess.py:92} INFO - Successfully transformed 93 properties and successfully uploaded
[2023-03-28 18:46:15,541] {subprocess.py:92} INFO - Successfully transformed 5 properties and successfully uploaded
[2023-03-28 18:46:15,542] {subprocess.py:92} INFO - Successfully transformed 83 properties and successfully uploaded
[2023-03-28 18:46:15,543] {subprocess.py:92} INFO - Successfully transformed 130 properties and successfully uploaded
[2023-03-28 18:46:15,544] {subprocess.py:92} INFO - Successfully transformed 69 properties and successfully uploaded
[2023-03-28 18:46:15,544] {subprocess.py:92} INFO - Successfully transformed 53 properties and successfully uploaded
[2023-03-28 18:46:15,545] {subprocess.py:92} INFO - Successfully transformed 5 properties and successfully uploaded
[2023-03-28 18:46:15,546] {subprocess.py:92} INFO - Successfully transformed 72 properties and successfully uploaded
[2023-03-28 18:46:15,547] {subprocess.py:92} INFO - Successfully transformed 5 properties and successfully uploaded
[2023-03-28 18:46:15,548] {subprocess.py:92} INFO - Successfully transformed 117 properties and successfully uploaded
[2023-03-28 18:46:15,548] {subprocess.py:92} INFO - Successfully transformed 39 properties and successfully uploaded
[2023-03-28 18:46:15,549] {subprocess.py:92} INFO - Successfully transformed 70 properties and successfully uploaded
[2023-03-28 18:46:15,550] {subprocess.py:92} INFO - Successfully transformed 85 properties and successfully uploaded
[2023-03-28 18:46:15,550] {subprocess.py:92} INFO - Successfully transformed 10 properties and successfully uploaded
[2023-03-28 18:46:15,551] {subprocess.py:92} INFO - Successfully transformed 96 properties and successfully uploaded
[2023-03-28 18:46:15,552] {subprocess.py:92} INFO - Successfully transformed 91 properties and successfully uploaded
[2023-03-28 18:46:15,552] {subprocess.py:92} INFO - Successfully transformed 105 properties and successfully uploaded
[2023-03-28 18:46:15,553] {subprocess.py:92} INFO - Successfully transformed 67 properties and successfully uploaded
[2023-03-28 18:46:15,554] {subprocess.py:92} INFO - Successfully transformed 77 properties and successfully uploaded
[2023-03-28 18:46:15,555] {subprocess.py:92} INFO - Successfully transformed 17 properties and successfully uploaded
[2023-03-28 18:46:15,556] {subprocess.py:92} INFO - Successfully transformed 34 properties and successfully uploaded
[2023-03-28 18:46:15,556] {subprocess.py:92} INFO - Successfully transformed 30 properties and successfully uploaded
[2023-03-28 18:46:15,557] {subprocess.py:92} INFO - Successfully transformed 21 properties and successfully uploaded
[2023-03-28 18:46:15,558] {subprocess.py:92} INFO - Successfully transformed 66 properties and successfully uploaded
[2023-03-28 18:46:15,558] {subprocess.py:92} INFO - Successfully transformed 61 properties and successfully uploaded
[2023-03-28 18:46:15,559] {subprocess.py:92} INFO - Successfully transformed 87 properties and successfully uploaded
[2023-03-28 18:46:15,560] {subprocess.py:92} INFO - Successfully transformed 64 properties and successfully uploaded
[2023-03-28 18:46:15,561] {subprocess.py:92} INFO - Successfully transformed 98 properties and successfully uploaded
[2023-03-28 18:46:15,561] {subprocess.py:92} INFO - Successfully transformed 56 properties and successfully uploaded
[2023-03-28 18:46:15,562] {subprocess.py:92} INFO - Successfully transformed 112 properties and successfully uploaded
[2023-03-28 18:46:15,563] {subprocess.py:92} INFO - Successfully transformed 50 properties and successfully uploaded
[2023-03-28 18:46:15,563] {subprocess.py:92} INFO - Successfully transformed 14 properties and successfully uploaded
[2023-03-28 18:46:15,564] {subprocess.py:92} INFO - Successfully transformed 51 properties and successfully uploaded
[2023-03-28 18:46:15,565] {subprocess.py:92} INFO - Successfully transformed 107 properties and successfully uploaded
[2023-03-28 18:46:15,565] {subprocess.py:92} INFO - Successfully transformed 92 properties and successfully uploaded
[2023-03-28 18:46:15,568] {subprocess.py:92} INFO - Successfully transformed 66 properties and successfully uploaded
[2023-03-28 18:46:15,581] {subprocess.py:92} INFO - Successfully transformed 89 properties and successfully uploaded
[2023-03-28 18:46:15,584] {subprocess.py:92} INFO - Successfully transformed 40 properties and successfully uploaded
[2023-03-28 18:46:15,585] {subprocess.py:92} INFO - Successfully transformed 5 properties and successfully uploaded
[2023-03-28 18:46:15,586] {subprocess.py:92} INFO - Successfully transformed 36 properties and successfully uploaded
[2023-03-28 18:46:15,587] {subprocess.py:92} INFO - Successfully transformed 9 properties and successfully uploaded
[2023-03-28 18:46:15,588] {subprocess.py:92} INFO - Successfully transformed 87 properties and successfully uploaded
[2023-03-28 18:46:15,588] {subprocess.py:92} INFO - Successfully transformed 5 properties and successfully uploaded
[2023-03-28 18:46:15,589] {subprocess.py:92} INFO - Successfully transformed 84 properties and successfully uploaded
[2023-03-28 18:46:15,594] {subprocess.py:92} INFO - Successfully transformed 50 properties and successfully uploaded
[2023-03-28 18:46:15,595] {subprocess.py:92} INFO - Successfully transformed 54 properties and successfully uploaded
[2023-03-28 18:46:15,595] {subprocess.py:92} INFO - Successfully transformed 6 properties and successfully uploaded
[2023-03-28 18:46:15,596] {subprocess.py:92} INFO - Successfully transformed 77 properties and successfully uploaded
[2023-03-28 18:46:15,597] {subprocess.py:92} INFO - Successfully transformed 65 properties and successfully uploaded
[2023-03-28 18:46:15,598] {subprocess.py:92} INFO - Successfully transformed 50 properties and successfully uploaded
[2023-03-28 18:46:15,599] {subprocess.py:92} INFO - Successfully transformed 5 properties and successfully uploaded
[2023-03-28 18:46:15,600] {subprocess.py:92} INFO - Successfully transformed 50 properties and successfully uploaded
[2023-03-28 18:46:15,600] {subprocess.py:92} INFO - Successfully transformed 24 properties and successfully uploaded
[2023-03-28 18:46:15,624] {subprocess.py:92} INFO - Successfully transformed 67 properties and successfully uploaded
[2023-03-28 18:46:15,630] {subprocess.py:92} INFO - Successfully transformed 13 properties and successfully uploaded
[2023-03-28 18:46:15,631] {subprocess.py:92} INFO - Successfully transformed 119 properties and successfully uploaded
[2023-03-28 18:46:15,632] {subprocess.py:92} INFO - Successfully transformed 82 properties and successfully uploaded
[2023-03-28 18:46:15,633] {subprocess.py:92} INFO - Successfully transformed 91 properties and successfully uploaded
[2023-03-28 18:46:15,634] {subprocess.py:92} INFO - Successfully transformed 5 properties and successfully uploaded
[2023-03-28 18:46:15,635] {subprocess.py:92} INFO - Successfully transformed 19 properties and successfully uploaded
[2023-03-28 18:46:15,636] {subprocess.py:92} INFO - Successfully transformed 79 properties and successfully uploaded
[2023-03-28 18:46:15,637] {subprocess.py:92} INFO - Successfully transformed 5 properties and successfully uploaded
[2023-03-28 18:46:15,638] {subprocess.py:92} INFO - Successfully transformed 83 properties and successfully uploaded
[2023-03-28 18:46:15,639] {subprocess.py:92} INFO - Successfully transformed 65 properties and successfully uploaded
[2023-03-28 18:46:15,640] {subprocess.py:92} INFO - Successfully transformed 58 properties and successfully uploaded
[2023-03-28 18:46:15,645] {subprocess.py:92} INFO - Successfully transformed 74 properties and successfully uploaded
[2023-03-28 18:46:15,645] {subprocess.py:92} INFO - Successfully transformed 33 properties and successfully uploaded
[2023-03-28 18:46:15,647] {subprocess.py:92} INFO - Successfully transformed 28 properties and successfully uploaded
[2023-03-28 18:46:15,648] {subprocess.py:92} INFO - Successfully transformed 11 properties and successfully uploaded
[2023-03-28 18:46:15,649] {subprocess.py:92} INFO - Successfully transformed 124 properties and successfully uploaded
[2023-03-28 18:46:15,650] {subprocess.py:92} INFO - Successfully transformed 35 properties and successfully uploaded
[2023-03-28 18:46:15,650] {subprocess.py:92} INFO - Successfully transformed 48 properties and successfully uploaded
[2023-03-28 18:46:15,652] {subprocess.py:92} INFO - Successfully transformed 114 properties and successfully uploaded
[2023-03-28 18:46:15,654] {subprocess.py:92} INFO - Successfully transformed 101 properties and successfully uploaded
[2023-03-28 18:46:15,655] {subprocess.py:92} INFO - Successfully transformed 47 properties and successfully uploaded
[2023-03-28 18:46:15,656] {subprocess.py:92} INFO - Successfully transformed 12 properties and successfully uploaded
[2023-03-28 18:46:15,656] {subprocess.py:92} INFO - Successfully transformed 97 properties and successfully uploaded
[2023-03-28 18:46:15,658] {subprocess.py:92} INFO - Successfully transformed 63 properties and successfully uploaded
[2023-03-28 18:46:15,658] {subprocess.py:92} INFO - Successfully transformed 5 properties and successfully uploaded
[2023-03-28 18:46:15,659] {subprocess.py:92} INFO - Successfully transformed 81 properties and successfully uploaded
[2023-03-28 18:46:15,660] {subprocess.py:92} INFO - Successfully transformed 123 properties and successfully uploaded
[2023-03-28 18:46:15,661] {subprocess.py:92} INFO - Successfully transformed 18 properties and successfully uploaded
[2023-03-28 18:46:15,662] {subprocess.py:92} INFO - Successfully transformed 44 properties and successfully uploaded
[2023-03-28 18:46:15,663] {subprocess.py:92} INFO - Successfully transformed 52 properties and successfully uploaded
[2023-03-28 18:46:15,664] {subprocess.py:92} INFO - Successfully transformed 126 properties and successfully uploaded
[2023-03-28 18:46:15,665] {subprocess.py:92} INFO - Successfully transformed 50 properties and successfully uploaded
[2023-03-28 18:46:15,665] {subprocess.py:92} INFO - Successfully transformed 108 properties and successfully uploaded
[2023-03-28 18:46:15,666] {subprocess.py:92} INFO - Successfully transformed 22 properties and successfully uploaded
[2023-03-28 18:46:15,667] {subprocess.py:92} INFO - Successfully transformed 102 properties and successfully uploaded
[2023-03-28 18:46:15,668] {subprocess.py:92} INFO - Successfully transformed 55 properties and successfully uploaded
[2023-03-28 18:46:15,670] {subprocess.py:92} INFO - Successfully transformed 90 properties and successfully uploaded
[2023-03-28 18:46:15,672] {subprocess.py:92} INFO - Successfully transformed 26 properties and successfully uploaded
[2023-03-28 18:46:15,674] {subprocess.py:92} INFO - Successfully transformed 9 properties and successfully uploaded
[2023-03-28 18:46:15,675] {subprocess.py:92} INFO - Successfully transformed 100 properties and successfully uploaded
[2023-03-28 18:46:15,676] {subprocess.py:92} INFO - Successfully transformed 50 properties and successfully uploaded
[2023-03-28 18:46:15,677] {subprocess.py:92} INFO - Successfully transformed 72 properties and successfully uploaded
[2023-03-28 18:46:15,678] {subprocess.py:92} INFO - Successfully transformed 49 properties and successfully uploaded
[2023-03-28 18:46:15,678] {subprocess.py:92} INFO - Successfully transformed 54 properties and successfully uploaded
[2023-03-28 18:46:15,680] {subprocess.py:92} INFO - Successfully transformed 50 properties and successfully uploaded
[2023-03-28 18:46:15,681] {subprocess.py:92} INFO - Successfully transformed 88 properties and successfully uploaded
[2023-03-28 18:46:15,682] {subprocess.py:92} INFO - Successfully transformed 92 properties and successfully uploaded
[2023-03-28 18:46:15,683] {subprocess.py:92} INFO - Successfully transformed 73 properties and successfully uploaded
[2023-03-28 18:46:15,700] {subprocess.py:92} INFO - Successfully transformed 113 properties and successfully uploaded
[2023-03-28 18:46:15,706] {subprocess.py:92} INFO - Successfully transformed 50 properties and successfully uploaded
[2023-03-28 18:46:15,709] {subprocess.py:92} INFO - Successfully transformed 99 properties and successfully uploaded
[2023-03-28 18:46:15,715] {subprocess.py:92} INFO - Successfully transformed 75 properties and successfully uploaded
[2023-03-28 18:46:15,720] {subprocess.py:92} INFO - Successfully transformed 54 properties and successfully uploaded
[2023-03-28 18:46:15,723] {subprocess.py:92} INFO - Successfully transformed 42 properties and successfully uploaded
[2023-03-28 18:46:15,725] {subprocess.py:92} INFO - Successfully transformed 64 properties and successfully uploaded
[2023-03-28 18:47:42,772] {subprocess.py:92} INFO - Successfully transformed 86 properties and successfully uploaded
[2023-03-28 18:47:42,782] {subprocess.py:92} INFO - Successfully transformed 57 properties and successfully uploaded
[2023-03-28 18:47:42,785] {subprocess.py:92} INFO - Successfully transformed 45 properties and successfully uploaded
[2023-03-28 18:47:42,787] {subprocess.py:92} INFO - Successfully transformed 81 properties and successfully uploaded
[2023-03-28 18:47:42,788] {subprocess.py:92} INFO - Successfully transformed 50 properties and successfully uploaded
[2023-03-28 18:47:42,790] {subprocess.py:92} INFO - Successfully transformed 116 properties and successfully uploaded
[2023-03-28 18:47:42,791] {subprocess.py:92} INFO - Successfully transformed 125 properties and successfully uploaded
[2023-03-28 18:47:42,792] {subprocess.py:92} INFO - Successfully transformed 68 properties and successfully uploaded
[2023-03-28 18:47:42,794] {subprocess.py:92} INFO - Successfully transformed 106 properties and successfully uploaded
[2023-03-28 18:47:42,795] {subprocess.py:92} INFO - Successfully transformed 61 properties and successfully uploaded
[2023-03-28 18:47:42,796] {subprocess.py:92} INFO - Successfully transformed 71 properties and successfully uploaded
[2023-03-28 18:47:42,797] {subprocess.py:92} INFO - Successfully transformed 52 properties and successfully uploaded
[2023-03-28 18:47:42,798] {subprocess.py:92} INFO - Successfully transformed 15 properties and successfully uploaded
[2023-03-28 18:47:42,803] {subprocess.py:92} INFO - Successfully transformed 7 properties and successfully uploaded
[2023-03-28 18:47:42,806] {subprocess.py:92} INFO - Successfully transformed 50 properties and successfully uploaded
[2023-03-28 18:47:42,807] {subprocess.py:92} INFO - Successfully transformed 56 properties and successfully uploaded
[2023-03-28 18:47:42,808] {subprocess.py:92} INFO - Successfully transformed 96 properties and successfully uploaded
[2023-03-28 18:47:42,808] {subprocess.py:92} INFO - Successfully transformed 80 properties and successfully uploaded
[2023-03-28 18:47:42,809] {subprocess.py:92} INFO - Successfully transformed 79 properties and successfully uploaded
[2023-03-28 18:47:42,811] {subprocess.py:92} INFO - Successfully transformed 89 properties and successfully uploaded
[2023-03-28 18:47:42,811] {subprocess.py:92} INFO - Successfully transformed 131 properties and successfully uploaded
[2023-03-28 18:47:42,812] {subprocess.py:92} INFO - Successfully transformed 71 properties and successfully uploaded
[2023-03-28 18:47:42,815] {subprocess.py:92} INFO - Successfully transformed 16 properties and successfully uploaded
[2023-03-28 18:47:42,816] {subprocess.py:92} INFO - Successfully transformed 43 properties and successfully uploaded
[2023-03-28 18:47:42,817] {subprocess.py:92} INFO - Successfully transformed 115 properties and successfully uploaded
[2023-03-28 18:47:42,818] {subprocess.py:92} INFO - Successfully transformed 31 properties and successfully uploaded
[2023-03-28 18:47:42,820] {subprocess.py:92} INFO - Successfully transformed 76 properties and successfully uploaded
[2023-03-28 18:47:42,821] {subprocess.py:92} INFO - Successfully transformed 55 properties and successfully uploaded
[2023-03-28 18:47:42,822] {subprocess.py:92} INFO - Successfully transformed 37 properties and successfully uploaded
[2023-03-28 18:47:42,823] {subprocess.py:92} INFO - Successfully transformed 122 properties and successfully uploaded
[2023-03-28 18:47:42,824] {subprocess.py:92} INFO - Successfully transformed 109 properties and successfully uploaded
[2023-03-28 18:47:42,825] {subprocess.py:92} INFO - Successfully transformed 50 properties and successfully uploaded
[2023-03-28 18:47:42,826] {subprocess.py:92} INFO - Successfully transformed 51 properties and successfully uploaded
[2023-03-28 18:47:42,827] {subprocess.py:92} INFO - Successfully transformed 50 properties and successfully uploaded
[2023-03-28 18:47:42,842] {subprocess.py:92} INFO - Successfully transformed 50 properties and successfully uploaded
[2023-03-28 18:47:42,843] {subprocess.py:92} INFO - Successfully transformed 118 properties and successfully uploaded
[2023-03-28 18:47:42,844] {subprocess.py:92} INFO - Successfully transformed 5 properties and successfully uploaded
[2023-03-28 18:47:42,846] {subprocess.py:92} INFO - Successfully transformed 59 properties and successfully uploaded
[2023-03-28 18:47:42,847] {subprocess.py:92} INFO - Successfully transformed 25 properties and successfully uploaded
[2023-03-28 18:47:42,849] {subprocess.py:92} INFO - Successfully transformed 27 properties and successfully uploaded
[2023-03-28 18:47:42,850] {subprocess.py:92} INFO - Successfully transformed 38 properties and successfully uploaded
[2023-03-28 18:47:42,851] {subprocess.py:92} INFO - Successfully transformed 60 properties and successfully uploaded
[2023-03-28 18:47:42,851] {subprocess.py:92} INFO - Successfully transformed 78 properties and successfully uploaded
[2023-03-28 18:47:42,852] {subprocess.py:92} INFO - Successfully transformed 127 properties and successfully uploaded
[2023-03-28 18:47:42,854] {subprocess.py:92} INFO - Successfully transformed 58 properties and successfully uploaded
[2023-03-28 18:47:42,858] {subprocess.py:92} INFO - Successfully transformed 68 properties and successfully uploaded
[2023-03-28 18:47:42,859] {subprocess.py:92} INFO - Successfully transformed 70 properties and successfully uploaded
[2023-03-28 18:47:42,860] {subprocess.py:92} INFO - Successfully transformed 5 properties and successfully uploaded
[2023-03-28 18:47:42,861] {subprocess.py:92} INFO - Successfully transformed 50 properties and successfully uploaded
[2023-03-28 18:47:42,862] {subprocess.py:92} INFO - Successfully transformed 32 properties and successfully uploaded
[2023-03-28 18:47:42,863] {subprocess.py:92} INFO - Successfully transformed 93 properties and successfully uploaded
[2023-03-28 18:47:42,864] {subprocess.py:92} INFO - Successfully transformed 95 properties and successfully uploaded
[2023-03-28 18:47:42,864] {subprocess.py:92} INFO - Successfully transformed 82 properties and successfully uploaded
[2023-03-28 18:47:42,865] {subprocess.py:92} INFO - Successfully transformed 110 properties and successfully uploaded
[2023-03-28 18:47:42,866] {subprocess.py:92} INFO - Successfully transformed 78 properties and successfully uploaded
[2023-03-28 18:47:42,866] {subprocess.py:92} INFO - Successfully transformed 52 properties and successfully uploaded
[2023-03-28 18:47:42,878] {subprocess.py:92} INFO - Successfully transformed 103 properties and successfully uploaded
[2023-03-28 18:47:42,879] {subprocess.py:92} INFO - Successfully transformed 86 properties and successfully uploaded
[2023-03-28 18:47:42,881] {subprocess.py:92} INFO - Successfully transformed 88 properties and successfully uploaded
[2023-03-28 18:47:42,882] {subprocess.py:92} INFO - Successfully transformed 59 properties and successfully uploaded
[2023-03-28 18:47:42,913] {subprocess.py:92} INFO - Successfully transformed 85 properties and successfully uploaded
[2023-03-28 18:47:42,914] {subprocess.py:92} INFO - Successfully transformed 5 properties and successfully uploaded
[2023-03-28 18:47:42,916] {subprocess.py:92} INFO - Successfully transformed 5 properties and successfully uploaded
[2023-03-28 18:47:42,916] {subprocess.py:92} INFO - Successfully transformed 62 properties and successfully uploaded
[2023-03-28 18:47:42,917] {subprocess.py:92} INFO - Successfully transformed 5 properties and successfully uploaded
[2023-03-28 18:47:42,921] {subprocess.py:92} INFO - Successfully transformed 76 properties and successfully uploaded
[2023-03-28 18:47:42,925] {subprocess.py:92} INFO - Successfully transformed 51 properties and successfully uploaded
[2023-03-28 18:47:42,927] {subprocess.py:92} INFO - Successfully transformed 95 properties and successfully uploaded
[2023-03-28 18:47:42,929] {subprocess.py:92} INFO - Successfully transformed 5 properties and successfully uploaded
[2023-03-28 18:47:42,931] {subprocess.py:92} INFO - Successfully transformed 23 properties and successfully uploaded
[2023-03-28 18:47:42,933] {subprocess.py:92} INFO - Successfully transformed 75 properties and successfully uploaded
[2023-03-28 18:47:42,934] {subprocess.py:92} INFO - Successfully transformed 53 properties and successfully uploaded
[2023-03-28 18:47:42,936] {subprocess.py:92} INFO - Successfully transformed 53 properties and successfully uploaded
[2023-03-28 18:47:42,937] {subprocess.py:92} INFO - Successfully transformed 6 properties and successfully uploaded
[2023-03-28 18:47:42,939] {subprocess.py:92} INFO - Successfully transformed 63 properties and successfully uploaded
[2023-03-28 18:47:42,940] {subprocess.py:92} INFO - Successfully transformed 94 properties and successfully uploaded
[2023-03-28 18:47:42,941] {subprocess.py:92} INFO - Successfully transformed 94 properties and successfully uploaded
[2023-03-28 18:47:42,942] {subprocess.py:92} INFO - Successfully transformed 111 properties and successfully uploaded
[2023-03-28 18:47:42,943] {subprocess.py:92} INFO - Successfully transformed 8 properties and successfully uploaded
[2023-03-28 18:47:42,944] {subprocess.py:92} INFO - Successfully transformed 50 properties and successfully uploaded
[2023-03-28 18:47:42,945] {subprocess.py:92} INFO - Successfully transformed 56 properties and successfully uploaded
[2023-03-28 18:47:42,950] {subprocess.py:92} INFO - Successfully transformed 55 properties and successfully uploaded
[2023-03-28 18:47:42,951] {subprocess.py:92} INFO - Successfully transformed 84 properties and successfully uploaded
[2023-03-28 18:47:42,954] {subprocess.py:92} INFO - Successfully transformed 29 properties and successfully uploaded
[2023-03-28 18:47:42,955] {subprocess.py:92} INFO - Successfully transformed 69 properties and successfully uploaded
[2023-03-28 18:47:42,956] {subprocess.py:92} INFO - Successfully transformed 90 properties and successfully uploaded
[2023-03-28 18:47:42,958] {subprocess.py:92} INFO - Successfully transformed 129 properties and successfully uploaded
[2023-03-28 18:47:42,959] {subprocess.py:92} INFO - Successfully transformed 50 properties and successfully uploaded
[2023-03-28 18:47:42,960] {subprocess.py:92} INFO - Successfully transformed 41 properties and successfully uploaded
[2023-03-28 18:47:42,963] {subprocess.py:92} INFO - Successfully transformed 57 properties and successfully uploaded
[2023-03-28 18:47:42,964] {subprocess.py:92} INFO - Successfully transformed 50 properties and successfully uploaded
[2023-03-28 18:47:43,543] {subprocess.py:96} INFO - Command exited with return code 0
[2023-03-28 18:47:43,691] {taskinstance.py:1395} INFO - Marking task as SUCCESS. dag_id=rightmove_extraction_dag, task_id=trigger_transformation, execution_date=20230327T000000, start_date=20230328T184418, end_date=20230328T184743
[2023-03-28 18:47:43,761] {local_task_job.py:156} INFO - Task exited with return code 0
[2023-03-28 18:47:43,804] {local_task_job.py:273} INFO - 0 downstream tasks scheduled from follow-on schedule check
